Oct 15 2019 17:48:15 
LogName=Security
SourceName=Security
EventCode=540
EventType=8
Type=Success Audit
ComputerName=BG01-adombrowski
User=adombrowski
Sid=S-1-5-21-57989841-920026266-725345543-6444
SidType=1
Category=2
CategoryString=Logon/Logoff
RecordNumber=9898
Message=Successful Network Logon:
	User Name:		adombrowski
	Domain:			BUTTERCUPGAMES
	Logon ID:		542830538161
	Logon Type:		3
	Logon Process:  	Kerberos
	Authentication Package: Kerberos
	Workstation Name:	buttercup_adombrowski
	Logon GUID:		{4dc541a3-d7b1-8ff8-265d-52f9ef4fdf56}
	Caller User Name:	adombrowski
	Caller BUTTERCUPGAMES
	Caller Logon ID:	-
	Caller Process ID:	-
	Transited Services:	-
	Source Network Address: 10.1.10.129
	Source Port:	4786
Oct 15 2019 17:41:00 
LogName=Security
SourceName=Security
EventCode=540
EventType=8
Type=Success Audit
ComputerName=BG01-cfarrell
User=cfarrell
Sid=S-1-5-21-57989841-920026266-725345543-6444
SidType=1
Category=2
CategoryString=Logon/Logoff
RecordNumber=9066
Message=Successful Network Logon:
	User Name:		cfarrell
	Domain:			BUTTERCUPGAMES
	Logon ID:		768166372290
	Logon Type:		3
	Logon Process:  	Kerberos
	Authentication Package: Kerberos
	Workstation Name:	buttercup_cfarrell
	Logon GUID:		{4dc541a3-d7b1-8ff8-265d-52f9ef4fdf56}
	Caller User Name:	cfarrell
	Caller BUTTERCUPGAMES
	Caller Logon ID:	-
	Caller Process ID:	-
	Transited Services:	-
	Source Network Address: 10.1.10.107
	Source Port:	10680
Oct 15 2019 17:55:54 
LogName=Security
SourceName=Security
EventCode=540
EventType=8
Type=Success Audit
ComputerName=BG01-acurry
User=acurry
Sid=S-1-5-21-57989841-920026266-725345543-6444
SidType=1
Category=2
CategoryString=Logon/Logoff
RecordNumber=9342
Message=Successful Network Logon:
	User Name:		acurry
	Domain:			BUTTERCUPGAMES
	Logon ID:		417852300683
	Logon Type:		3
	Logon Process:  	Kerberos
	Authentication Package: Kerberos
	Workstation Name:	buttercup_acurry
	Logon GUID:		{4dc541a3-d7b1-8ff8-265d-52f9ef4fdf56}
	Caller User Name:	acurry
	Caller BUTTERCUPGAMES
	Caller Logon ID:	-
	Caller Process ID:	-
	Transited Services:	-
	Source Network Address: 10.1.10.252
	Source Port:	10489
Oct 15 2019 18:02:18 
LogName=Security
SourceName=Security
EventCode=540
EventType=8
Type=Success Audit
ComputerName=BG01-ptoscani
User=ptoscani
Sid=S-1-5-21-57989841-920026266-725345543-6444
SidType=1
Category=2
CategoryString=Logon/Logoff
RecordNumber=9512
Message=Successful Network Logon:
	User Name:		ptoscani
	Domain:			BUTTERCUPGAMES
	Logon ID:		153218951159
	Logon Type:		3
	Logon Process:  	Kerberos
	Authentication Package: Kerberos
	Workstation Name:	buttercup_ptoscani
	Logon GUID:		{4dc541a3-d7b1-8ff8-265d-52f9ef4fdf56}
	Caller User Name:	ptoscani
	Caller BUTTERCUPGAMES
	Caller Logon ID:	-
	Caller Process ID:	-
	Transited Services:	-
	Source Network Address: 10.1.10.38
	Source Port:	8361
Oct 15 2019 18:36:40 
LogName=Security
SourceName=Security
EventCode=540
EventType=8
Type=Failed Audit
ComputerName=BG01-lteng
User=lteng
Sid=S-1-5-21-57989841-920026266-725345543-6444
SidType=1
Category=2
CategoryString=Logon/Logoff
RecordNumber=9942
Message=Failed Network Logon:
	User Name:		lteng
	Domain:			BUTTERCUPGAMES
	Logon ID:		727896988001
	Logon Type:		3
	Logon Process:  	Kerberos
	Authentication Package: Kerberos
	Workstation Name:	buttercup_lteng
	Logon GUID:		{4dc541a3-d7b1-8ff8-265d-52f9ef4fdf56}
	Caller User Name:	lteng
	Caller BUTTERCUPGAMES
	Caller Logon ID:	-
	Caller Process ID:	-
	Transited Services:	-
	Source Network Address: 10.1.10.15
	Source Port:	11051
Oct 15 2019 18:36:40 
LogName=Security
SourceName=Security
EventCode=540
EventType=8
Type=Failed Audit
ComputerName=BG01-lteng
User=lteng
Sid=S-1-5-21-57989841-920026266-725345543-6444
SidType=1
Category=2
CategoryString=Logon/Logoff
RecordNumber=9899
Message=Failed Network Logon:
	User Name:		lteng
	Domain:			BUTTERCUPGAMES
	Logon ID:		727896988001
	Logon Type:		3
	Logon Process:  	Kerberos
	Authentication Package: Kerberos
	Workstation Name:	buttercup_lteng
	Logon GUID:		{4dc541a3-d7b1-8ff8-265d-52f9ef4fdf56}
	Caller User Name:	lteng
	Caller BUTTERCUPGAMES
	Caller Logon ID:	-
	Caller Process ID:	-
	Transited Services:	-
	Source Network Address: 10.1.10.15
	Source Port:	5921
Oct 15 2019 18:36:40 
LogName=Security
SourceName=Security
EventCode=540
EventType=8
Type=Success Audit
ComputerName=BG01-lteng
User=lteng
Sid=S-1-5-21-57989841-920026266-725345543-6444
SidType=1
Category=2
CategoryString=Logon/Logoff
RecordNumber=9629
Message=Successful Network Logon:
	User Name:		lteng
	Domain:			BUTTERCUPGAMES
	Logon ID:		727896988001
	Logon Type:		3
	Logon Process:  	Kerberos
	Authentication Package: Kerberos
	Workstation Name:	buttercup_lteng
	Logon GUID:		{4dc541a3-d7b1-8ff8-265d-52f9ef4fdf56}
	Caller User Name:	lteng
	Caller BUTTERCUPGAMES
	Caller Logon ID:	-
	Caller Process ID:	-
	Transited Services:	-
	Source Network Address: 10.1.10.15
	Source Port:	8640
Oct 15 2019 18:44:47 
LogName=Security
SourceName=Security
EventCode=540
EventType=8
Type=Failed Audit
ComputerName=BG01-kpercy
User=kpercy
Sid=S-1-5-21-57989841-920026266-725345543-6444
SidType=1
Category=2
CategoryString=Logon/Logoff
RecordNumber=9118
Message=Failed Network Logon:
	User Name:		kpercy
	Domain:			BUTTERCUPGAMES
	Logon ID:		569361105570
	Logon Type:		3
	Logon Process:  	Kerberos
	Authentication Package: Kerberos
	Workstation Name:	buttercup_kpercy
	Logon GUID:		{4dc541a3-d7b1-8ff8-265d-52f9ef4fdf56}
	Caller User Name:	kpercy
	Caller BUTTERCUPGAMES
	Caller Logon ID:	-
	Caller Process ID:	-
	Transited Services:	-
	Source Network Address: 10.1.10.216
	Source Port:	8165
Oct 15 2019 18:44:47 
LogName=Security
SourceName=Security
EventCode=540
EventType=8
Type=Failed Audit
ComputerName=BG01-kpercy
User=kpercy
Sid=S-1-5-21-57989841-920026266-725345543-6444
SidType=1
Category=2
CategoryString=Logon/Logoff
RecordNumber=9997
Message=Failed Network Logon:
	User Name:		kpercy
	Domain:			BUTTERCUPGAMES
	Logon ID:		569361105570
	Logon Type:		3
	Logon Process:  	Kerberos
	Authentication Package: Kerberos
	Workstation Name:	buttercup_kpercy
	Logon GUID:		{4dc541a3-d7b1-8ff8-265d-52f9ef4fdf56}
	Caller User Name:	kpercy
	Caller BUTTERCUPGAMES
	Caller Logon ID:	-
	Caller Process ID:	-
	Transited Services:	-
	Source Network Address: 10.1.10.216
	Source Port:	10512
Oct 15 2019 18:44:47 
LogName=Security
SourceName=Security
EventCode=540
EventType=8
Type=Success Audit
ComputerName=BG01-kpercy
User=kpercy
Sid=S-1-5-21-57989841-920026266-725345543-6444
SidType=1
Category=2
CategoryString=Logon/Logoff
RecordNumber=9910
Message=Successful Network Logon:
	User Name:		kpercy
	Domain:			BUTTERCUPGAMES
	Logon ID:		569361105570
	Logon Type:		3
	Logon Process:  	Kerberos
	Authentication Package: Kerberos
	Workstation Name:	buttercup_kpercy
	Logon GUID:		{4dc541a3-d7b1-8ff8-265d-52f9ef4fdf56}
	Caller User Name:	kpercy
	Caller BUTTERCUPGAMES
	Caller Logon ID:	-
	Caller Process ID:	-
	Transited Services:	-
	Source Network Address: 10.1.10.216
	Source Port:	7821
Oct 15 2019 19:23:39 
LogName=Security
SourceName=Security
EventCode=540
EventType=8
Type=Success Audit
ComputerName=BG02-lsagers
User=lsagers
Sid=S-1-5-21-57989841-920026266-725345543-6444
SidType=1
Category=2
CategoryString=Logon/Logoff
RecordNumber=9079
Message=Successful Network Logon:
	User Name:		lsagers
	Domain:			BUTTERCUPGAMES
	Logon ID:		249772079712
	Logon Type:		3
	Logon Process:  	Kerberos
	Authentication Package: Kerberos
	Workstation Name:	buttercup_lsagers
	Logon GUID:		{4dc541a3-d7b1-8ff8-265d-52f9ef4fdf56}
	Caller User Name:	lsagers
	Caller BUTTERCUPGAMES
	Caller Logon ID:	-
	Caller Process ID:	-
	Transited Services:	-
	Source Network Address: 10.3.10.21
	Source Port:	10482
Oct 15 2019 19:31:39 
LogName=Security
SourceName=Security
EventCode=540
EventType=8
Type=Success Audit
ComputerName=BG02-lsagers
User=lsagers
Sid=S-1-5-21-57989841-920026266-725345543-6444
SidType=1
Category=2
CategoryString=Logon/Logoff
RecordNumber=9698
Message=Successful Network Logon:
	User Name:		lsagers
	Domain:			BUTTERCUPGAMES
	Logon ID:		249772079712
	Logon Type:		3
	Logon Process:  	Kerberos
	Authentication Package: Kerberos
	Workstation Name:	buttercup_lsagers
	Logon GUID:		{4dc541a3-d7b1-8ff8-265d-52f9ef4fdf56}
	Caller User Name:	lsagers
	Caller BUTTERCUPGAMES
	Caller Logon ID:	-
	Caller Process ID:	-
	Transited Services:	-
	Source Network Address: 10.3.10.21
	Source Port:	6611
Oct 15 2019 19:31:27 
LogName=Security
SourceName=Security
EventCode=540
EventType=8
Type=Failed Audit
ComputerName=BG02-lsagers
User=lsagers
Sid=S-1-5-21-57989841-920026266-725345543-6444
SidType=1
Category=2
CategoryString=Logon/Logoff
RecordNumber=9497
Message=Failed Network Logon:
	User Name:		lsagers
	Domain:			BUTTERCUPGAMES
	Logon ID:		249772079712
	Logon Type:		3
	Logon Process:  	Kerberos
	Authentication Package: Kerberos
	Workstation Name:	buttercup_lsagers
	Logon GUID:		{4dc541a3-d7b1-8ff8-265d-52f9ef4fdf56}
	Caller User Name:	lsagers
	Caller BUTTERCUPGAMES
	Caller Logon ID:	-
	Caller Process ID:	-
	Transited Services:	-
	Source Network Address: 10.3.10.21
	Source Port:	6115
Oct 15 2019 19:31:27 
LogName=Security
SourceName=Security
EventCode=540
EventType=8
Type=Failed Audit
ComputerName=BG02-lsagers
User=lsagers
Sid=S-1-5-21-57989841-920026266-725345543-6444
SidType=1
Category=2
CategoryString=Logon/Logoff
RecordNumber=9257
Message=Failed Network Logon:
	User Name:		lsagers
	Domain:			BUTTERCUPGAMES
	Logon ID:		249772079712
	Logon Type:		3
	Logon Process:  	Kerberos
	Authentication Package: Kerberos
	Workstation Name:	buttercup_lsagers
	Logon GUID:		{4dc541a3-d7b1-8ff8-265d-52f9ef4fdf56}
	Caller User Name:	lsagers
	Caller BUTTERCUPGAMES
	Caller Logon ID:	-
	Caller Process ID:	-
	Transited Services:	-
	Source Network Address: 10.3.10.21
	Source Port:	10283
Oct 15 2019 19:31:27 
LogName=Security
SourceName=Security
EventCode=540
EventType=8
Type=Success Audit
ComputerName=BG02-lsagers
User=lsagers
Sid=S-1-5-21-57989841-920026266-725345543-6444
SidType=1
Category=2
CategoryString=Logon/Logoff
RecordNumber=9468
Message=Successful Network Logon:
	User Name:		lsagers
	Domain:			BUTTERCUPGAMES
	Logon ID:		249772079712
	Logon Type:		3
	Logon Process:  	Kerberos
	Authentication Package: Kerberos
	Workstation Name:	buttercup_lsagers
	Logon GUID:		{4dc541a3-d7b1-8ff8-265d-52f9ef4fdf56}
	Caller User Name:	lsagers
	Caller BUTTERCUPGAMES
	Caller Logon ID:	-
	Caller Process ID:	-
	Transited Services:	-
	Source Network Address: 10.3.10.21
	Source Port:	8685
Oct 15 2019 19:36:21 
LogName=Security
SourceName=Security
EventCode=540
EventType=8
Type=Failed Audit
ComputerName=BG01-pcallahan
User=pcallahan
Sid=S-1-5-21-57989841-920026266-725345543-6444
SidType=1
Category=2
CategoryString=Logon/Logoff
RecordNumber=9346
Message=Failed Network Logon:
	User Name:		pcallahan
	Domain:			BUTTERCUPGAMES
	Logon ID:		271108583080
	Logon Type:		3
	Logon Process:  	Kerberos
	Authentication Package: Kerberos
	Workstation Name:	buttercup_pcallahan
	Logon GUID:		{4dc541a3-d7b1-8ff8-265d-52f9ef4fdf56}
	Caller User Name:	pcallahan
	Caller BUTTERCUPGAMES
	Caller Logon ID:	-
	Caller Process ID:	-
	Transited Services:	-
	Source Network Address: 10.1.10.98
	Source Port:	9069
Oct 15 2019 19:36:21 
LogName=Security
SourceName=Security
EventCode=540
EventType=8
Type=Success Audit
ComputerName=BG01-pcallahan
User=pcallahan
Sid=S-1-5-21-57989841-920026266-725345543-6444
SidType=1
Category=2
CategoryString=Logon/Logoff
RecordNumber=9462
Message=Successful Network Logon:
	User Name:		pcallahan
	Domain:			BUTTERCUPGAMES
	Logon ID:		271108583080
	Logon Type:		3
	Logon Process:  	Kerberos
	Authentication Package: Kerberos
	Workstation Name:	buttercup_pcallahan
	Logon GUID:		{4dc541a3-d7b1-8ff8-265d-52f9ef4fdf56}
	Caller User Name:	pcallahan
	Caller BUTTERCUPGAMES
	Caller Logon ID:	-
	Caller Process ID:	-
	Transited Services:	-
	Source Network Address: 10.1.10.98
	Source Port:	11398
Oct 15 2019 20:06:22 
LogName=Security
SourceName=Security
EventCode=540
EventType=8
Type=Success Audit
ComputerName=BG01-myuan
User=myuan
Sid=S-1-5-21-57989841-920026266-725345543-6444
SidType=1
Category=2
CategoryString=Logon/Logoff
RecordNumber=9550
Message=Successful Network Logon:
	User Name:		myuan
	Domain:			BUTTERCUPGAMES
	Logon ID:		230876363319
	Logon Type:		3
	Logon Process:  	Kerberos
	Authentication Package: Kerberos
	Workstation Name:	buttercup_myuan
	Logon GUID:		{4dc541a3-d7b1-8ff8-265d-52f9ef4fdf56}
	Caller User Name:	myuan
	Caller BUTTERCUPGAMES
	Caller Logon ID:	-
	Caller Process ID:	-
	Transited Services:	-
	Source Network Address: 10.1.10.172
	Source Port:	7448
Oct 15 2019 20:14:34 
LogName=Security
SourceName=Security
EventCode=540
EventType=8
Type=Failed Audit
ComputerName=BG01-gvoronoff
User=gvoronoff
Sid=S-1-5-21-57989841-920026266-725345543-6444
SidType=1
Category=2
CategoryString=Logon/Logoff
RecordNumber=9314
Message=Failed Network Logon:
	User Name:		gvoronoff
	Domain:			BUTTERCUPGAMES
	Logon ID:		936901629743
	Logon Type:		3
	Logon Process:  	Kerberos
	Authentication Package: Kerberos
	Workstation Name:	buttercup_gvoronoff
	Logon GUID:		{4dc541a3-d7b1-8ff8-265d-52f9ef4fdf56}
	Caller User Name:	gvoronoff
	Caller BUTTERCUPGAMES
	Caller Logon ID:	-
	Caller Process ID:	-
	Transited Services:	-
	Source Network Address: 10.1.10.163
	Source Port:	10477
Oct 15 2019 20:14:34 
LogName=Security
SourceName=Security
EventCode=540
EventType=8
Type=Success Audit
ComputerName=BG01-gvoronoff
User=gvoronoff
Sid=S-1-5-21-57989841-920026266-725345543-6444
SidType=1
Category=2
CategoryString=Logon/Logoff
RecordNumber=9821
Message=Successful Network Logon:
	User Name:		gvoronoff
	Domain:			BUTTERCUPGAMES
	Logon ID:		936901629743
	Logon Type:		3
	Logon Process:  	Kerberos
	Authentication Package: Kerberos
	Workstation Name:	buttercup_gvoronoff
	Logon GUID:		{4dc541a3-d7b1-8ff8-265d-52f9ef4fdf56}
	Caller User Name:	gvoronoff
	Caller BUTTERCUPGAMES
	Caller Logon ID:	-
	Caller Process ID:	-
	Transited Services:	-
	Source Network Address: 10.1.10.163
	Source Port:	6831
Oct 15 2019 20:29:02 
LogName=Security
SourceName=Security
EventCode=540
EventType=8
Type=Success Audit
ComputerName=BG01-pcallahan
User=pcallahan
Sid=S-1-5-21-57989841-920026266-725345543-6444
SidType=1
Category=2
CategoryString=Logon/Logoff
RecordNumber=9000
Message=Successful Network Logon:
	User Name:		pcallahan
	Domain:			BUTTERCUPGAMES
	Logon ID:		271108583080
	Logon Type:		3
	Logon Process:  	Kerberos
	Authentication Package: Kerberos
	Workstation Name:	buttercup_pcallahan
	Logon GUID:		{4dc541a3-d7b1-8ff8-265d-52f9ef4fdf56}
	Caller User Name:	pcallahan
	Caller BUTTERCUPGAMES
	Caller Logon ID:	-
	Caller Process ID:	-
	Transited Services:	-
	Source Network Address: 10.1.10.98
	Source Port:	5653
Oct 15 2019 20:42:17 
LogName=Security
SourceName=Security
EventCode=540
EventType=8
Type=Success Audit
ComputerName=BG01-ptoscani
User=ptoscani
Sid=S-1-5-21-57989841-920026266-725345543-6444
SidType=1
Category=2
CategoryString=Logon/Logoff
RecordNumber=9538
Message=Successful Network Logon:
	User Name:		ptoscani
	Domain:			BUTTERCUPGAMES
	Logon ID:		153218951159
	Logon Type:		3
	Logon Process:  	Kerberos
	Authentication Package: Kerberos
	Workstation Name:	buttercup_ptoscani
	Logon GUID:		{4dc541a3-d7b1-8ff8-265d-52f9ef4fdf56}
	Caller User Name:	ptoscani
	Caller BUTTERCUPGAMES
	Caller Logon ID:	-
	Caller Process ID:	-
	Transited Services:	-
	Source Network Address: 10.1.10.38
	Source Port:	4448
Oct 15 2019 20:36:44 
LogName=Security
SourceName=Security
EventCode=540
EventType=8
Type=Success Audit
ComputerName=A.W.E.S.O.M.-O
User=emaxwell
Sid=S-1-5-21-57989841-920026266-725345543-6444
SidType=1
Category=2
CategoryString=Logon/Logoff
RecordNumber=9327
Message=Successful Network Logon:
	User Name:		emaxwell
	Domain:			BUTTERCUPGAMES
	Logon ID:		374765319282
	Logon Type:		3
	Logon Process:  	Kerberos
	Authentication Package: Kerberos
	Workstation Name:	buttercup_emaxwell
	Logon GUID:		{4dc541a3-d7b1-8ff8-265d-52f9ef4fdf56}
	Caller User Name:	emaxwell
	Caller BUTTERCUPGAMES
	Caller Logon ID:	-
	Caller Process ID:	-
	Transited Services:	-
	Source Network Address: 10.3.10.46
	Source Port:	10749
Oct 15 2019 21:12:04 
LogName=Security
SourceName=Security
EventCode=540
EventType=8
Type=Success Audit
ComputerName=BG01-acurry
User=acurry
Sid=S-1-5-21-57989841-920026266-725345543-6444
SidType=1
Category=2
CategoryString=Logon/Logoff
RecordNumber=9616
Message=Successful Network Logon:
	User Name:		acurry
	Domain:			BUTTERCUPGAMES
	Logon ID:		417852300683
	Logon Type:		3
	Logon Process:  	Kerberos
	Authentication Package: Kerberos
	Workstation Name:	buttercup_acurry
	Logon GUID:		{4dc541a3-d7b1-8ff8-265d-52f9ef4fdf56}
	Caller User Name:	acurry
	Caller BUTTERCUPGAMES
	Caller Logon ID:	-
	Caller Process ID:	-
	Transited Services:	-
	Source Network Address: 10.1.10.252
	Source Port:	4546
Oct 15 2019 21:22:18 
LogName=Security
SourceName=Security
EventCode=540
EventType=8
Type=Success Audit
ComputerName=BG01-ptoscani
User=ptoscani
Sid=S-1-5-21-57989841-920026266-725345543-6444
SidType=1
Category=2
CategoryString=Logon/Logoff
RecordNumber=9110
Message=Successful Network Logon:
	User Name:		ptoscani
	Domain:			BUTTERCUPGAMES
	Logon ID:		153218951159
	Logon Type:		3
	Logon Process:  	Kerberos
	Authentication Package: Kerberos
	Workstation Name:	buttercup_ptoscani
	Logon GUID:		{4dc541a3-d7b1-8ff8-265d-52f9ef4fdf56}
	Caller User Name:	ptoscani
	Caller BUTTERCUPGAMES
	Caller Logon ID:	-
	Caller Process ID:	-
	Transited Services:	-
	Source Network Address: 10.1.10.38
	Source Port:	9300
Oct 15 2019 22:43:46 
LogName=Security
SourceName=Security
EventCode=540
EventType=8
Type=Success Audit
ComputerName=BG01-acurry
User=acurry
Sid=S-1-5-21-57989841-920026266-725345543-6444
SidType=1
Category=2
CategoryString=Logon/Logoff
RecordNumber=9811
Message=Successful Network Logon:
	User Name:		acurry
	Domain:			BUTTERCUPGAMES
	Logon ID:		417852300683
	Logon Type:		3
	Logon Process:  	Kerberos
	Authentication Package: Kerberos
	Workstation Name:	buttercup_acurry
	Logon GUID:		{4dc541a3-d7b1-8ff8-265d-52f9ef4fdf56}
	Caller User Name:	acurry
	Caller BUTTERCUPGAMES
	Caller Logon ID:	-
	Caller Process ID:	-
	Transited Services:	-
	Source Network Address: 10.1.10.252
	Source Port:	10831
Oct 15 2019 22:44:17 
LogName=Security
SourceName=Security
EventCode=540
EventType=8
Type=Success Audit
ComputerName=BG01-acurry
User=acurry
Sid=S-1-5-21-57989841-920026266-725345543-6444
SidType=1
Category=2
CategoryString=Logon/Logoff
RecordNumber=9503
Message=Successful Network Logon:
	User Name:		acurry
	Domain:			BUTTERCUPGAMES
	Logon ID:		417852300683
	Logon Type:		3
	Logon Process:  	Kerberos
	Authentication Package: Kerberos
	Workstation Name:	buttercup_acurry
	Logon GUID:		{4dc541a3-d7b1-8ff8-265d-52f9ef4fdf56}
	Caller User Name:	acurry
	Caller BUTTERCUPGAMES
	Caller Logon ID:	-
	Caller Process ID:	-
	Transited Services:	-
	Source Network Address: 10.1.10.252
	Source Port:	5998
Oct 15 2019 22:47:08 
LogName=Security
SourceName=Security
EventCode=540
EventType=8
Type=Failed Audit
ComputerName=BG01-gvoronoff
User=gvoronoff
Sid=S-1-5-21-57989841-920026266-725345543-6444
SidType=1
Category=2
CategoryString=Logon/Logoff
RecordNumber=9731
Message=Failed Network Logon:
	User Name:		gvoronoff
	Domain:			BUTTERCUPGAMES
	Logon ID:		936901629743
	Logon Type:		3
	Logon Process:  	Kerberos
	Authentication Package: Kerberos
	Workstation Name:	buttercup_gvoronoff
	Logon GUID:		{4dc541a3-d7b1-8ff8-265d-52f9ef4fdf56}
	Caller User Name:	gvoronoff
	Caller BUTTERCUPGAMES
	Caller Logon ID:	-
	Caller Process ID:	-
	Transited Services:	-
	Source Network Address: 10.1.10.163
	Source Port:	5974
Oct 15 2019 22:47:08 
LogName=Security
SourceName=Security
EventCode=540
EventType=8
Type=Success Audit
ComputerName=BG01-gvoronoff
User=gvoronoff
Sid=S-1-5-21-57989841-920026266-725345543-6444
SidType=1
Category=2
CategoryString=Logon/Logoff
RecordNumber=9162
Message=Successful Network Logon:
	User Name:		gvoronoff
	Domain:			BUTTERCUPGAMES
	Logon ID:		936901629743
	Logon Type:		3
	Logon Process:  	Kerberos
	Authentication Package: Kerberos
	Workstation Name:	buttercup_gvoronoff
	Logon GUID:		{4dc541a3-d7b1-8ff8-265d-52f9ef4fdf56}
	Caller User Name:	gvoronoff
	Caller BUTTERCUPGAMES
	Caller Logon ID:	-
	Caller Process ID:	-
	Transited Services:	-
	Source Network Address: 10.1.10.163
	Source Port:	8702
Oct 15 2019 23:03:37 
LogName=Security
SourceName=Security
EventCode=540
EventType=8
Type=Success Audit
ComputerName=BG01-blu
User=blu
Sid=S-1-5-21-57989841-920026266-725345543-6444
SidType=1
Category=2
CategoryString=Logon/Logoff
RecordNumber=9635
Message=Successful Network Logon:
	User Name:		blu
	Domain:			BUTTERCUPGAMES
	Logon ID:		520156890727
	Logon Type:		3
	Logon Process:  	Kerberos
	Authentication Package: Kerberos
	Workstation Name:	buttercup_blu
	Logon GUID:		{4dc541a3-d7b1-8ff8-265d-52f9ef4fdf56}
	Caller User Name:	blu
	Caller BUTTERCUPGAMES
	Caller Logon ID:	-
	Caller Process ID:	-
	Transited Services:	-
	Source Network Address: 10.1.10.100
	Source Port:	9983
Oct 15 2019 23:58:43 
LogName=Security
SourceName=Security
EventCode=540
EventType=8
Type=Failed Audit
ComputerName=BG01-iking
User=iking
Sid=S-1-5-21-57989841-920026266-725345543-6444
SidType=1
Category=2
CategoryString=Logon/Logoff
RecordNumber=9083
Message=Failed Network Logon:
	User Name:		iking
	Domain:			BUTTERCUPGAMES
	Logon ID:		994499284304
	Logon Type:		3
	Logon Process:  	Kerberos
	Authentication Package: Kerberos
	Workstation Name:	buttercup_iking
	Logon GUID:		{4dc541a3-d7b1-8ff8-265d-52f9ef4fdf56}
	Caller User Name:	iking
	Caller BUTTERCUPGAMES
	Caller Logon ID:	-
	Caller Process ID:	-
	Transited Services:	-
	Source Network Address: 10.1.10.201
	Source Port:	5576
Oct 15 2019 23:58:43 
LogName=Security
SourceName=Security
EventCode=540
EventType=8
Type=Success Audit
ComputerName=BG01-iking
User=iking
Sid=S-1-5-21-57989841-920026266-725345543-6444
SidType=1
Category=2
CategoryString=Logon/Logoff
RecordNumber=9246
Message=Successful Network Logon:
	User Name:		iking
	Domain:			BUTTERCUPGAMES
	Logon ID:		994499284304
	Logon Type:		3
	Logon Process:  	Kerberos
	Authentication Package: Kerberos
	Workstation Name:	buttercup_iking
	Logon GUID:		{4dc541a3-d7b1-8ff8-265d-52f9ef4fdf56}
	Caller User Name:	iking
	Caller BUTTERCUPGAMES
	Caller Logon ID:	-
	Caller Process ID:	-
	Transited Services:	-
	Source Network Address: 10.1.10.201
	Source Port:	7365
Oct 16 2019 00:10:48 
LogName=Security
SourceName=Security
EventCode=540
EventType=8
Type=Success Audit
ComputerName=BG01-adombrowski
User=adombrowski
Sid=S-1-5-21-57989841-920026266-725345543-6444
SidType=1
Category=2
CategoryString=Logon/Logoff
RecordNumber=9475
Message=Successful Network Logon:
	User Name:		adombrowski
	Domain:			BUTTERCUPGAMES
	Logon ID:		542830538161
	Logon Type:		3
	Logon Process:  	Kerberos
	Authentication Package: Kerberos
	Workstation Name:	buttercup_adombrowski
	Logon GUID:		{4dc541a3-d7b1-8ff8-265d-52f9ef4fdf56}
	Caller User Name:	adombrowski
	Caller BUTTERCUPGAMES
	Caller Logon ID:	-
	Caller Process ID:	-
	Transited Services:	-
	Source Network Address: 10.1.10.129
	Source Port:	5284
Oct 16 2019 00:22:46 
LogName=Security
SourceName=Security
EventCode=540
EventType=8
Type=Success Audit
ComputerName=BG01-iking
User=iking
Sid=S-1-5-21-57989841-920026266-725345543-6444
SidType=1
Category=2
CategoryString=Logon/Logoff
RecordNumber=9250
Message=Successful Network Logon:
	User Name:		iking
	Domain:			BUTTERCUPGAMES
	Logon ID:		994499284304
	Logon Type:		3
	Logon Process:  	Kerberos
	Authentication Package: Kerberos
	Workstation Name:	buttercup_iking
	Logon GUID:		{4dc541a3-d7b1-8ff8-265d-52f9ef4fdf56}
	Caller User Name:	iking
	Caller BUTTERCUPGAMES
	Caller Logon ID:	-
	Caller Process ID:	-
	Transited Services:	-
	Source Network Address: 10.1.10.201
	Source Port:	8743
Oct 16 2019 03:07:56 
LogName=Security
SourceName=Security
EventCode=540
EventType=8
Type=Success Audit
ComputerName=BG01-pcallahan
User=pcallahan
Sid=S-1-5-21-57989841-920026266-725345543-6444
SidType=1
Category=2
CategoryString=Logon/Logoff
RecordNumber=9182
Message=Successful Network Logon:
	User Name:		pcallahan
	Domain:			BUTTERCUPGAMES
	Logon ID:		271108583080
	Logon Type:		3
	Logon Process:  	Kerberos
	Authentication Package: Kerberos
	Workstation Name:	buttercup_pcallahan
	Logon GUID:		{4dc541a3-d7b1-8ff8-265d-52f9ef4fdf56}
	Caller User Name:	pcallahan
	Caller BUTTERCUPGAMES
	Caller Logon ID:	-
	Caller Process ID:	-
	Transited Services:	-
	Source Network Address: 10.1.10.98
	Source Port:	10424
Oct 16 2019 07:13:04 
LogName=Security
SourceName=Security
EventCode=540
EventType=8
Type=Success Audit
ComputerName=BG03-bhussain
User=bhussain
Sid=S-1-5-21-57989841-920026266-725345543-6444
SidType=1
Category=2
CategoryString=Logon/Logoff
RecordNumber=9319
Message=Successful Network Logon:
	User Name:		bhussain
	Domain:			BUTTERCUPGAMES
	Logon ID:		890313901800
	Logon Type:		3
	Logon Process:  	Kerberos
	Authentication Package: Kerberos
	Workstation Name:	buttercup_bhussain
	Logon GUID:		{4dc541a3-d7b1-8ff8-265d-52f9ef4fdf56}
	Caller User Name:	bhussain
	Caller BUTTERCUPGAMES
	Caller Logon ID:	-
	Caller Process ID:	-
	Transited Services:	-
	Source Network Address: 10.2.10.22
	Source Port:	10523
Oct 16 2019 08:24:52 
LogName=Security
SourceName=Security
EventCode=540
EventType=8
Type=Success Audit
ComputerName=BG03-fbryan
User=fbryan
Sid=S-1-5-21-57989841-920026266-725345543-6444
SidType=1
Category=2
CategoryString=Logon/Logoff
RecordNumber=9622
Message=Successful Network Logon:
	User Name:		fbryan
	Domain:			BUTTERCUPGAMES
	Logon ID:		862417886973
	Logon Type:		3
	Logon Process:  	Kerberos
	Authentication Package: Kerberos
	Workstation Name:	buttercup_fbryan
	Logon GUID:		{4dc541a3-d7b1-8ff8-265d-52f9ef4fdf56}
	Caller User Name:	fbryan
	Caller BUTTERCUPGAMES
	Caller Logon ID:	-
	Caller Process ID:	-
	Transited Services:	-
	Source Network Address: 10.2.10.166
	Source Port:	4256
Oct 16 2019 08:51:27 
LogName=Security
SourceName=Security
EventCode=540
EventType=8
Type=Success Audit
ComputerName=BG03-yowen
User=yowen
Sid=S-1-5-21-57989841-920026266-725345543-6444
SidType=1
Category=2
CategoryString=Logon/Logoff
RecordNumber=9551
Message=Successful Network Logon:
	User Name:		yowen
	Domain:			BUTTERCUPGAMES
	Logon ID:		632071692298
	Logon Type:		3
	Logon Process:  	Kerberos
	Authentication Package: Kerberos
	Workstation Name:	buttercup_yowen
	Logon GUID:		{4dc541a3-d7b1-8ff8-265d-52f9ef4fdf56}
	Caller User Name:	yowen
	Caller BUTTERCUPGAMES
	Caller Logon ID:	-
	Caller Process ID:	-
	Transited Services:	-
	Source Network Address: 10.2.10.170
	Source Port:	9718
Oct 16 2019 09:14:19 
LogName=Security
SourceName=Security
EventCode=540
EventType=8
Type=Success Audit
ComputerName=BG03-rjayaraman
User=rjayaraman
Sid=S-1-5-21-57989841-920026266-725345543-6444
SidType=1
Category=2
CategoryString=Logon/Logoff
RecordNumber=9095
Message=Successful Network Logon:
	User Name:		rjayaraman
	Domain:			BUTTERCUPGAMES
	Logon ID:		963871339460
	Logon Type:		3
	Logon Process:  	Kerberos
	Authentication Package: Kerberos
	Workstation Name:	buttercup_rjayaraman
	Logon GUID:		{4dc541a3-d7b1-8ff8-265d-52f9ef4fdf56}
	Caller User Name:	rjayaraman
	Caller BUTTERCUPGAMES
	Caller Logon ID:	-
	Caller Process ID:	-
	Transited Services:	-
	Source Network Address: 10.2.10.74
	Source Port:	5308
Oct 16 2019 09:27:11 
LogName=Security
SourceName=Security
EventCode=540
EventType=8
Type=Success Audit
ComputerName=BG03-npearce
User=npearce
Sid=S-1-5-21-57989841-920026266-725345543-6444
SidType=1
Category=2
CategoryString=Logon/Logoff
RecordNumber=9946
Message=Successful Network Logon:
	User Name:		npearce
	Domain:			BUTTERCUPGAMES
	Logon ID:		145297537706
	Logon Type:		3
	Logon Process:  	Kerberos
	Authentication Package: Kerberos
	Workstation Name:	buttercup_npearce
	Logon GUID:		{4dc541a3-d7b1-8ff8-265d-52f9ef4fdf56}
	Caller User Name:	npearce
	Caller BUTTERCUPGAMES
	Caller Logon ID:	-
	Caller Process ID:	-
	Transited Services:	-
	Source Network Address: 10.2.10.70
	Source Port:	6982
Oct 16 2019 11:00:47 
LogName=Security
SourceName=Security
EventCode=540
EventType=8
Type=Failed Audit
ComputerName=BG03-yowen
User=yowen
Sid=S-1-5-21-57989841-920026266-725345543-6444
SidType=1
Category=2
CategoryString=Logon/Logoff
RecordNumber=9675
Message=Failed Network Logon:
	User Name:		yowen
	Domain:			BUTTERCUPGAMES
	Logon ID:		632071692298
	Logon Type:		3
	Logon Process:  	Kerberos
	Authentication Package: Kerberos
	Workstation Name:	buttercup_yowen
	Logon GUID:		{4dc541a3-d7b1-8ff8-265d-52f9ef4fdf56}
	Caller User Name:	yowen
	Caller BUTTERCUPGAMES
	Caller Logon ID:	-
	Caller Process ID:	-
	Transited Services:	-
	Source Network Address: 10.2.10.170
	Source Port:	6099
Oct 16 2019 11:00:47 
LogName=Security
SourceName=Security
EventCode=540
EventType=8
Type=Success Audit
ComputerName=BG03-yowen
User=yowen
Sid=S-1-5-21-57989841-920026266-725345543-6444
SidType=1
Category=2
CategoryString=Logon/Logoff
RecordNumber=9513
Message=Successful Network Logon:
	User Name:		yowen
	Domain:			BUTTERCUPGAMES
	Logon ID:		632071692298
	Logon Type:		3
	Logon Process:  	Kerberos
	Authentication Package: Kerberos
	Workstation Name:	buttercup_yowen
	Logon GUID:		{4dc541a3-d7b1-8ff8-265d-52f9ef4fdf56}
	Caller User Name:	yowen
	Caller BUTTERCUPGAMES
	Caller Logon ID:	-
	Caller Process ID:	-
	Transited Services:	-
	Source Network Address: 10.2.10.170
	Source Port:	9297
Oct 16 2019 11:10:14 
LogName=Security
SourceName=Security
EventCode=540
EventType=8
Type=Success Audit
ComputerName=BG03-bhussain
User=bhussain
Sid=S-1-5-21-57989841-920026266-725345543-6444
SidType=1
Category=2
CategoryString=Logon/Logoff
RecordNumber=9584
Message=Successful Network Logon:
	User Name:		bhussain
	Domain:			BUTTERCUPGAMES
	Logon ID:		890313901800
	Logon Type:		3
	Logon Process:  	Kerberos
	Authentication Package: Kerberos
	Workstation Name:	buttercup_bhussain
	Logon GUID:		{4dc541a3-d7b1-8ff8-265d-52f9ef4fdf56}
	Caller User Name:	bhussain
	Caller BUTTERCUPGAMES
	Caller Logon ID:	-
	Caller Process ID:	-
	Transited Services:	-
	Source Network Address: 10.2.10.22
	Source Port:	10927
Oct 16 2019 11:37:20 
LogName=Security
SourceName=Security
EventCode=540
EventType=8
Type=Failed Audit
ComputerName=BG03-bhussain
User=bhussain
Sid=S-1-5-21-57989841-920026266-725345543-6444
SidType=1
Category=2
CategoryString=Logon/Logoff
RecordNumber=9192
Message=Failed Network Logon:
	User Name:		bhussain
	Domain:			BUTTERCUPGAMES
	Logon ID:		890313901800
	Logon Type:		3
	Logon Process:  	Kerberos
	Authentication Package: Kerberos
	Workstation Name:	buttercup_bhussain
	Logon GUID:		{4dc541a3-d7b1-8ff8-265d-52f9ef4fdf56}
	Caller User Name:	bhussain
	Caller BUTTERCUPGAMES
	Caller Logon ID:	-
	Caller Process ID:	-
	Transited Services:	-
	Source Network Address: 10.2.10.22
	Source Port:	5891
Oct 16 2019 11:37:20 
LogName=Security
SourceName=Security
EventCode=540
EventType=8
Type=Failed Audit
ComputerName=BG03-bhussain
User=bhussain
Sid=S-1-5-21-57989841-920026266-725345543-6444
SidType=1
Category=2
CategoryString=Logon/Logoff
RecordNumber=9069
Message=Failed Network Logon:
	User Name:		bhussain
	Domain:			BUTTERCUPGAMES
	Logon ID:		890313901800
	Logon Type:		3
	Logon Process:  	Kerberos
	Authentication Package: Kerberos
	Workstation Name:	buttercup_bhussain
	Logon GUID:		{4dc541a3-d7b1-8ff8-265d-52f9ef4fdf56}
	Caller User Name:	bhussain
	Caller BUTTERCUPGAMES
	Caller Logon ID:	-
	Caller Process ID:	-
	Transited Services:	-
	Source Network Address: 10.2.10.22
	Source Port:	6348
Oct 16 2019 11:37:20 
LogName=Security
SourceName=Security
EventCode=540
EventType=8
Type=Success Audit
ComputerName=BG03-bhussain
User=bhussain
Sid=S-1-5-21-57989841-920026266-725345543-6444
SidType=1
Category=2
CategoryString=Logon/Logoff
RecordNumber=9498
Message=Successful Network Logon:
	User Name:		bhussain
	Domain:			BUTTERCUPGAMES
	Logon ID:		890313901800
	Logon Type:		3
	Logon Process:  	Kerberos
	Authentication Package: Kerberos
	Workstation Name:	buttercup_bhussain
	Logon GUID:		{4dc541a3-d7b1-8ff8-265d-52f9ef4fdf56}
	Caller User Name:	bhussain
	Caller BUTTERCUPGAMES
	Caller Logon ID:	-
	Caller Process ID:	-
	Transited Services:	-
	Source Network Address: 10.2.10.22
	Source Port:	4300
Oct 16 2019 12:03:10 
LogName=Security
SourceName=Security
EventCode=540
EventType=8
Type=Failed Audit
ComputerName=BG03-nsharpe
User=nsharpe
Sid=S-1-5-21-57989841-920026266-725345543-6444
SidType=1
Category=2
CategoryString=Logon/Logoff
RecordNumber=9617
Message=Failed Network Logon:
	User Name:		nsharpe
	Domain:			BUTTERCUPGAMES
	Logon ID:		425932411002
	Logon Type:		3
	Logon Process:  	Kerberos
	Authentication Package: Kerberos
	Workstation Name:	buttercup_nsharpe
	Logon GUID:		{4dc541a3-d7b1-8ff8-265d-52f9ef4fdf56}
	Caller User Name:	nsharpe
	Caller BUTTERCUPGAMES
	Caller Logon ID:	-
	Caller Process ID:	-
	Transited Services:	-
	Source Network Address: 10.2.10.163
	Source Port:	10377
Oct 16 2019 12:03:10 
LogName=Security
SourceName=Security
EventCode=540
EventType=8
Type=Success Audit
ComputerName=BG03-nsharpe
User=nsharpe
Sid=S-1-5-21-57989841-920026266-725345543-6444
SidType=1
Category=2
CategoryString=Logon/Logoff
RecordNumber=9326
Message=Successful Network Logon:
	User Name:		nsharpe
	Domain:			BUTTERCUPGAMES
	Logon ID:		425932411002
	Logon Type:		3
	Logon Process:  	Kerberos
	Authentication Package: Kerberos
	Workstation Name:	buttercup_nsharpe
	Logon GUID:		{4dc541a3-d7b1-8ff8-265d-52f9ef4fdf56}
	Caller User Name:	nsharpe
	Caller BUTTERCUPGAMES
	Caller Logon ID:	-
	Caller Process ID:	-
	Transited Services:	-
	Source Network Address: 10.2.10.163
	Source Port:	8379
Oct 16 2019 12:08:32 
LogName=Security
SourceName=Security
EventCode=540
EventType=8
Type=Success Audit
ComputerName=BG03-rjayaraman
User=rjayaraman
Sid=S-1-5-21-57989841-920026266-725345543-6444
SidType=1
Category=2
CategoryString=Logon/Logoff
RecordNumber=9437
Message=Successful Network Logon:
	User Name:		rjayaraman
	Domain:			BUTTERCUPGAMES
	Logon ID:		963871339460
	Logon Type:		3
	Logon Process:  	Kerberos
	Authentication Package: Kerberos
	Workstation Name:	buttercup_rjayaraman
	Logon GUID:		{4dc541a3-d7b1-8ff8-265d-52f9ef4fdf56}
	Caller User Name:	rjayaraman
	Caller BUTTERCUPGAMES
	Caller Logon ID:	-
	Caller Process ID:	-
	Transited Services:	-
	Source Network Address: 10.2.10.74
	Source Port:	7100
Oct 16 2019 12:15:39 
LogName=Security
SourceName=Security
EventCode=540
EventType=8
Type=Success Audit
ComputerName=A.W.E.S.O.M.-O
User=emaxwell
Sid=S-1-5-21-57989841-920026266-725345543-6444
SidType=1
Category=2
CategoryString=Logon/Logoff
RecordNumber=9877
Message=Successful Network Logon:
	User Name:		emaxwell
	Domain:			BUTTERCUPGAMES
	Logon ID:		374765319282
	Logon Type:		3
	Logon Process:  	Kerberos
	Authentication Package: Kerberos
	Workstation Name:	buttercup_emaxwell
	Logon GUID:		{4dc541a3-d7b1-8ff8-265d-52f9ef4fdf56}
	Caller User Name:	emaxwell
	Caller BUTTERCUPGAMES
	Caller Logon ID:	-
	Caller Process ID:	-
	Transited Services:	-
	Source Network Address: 10.3.10.46
	Source Port:	5002
Oct 16 2019 12:37:24 
LogName=Security
SourceName=Security
EventCode=540
EventType=8
Type=Failed Audit
ComputerName=A.W.E.S.O.M.-O
User=emaxwell
Sid=S-1-5-21-57989841-920026266-725345543-6444
SidType=1
Category=2
CategoryString=Logon/Logoff
RecordNumber=9668
Message=Failed Network Logon:
	User Name:		emaxwell
	Domain:			BUTTERCUPGAMES
	Logon ID:		374765319282
	Logon Type:		3
	Logon Process:  	Kerberos
	Authentication Package: Kerberos
	Workstation Name:	buttercup_emaxwell
	Logon GUID:		{4dc541a3-d7b1-8ff8-265d-52f9ef4fdf56}
	Caller User Name:	emaxwell
	Caller BUTTERCUPGAMES
	Caller Logon ID:	-
	Caller Process ID:	-
	Transited Services:	-
	Source Network Address: 10.3.10.46
	Source Port:	10885
Oct 16 2019 12:37:24 
LogName=Security
SourceName=Security
EventCode=540
EventType=8
Type=Success Audit
ComputerName=A.W.E.S.O.M.-O
User=emaxwell
Sid=S-1-5-21-57989841-920026266-725345543-6444
SidType=1
Category=2
CategoryString=Logon/Logoff
RecordNumber=9316
Message=Successful Network Logon:
	User Name:		emaxwell
	Domain:			BUTTERCUPGAMES
	Logon ID:		374765319282
	Logon Type:		3
	Logon Process:  	Kerberos
	Authentication Package: Kerberos
	Workstation Name:	buttercup_emaxwell
	Logon GUID:		{4dc541a3-d7b1-8ff8-265d-52f9ef4fdf56}
	Caller User Name:	emaxwell
	Caller BUTTERCUPGAMES
	Caller Logon ID:	-
	Caller Process ID:	-
	Transited Services:	-
	Source Network Address: 10.3.10.46
	Source Port:	4658
Oct 16 2019 12:55:02 
LogName=Security
SourceName=Security
EventCode=540
EventType=8
Type=Success Audit
ComputerName=BG03-fbryan
User=fbryan
Sid=S-1-5-21-57989841-920026266-725345543-6444
SidType=1
Category=2
CategoryString=Logon/Logoff
RecordNumber=9151
Message=Successful Network Logon:
	User Name:		fbryan
	Domain:			BUTTERCUPGAMES
	Logon ID:		862417886973
	Logon Type:		3
	Logon Process:  	Kerberos
	Authentication Package: Kerberos
	Workstation Name:	buttercup_fbryan
	Logon GUID:		{4dc541a3-d7b1-8ff8-265d-52f9ef4fdf56}
	Caller User Name:	fbryan
	Caller BUTTERCUPGAMES
	Caller Logon ID:	-
	Caller Process ID:	-
	Transited Services:	-
	Source Network Address: 10.2.10.166
	Source Port:	8128
Oct 16 2019 12:56:26 
LogName=Security
SourceName=Security
EventCode=540
EventType=8
Type=Failed Audit
ComputerName=BG03-rjayaraman
User=rjayaraman
Sid=S-1-5-21-57989841-920026266-725345543-6444
SidType=1
Category=2
CategoryString=Logon/Logoff
RecordNumber=9126
Message=Failed Network Logon:
	User Name:		rjayaraman
	Domain:			BUTTERCUPGAMES
	Logon ID:		963871339460
	Logon Type:		3
	Logon Process:  	Kerberos
	Authentication Package: Kerberos
	Workstation Name:	buttercup_rjayaraman
	Logon GUID:		{4dc541a3-d7b1-8ff8-265d-52f9ef4fdf56}
	Caller User Name:	rjayaraman
	Caller BUTTERCUPGAMES
	Caller Logon ID:	-
	Caller Process ID:	-
	Transited Services:	-
	Source Network Address: 10.2.10.74
	Source Port:	7217
Oct 16 2019 12:56:26 
LogName=Security
SourceName=Security
EventCode=540
EventType=8
Type=Success Audit
ComputerName=BG03-rjayaraman
User=rjayaraman
Sid=S-1-5-21-57989841-920026266-725345543-6444
SidType=1
Category=2
CategoryString=Logon/Logoff
RecordNumber=9093
Message=Successful Network Logon:
	User Name:		rjayaraman
	Domain:			BUTTERCUPGAMES
	Logon ID:		963871339460
	Logon Type:		3
	Logon Process:  	Kerberos
	Authentication Package: Kerberos
	Workstation Name:	buttercup_rjayaraman
	Logon GUID:		{4dc541a3-d7b1-8ff8-265d-52f9ef4fdf56}
	Caller User Name:	rjayaraman
	Caller BUTTERCUPGAMES
	Caller Logon ID:	-
	Caller Process ID:	-
	Transited Services:	-
	Source Network Address: 10.2.10.74
	Source Port:	9005
Oct 16 2019 13:15:12 
LogName=Security
SourceName=Security
EventCode=540
EventType=8
Type=Failed Audit
ComputerName=BG03-nsharpe
User=nsharpe
Sid=S-1-5-21-57989841-920026266-725345543-6444
SidType=1
Category=2
CategoryString=Logon/Logoff
RecordNumber=9289
Message=Failed Network Logon:
	User Name:		nsharpe
	Domain:			BUTTERCUPGAMES
	Logon ID:		425932411002
	Logon Type:		3
	Logon Process:  	Kerberos
	Authentication Package: Kerberos
	Workstation Name:	buttercup_nsharpe
	Logon GUID:		{4dc541a3-d7b1-8ff8-265d-52f9ef4fdf56}
	Caller User Name:	nsharpe
	Caller BUTTERCUPGAMES
	Caller Logon ID:	-
	Caller Process ID:	-
	Transited Services:	-
	Source Network Address: 10.2.10.163
	Source Port:	7039
Oct 16 2019 13:15:12 
LogName=Security
SourceName=Security
EventCode=540
EventType=8
Type=Failed Audit
ComputerName=BG03-nsharpe
User=nsharpe
Sid=S-1-5-21-57989841-920026266-725345543-6444
SidType=1
Category=2
CategoryString=Logon/Logoff
RecordNumber=9674
Message=Failed Network Logon:
	User Name:		nsharpe
	Domain:			BUTTERCUPGAMES
	Logon ID:		425932411002
	Logon Type:		3
	Logon Process:  	Kerberos
	Authentication Package: Kerberos
	Workstation Name:	buttercup_nsharpe
	Logon GUID:		{4dc541a3-d7b1-8ff8-265d-52f9ef4fdf56}
	Caller User Name:	nsharpe
	Caller BUTTERCUPGAMES
	Caller Logon ID:	-
	Caller Process ID:	-
	Transited Services:	-
	Source Network Address: 10.2.10.163
	Source Port:	6875
Oct 16 2019 13:15:12 
LogName=Security
SourceName=Security
EventCode=540
EventType=8
Type=Failed Audit
ComputerName=BG03-nsharpe
User=nsharpe
Sid=S-1-5-21-57989841-920026266-725345543-6444
SidType=1
Category=2
CategoryString=Logon/Logoff
RecordNumber=9490
Message=Failed Network Logon:
	User Name:		nsharpe
	Domain:			BUTTERCUPGAMES
	Logon ID:		425932411002
	Logon Type:		3
	Logon Process:  	Kerberos
	Authentication Package: Kerberos
	Workstation Name:	buttercup_nsharpe
	Logon GUID:		{4dc541a3-d7b1-8ff8-265d-52f9ef4fdf56}
	Caller User Name:	nsharpe
	Caller BUTTERCUPGAMES
	Caller Logon ID:	-
	Caller Process ID:	-
	Transited Services:	-
	Source Network Address: 10.2.10.163
	Source Port:	6098
Oct 16 2019 13:15:12 
LogName=Security
SourceName=Security
EventCode=540
EventType=8
Type=Success Audit
ComputerName=BG03-nsharpe
User=nsharpe
Sid=S-1-5-21-57989841-920026266-725345543-6444
SidType=1
Category=2
CategoryString=Logon/Logoff
RecordNumber=9879
Message=Successful Network Logon:
	User Name:		nsharpe
	Domain:			BUTTERCUPGAMES
	Logon ID:		425932411002
	Logon Type:		3
	Logon Process:  	Kerberos
	Authentication Package: Kerberos
	Workstation Name:	buttercup_nsharpe
	Logon GUID:		{4dc541a3-d7b1-8ff8-265d-52f9ef4fdf56}
	Caller User Name:	nsharpe
	Caller BUTTERCUPGAMES
	Caller Logon ID:	-
	Caller Process ID:	-
	Transited Services:	-
	Source Network Address: 10.2.10.163
	Source Port:	11757
Oct 16 2019 14:10:51 
LogName=Security
SourceName=Security
EventCode=540
EventType=8
Type=Success Audit
ComputerName=BG02-apucci
User=apucci
Sid=S-1-5-21-57989841-920026266-725345543-6444
SidType=1
Category=2
CategoryString=Logon/Logoff
RecordNumber=9961
Message=Successful Network Logon:
	User Name:		apucci
	Domain:			BUTTERCUPGAMES
	Logon ID:		108423575302
	Logon Type:		3
	Logon Process:  	Kerberos
	Authentication Package: Kerberos
	Workstation Name:	buttercup_apucci
	Logon GUID:		{4dc541a3-d7b1-8ff8-265d-52f9ef4fdf56}
	Caller User Name:	apucci
	Caller BUTTERCUPGAMES
	Caller Logon ID:	-
	Caller Process ID:	-
	Transited Services:	-
	Source Network Address: 10.3.10.53
	Source Port:	8977
Oct 16 2019 14:19:25 
LogName=Security
SourceName=Security
EventCode=540
EventType=8
Type=Failed Audit
ComputerName=BG02-lsagers
User=lsagers
Sid=S-1-5-21-57989841-920026266-725345543-6444
SidType=1
Category=2
CategoryString=Logon/Logoff
RecordNumber=9585
Message=Failed Network Logon:
	User Name:		lsagers
	Domain:			BUTTERCUPGAMES
	Logon ID:		249772079712
	Logon Type:		3
	Logon Process:  	Kerberos
	Authentication Package: Kerberos
	Workstation Name:	buttercup_lsagers
	Logon GUID:		{4dc541a3-d7b1-8ff8-265d-52f9ef4fdf56}
	Caller User Name:	lsagers
	Caller BUTTERCUPGAMES
	Caller Logon ID:	-
	Caller Process ID:	-
	Transited Services:	-
	Source Network Address: 10.3.10.21
	Source Port:	5547
Oct 16 2019 14:19:25 
LogName=Security
SourceName=Security
EventCode=540
EventType=8
Type=Success Audit
ComputerName=BG02-lsagers
User=lsagers
Sid=S-1-5-21-57989841-920026266-725345543-6444
SidType=1
Category=2
CategoryString=Logon/Logoff
RecordNumber=9339
Message=Successful Network Logon:
	User Name:		lsagers
	Domain:			BUTTERCUPGAMES
	Logon ID:		249772079712
	Logon Type:		3
	Logon Process:  	Kerberos
	Authentication Package: Kerberos
	Workstation Name:	buttercup_lsagers
	Logon GUID:		{4dc541a3-d7b1-8ff8-265d-52f9ef4fdf56}
	Caller User Name:	lsagers
	Caller BUTTERCUPGAMES
	Caller Logon ID:	-
	Caller Process ID:	-
	Transited Services:	-
	Source Network Address: 10.3.10.21
	Source Port:	9013
Oct 16 2019 14:28:01 
LogName=Security
SourceName=Security
EventCode=540
EventType=8
Type=Success Audit
ComputerName=BG02-gzuyeva
User=gzuyeva
Sid=S-1-5-21-57989841-920026266-725345543-6444
SidType=1
Category=2
CategoryString=Logon/Logoff
RecordNumber=9466
Message=Successful Network Logon:
	User Name:		gzuyeva
	Domain:			BUTTERCUPGAMES
	Logon ID:		371211812887
	Logon Type:		3
	Logon Process:  	Kerberos
	Authentication Package: Kerberos
	Workstation Name:	buttercup_gzuyeva
	Logon GUID:		{4dc541a3-d7b1-8ff8-265d-52f9ef4fdf56}
	Caller User Name:	gzuyeva
	Caller BUTTERCUPGAMES
	Caller Logon ID:	-
	Caller Process ID:	-
	Transited Services:	-
	Source Network Address: 10.3.10.67
	Source Port:	8534
Oct 16 2019 14:39:50 
LogName=Security
SourceName=Security
EventCode=540
EventType=8
Type=Success Audit
ComputerName=BG01-lteng
User=lteng
Sid=S-1-5-21-57989841-920026266-725345543-6444
SidType=1
Category=2
CategoryString=Logon/Logoff
RecordNumber=9694
Message=Successful Network Logon:
	User Name:		lteng
	Domain:			BUTTERCUPGAMES
	Logon ID:		727896988001
	Logon Type:		3
	Logon Process:  	Kerberos
	Authentication Package: Kerberos
	Workstation Name:	buttercup_lteng
	Logon GUID:		{4dc541a3-d7b1-8ff8-265d-52f9ef4fdf56}
	Caller User Name:	lteng
	Caller BUTTERCUPGAMES
	Caller Logon ID:	-
	Caller Process ID:	-
	Transited Services:	-
	Source Network Address: 10.1.10.15
	Source Port:	7162
Oct 16 2019 14:42:24 
LogName=Security
SourceName=Security
EventCode=540
EventType=8
Type=Success Audit
ComputerName=BG02-dhale
User=dhale
Sid=S-1-5-21-57989841-920026266-725345543-6444
SidType=1
Category=2
CategoryString=Logon/Logoff
RecordNumber=9042
Message=Successful Network Logon:
	User Name:		dhale
	Domain:			BUTTERCUPGAMES
	Logon ID:		672903009231
	Logon Type:		3
	Logon Process:  	Kerberos
	Authentication Package: Kerberos
	Workstation Name:	buttercup_dhale
	Logon GUID:		{4dc541a3-d7b1-8ff8-265d-52f9ef4fdf56}
	Caller User Name:	dhale
	Caller BUTTERCUPGAMES
	Caller Logon ID:	-
	Caller Process ID:	-
	Transited Services:	-
	Source Network Address: 10.3.10.241
	Source Port:	10450
Oct 16 2019 15:10:04 
LogName=Security
SourceName=Security
EventCode=540
EventType=8
Type=Success Audit
ComputerName=BG01-gvoronoff
User=gvoronoff
Sid=S-1-5-21-57989841-920026266-725345543-6444
SidType=1
Category=2
CategoryString=Logon/Logoff
RecordNumber=9943
Message=Successful Network Logon:
	User Name:		gvoronoff
	Domain:			BUTTERCUPGAMES
	Logon ID:		936901629743
	Logon Type:		3
	Logon Process:  	Kerberos
	Authentication Package: Kerberos
	Workstation Name:	buttercup_gvoronoff
	Logon GUID:		{4dc541a3-d7b1-8ff8-265d-52f9ef4fdf56}
	Caller User Name:	gvoronoff
	Caller BUTTERCUPGAMES
	Caller Logon ID:	-
	Caller Process ID:	-
	Transited Services:	-
	Source Network Address: 10.1.10.163
	Source Port:	8409
Oct 16 2019 15:28:36 
LogName=Security
SourceName=Security
EventCode=540
EventType=8
Type=Success Audit
ComputerName=BG02-pbunch
User=pbunch
Sid=S-1-5-21-57989841-920026266-725345543-6444
SidType=1
Category=2
CategoryString=Logon/Logoff
RecordNumber=9772
Message=Successful Network Logon:
	User Name:		pbunch
	Domain:			BUTTERCUPGAMES
	Logon ID:		398009643042
	Logon Type:		3
	Logon Process:  	Kerberos
	Authentication Package: Kerberos
	Workstation Name:	buttercup_pbunch
	Logon GUID:		{4dc541a3-d7b1-8ff8-265d-52f9ef4fdf56}
	Caller User Name:	pbunch
	Caller BUTTERCUPGAMES
	Caller Logon ID:	-
	Caller Process ID:	-
	Transited Services:	-
	Source Network Address: 10.3.10.227
	Source Port:	7223
Oct 16 2019 15:42:05 
LogName=Security
SourceName=Security
EventCode=540
EventType=8
Type=Success Audit
ComputerName=BG02-lsagers
User=lsagers
Sid=S-1-5-21-57989841-920026266-725345543-6444
SidType=1
Category=2
CategoryString=Logon/Logoff
RecordNumber=9206
Message=Successful Network Logon:
	User Name:		lsagers
	Domain:			BUTTERCUPGAMES
	Logon ID:		249772079712
	Logon Type:		3
	Logon Process:  	Kerberos
	Authentication Package: Kerberos
	Workstation Name:	buttercup_lsagers
	Logon GUID:		{4dc541a3-d7b1-8ff8-265d-52f9ef4fdf56}
	Caller User Name:	lsagers
	Caller BUTTERCUPGAMES
	Caller Logon ID:	-
	Caller Process ID:	-
	Transited Services:	-
	Source Network Address: 10.3.10.21
	Source Port:	4576
Oct 16 2019 15:56:57 
LogName=Security
SourceName=Security
EventCode=540
EventType=8
Type=Success Audit
ComputerName=BG03-nsharpe
User=nsharpe
Sid=S-1-5-21-57989841-920026266-725345543-6444
SidType=1
Category=2
CategoryString=Logon/Logoff
RecordNumber=9972
Message=Successful Network Logon:
	User Name:		nsharpe
	Domain:			BUTTERCUPGAMES
	Logon ID:		425932411002
	Logon Type:		3
	Logon Process:  	Kerberos
	Authentication Package: Kerberos
	Workstation Name:	buttercup_nsharpe
	Logon GUID:		{4dc541a3-d7b1-8ff8-265d-52f9ef4fdf56}
	Caller User Name:	nsharpe
	Caller BUTTERCUPGAMES
	Caller Logon ID:	-
	Caller Process ID:	-
	Transited Services:	-
	Source Network Address: 10.2.10.163
	Source Port:	9108
Oct 16 2019 15:51:09 
LogName=Security
SourceName=Security
EventCode=540
EventType=8
Type=Success Audit
ComputerName=BG03-fbryan
User=fbryan
Sid=S-1-5-21-57989841-920026266-725345543-6444
SidType=1
Category=2
CategoryString=Logon/Logoff
RecordNumber=9996
Message=Successful Network Logon:
	User Name:		fbryan
	Domain:			BUTTERCUPGAMES
	Logon ID:		862417886973
	Logon Type:		3
	Logon Process:  	Kerberos
	Authentication Package: Kerberos
	Workstation Name:	buttercup_fbryan
	Logon GUID:		{4dc541a3-d7b1-8ff8-265d-52f9ef4fdf56}
	Caller User Name:	fbryan
	Caller BUTTERCUPGAMES
	Caller Logon ID:	-
	Caller Process ID:	-
	Transited Services:	-
	Source Network Address: 10.2.10.166
	Source Port:	4852
Oct 16 2019 16:22:08 
LogName=Security
SourceName=Security
EventCode=540
EventType=8
Type=Success Audit
ComputerName=BG01-cfarrell
User=cfarrell
Sid=S-1-5-21-57989841-920026266-725345543-6444
SidType=1
Category=2
CategoryString=Logon/Logoff
RecordNumber=9321
Message=Successful Network Logon:
	User Name:		cfarrell
	Domain:			BUTTERCUPGAMES
	Logon ID:		768166372290
	Logon Type:		3
	Logon Process:  	Kerberos
	Authentication Package: Kerberos
	Workstation Name:	buttercup_cfarrell
	Logon GUID:		{4dc541a3-d7b1-8ff8-265d-52f9ef4fdf56}
	Caller User Name:	cfarrell
	Caller BUTTERCUPGAMES
	Caller Logon ID:	-
	Caller Process ID:	-
	Transited Services:	-
	Source Network Address: 10.1.10.107
	Source Port:	5372
