LogName=Security
SourceName=Security
EventCode=540
EventType=8
Type=Success Audit
ComputerName=A.W.E.S.O.M.-O
User=emaxwell
Sid=S-1-5-21-57989841-920026266-725345543-6444
SidType=1
Category=2
CategoryString=Logon/Logoff
RecordNumber=9120
Message=Successful Network Logon:
	User Name:		emaxwell
	Domain:			BUTTERCUPGAMES
	Logon ID:		374765319282
	Logon Type:		3
	Logon Process:  	Kerberos
	Authentication Package: Kerberos
	Workstation Name:	buttercup_emaxwell
	Logon GUID:		{4dc541a3-d7b1-8ff8-265d-52f9ef4fdf56}
	Caller User Name:	emaxwell
	Caller BUTTERCUPGAMES
	Caller Logon ID:	-
	Caller Process ID:	-
	Transited Services:	-
	Source Network Address: 10.3.10.46
	Source Port:	6756
Nov 13 2019 15:07:46 
LogName=Security
SourceName=Security
EventCode=540
EventType=8
Type=Failed Audit
ComputerName=BG01-lteng
User=lteng
Sid=S-1-5-21-57989841-920026266-725345543-6444
SidType=1
Category=2
CategoryString=Logon/Logoff
RecordNumber=9228
Message=Failed Network Logon:
	User Name:		lteng
	Domain:			BUTTERCUPGAMES
	Logon ID:		727896988001
	Logon Type:		3
	Logon Process:  	Kerberos
	Authentication Package: Kerberos
	Workstation Name:	buttercup_lteng
	Logon GUID:		{4dc541a3-d7b1-8ff8-265d-52f9ef4fdf56}
	Caller User Name:	lteng
	Caller BUTTERCUPGAMES
	Caller Logon ID:	-
	Caller Process ID:	-
	Transited Services:	-
	Source Network Address: 10.1.10.15
	Source Port:	4284
Nov 13 2019 15:07:46 
LogName=Security
SourceName=Security
EventCode=540
EventType=8
Type=Failed Audit
ComputerName=BG01-lteng
User=lteng
Sid=S-1-5-21-57989841-920026266-725345543-6444
SidType=1
Category=2
CategoryString=Logon/Logoff
RecordNumber=9731
Message=Failed Network Logon:
	User Name:		lteng
	Domain:			BUTTERCUPGAMES
	Logon ID:		727896988001
	Logon Type:		3
	Logon Process:  	Kerberos
	Authentication Package: Kerberos
	Workstation Name:	buttercup_lteng
	Logon GUID:		{4dc541a3-d7b1-8ff8-265d-52f9ef4fdf56}
	Caller User Name:	lteng
	Caller BUTTERCUPGAMES
	Caller Logon ID:	-
	Caller Process ID:	-
	Transited Services:	-
	Source Network Address: 10.1.10.15
	Source Port:	6698
Nov 13 2019 15:07:46 
LogName=Security
SourceName=Security
EventCode=540
EventType=8
Type=Failed Audit
ComputerName=BG01-lteng
User=lteng
Sid=S-1-5-21-57989841-920026266-725345543-6444
SidType=1
Category=2
CategoryString=Logon/Logoff
RecordNumber=9928
Message=Failed Network Logon:
	User Name:		lteng
	Domain:			BUTTERCUPGAMES
	Logon ID:		727896988001
	Logon Type:		3
	Logon Process:  	Kerberos
	Authentication Package: Kerberos
	Workstation Name:	buttercup_lteng
	Logon GUID:		{4dc541a3-d7b1-8ff8-265d-52f9ef4fdf56}
	Caller User Name:	lteng
	Caller BUTTERCUPGAMES
	Caller Logon ID:	-
	Caller Process ID:	-
	Transited Services:	-
	Source Network Address: 10.1.10.15
	Source Port:	8051
Nov 13 2019 15:07:46 
LogName=Security
SourceName=Security
EventCode=540
EventType=8
Type=Success Audit
ComputerName=BG01-lteng
User=lteng
Sid=S-1-5-21-57989841-920026266-725345543-6444
SidType=1
Category=2
CategoryString=Logon/Logoff
RecordNumber=9700
Message=Successful Network Logon:
	User Name:		lteng
	Domain:			BUTTERCUPGAMES
	Logon ID:		727896988001
	Logon Type:		3
	Logon Process:  	Kerberos
	Authentication Package: Kerberos
	Workstation Name:	buttercup_lteng
	Logon GUID:		{4dc541a3-d7b1-8ff8-265d-52f9ef4fdf56}
	Caller User Name:	lteng
	Caller BUTTERCUPGAMES
	Caller Logon ID:	-
	Caller Process ID:	-
	Transited Services:	-
	Source Network Address: 10.1.10.15
	Source Port:	9172
Nov 13 2019 14:58:47 
LogName=Security
SourceName=Security
EventCode=540
EventType=8
Type=Success Audit
ComputerName=BG02-dhale
User=dhale
Sid=S-1-5-21-57989841-920026266-725345543-6444
SidType=1
Category=2
CategoryString=Logon/Logoff
RecordNumber=9727
Message=Successful Network Logon:
	User Name:		dhale
	Domain:			BUTTERCUPGAMES
	Logon ID:		672903009231
	Logon Type:		3
	Logon Process:  	Kerberos
	Authentication Package: Kerberos
	Workstation Name:	buttercup_dhale
	Logon GUID:		{4dc541a3-d7b1-8ff8-265d-52f9ef4fdf56}
	Caller User Name:	dhale
	Caller BUTTERCUPGAMES
	Caller Logon ID:	-
	Caller Process ID:	-
	Transited Services:	-
	Source Network Address: 10.3.10.241
	Source Port:	4710
Nov 13 2019 15:03:59 
LogName=Security
SourceName=Security
EventCode=540
EventType=8
Type=Success Audit
ComputerName=BG02-apucci
User=apucci
Sid=S-1-5-21-57989841-920026266-725345543-6444
SidType=1
Category=2
CategoryString=Logon/Logoff
RecordNumber=9751
Message=Successful Network Logon:
	User Name:		apucci
	Domain:			BUTTERCUPGAMES
	Logon ID:		108423575302
	Logon Type:		3
	Logon Process:  	Kerberos
	Authentication Package: Kerberos
	Workstation Name:	buttercup_apucci
	Logon GUID:		{4dc541a3-d7b1-8ff8-265d-52f9ef4fdf56}
	Caller User Name:	apucci
	Caller BUTTERCUPGAMES
	Caller Logon ID:	-
	Caller Process ID:	-
	Transited Services:	-
	Source Network Address: 10.3.10.53
	Source Port:	9492
Nov 13 2019 15:19:51 
LogName=Security
SourceName=Security
EventCode=540
EventType=8
Type=Success Audit
ComputerName=BG01-gvoronoff
User=gvoronoff
Sid=S-1-5-21-57989841-920026266-725345543-6444
SidType=1
Category=2
CategoryString=Logon/Logoff
RecordNumber=9222
Message=Successful Network Logon:
	User Name:		gvoronoff
	Domain:			BUTTERCUPGAMES
	Logon ID:		936901629743
	Logon Type:		3
	Logon Process:  	Kerberos
	Authentication Package: Kerberos
	Workstation Name:	buttercup_gvoronoff
	Logon GUID:		{4dc541a3-d7b1-8ff8-265d-52f9ef4fdf56}
	Caller User Name:	gvoronoff
	Caller BUTTERCUPGAMES
	Caller Logon ID:	-
	Caller Process ID:	-
	Transited Services:	-
	Source Network Address: 10.1.10.163
	Source Port:	9016
Nov 13 2019 15:16:15 
LogName=Security
SourceName=Security
EventCode=540
EventType=8
Type=Success Audit
ComputerName=BG03-nsharpe
User=nsharpe
Sid=S-1-5-21-57989841-920026266-725345543-6444
SidType=1
Category=2
CategoryString=Logon/Logoff
RecordNumber=9955
Message=Successful Network Logon:
	User Name:		nsharpe
	Domain:			BUTTERCUPGAMES
	Logon ID:		425932411002
	Logon Type:		3
	Logon Process:  	Kerberos
	Authentication Package: Kerberos
	Workstation Name:	buttercup_nsharpe
	Logon GUID:		{4dc541a3-d7b1-8ff8-265d-52f9ef4fdf56}
	Caller User Name:	nsharpe
	Caller BUTTERCUPGAMES
	Caller Logon ID:	-
	Caller Process ID:	-
	Transited Services:	-
	Source Network Address: 10.2.10.163
	Source Port:	9508
Nov 13 2019 15:29:20 
LogName=Security
SourceName=Security
EventCode=540
EventType=8
Type=Success Audit
ComputerName=BG03-yowen
User=yowen
Sid=S-1-5-21-57989841-920026266-725345543-6444
SidType=1
Category=2
CategoryString=Logon/Logoff
RecordNumber=9185
Message=Successful Network Logon:
	User Name:		yowen
	Domain:			BUTTERCUPGAMES
	Logon ID:		632071692298
	Logon Type:		3
	Logon Process:  	Kerberos
	Authentication Package: Kerberos
	Workstation Name:	buttercup_yowen
	Logon GUID:		{4dc541a3-d7b1-8ff8-265d-52f9ef4fdf56}
	Caller User Name:	yowen
	Caller BUTTERCUPGAMES
	Caller Logon ID:	-
	Caller Process ID:	-
	Transited Services:	-
	Source Network Address: 10.2.10.170
	Source Port:	4665
Nov 13 2019 15:40:44 
LogName=Security
SourceName=Security
EventCode=540
EventType=8
Type=Failed Audit
ComputerName=BG01-lteng
User=lteng
Sid=S-1-5-21-57989841-920026266-725345543-6444
SidType=1
Category=2
CategoryString=Logon/Logoff
RecordNumber=9706
Message=Failed Network Logon:
	User Name:		lteng
	Domain:			BUTTERCUPGAMES
	Logon ID:		727896988001
	Logon Type:		3
	Logon Process:  	Kerberos
	Authentication Package: Kerberos
	Workstation Name:	buttercup_lteng
	Logon GUID:		{4dc541a3-d7b1-8ff8-265d-52f9ef4fdf56}
	Caller User Name:	lteng
	Caller BUTTERCUPGAMES
	Caller Logon ID:	-
	Caller Process ID:	-
	Transited Services:	-
	Source Network Address: 10.1.10.15
	Source Port:	11318
Nov 13 2019 15:40:44 
LogName=Security
SourceName=Security
EventCode=540
EventType=8
Type=Success Audit
ComputerName=BG01-lteng
User=lteng
Sid=S-1-5-21-57989841-920026266-725345543-6444
SidType=1
Category=2
CategoryString=Logon/Logoff
RecordNumber=9411
Message=Successful Network Logon:
	User Name:		lteng
	Domain:			BUTTERCUPGAMES
	Logon ID:		727896988001
	Logon Type:		3
	Logon Process:  	Kerberos
	Authentication Package: Kerberos
	Workstation Name:	buttercup_lteng
	Logon GUID:		{4dc541a3-d7b1-8ff8-265d-52f9ef4fdf56}
	Caller User Name:	lteng
	Caller BUTTERCUPGAMES
	Caller Logon ID:	-
	Caller Process ID:	-
	Transited Services:	-
	Source Network Address: 10.1.10.15
	Source Port:	6654
Nov 13 2019 15:46:48 
LogName=Security
SourceName=Security
EventCode=540
EventType=8
Type=Success Audit
ComputerName=BG03-bhussain
User=bhussain
Sid=S-1-5-21-57989841-920026266-725345543-6444
SidType=1
Category=2
CategoryString=Logon/Logoff
RecordNumber=9754
Message=Successful Network Logon:
	User Name:		bhussain
	Domain:			BUTTERCUPGAMES
	Logon ID:		890313901800
	Logon Type:		3
	Logon Process:  	Kerberos
	Authentication Package: Kerberos
	Workstation Name:	buttercup_bhussain
	Logon GUID:		{4dc541a3-d7b1-8ff8-265d-52f9ef4fdf56}
	Caller User Name:	bhussain
	Caller BUTTERCUPGAMES
	Caller Logon ID:	-
	Caller Process ID:	-
	Transited Services:	-
	Source Network Address: 10.2.10.22
	Source Port:	10375
Nov 13 2019 15:46:12 
LogName=Security
SourceName=Security
EventCode=540
EventType=8
Type=Failed Audit
ComputerName=BG01-gvoronoff
User=gvoronoff
Sid=S-1-5-21-57989841-920026266-725345543-6444
SidType=1
Category=2
CategoryString=Logon/Logoff
RecordNumber=9782
Message=Failed Network Logon:
	User Name:		gvoronoff
	Domain:			BUTTERCUPGAMES
	Logon ID:		936901629743
	Logon Type:		3
	Logon Process:  	Kerberos
	Authentication Package: Kerberos
	Workstation Name:	buttercup_gvoronoff
	Logon GUID:		{4dc541a3-d7b1-8ff8-265d-52f9ef4fdf56}
	Caller User Name:	gvoronoff
	Caller BUTTERCUPGAMES
	Caller Logon ID:	-
	Caller Process ID:	-
	Transited Services:	-
	Source Network Address: 10.1.10.163
	Source Port:	9117
Nov 13 2019 15:46:12 
LogName=Security
SourceName=Security
EventCode=540
EventType=8
Type=Failed Audit
ComputerName=BG01-gvoronoff
User=gvoronoff
Sid=S-1-5-21-57989841-920026266-725345543-6444
SidType=1
Category=2
CategoryString=Logon/Logoff
RecordNumber=9909
Message=Failed Network Logon:
	User Name:		gvoronoff
	Domain:			BUTTERCUPGAMES
	Logon ID:		936901629743
	Logon Type:		3
	Logon Process:  	Kerberos
	Authentication Package: Kerberos
	Workstation Name:	buttercup_gvoronoff
	Logon GUID:		{4dc541a3-d7b1-8ff8-265d-52f9ef4fdf56}
	Caller User Name:	gvoronoff
	Caller BUTTERCUPGAMES
	Caller Logon ID:	-
	Caller Process ID:	-
	Transited Services:	-
	Source Network Address: 10.1.10.163
	Source Port:	7025
Nov 13 2019 15:46:12 
LogName=Security
SourceName=Security
EventCode=540
EventType=8
Type=Failed Audit
ComputerName=BG01-gvoronoff
User=gvoronoff
Sid=S-1-5-21-57989841-920026266-725345543-6444
SidType=1
Category=2
CategoryString=Logon/Logoff
RecordNumber=9713
Message=Failed Network Logon:
	User Name:		gvoronoff
	Domain:			BUTTERCUPGAMES
	Logon ID:		936901629743
	Logon Type:		3
	Logon Process:  	Kerberos
	Authentication Package: Kerberos
	Workstation Name:	buttercup_gvoronoff
	Logon GUID:		{4dc541a3-d7b1-8ff8-265d-52f9ef4fdf56}
	Caller User Name:	gvoronoff
	Caller BUTTERCUPGAMES
	Caller Logon ID:	-
	Caller Process ID:	-
	Transited Services:	-
	Source Network Address: 10.1.10.163
	Source Port:	7580
Nov 13 2019 15:46:12 
LogName=Security
SourceName=Security
EventCode=540
EventType=8
Type=Failed Audit
ComputerName=BG01-gvoronoff
User=gvoronoff
Sid=S-1-5-21-57989841-920026266-725345543-6444
SidType=1
Category=2
CategoryString=Logon/Logoff
RecordNumber=9765
Message=Failed Network Logon:
	User Name:		gvoronoff
	Domain:			BUTTERCUPGAMES
	Logon ID:		936901629743
	Logon Type:		3
	Logon Process:  	Kerberos
	Authentication Package: Kerberos
	Workstation Name:	buttercup_gvoronoff
	Logon GUID:		{4dc541a3-d7b1-8ff8-265d-52f9ef4fdf56}
	Caller User Name:	gvoronoff
	Caller BUTTERCUPGAMES
	Caller Logon ID:	-
	Caller Process ID:	-
	Transited Services:	-
	Source Network Address: 10.1.10.163
	Source Port:	11005
Nov 13 2019 15:46:12 
LogName=Security
SourceName=Security
EventCode=540
EventType=8
Type=Success Audit
ComputerName=BG01-gvoronoff
User=gvoronoff
Sid=S-1-5-21-57989841-920026266-725345543-6444
SidType=1
Category=2
CategoryString=Logon/Logoff
RecordNumber=9787
Message=Successful Network Logon:
	User Name:		gvoronoff
	Domain:			BUTTERCUPGAMES
	Logon ID:		936901629743
	Logon Type:		3
	Logon Process:  	Kerberos
	Authentication Package: Kerberos
	Workstation Name:	buttercup_gvoronoff
	Logon GUID:		{4dc541a3-d7b1-8ff8-265d-52f9ef4fdf56}
	Caller User Name:	gvoronoff
	Caller BUTTERCUPGAMES
	Caller Logon ID:	-
	Caller Process ID:	-
	Transited Services:	-
	Source Network Address: 10.1.10.163
	Source Port:	5575
Nov 13 2019 16:16:48 
LogName=Security
SourceName=Security
EventCode=540
EventType=8
Type=Success Audit
ComputerName=BG03-nsharpe
User=nsharpe
Sid=S-1-5-21-57989841-920026266-725345543-6444
SidType=1
Category=2
CategoryString=Logon/Logoff
RecordNumber=9571
Message=Successful Network Logon:
	User Name:		nsharpe
	Domain:			BUTTERCUPGAMES
	Logon ID:		425932411002
	Logon Type:		3
	Logon Process:  	Kerberos
	Authentication Package: Kerberos
	Workstation Name:	buttercup_nsharpe
	Logon GUID:		{4dc541a3-d7b1-8ff8-265d-52f9ef4fdf56}
	Caller User Name:	nsharpe
	Caller BUTTERCUPGAMES
	Caller Logon ID:	-
	Caller Process ID:	-
	Transited Services:	-
	Source Network Address: 10.2.10.163
	Source Port:	5280
Nov 13 2019 16:29:19 
LogName=Security
SourceName=Security
EventCode=540
EventType=8
Type=Success Audit
ComputerName=BG02-djohnson
User=djohnson
Sid=S-1-5-21-57989841-920026266-725345543-6444
SidType=1
Category=2
CategoryString=Logon/Logoff
RecordNumber=9335
Message=Successful Network Logon:
	User Name:		djohnson
	Domain:			BUTTERCUPGAMES
	Logon ID:		227128834140
	Logon Type:		3
	Logon Process:  	Kerberos
	Authentication Package: Kerberos
	Workstation Name:	buttercup_djohnson
	Logon GUID:		{4dc541a3-d7b1-8ff8-265d-52f9ef4fdf56}
	Caller User Name:	djohnson
	Caller BUTTERCUPGAMES
	Caller Logon ID:	-
	Caller Process ID:	-
	Transited Services:	-
	Source Network Address: 10.3.10.180
	Source Port:	10288
Nov 13 2019 16:23:48 
LogName=Security
SourceName=Security
EventCode=540
EventType=8
Type=Success Audit
ComputerName=BG01-adombrowski
User=adombrowski
Sid=S-1-5-21-57989841-920026266-725345543-6444
SidType=1
Category=2
CategoryString=Logon/Logoff
RecordNumber=9855
Message=Successful Network Logon:
	User Name:		adombrowski
	Domain:			BUTTERCUPGAMES
	Logon ID:		542830538161
	Logon Type:		3
	Logon Process:  	Kerberos
	Authentication Package: Kerberos
	Workstation Name:	buttercup_adombrowski
	Logon GUID:		{4dc541a3-d7b1-8ff8-265d-52f9ef4fdf56}
	Caller User Name:	adombrowski
	Caller BUTTERCUPGAMES
	Caller Logon ID:	-
	Caller Process ID:	-
	Transited Services:	-
	Source Network Address: 10.1.10.129
	Source Port:	4042
Nov 13 2019 16:31:27 
LogName=Security
SourceName=Security
EventCode=540
EventType=8
Type=Success Audit
ComputerName=BG01-iking
User=iking
Sid=S-1-5-21-57989841-920026266-725345543-6444
SidType=1
Category=2
CategoryString=Logon/Logoff
RecordNumber=9152
Message=Successful Network Logon:
	User Name:		iking
	Domain:			BUTTERCUPGAMES
	Logon ID:		994499284304
	Logon Type:		3
	Logon Process:  	Kerberos
	Authentication Package: Kerberos
	Workstation Name:	buttercup_iking
	Logon GUID:		{4dc541a3-d7b1-8ff8-265d-52f9ef4fdf56}
	Caller User Name:	iking
	Caller BUTTERCUPGAMES
	Caller Logon ID:	-
	Caller Process ID:	-
	Transited Services:	-
	Source Network Address: 10.1.10.201
	Source Port:	5570
Nov 13 2019 16:39:25 
LogName=Security
SourceName=Security
EventCode=540
EventType=8
Type=Success Audit
ComputerName=BG01-cfarrell
User=cfarrell
Sid=S-1-5-21-57989841-920026266-725345543-6444
SidType=1
Category=2
CategoryString=Logon/Logoff
RecordNumber=9564
Message=Successful Network Logon:
	User Name:		cfarrell
	Domain:			BUTTERCUPGAMES
	Logon ID:		768166372290
	Logon Type:		3
	Logon Process:  	Kerberos
	Authentication Package: Kerberos
	Workstation Name:	buttercup_cfarrell
	Logon GUID:		{4dc541a3-d7b1-8ff8-265d-52f9ef4fdf56}
	Caller User Name:	cfarrell
	Caller BUTTERCUPGAMES
	Caller Logon ID:	-
	Caller Process ID:	-
	Transited Services:	-
	Source Network Address: 10.1.10.107
	Source Port:	4326
Nov 13 2019 16:42:12 
LogName=Security
SourceName=Security
EventCode=540
EventType=8
Type=Success Audit
ComputerName=BG01-ptoscani
User=ptoscani
Sid=S-1-5-21-57989841-920026266-725345543-6444
SidType=1
Category=2
CategoryString=Logon/Logoff
RecordNumber=9572
Message=Successful Network Logon:
	User Name:		ptoscani
	Domain:			BUTTERCUPGAMES
	Logon ID:		153218951159
	Logon Type:		3
	Logon Process:  	Kerberos
	Authentication Package: Kerberos
	Workstation Name:	buttercup_ptoscani
	Logon GUID:		{4dc541a3-d7b1-8ff8-265d-52f9ef4fdf56}
	Caller User Name:	ptoscani
	Caller BUTTERCUPGAMES
	Caller Logon ID:	-
	Caller Process ID:	-
	Transited Services:	-
	Source Network Address: 10.1.10.38
	Source Port:	10728
Nov 13 2019 16:39:06 
LogName=Security
SourceName=Security
EventCode=540
EventType=8
Type=Failed Audit
ComputerName=BG01-gvoronoff
User=gvoronoff
Sid=S-1-5-21-57989841-920026266-725345543-6444
SidType=1
Category=2
CategoryString=Logon/Logoff
RecordNumber=9108
Message=Failed Network Logon:
	User Name:		gvoronoff
	Domain:			BUTTERCUPGAMES
	Logon ID:		936901629743
	Logon Type:		3
	Logon Process:  	Kerberos
	Authentication Package: Kerberos
	Workstation Name:	buttercup_gvoronoff
	Logon GUID:		{4dc541a3-d7b1-8ff8-265d-52f9ef4fdf56}
	Caller User Name:	gvoronoff
	Caller BUTTERCUPGAMES
	Caller Logon ID:	-
	Caller Process ID:	-
	Transited Services:	-
	Source Network Address: 10.1.10.163
	Source Port:	8843
Nov 13 2019 16:39:06 
LogName=Security
SourceName=Security
EventCode=540
EventType=8
Type=Success Audit
ComputerName=BG01-gvoronoff
User=gvoronoff
Sid=S-1-5-21-57989841-920026266-725345543-6444
SidType=1
Category=2
CategoryString=Logon/Logoff
RecordNumber=9248
Message=Successful Network Logon:
	User Name:		gvoronoff
	Domain:			BUTTERCUPGAMES
	Logon ID:		936901629743
	Logon Type:		3
	Logon Process:  	Kerberos
	Authentication Package: Kerberos
	Workstation Name:	buttercup_gvoronoff
	Logon GUID:		{4dc541a3-d7b1-8ff8-265d-52f9ef4fdf56}
	Caller User Name:	gvoronoff
	Caller BUTTERCUPGAMES
	Caller Logon ID:	-
	Caller Process ID:	-
	Transited Services:	-
	Source Network Address: 10.1.10.163
	Source Port:	7928
Nov 13 2019 16:52:18 
LogName=Security
SourceName=Security
EventCode=540
EventType=8
Type=Success Audit
ComputerName=BG03-fbryan
User=fbryan
Sid=S-1-5-21-57989841-920026266-725345543-6444
SidType=1
Category=2
CategoryString=Logon/Logoff
RecordNumber=9869
Message=Successful Network Logon:
	User Name:		fbryan
	Domain:			BUTTERCUPGAMES
	Logon ID:		862417886973
	Logon Type:		3
	Logon Process:  	Kerberos
	Authentication Package: Kerberos
	Workstation Name:	buttercup_fbryan
	Logon GUID:		{4dc541a3-d7b1-8ff8-265d-52f9ef4fdf56}
	Caller User Name:	fbryan
	Caller BUTTERCUPGAMES
	Caller Logon ID:	-
	Caller Process ID:	-
	Transited Services:	-
	Source Network Address: 10.2.10.166
	Source Port:	11760
Nov 13 2019 16:58:11 
LogName=Security
SourceName=Security
EventCode=540
EventType=8
Type=Success Audit
ComputerName=BG01-acurry
User=acurry
Sid=S-1-5-21-57989841-920026266-725345543-6444
SidType=1
Category=2
CategoryString=Logon/Logoff
RecordNumber=9564
Message=Successful Network Logon:
	User Name:		acurry
	Domain:			BUTTERCUPGAMES
	Logon ID:		417852300683
	Logon Type:		3
	Logon Process:  	Kerberos
	Authentication Package: Kerberos
	Workstation Name:	buttercup_acurry
	Logon GUID:		{4dc541a3-d7b1-8ff8-265d-52f9ef4fdf56}
	Caller User Name:	acurry
	Caller BUTTERCUPGAMES
	Caller Logon ID:	-
	Caller Process ID:	-
	Transited Services:	-
	Source Network Address: 10.1.10.252
	Source Port:	9179
Nov 13 2019 17:10:05 
LogName=Security
SourceName=Security
EventCode=540
EventType=8
Type=Success Audit
ComputerName=BG01-gvoronoff
User=gvoronoff
Sid=S-1-5-21-57989841-920026266-725345543-6444
SidType=1
Category=2
CategoryString=Logon/Logoff
RecordNumber=9665
Message=Successful Network Logon:
	User Name:		gvoronoff
	Domain:			BUTTERCUPGAMES
	Logon ID:		936901629743
	Logon Type:		3
	Logon Process:  	Kerberos
	Authentication Package: Kerberos
	Workstation Name:	buttercup_gvoronoff
	Logon GUID:		{4dc541a3-d7b1-8ff8-265d-52f9ef4fdf56}
	Caller User Name:	gvoronoff
	Caller BUTTERCUPGAMES
	Caller Logon ID:	-
	Caller Process ID:	-
	Transited Services:	-
	Source Network Address: 10.1.10.163
	Source Port:	7591
Nov 13 2019 17:09:34 
LogName=Security
SourceName=Security
EventCode=540
EventType=8
Type=Success Audit
ComputerName=BG02-djohnson
User=djohnson
Sid=S-1-5-21-57989841-920026266-725345543-6444
SidType=1
Category=2
CategoryString=Logon/Logoff
RecordNumber=9008
Message=Successful Network Logon:
	User Name:		djohnson
	Domain:			BUTTERCUPGAMES
	Logon ID:		227128834140
	Logon Type:		3
	Logon Process:  	Kerberos
	Authentication Package: Kerberos
	Workstation Name:	buttercup_djohnson
	Logon GUID:		{4dc541a3-d7b1-8ff8-265d-52f9ef4fdf56}
	Caller User Name:	djohnson
	Caller BUTTERCUPGAMES
	Caller Logon ID:	-
	Caller Process ID:	-
	Transited Services:	-
	Source Network Address: 10.3.10.180
	Source Port:	11657
Nov 13 2019 17:00:38 
LogName=Security
SourceName=Security
EventCode=540
EventType=8
Type=Success Audit
ComputerName=BG01-kpercy
User=kpercy
Sid=S-1-5-21-57989841-920026266-725345543-6444
SidType=1
Category=2
CategoryString=Logon/Logoff
RecordNumber=9659
Message=Successful Network Logon:
	User Name:		kpercy
	Domain:			BUTTERCUPGAMES
	Logon ID:		569361105570
	Logon Type:		3
	Logon Process:  	Kerberos
	Authentication Package: Kerberos
	Workstation Name:	buttercup_kpercy
	Logon GUID:		{4dc541a3-d7b1-8ff8-265d-52f9ef4fdf56}
	Caller User Name:	kpercy
	Caller BUTTERCUPGAMES
	Caller Logon ID:	-
	Caller Process ID:	-
	Transited Services:	-
	Source Network Address: 10.1.10.216
	Source Port:	9660
Nov 13 2019 17:13:24 
LogName=Security
SourceName=Security
EventCode=540
EventType=8
Type=Success Audit
ComputerName=BG01-kpercy
User=kpercy
Sid=S-1-5-21-57989841-920026266-725345543-6444
SidType=1
Category=2
CategoryString=Logon/Logoff
RecordNumber=9867
Message=Successful Network Logon:
	User Name:		kpercy
	Domain:			BUTTERCUPGAMES
	Logon ID:		569361105570
	Logon Type:		3
	Logon Process:  	Kerberos
	Authentication Package: Kerberos
	Workstation Name:	buttercup_kpercy
	Logon GUID:		{4dc541a3-d7b1-8ff8-265d-52f9ef4fdf56}
	Caller User Name:	kpercy
	Caller BUTTERCUPGAMES
	Caller Logon ID:	-
	Caller Process ID:	-
	Transited Services:	-
	Source Network Address: 10.1.10.216
	Source Port:	4574
Nov 13 2019 17:21:31 
LogName=Security
SourceName=Security
EventCode=540
EventType=8
Type=Failed Audit
ComputerName=BG01-cfarrell
User=cfarrell
Sid=S-1-5-21-57989841-920026266-725345543-6444
SidType=1
Category=2
CategoryString=Logon/Logoff
RecordNumber=9078
Message=Failed Network Logon:
	User Name:		cfarrell
	Domain:			BUTTERCUPGAMES
	Logon ID:		768166372290
	Logon Type:		3
	Logon Process:  	Kerberos
	Authentication Package: Kerberos
	Workstation Name:	buttercup_cfarrell
	Logon GUID:		{4dc541a3-d7b1-8ff8-265d-52f9ef4fdf56}
	Caller User Name:	cfarrell
	Caller BUTTERCUPGAMES
	Caller Logon ID:	-
	Caller Process ID:	-
	Transited Services:	-
	Source Network Address: 10.1.10.107
	Source Port:	5316
Nov 13 2019 17:21:31 
LogName=Security
SourceName=Security
EventCode=540
EventType=8
Type=Success Audit
ComputerName=BG01-cfarrell
User=cfarrell
Sid=S-1-5-21-57989841-920026266-725345543-6444
SidType=1
Category=2
CategoryString=Logon/Logoff
RecordNumber=9051
Message=Successful Network Logon:
	User Name:		cfarrell
	Domain:			BUTTERCUPGAMES
	Logon ID:		768166372290
	Logon Type:		3
	Logon Process:  	Kerberos
	Authentication Package: Kerberos
	Workstation Name:	buttercup_cfarrell
	Logon GUID:		{4dc541a3-d7b1-8ff8-265d-52f9ef4fdf56}
	Caller User Name:	cfarrell
	Caller BUTTERCUPGAMES
	Caller Logon ID:	-
	Caller Process ID:	-
	Transited Services:	-
	Source Network Address: 10.1.10.107
	Source Port:	8284
Nov 13 2019 17:21:02 
LogName=Security
SourceName=Security
EventCode=540
EventType=8
Type=Failed Audit
ComputerName=BG03-npearce
User=npearce
Sid=S-1-5-21-57989841-920026266-725345543-6444
SidType=1
Category=2
CategoryString=Logon/Logoff
RecordNumber=9105
Message=Failed Network Logon:
	User Name:		npearce
	Domain:			BUTTERCUPGAMES
	Logon ID:		145297537706
	Logon Type:		3
	Logon Process:  	Kerberos
	Authentication Package: Kerberos
	Workstation Name:	buttercup_npearce
	Logon GUID:		{4dc541a3-d7b1-8ff8-265d-52f9ef4fdf56}
	Caller User Name:	npearce
	Caller BUTTERCUPGAMES
	Caller Logon ID:	-
	Caller Process ID:	-
	Transited Services:	-
	Source Network Address: 10.2.10.70
	Source Port:	10531
Nov 13 2019 17:21:02 
LogName=Security
SourceName=Security
EventCode=540
EventType=8
Type=Success Audit
ComputerName=BG03-npearce
User=npearce
Sid=S-1-5-21-57989841-920026266-725345543-6444
SidType=1
Category=2
CategoryString=Logon/Logoff
RecordNumber=9334
Message=Successful Network Logon:
	User Name:		npearce
	Domain:			BUTTERCUPGAMES
	Logon ID:		145297537706
	Logon Type:		3
	Logon Process:  	Kerberos
	Authentication Package: Kerberos
	Workstation Name:	buttercup_npearce
	Logon GUID:		{4dc541a3-d7b1-8ff8-265d-52f9ef4fdf56}
	Caller User Name:	npearce
	Caller BUTTERCUPGAMES
	Caller Logon ID:	-
	Caller Process ID:	-
	Transited Services:	-
	Source Network Address: 10.2.10.70
	Source Port:	9629
Nov 13 2019 17:21:14 
LogName=Security
SourceName=Security
EventCode=540
EventType=8
Type=Success Audit
ComputerName=BG01-cfarrell
User=cfarrell
Sid=S-1-5-21-57989841-920026266-725345543-6444
SidType=1
Category=2
CategoryString=Logon/Logoff
RecordNumber=9538
Message=Successful Network Logon:
	User Name:		cfarrell
	Domain:			BUTTERCUPGAMES
	Logon ID:		768166372290
	Logon Type:		3
	Logon Process:  	Kerberos
	Authentication Package: Kerberos
	Workstation Name:	buttercup_cfarrell
	Logon GUID:		{4dc541a3-d7b1-8ff8-265d-52f9ef4fdf56}
	Caller User Name:	cfarrell
	Caller BUTTERCUPGAMES
	Caller Logon ID:	-
	Caller Process ID:	-
	Transited Services:	-
	Source Network Address: 10.1.10.107
	Source Port:	10353
Nov 13 2019 17:28:19 
LogName=Security
SourceName=Security
EventCode=540
EventType=8
Type=Success Audit
ComputerName=BG01-ptoscani
User=ptoscani
Sid=S-1-5-21-57989841-920026266-725345543-6444
SidType=1
Category=2
CategoryString=Logon/Logoff
RecordNumber=9052
Message=Successful Network Logon:
	User Name:		ptoscani
	Domain:			BUTTERCUPGAMES
	Logon ID:		153218951159
	Logon Type:		3
	Logon Process:  	Kerberos
	Authentication Package: Kerberos
	Workstation Name:	buttercup_ptoscani
	Logon GUID:		{4dc541a3-d7b1-8ff8-265d-52f9ef4fdf56}
	Caller User Name:	ptoscani
	Caller BUTTERCUPGAMES
	Caller Logon ID:	-
	Caller Process ID:	-
	Transited Services:	-
	Source Network Address: 10.1.10.38
	Source Port:	10850
Nov 13 2019 17:35:23 
LogName=Security
SourceName=Security
EventCode=540
EventType=8
Type=Failed Audit
ComputerName=BG02-gzuyeva
User=gzuyeva
Sid=S-1-5-21-57989841-920026266-725345543-6444
SidType=1
Category=2
CategoryString=Logon/Logoff
RecordNumber=9284
Message=Failed Network Logon:
	User Name:		gzuyeva
	Domain:			BUTTERCUPGAMES
	Logon ID:		371211812887
	Logon Type:		3
	Logon Process:  	Kerberos
	Authentication Package: Kerberos
	Workstation Name:	buttercup_gzuyeva
	Logon GUID:		{4dc541a3-d7b1-8ff8-265d-52f9ef4fdf56}
	Caller User Name:	gzuyeva
	Caller BUTTERCUPGAMES
	Caller Logon ID:	-
	Caller Process ID:	-
	Transited Services:	-
	Source Network Address: 10.3.10.67
	Source Port:	8076
Nov 13 2019 17:35:23 
LogName=Security
SourceName=Security
EventCode=540
EventType=8
Type=Failed Audit
ComputerName=BG02-gzuyeva
User=gzuyeva
Sid=S-1-5-21-57989841-920026266-725345543-6444
SidType=1
Category=2
CategoryString=Logon/Logoff
RecordNumber=9505
Message=Failed Network Logon:
	User Name:		gzuyeva
	Domain:			BUTTERCUPGAMES
	Logon ID:		371211812887
	Logon Type:		3
	Logon Process:  	Kerberos
	Authentication Package: Kerberos
	Workstation Name:	buttercup_gzuyeva
	Logon GUID:		{4dc541a3-d7b1-8ff8-265d-52f9ef4fdf56}
	Caller User Name:	gzuyeva
	Caller BUTTERCUPGAMES
	Caller Logon ID:	-
	Caller Process ID:	-
	Transited Services:	-
	Source Network Address: 10.3.10.67
	Source Port:	4285
Nov 13 2019 17:35:23 
LogName=Security
SourceName=Security
EventCode=540
EventType=8
Type=Failed Audit
ComputerName=BG02-gzuyeva
User=gzuyeva
Sid=S-1-5-21-57989841-920026266-725345543-6444
SidType=1
Category=2
CategoryString=Logon/Logoff
RecordNumber=9414
Message=Failed Network Logon:
	User Name:		gzuyeva
	Domain:			BUTTERCUPGAMES
	Logon ID:		371211812887
	Logon Type:		3
	Logon Process:  	Kerberos
	Authentication Package: Kerberos
	Workstation Name:	buttercup_gzuyeva
	Logon GUID:		{4dc541a3-d7b1-8ff8-265d-52f9ef4fdf56}
	Caller User Name:	gzuyeva
	Caller BUTTERCUPGAMES
	Caller Logon ID:	-
	Caller Process ID:	-
	Transited Services:	-
	Source Network Address: 10.3.10.67
	Source Port:	5551
Nov 13 2019 17:35:23 
LogName=Security
SourceName=Security
EventCode=540
EventType=8
Type=Success Audit
ComputerName=BG02-gzuyeva
User=gzuyeva
Sid=S-1-5-21-57989841-920026266-725345543-6444
SidType=1
Category=2
CategoryString=Logon/Logoff
RecordNumber=9824
Message=Successful Network Logon:
	User Name:		gzuyeva
	Domain:			BUTTERCUPGAMES
	Logon ID:		371211812887
	Logon Type:		3
	Logon Process:  	Kerberos
	Authentication Package: Kerberos
	Workstation Name:	buttercup_gzuyeva
	Logon GUID:		{4dc541a3-d7b1-8ff8-265d-52f9ef4fdf56}
	Caller User Name:	gzuyeva
	Caller BUTTERCUPGAMES
	Caller Logon ID:	-
	Caller Process ID:	-
	Transited Services:	-
	Source Network Address: 10.3.10.67
	Source Port:	7183
Nov 13 2019 17:29:19 
LogName=Security
SourceName=Security
EventCode=540
EventType=8
Type=Success Audit
ComputerName=BG01-adombrowski
User=adombrowski
Sid=S-1-5-21-57989841-920026266-725345543-6444
SidType=1
Category=2
CategoryString=Logon/Logoff
RecordNumber=9453
Message=Successful Network Logon:
	User Name:		adombrowski
	Domain:			BUTTERCUPGAMES
	Logon ID:		542830538161
	Logon Type:		3
	Logon Process:  	Kerberos
	Authentication Package: Kerberos
	Workstation Name:	buttercup_adombrowski
	Logon GUID:		{4dc541a3-d7b1-8ff8-265d-52f9ef4fdf56}
	Caller User Name:	adombrowski
	Caller BUTTERCUPGAMES
	Caller Logon ID:	-
	Caller Process ID:	-
	Transited Services:	-
	Source Network Address: 10.1.10.129
	Source Port:	4110
Nov 13 2019 17:27:10 
LogName=Security
SourceName=Security
EventCode=540
EventType=8
Type=Success Audit
ComputerName=BG01-iking
User=iking
Sid=S-1-5-21-57989841-920026266-725345543-6444
SidType=1
Category=2
CategoryString=Logon/Logoff
RecordNumber=9929
Message=Successful Network Logon:
	User Name:		iking
	Domain:			BUTTERCUPGAMES
	Logon ID:		994499284304
	Logon Type:		3
	Logon Process:  	Kerberos
	Authentication Package: Kerberos
	Workstation Name:	buttercup_iking
	Logon GUID:		{4dc541a3-d7b1-8ff8-265d-52f9ef4fdf56}
	Caller User Name:	iking
	Caller BUTTERCUPGAMES
	Caller Logon ID:	-
	Caller Process ID:	-
	Transited Services:	-
	Source Network Address: 10.1.10.201
	Source Port:	6791
Nov 13 2019 17:33:08 
LogName=Security
SourceName=Security
EventCode=540
EventType=8
Type=Success Audit
ComputerName=BG01-adombrowski
User=adombrowski
Sid=S-1-5-21-57989841-920026266-725345543-6444
SidType=1
Category=2
CategoryString=Logon/Logoff
RecordNumber=9596
Message=Successful Network Logon:
	User Name:		adombrowski
	Domain:			BUTTERCUPGAMES
	Logon ID:		542830538161
	Logon Type:		3
	Logon Process:  	Kerberos
	Authentication Package: Kerberos
	Workstation Name:	buttercup_adombrowski
	Logon GUID:		{4dc541a3-d7b1-8ff8-265d-52f9ef4fdf56}
	Caller User Name:	adombrowski
	Caller BUTTERCUPGAMES
	Caller Logon ID:	-
	Caller Process ID:	-
	Transited Services:	-
	Source Network Address: 10.1.10.129
	Source Port:	9142
Nov 13 2019 17:30:11 
LogName=Security
SourceName=Security
EventCode=540
EventType=8
Type=Success Audit
ComputerName=BG01-acurry
User=acurry
Sid=S-1-5-21-57989841-920026266-725345543-6444
SidType=1
Category=2
CategoryString=Logon/Logoff
RecordNumber=9806
Message=Successful Network Logon:
	User Name:		acurry
	Domain:			BUTTERCUPGAMES
	Logon ID:		417852300683
	Logon Type:		3
	Logon Process:  	Kerberos
	Authentication Package: Kerberos
	Workstation Name:	buttercup_acurry
	Logon GUID:		{4dc541a3-d7b1-8ff8-265d-52f9ef4fdf56}
	Caller User Name:	acurry
	Caller BUTTERCUPGAMES
	Caller Logon ID:	-
	Caller Process ID:	-
	Transited Services:	-
	Source Network Address: 10.1.10.252
	Source Port:	7797
Nov 13 2019 17:49:00 
LogName=Security
SourceName=Security
EventCode=540
EventType=8
Type=Failed Audit
ComputerName=BG01-blu
User=blu
Sid=S-1-5-21-57989841-920026266-725345543-6444
SidType=1
Category=2
CategoryString=Logon/Logoff
RecordNumber=9375
Message=Failed Network Logon:
	User Name:		blu
	Domain:			BUTTERCUPGAMES
	Logon ID:		520156890727
	Logon Type:		3
	Logon Process:  	Kerberos
	Authentication Package: Kerberos
	Workstation Name:	buttercup_blu
	Logon GUID:		{4dc541a3-d7b1-8ff8-265d-52f9ef4fdf56}
	Caller User Name:	blu
	Caller BUTTERCUPGAMES
	Caller Logon ID:	-
	Caller Process ID:	-
	Transited Services:	-
	Source Network Address: 10.1.10.100
	Source Port:	7058
Nov 13 2019 17:49:00 
LogName=Security
SourceName=Security
EventCode=540
EventType=8
Type=Success Audit
ComputerName=BG01-blu
User=blu
Sid=S-1-5-21-57989841-920026266-725345543-6444
SidType=1
Category=2
CategoryString=Logon/Logoff
RecordNumber=9394
Message=Successful Network Logon:
	User Name:		blu
	Domain:			BUTTERCUPGAMES
	Logon ID:		520156890727
	Logon Type:		3
	Logon Process:  	Kerberos
	Authentication Package: Kerberos
	Workstation Name:	buttercup_blu
	Logon GUID:		{4dc541a3-d7b1-8ff8-265d-52f9ef4fdf56}
	Caller User Name:	blu
	Caller BUTTERCUPGAMES
	Caller Logon ID:	-
	Caller Process ID:	-
	Transited Services:	-
	Source Network Address: 10.1.10.100
	Source Port:	10040
Nov 13 2019 17:40:27 
LogName=Security
SourceName=Security
EventCode=540
EventType=8
Type=Failed Audit
ComputerName=A.W.E.S.O.M.-O
User=emaxwell
Sid=S-1-5-21-57989841-920026266-725345543-6444
SidType=1
Category=2
CategoryString=Logon/Logoff
RecordNumber=9761
Message=Failed Network Logon:
	User Name:		emaxwell
	Domain:			BUTTERCUPGAMES
	Logon ID:		374765319282
	Logon Type:		3
	Logon Process:  	Kerberos
	Authentication Package: Kerberos
	Workstation Name:	buttercup_emaxwell
	Logon GUID:		{4dc541a3-d7b1-8ff8-265d-52f9ef4fdf56}
	Caller User Name:	emaxwell
	Caller BUTTERCUPGAMES
	Caller Logon ID:	-
	Caller Process ID:	-
	Transited Services:	-
	Source Network Address: 10.3.10.46
	Source Port:	10074
Nov 13 2019 17:40:27 
LogName=Security
SourceName=Security
EventCode=540
EventType=8
Type=Success Audit
ComputerName=A.W.E.S.O.M.-O
User=emaxwell
Sid=S-1-5-21-57989841-920026266-725345543-6444
SidType=1
Category=2
CategoryString=Logon/Logoff
RecordNumber=9548
Message=Successful Network Logon:
	User Name:		emaxwell
	Domain:			BUTTERCUPGAMES
	Logon ID:		374765319282
	Logon Type:		3
	Logon Process:  	Kerberos
	Authentication Package: Kerberos
	Workstation Name:	buttercup_emaxwell
	Logon GUID:		{4dc541a3-d7b1-8ff8-265d-52f9ef4fdf56}
	Caller User Name:	emaxwell
	Caller BUTTERCUPGAMES
	Caller Logon ID:	-
	Caller Process ID:	-
	Transited Services:	-
	Source Network Address: 10.3.10.46
	Source Port:	6395
Nov 13 2019 17:41:04 
LogName=Security
SourceName=Security
EventCode=540
EventType=8
Type=Success Audit
ComputerName=BG03-npearce
User=npearce
Sid=S-1-5-21-57989841-920026266-725345543-6444
SidType=1
Category=2
CategoryString=Logon/Logoff
RecordNumber=9948
Message=Successful Network Logon:
	User Name:		npearce
	Domain:			BUTTERCUPGAMES
	Logon ID:		145297537706
	Logon Type:		3
	Logon Process:  	Kerberos
	Authentication Package: Kerberos
	Workstation Name:	buttercup_npearce
	Logon GUID:		{4dc541a3-d7b1-8ff8-265d-52f9ef4fdf56}
	Caller User Name:	npearce
	Caller BUTTERCUPGAMES
	Caller Logon ID:	-
	Caller Process ID:	-
	Transited Services:	-
	Source Network Address: 10.2.10.70
	Source Port:	9816
Nov 13 2019 17:57:55 
LogName=Security
SourceName=Security
EventCode=540
EventType=8
Type=Failed Audit
ComputerName=A.W.E.S.O.M.-O
User=emaxwell
Sid=S-1-5-21-57989841-920026266-725345543-6444
SidType=1
Category=2
CategoryString=Logon/Logoff
RecordNumber=9504
Message=Failed Network Logon:
	User Name:		emaxwell
	Domain:			BUTTERCUPGAMES
	Logon ID:		374765319282
	Logon Type:		3
	Logon Process:  	Kerberos
	Authentication Package: Kerberos
	Workstation Name:	buttercup_emaxwell
	Logon GUID:		{4dc541a3-d7b1-8ff8-265d-52f9ef4fdf56}
	Caller User Name:	emaxwell
	Caller BUTTERCUPGAMES
	Caller Logon ID:	-
	Caller Process ID:	-
	Transited Services:	-
	Source Network Address: 10.3.10.46
	Source Port:	4916
Nov 13 2019 17:57:55 
LogName=Security
SourceName=Security
EventCode=540
EventType=8
Type=Success Audit
ComputerName=A.W.E.S.O.M.-O
User=emaxwell
Sid=S-1-5-21-57989841-920026266-725345543-6444
SidType=1
Category=2
CategoryString=Logon/Logoff
RecordNumber=9419
Message=Successful Network Logon:
	User Name:		emaxwell
	Domain:			BUTTERCUPGAMES
	Logon ID:		374765319282
	Logon Type:		3
	Logon Process:  	Kerberos
	Authentication Package: Kerberos
	Workstation Name:	buttercup_emaxwell
	Logon GUID:		{4dc541a3-d7b1-8ff8-265d-52f9ef4fdf56}
	Caller User Name:	emaxwell
	Caller BUTTERCUPGAMES
	Caller Logon ID:	-
	Caller Process ID:	-
	Transited Services:	-
	Source Network Address: 10.3.10.46
	Source Port:	7481
Nov 13 2019 17:56:13 
LogName=Security
SourceName=Security
EventCode=540
EventType=8
Type=Failed Audit
ComputerName=BG01-lteng
User=lteng
Sid=S-1-5-21-57989841-920026266-725345543-6444
SidType=1
Category=2
CategoryString=Logon/Logoff
RecordNumber=9599
Message=Failed Network Logon:
	User Name:		lteng
	Domain:			BUTTERCUPGAMES
	Logon ID:		727896988001
	Logon Type:		3
	Logon Process:  	Kerberos
	Authentication Package: Kerberos
	Workstation Name:	buttercup_lteng
	Logon GUID:		{4dc541a3-d7b1-8ff8-265d-52f9ef4fdf56}
	Caller User Name:	lteng
	Caller BUTTERCUPGAMES
	Caller Logon ID:	-
	Caller Process ID:	-
	Transited Services:	-
	Source Network Address: 10.1.10.15
	Source Port:	11094
Nov 13 2019 17:56:13 
LogName=Security
SourceName=Security
EventCode=540
EventType=8
Type=Failed Audit
ComputerName=BG01-lteng
User=lteng
Sid=S-1-5-21-57989841-920026266-725345543-6444
SidType=1
Category=2
CategoryString=Logon/Logoff
RecordNumber=9770
Message=Failed Network Logon:
	User Name:		lteng
	Domain:			BUTTERCUPGAMES
	Logon ID:		727896988001
	Logon Type:		3
	Logon Process:  	Kerberos
	Authentication Package: Kerberos
	Workstation Name:	buttercup_lteng
	Logon GUID:		{4dc541a3-d7b1-8ff8-265d-52f9ef4fdf56}
	Caller User Name:	lteng
	Caller BUTTERCUPGAMES
	Caller Logon ID:	-
	Caller Process ID:	-
	Transited Services:	-
	Source Network Address: 10.1.10.15
	Source Port:	11705
Nov 13 2019 17:56:13 
LogName=Security
SourceName=Security
EventCode=540
EventType=8
Type=Success Audit
ComputerName=BG01-lteng
User=lteng
Sid=S-1-5-21-57989841-920026266-725345543-6444
SidType=1
Category=2
CategoryString=Logon/Logoff
RecordNumber=9733
Message=Successful Network Logon:
	User Name:		lteng
	Domain:			BUTTERCUPGAMES
	Logon ID:		727896988001
	Logon Type:		3
	Logon Process:  	Kerberos
	Authentication Package: Kerberos
	Workstation Name:	buttercup_lteng
	Logon GUID:		{4dc541a3-d7b1-8ff8-265d-52f9ef4fdf56}
	Caller User Name:	lteng
	Caller BUTTERCUPGAMES
	Caller Logon ID:	-
	Caller Process ID:	-
	Transited Services:	-
	Source Network Address: 10.1.10.15
	Source Port:	6363
Nov 13 2019 18:09:12 
LogName=Security
SourceName=Security
EventCode=540
EventType=8
Type=Failed Audit
ComputerName=BG02-gzuyeva
User=gzuyeva
Sid=S-1-5-21-57989841-920026266-725345543-6444
SidType=1
Category=2
CategoryString=Logon/Logoff
RecordNumber=9911
Message=Failed Network Logon:
	User Name:		gzuyeva
	Domain:			BUTTERCUPGAMES
	Logon ID:		371211812887
	Logon Type:		3
	Logon Process:  	Kerberos
	Authentication Package: Kerberos
	Workstation Name:	buttercup_gzuyeva
	Logon GUID:		{4dc541a3-d7b1-8ff8-265d-52f9ef4fdf56}
	Caller User Name:	gzuyeva
	Caller BUTTERCUPGAMES
	Caller Logon ID:	-
	Caller Process ID:	-
	Transited Services:	-
	Source Network Address: 10.3.10.67
	Source Port:	11205
Nov 13 2019 18:09:12 
LogName=Security
SourceName=Security
EventCode=540
EventType=8
Type=Success Audit
ComputerName=BG02-gzuyeva
User=gzuyeva
Sid=S-1-5-21-57989841-920026266-725345543-6444
SidType=1
Category=2
CategoryString=Logon/Logoff
RecordNumber=9425
Message=Successful Network Logon:
	User Name:		gzuyeva
	Domain:			BUTTERCUPGAMES
	Logon ID:		371211812887
	Logon Type:		3
	Logon Process:  	Kerberos
	Authentication Package: Kerberos
	Workstation Name:	buttercup_gzuyeva
	Logon GUID:		{4dc541a3-d7b1-8ff8-265d-52f9ef4fdf56}
	Caller User Name:	gzuyeva
	Caller BUTTERCUPGAMES
	Caller Logon ID:	-
	Caller Process ID:	-
	Transited Services:	-
	Source Network Address: 10.3.10.67
	Source Port:	11693
Nov 13 2019 18:08:47 
LogName=Security
SourceName=Security
EventCode=540
EventType=8
Type=Success Audit
ComputerName=BG03-nsharpe
User=nsharpe
Sid=S-1-5-21-57989841-920026266-725345543-6444
SidType=1
Category=2
CategoryString=Logon/Logoff
RecordNumber=9500
Message=Successful Network Logon:
	User Name:		nsharpe
	Domain:			BUTTERCUPGAMES
	Logon ID:		425932411002
	Logon Type:		3
	Logon Process:  	Kerberos
	Authentication Package: Kerberos
	Workstation Name:	buttercup_nsharpe
	Logon GUID:		{4dc541a3-d7b1-8ff8-265d-52f9ef4fdf56}
	Caller User Name:	nsharpe
	Caller BUTTERCUPGAMES
	Caller Logon ID:	-
	Caller Process ID:	-
	Transited Services:	-
	Source Network Address: 10.2.10.163
	Source Port:	4216
Nov 13 2019 18:19:14 
LogName=Security
SourceName=Security
EventCode=540
EventType=8
Type=Success Audit
ComputerName=BG01-blu
User=blu
Sid=S-1-5-21-57989841-920026266-725345543-6444
SidType=1
Category=2
CategoryString=Logon/Logoff
RecordNumber=9411
Message=Successful Network Logon:
	User Name:		blu
	Domain:			BUTTERCUPGAMES
	Logon ID:		520156890727
	Logon Type:		3
	Logon Process:  	Kerberos
	Authentication Package: Kerberos
	Workstation Name:	buttercup_blu
	Logon GUID:		{4dc541a3-d7b1-8ff8-265d-52f9ef4fdf56}
	Caller User Name:	blu
	Caller BUTTERCUPGAMES
	Caller Logon ID:	-
	Caller Process ID:	-
	Transited Services:	-
	Source Network Address: 10.1.10.100
	Source Port:	9860
Nov 13 2019 18:35:25 
LogName=Security
SourceName=Security
EventCode=540
EventType=8
Type=Failed Audit
ComputerName=BG01-ptoscani
User=ptoscani
Sid=S-1-5-21-57989841-920026266-725345543-6444
SidType=1
Category=2
CategoryString=Logon/Logoff
RecordNumber=9670
Message=Failed Network Logon:
	User Name:		ptoscani
	Domain:			BUTTERCUPGAMES
	Logon ID:		153218951159
	Logon Type:		3
	Logon Process:  	Kerberos
	Authentication Package: Kerberos
	Workstation Name:	buttercup_ptoscani
	Logon GUID:		{4dc541a3-d7b1-8ff8-265d-52f9ef4fdf56}
	Caller User Name:	ptoscani
	Caller BUTTERCUPGAMES
	Caller Logon ID:	-
	Caller Process ID:	-
	Transited Services:	-
	Source Network Address: 10.1.10.38
	Source Port:	5725
Nov 13 2019 18:35:25 
LogName=Security
SourceName=Security
EventCode=540
EventType=8
Type=Success Audit
ComputerName=BG01-ptoscani
User=ptoscani
Sid=S-1-5-21-57989841-920026266-725345543-6444
SidType=1
Category=2
CategoryString=Logon/Logoff
RecordNumber=9277
Message=Successful Network Logon:
	User Name:		ptoscani
	Domain:			BUTTERCUPGAMES
	Logon ID:		153218951159
	Logon Type:		3
	Logon Process:  	Kerberos
	Authentication Package: Kerberos
	Workstation Name:	buttercup_ptoscani
	Logon GUID:		{4dc541a3-d7b1-8ff8-265d-52f9ef4fdf56}
	Caller User Name:	ptoscani
	Caller BUTTERCUPGAMES
	Caller Logon ID:	-
	Caller Process ID:	-
	Transited Services:	-
	Source Network Address: 10.1.10.38
	Source Port:	7278
Nov 13 2019 18:48:43 
LogName=Security
SourceName=Security
EventCode=540
EventType=8
Type=Success Audit
ComputerName=A.W.E.S.O.M.-O
User=emaxwell
Sid=S-1-5-21-57989841-920026266-725345543-6444
SidType=1
Category=2
CategoryString=Logon/Logoff
RecordNumber=9667
Message=Successful Network Logon:
	User Name:		emaxwell
	Domain:			BUTTERCUPGAMES
	Logon ID:		374765319282
	Logon Type:		3
	Logon Process:  	Kerberos
	Authentication Package: Kerberos
	Workstation Name:	buttercup_emaxwell
	Logon GUID:		{4dc541a3-d7b1-8ff8-265d-52f9ef4fdf56}
	Caller User Name:	emaxwell
	Caller BUTTERCUPGAMES
	Caller Logon ID:	-
	Caller Process ID:	-
	Transited Services:	-
	Source Network Address: 10.3.10.46
	Source Port:	9146
Nov 13 2019 18:47:28 
LogName=Security
SourceName=Security
EventCode=540
EventType=8
Type=Success Audit
ComputerName=BG01-kpercy
User=kpercy
Sid=S-1-5-21-57989841-920026266-725345543-6444
SidType=1
Category=2
CategoryString=Logon/Logoff
RecordNumber=9768
Message=Successful Network Logon:
	User Name:		kpercy
	Domain:			BUTTERCUPGAMES
	Logon ID:		569361105570
	Logon Type:		3
	Logon Process:  	Kerberos
	Authentication Package: Kerberos
	Workstation Name:	buttercup_kpercy
	Logon GUID:		{4dc541a3-d7b1-8ff8-265d-52f9ef4fdf56}
	Caller User Name:	kpercy
	Caller BUTTERCUPGAMES
	Caller Logon ID:	-
	Caller Process ID:	-
	Transited Services:	-
	Source Network Address: 10.1.10.216
	Source Port:	5384
Nov 13 2019 19:00:02 
LogName=Security
SourceName=Security
EventCode=540
EventType=8
Type=Success Audit
ComputerName=BG02-pbunch
User=pbunch
Sid=S-1-5-21-57989841-920026266-725345543-6444
SidType=1
Category=2
CategoryString=Logon/Logoff
RecordNumber=9926
Message=Successful Network Logon:
	User Name:		pbunch
	Domain:			BUTTERCUPGAMES
	Logon ID:		398009643042
	Logon Type:		3
	Logon Process:  	Kerberos
	Authentication Package: Kerberos
	Workstation Name:	buttercup_pbunch
	Logon GUID:		{4dc541a3-d7b1-8ff8-265d-52f9ef4fdf56}
	Caller User Name:	pbunch
	Caller BUTTERCUPGAMES
	Caller Logon ID:	-
	Caller Process ID:	-
	Transited Services:	-
	Source Network Address: 10.3.10.227
	Source Port:	10479
Nov 13 2019 19:11:14 
LogName=Security
SourceName=Security
EventCode=540
EventType=8
Type=Success Audit
ComputerName=BG01-kpercy
User=kpercy
Sid=S-1-5-21-57989841-920026266-725345543-6444
SidType=1
Category=2
CategoryString=Logon/Logoff
RecordNumber=9006
Message=Successful Network Logon:
	User Name:		kpercy
	Domain:			BUTTERCUPGAMES
	Logon ID:		569361105570
	Logon Type:		3
	Logon Process:  	Kerberos
	Authentication Package: Kerberos
	Workstation Name:	buttercup_kpercy
	Logon GUID:		{4dc541a3-d7b1-8ff8-265d-52f9ef4fdf56}
	Caller User Name:	kpercy
	Caller BUTTERCUPGAMES
	Caller Logon ID:	-
	Caller Process ID:	-
	Transited Services:	-
	Source Network Address: 10.1.10.216
	Source Port:	7582
Nov 13 2019 19:17:00 
LogName=Security
SourceName=Security
EventCode=540
EventType=8
Type=Success Audit
ComputerName=BG01-blu
User=blu
Sid=S-1-5-21-57989841-920026266-725345543-6444
SidType=1
Category=2
CategoryString=Logon/Logoff
RecordNumber=9945
Message=Successful Network Logon:
	User Name:		blu
	Domain:			BUTTERCUPGAMES
	Logon ID:		520156890727
	Logon Type:		3
	Logon Process:  	Kerberos
	Authentication Package: Kerberos
	Workstation Name:	buttercup_blu
	Logon GUID:		{4dc541a3-d7b1-8ff8-265d-52f9ef4fdf56}
	Caller User Name:	blu
	Caller BUTTERCUPGAMES
	Caller Logon ID:	-
	Caller Process ID:	-
	Transited Services:	-
	Source Network Address: 10.1.10.100
	Source Port:	5585
Nov 13 2019 19:28:58 
LogName=Security
SourceName=Security
EventCode=540
EventType=8
Type=Success Audit
ComputerName=BG01-myuan
User=myuan
Sid=S-1-5-21-57989841-920026266-725345543-6444
SidType=1
Category=2
CategoryString=Logon/Logoff
RecordNumber=9458
Message=Successful Network Logon:
	User Name:		myuan
	Domain:			BUTTERCUPGAMES
	Logon ID:		230876363319
	Logon Type:		3
	Logon Process:  	Kerberos
	Authentication Package: Kerberos
	Workstation Name:	buttercup_myuan
	Logon GUID:		{4dc541a3-d7b1-8ff8-265d-52f9ef4fdf56}
	Caller User Name:	myuan
	Caller BUTTERCUPGAMES
	Caller Logon ID:	-
	Caller Process ID:	-
	Transited Services:	-
	Source Network Address: 10.1.10.172
	Source Port:	11981
Nov 13 2019 19:31:10 
LogName=Security
SourceName=Security
EventCode=540
EventType=8
Type=Success Audit
ComputerName=BG01-pcallahan
User=pcallahan
Sid=S-1-5-21-57989841-920026266-725345543-6444
SidType=1
Category=2
CategoryString=Logon/Logoff
RecordNumber=9460
Message=Successful Network Logon:
	User Name:		pcallahan
	Domain:			BUTTERCUPGAMES
	Logon ID:		271108583080
	Logon Type:		3
	Logon Process:  	Kerberos
	Authentication Package: Kerberos
	Workstation Name:	buttercup_pcallahan
	Logon GUID:		{4dc541a3-d7b1-8ff8-265d-52f9ef4fdf56}
	Caller User Name:	pcallahan
	Caller BUTTERCUPGAMES
	Caller Logon ID:	-
	Caller Process ID:	-
	Transited Services:	-
	Source Network Address: 10.1.10.98
	Source Port:	11125
Nov 13 2019 19:32:00 
LogName=Security
SourceName=Security
EventCode=540
EventType=8
Type=Failed Audit
ComputerName=BG01-lteng
User=lteng
Sid=S-1-5-21-57989841-920026266-725345543-6444
SidType=1
Category=2
CategoryString=Logon/Logoff
RecordNumber=9827
Message=Failed Network Logon:
	User Name:		lteng
	Domain:			BUTTERCUPGAMES
	Logon ID:		727896988001
	Logon Type:		3
	Logon Process:  	Kerberos
	Authentication Package: Kerberos
	Workstation Name:	buttercup_lteng
	Logon GUID:		{4dc541a3-d7b1-8ff8-265d-52f9ef4fdf56}
	Caller User Name:	lteng
	Caller BUTTERCUPGAMES
	Caller Logon ID:	-
	Caller Process ID:	-
	Transited Services:	-
	Source Network Address: 10.1.10.15
	Source Port:	5931
Nov 13 2019 19:32:00 
LogName=Security
SourceName=Security
EventCode=540
EventType=8
Type=Failed Audit
ComputerName=BG01-lteng
User=lteng
Sid=S-1-5-21-57989841-920026266-725345543-6444
SidType=1
Category=2
CategoryString=Logon/Logoff
RecordNumber=9586
Message=Failed Network Logon:
	User Name:		lteng
	Domain:			BUTTERCUPGAMES
	Logon ID:		727896988001
	Logon Type:		3
	Logon Process:  	Kerberos
	Authentication Package: Kerberos
	Workstation Name:	buttercup_lteng
	Logon GUID:		{4dc541a3-d7b1-8ff8-265d-52f9ef4fdf56}
	Caller User Name:	lteng
	Caller BUTTERCUPGAMES
	Caller Logon ID:	-
	Caller Process ID:	-
	Transited Services:	-
	Source Network Address: 10.1.10.15
	Source Port:	8251
Nov 13 2019 19:32:00 
