Oct 30 2019 19:23:31 
LogName=Security
SourceName=Security
EventCode=540
EventType=8
Type=Failed Audit
ComputerName=BG01-myuan
User=myuan
Sid=S-1-5-21-57989841-920026266-725345543-6444
SidType=1
Category=2
CategoryString=Logon/Logoff
RecordNumber=9151
Message=Failed Network Logon:
	User Name:		myuan
	Domain:			BUTTERCUPGAMES
	Logon ID:		230876363319
	Logon Type:		3
	Logon Process:  	Kerberos
	Authentication Package: Kerberos
	Workstation Name:	buttercup_myuan
	Logon GUID:		{4dc541a3-d7b1-8ff8-265d-52f9ef4fdf56}
	Caller User Name:	myuan
	Caller BUTTERCUPGAMES
	Caller Logon ID:	-
	Caller Process ID:	-
	Transited Services:	-
	Source Network Address: 10.1.10.172
	Source Port:	9481
Oct 30 2019 19:23:31 
LogName=Security
SourceName=Security
EventCode=540
EventType=8
Type=Success Audit
ComputerName=BG01-myuan
User=myuan
Sid=S-1-5-21-57989841-920026266-725345543-6444
SidType=1
Category=2
CategoryString=Logon/Logoff
RecordNumber=9963
Message=Successful Network Logon:
	User Name:		myuan
	Domain:			BUTTERCUPGAMES
	Logon ID:		230876363319
	Logon Type:		3
	Logon Process:  	Kerberos
	Authentication Package: Kerberos
	Workstation Name:	buttercup_myuan
	Logon GUID:		{4dc541a3-d7b1-8ff8-265d-52f9ef4fdf56}
	Caller User Name:	myuan
	Caller BUTTERCUPGAMES
	Caller Logon ID:	-
	Caller Process ID:	-
	Transited Services:	-
	Source Network Address: 10.1.10.172
	Source Port:	5400
Oct 30 2019 19:32:22 
LogName=Security
SourceName=Security
EventCode=540
EventType=8
Type=Success Audit
ComputerName=BG02-lsagers
User=lsagers
Sid=S-1-5-21-57989841-920026266-725345543-6444
SidType=1
Category=2
CategoryString=Logon/Logoff
RecordNumber=9641
Message=Successful Network Logon:
	User Name:		lsagers
	Domain:			BUTTERCUPGAMES
	Logon ID:		249772079712
	Logon Type:		3
	Logon Process:  	Kerberos
	Authentication Package: Kerberos
	Workstation Name:	buttercup_lsagers
	Logon GUID:		{4dc541a3-d7b1-8ff8-265d-52f9ef4fdf56}
	Caller User Name:	lsagers
	Caller BUTTERCUPGAMES
	Caller Logon ID:	-
	Caller Process ID:	-
	Transited Services:	-
	Source Network Address: 10.3.10.21
	Source Port:	11780
Oct 30 2019 19:35:14 
LogName=Security
SourceName=Security
EventCode=540
EventType=8
Type=Success Audit
ComputerName=BG01-pcallahan
User=pcallahan
Sid=S-1-5-21-57989841-920026266-725345543-6444
SidType=1
Category=2
CategoryString=Logon/Logoff
RecordNumber=9926
Message=Successful Network Logon:
	User Name:		pcallahan
	Domain:			BUTTERCUPGAMES
	Logon ID:		271108583080
	Logon Type:		3
	Logon Process:  	Kerberos
	Authentication Package: Kerberos
	Workstation Name:	buttercup_pcallahan
	Logon GUID:		{4dc541a3-d7b1-8ff8-265d-52f9ef4fdf56}
	Caller User Name:	pcallahan
	Caller BUTTERCUPGAMES
	Caller Logon ID:	-
	Caller Process ID:	-
	Transited Services:	-
	Source Network Address: 10.1.10.98
	Source Port:	7218
Oct 30 2019 20:05:38 
LogName=Security
SourceName=Security
EventCode=540
EventType=8
Type=Failed Audit
ComputerName=BG01-pcallahan
User=pcallahan
Sid=S-1-5-21-57989841-920026266-725345543-6444
SidType=1
Category=2
CategoryString=Logon/Logoff
RecordNumber=9402
Message=Failed Network Logon:
	User Name:		pcallahan
	Domain:			BUTTERCUPGAMES
	Logon ID:		271108583080
	Logon Type:		3
	Logon Process:  	Kerberos
	Authentication Package: Kerberos
	Workstation Name:	buttercup_pcallahan
	Logon GUID:		{4dc541a3-d7b1-8ff8-265d-52f9ef4fdf56}
	Caller User Name:	pcallahan
	Caller BUTTERCUPGAMES
	Caller Logon ID:	-
	Caller Process ID:	-
	Transited Services:	-
	Source Network Address: 10.1.10.98
	Source Port:	11921
Oct 30 2019 20:05:38 
LogName=Security
SourceName=Security
EventCode=540
EventType=8
Type=Failed Audit
ComputerName=BG01-pcallahan
User=pcallahan
Sid=S-1-5-21-57989841-920026266-725345543-6444
SidType=1
Category=2
CategoryString=Logon/Logoff
RecordNumber=9622
Message=Failed Network Logon:
	User Name:		pcallahan
	Domain:			BUTTERCUPGAMES
	Logon ID:		271108583080
	Logon Type:		3
	Logon Process:  	Kerberos
	Authentication Package: Kerberos
	Workstation Name:	buttercup_pcallahan
	Logon GUID:		{4dc541a3-d7b1-8ff8-265d-52f9ef4fdf56}
	Caller User Name:	pcallahan
	Caller BUTTERCUPGAMES
	Caller Logon ID:	-
	Caller Process ID:	-
	Transited Services:	-
	Source Network Address: 10.1.10.98
	Source Port:	8784
Oct 30 2019 20:05:38 
LogName=Security
SourceName=Security
EventCode=540
EventType=8
Type=Failed Audit
ComputerName=BG01-pcallahan
User=pcallahan
Sid=S-1-5-21-57989841-920026266-725345543-6444
SidType=1
Category=2
CategoryString=Logon/Logoff
RecordNumber=9258
Message=Failed Network Logon:
	User Name:		pcallahan
	Domain:			BUTTERCUPGAMES
	Logon ID:		271108583080
	Logon Type:		3
	Logon Process:  	Kerberos
	Authentication Package: Kerberos
	Workstation Name:	buttercup_pcallahan
	Logon GUID:		{4dc541a3-d7b1-8ff8-265d-52f9ef4fdf56}
	Caller User Name:	pcallahan
	Caller BUTTERCUPGAMES
	Caller Logon ID:	-
	Caller Process ID:	-
	Transited Services:	-
	Source Network Address: 10.1.10.98
	Source Port:	8620
Oct 30 2019 20:05:38 
LogName=Security
SourceName=Security
EventCode=540
EventType=8
Type=Success Audit
ComputerName=BG01-pcallahan
User=pcallahan
Sid=S-1-5-21-57989841-920026266-725345543-6444
SidType=1
Category=2
CategoryString=Logon/Logoff
RecordNumber=9088
Message=Successful Network Logon:
	User Name:		pcallahan
	Domain:			BUTTERCUPGAMES
	Logon ID:		271108583080
	Logon Type:		3
	Logon Process:  	Kerberos
	Authentication Package: Kerberos
	Workstation Name:	buttercup_pcallahan
	Logon GUID:		{4dc541a3-d7b1-8ff8-265d-52f9ef4fdf56}
	Caller User Name:	pcallahan
	Caller BUTTERCUPGAMES
	Caller Logon ID:	-
	Caller Process ID:	-
	Transited Services:	-
	Source Network Address: 10.1.10.98
	Source Port:	4296
Oct 30 2019 20:41:47 
LogName=Security
SourceName=Security
EventCode=540
EventType=8
Type=Success Audit
ComputerName=BG01-myuan
User=myuan
Sid=S-1-5-21-57989841-920026266-725345543-6444
SidType=1
Category=2
CategoryString=Logon/Logoff
RecordNumber=9986
Message=Successful Network Logon:
	User Name:		myuan
	Domain:			BUTTERCUPGAMES
	Logon ID:		230876363319
	Logon Type:		3
	Logon Process:  	Kerberos
	Authentication Package: Kerberos
	Workstation Name:	buttercup_myuan
	Logon GUID:		{4dc541a3-d7b1-8ff8-265d-52f9ef4fdf56}
	Caller User Name:	myuan
	Caller BUTTERCUPGAMES
	Caller Logon ID:	-
	Caller Process ID:	-
	Transited Services:	-
	Source Network Address: 10.1.10.172
	Source Port:	4167
Oct 30 2019 20:54:16 
LogName=Security
SourceName=Security
EventCode=540
EventType=8
Type=Failed Audit
ComputerName=BG01-cfarrell
User=cfarrell
Sid=S-1-5-21-57989841-920026266-725345543-6444
SidType=1
Category=2
CategoryString=Logon/Logoff
RecordNumber=9920
Message=Failed Network Logon:
	User Name:		cfarrell
	Domain:			BUTTERCUPGAMES
	Logon ID:		768166372290
	Logon Type:		3
	Logon Process:  	Kerberos
	Authentication Package: Kerberos
	Workstation Name:	buttercup_cfarrell
	Logon GUID:		{4dc541a3-d7b1-8ff8-265d-52f9ef4fdf56}
	Caller User Name:	cfarrell
	Caller BUTTERCUPGAMES
	Caller Logon ID:	-
	Caller Process ID:	-
	Transited Services:	-
	Source Network Address: 10.1.10.107
	Source Port:	9332
Oct 30 2019 20:54:16 
LogName=Security
SourceName=Security
EventCode=540
EventType=8
Type=Success Audit
ComputerName=BG01-cfarrell
User=cfarrell
Sid=S-1-5-21-57989841-920026266-725345543-6444
SidType=1
Category=2
CategoryString=Logon/Logoff
RecordNumber=9049
Message=Successful Network Logon:
	User Name:		cfarrell
	Domain:			BUTTERCUPGAMES
	Logon ID:		768166372290
	Logon Type:		3
	Logon Process:  	Kerberos
	Authentication Package: Kerberos
	Workstation Name:	buttercup_cfarrell
	Logon GUID:		{4dc541a3-d7b1-8ff8-265d-52f9ef4fdf56}
	Caller User Name:	cfarrell
	Caller BUTTERCUPGAMES
	Caller Logon ID:	-
	Caller Process ID:	-
	Transited Services:	-
	Source Network Address: 10.1.10.107
	Source Port:	9968
Oct 30 2019 21:12:58 
LogName=Security
SourceName=Security
EventCode=540
EventType=8
Type=Success Audit
ComputerName=BG02-lsagers
User=lsagers
Sid=S-1-5-21-57989841-920026266-725345543-6444
SidType=1
Category=2
CategoryString=Logon/Logoff
RecordNumber=9536
Message=Successful Network Logon:
	User Name:		lsagers
	Domain:			BUTTERCUPGAMES
	Logon ID:		249772079712
	Logon Type:		3
	Logon Process:  	Kerberos
	Authentication Package: Kerberos
	Workstation Name:	buttercup_lsagers
	Logon GUID:		{4dc541a3-d7b1-8ff8-265d-52f9ef4fdf56}
	Caller User Name:	lsagers
	Caller BUTTERCUPGAMES
	Caller Logon ID:	-
	Caller Process ID:	-
	Transited Services:	-
	Source Network Address: 10.3.10.21
	Source Port:	10061
Oct 30 2019 21:45:02 
LogName=Security
SourceName=Security
EventCode=540
EventType=8
Type=Success Audit
ComputerName=BG01-myuan
User=myuan
Sid=S-1-5-21-57989841-920026266-725345543-6444
SidType=1
Category=2
CategoryString=Logon/Logoff
RecordNumber=9777
Message=Successful Network Logon:
	User Name:		myuan
	Domain:			BUTTERCUPGAMES
	Logon ID:		230876363319
	Logon Type:		3
	Logon Process:  	Kerberos
	Authentication Package: Kerberos
	Workstation Name:	buttercup_myuan
	Logon GUID:		{4dc541a3-d7b1-8ff8-265d-52f9ef4fdf56}
	Caller User Name:	myuan
	Caller BUTTERCUPGAMES
	Caller Logon ID:	-
	Caller Process ID:	-
	Transited Services:	-
	Source Network Address: 10.1.10.172
	Source Port:	9966
Oct 30 2019 22:20:49 
LogName=Security
SourceName=Security
EventCode=540
EventType=8
Type=Failed Audit
ComputerName=BG01-myuan
User=myuan
Sid=S-1-5-21-57989841-920026266-725345543-6444
SidType=1
Category=2
CategoryString=Logon/Logoff
RecordNumber=9189
Message=Failed Network Logon:
	User Name:		myuan
	Domain:			BUTTERCUPGAMES
	Logon ID:		230876363319
	Logon Type:		3
	Logon Process:  	Kerberos
	Authentication Package: Kerberos
	Workstation Name:	buttercup_myuan
	Logon GUID:		{4dc541a3-d7b1-8ff8-265d-52f9ef4fdf56}
	Caller User Name:	myuan
	Caller BUTTERCUPGAMES
	Caller Logon ID:	-
	Caller Process ID:	-
	Transited Services:	-
	Source Network Address: 10.1.10.172
	Source Port:	4849
Oct 30 2019 22:20:49 
LogName=Security
SourceName=Security
EventCode=540
EventType=8
Type=Failed Audit
ComputerName=BG01-myuan
User=myuan
Sid=S-1-5-21-57989841-920026266-725345543-6444
SidType=1
Category=2
CategoryString=Logon/Logoff
RecordNumber=9627
Message=Failed Network Logon:
	User Name:		myuan
	Domain:			BUTTERCUPGAMES
	Logon ID:		230876363319
	Logon Type:		3
	Logon Process:  	Kerberos
	Authentication Package: Kerberos
	Workstation Name:	buttercup_myuan
	Logon GUID:		{4dc541a3-d7b1-8ff8-265d-52f9ef4fdf56}
	Caller User Name:	myuan
	Caller BUTTERCUPGAMES
	Caller Logon ID:	-
	Caller Process ID:	-
	Transited Services:	-
	Source Network Address: 10.1.10.172
	Source Port:	6120
Oct 30 2019 22:20:49 
LogName=Security
SourceName=Security
EventCode=540
EventType=8
Type=Failed Audit
ComputerName=BG01-myuan
User=myuan
Sid=S-1-5-21-57989841-920026266-725345543-6444
SidType=1
Category=2
CategoryString=Logon/Logoff
RecordNumber=9993
Message=Failed Network Logon:
	User Name:		myuan
	Domain:			BUTTERCUPGAMES
	Logon ID:		230876363319
	Logon Type:		3
	Logon Process:  	Kerberos
	Authentication Package: Kerberos
	Workstation Name:	buttercup_myuan
	Logon GUID:		{4dc541a3-d7b1-8ff8-265d-52f9ef4fdf56}
	Caller User Name:	myuan
	Caller BUTTERCUPGAMES
	Caller Logon ID:	-
	Caller Process ID:	-
	Transited Services:	-
	Source Network Address: 10.1.10.172
	Source Port:	8186
Oct 30 2019 22:20:49 
LogName=Security
SourceName=Security
EventCode=540
EventType=8
Type=Success Audit
ComputerName=BG01-myuan
User=myuan
Sid=S-1-5-21-57989841-920026266-725345543-6444
SidType=1
Category=2
CategoryString=Logon/Logoff
RecordNumber=9881
Message=Successful Network Logon:
	User Name:		myuan
	Domain:			BUTTERCUPGAMES
	Logon ID:		230876363319
	Logon Type:		3
	Logon Process:  	Kerberos
	Authentication Package: Kerberos
	Workstation Name:	buttercup_myuan
	Logon GUID:		{4dc541a3-d7b1-8ff8-265d-52f9ef4fdf56}
	Caller User Name:	myuan
	Caller BUTTERCUPGAMES
	Caller Logon ID:	-
	Caller Process ID:	-
	Transited Services:	-
	Source Network Address: 10.1.10.172
	Source Port:	6612
Oct 30 2019 22:35:04 
LogName=Security
SourceName=Security
EventCode=540
EventType=8
Type=Success Audit
ComputerName=BG01-gvoronoff
User=gvoronoff
Sid=S-1-5-21-57989841-920026266-725345543-6444
SidType=1
Category=2
CategoryString=Logon/Logoff
RecordNumber=9141
Message=Successful Network Logon:
	User Name:		gvoronoff
	Domain:			BUTTERCUPGAMES
	Logon ID:		936901629743
	Logon Type:		3
	Logon Process:  	Kerberos
	Authentication Package: Kerberos
	Workstation Name:	buttercup_gvoronoff
	Logon GUID:		{4dc541a3-d7b1-8ff8-265d-52f9ef4fdf56}
	Caller User Name:	gvoronoff
	Caller BUTTERCUPGAMES
	Caller Logon ID:	-
	Caller Process ID:	-
	Transited Services:	-
	Source Network Address: 10.1.10.163
	Source Port:	4687
Oct 31 2019 00:26:46 
LogName=Security
SourceName=Security
EventCode=540
EventType=8
Type=Success Audit
ComputerName=BG01-acurry
User=acurry
Sid=S-1-5-21-57989841-920026266-725345543-6444
SidType=1
Category=2
CategoryString=Logon/Logoff
RecordNumber=9782
Message=Successful Network Logon:
	User Name:		acurry
	Domain:			BUTTERCUPGAMES
	Logon ID:		417852300683
	Logon Type:		3
	Logon Process:  	Kerberos
	Authentication Package: Kerberos
	Workstation Name:	buttercup_acurry
	Logon GUID:		{4dc541a3-d7b1-8ff8-265d-52f9ef4fdf56}
	Caller User Name:	acurry
	Caller BUTTERCUPGAMES
	Caller Logon ID:	-
	Caller Process ID:	-
	Transited Services:	-
	Source Network Address: 10.1.10.252
	Source Port:	6109
Oct 31 2019 00:45:15 
LogName=Security
SourceName=Security
EventCode=540
EventType=8
Type=Success Audit
ComputerName=BG01-blu
User=blu
Sid=S-1-5-21-57989841-920026266-725345543-6444
SidType=1
Category=2
CategoryString=Logon/Logoff
RecordNumber=9120
Message=Successful Network Logon:
	User Name:		blu
	Domain:			BUTTERCUPGAMES
	Logon ID:		520156890727
	Logon Type:		3
	Logon Process:  	Kerberos
	Authentication Package: Kerberos
	Workstation Name:	buttercup_blu
	Logon GUID:		{4dc541a3-d7b1-8ff8-265d-52f9ef4fdf56}
	Caller User Name:	blu
	Caller BUTTERCUPGAMES
	Caller Logon ID:	-
	Caller Process ID:	-
	Transited Services:	-
	Source Network Address: 10.1.10.100
	Source Port:	7847
Oct 31 2019 02:21:22 
LogName=Security
SourceName=Security
EventCode=540
EventType=8
Type=Success Audit
ComputerName=BG01-adombrowski
User=adombrowski
Sid=S-1-5-21-57989841-920026266-725345543-6444
SidType=1
Category=2
CategoryString=Logon/Logoff
RecordNumber=9591
Message=Successful Network Logon:
	User Name:		adombrowski
	Domain:			BUTTERCUPGAMES
	Logon ID:		542830538161
	Logon Type:		3
	Logon Process:  	Kerberos
	Authentication Package: Kerberos
	Workstation Name:	buttercup_adombrowski
	Logon GUID:		{4dc541a3-d7b1-8ff8-265d-52f9ef4fdf56}
	Caller User Name:	adombrowski
	Caller BUTTERCUPGAMES
	Caller Logon ID:	-
	Caller Process ID:	-
	Transited Services:	-
	Source Network Address: 10.1.10.129
	Source Port:	8723
Oct 31 2019 03:09:30 
LogName=Security
SourceName=Security
EventCode=540
EventType=8
Type=Success Audit
ComputerName=BG01-pcallahan
User=pcallahan
Sid=S-1-5-21-57989841-920026266-725345543-6444
SidType=1
Category=2
CategoryString=Logon/Logoff
RecordNumber=9049
Message=Successful Network Logon:
	User Name:		pcallahan
	Domain:			BUTTERCUPGAMES
	Logon ID:		271108583080
	Logon Type:		3
	Logon Process:  	Kerberos
	Authentication Package: Kerberos
	Workstation Name:	buttercup_pcallahan
	Logon GUID:		{4dc541a3-d7b1-8ff8-265d-52f9ef4fdf56}
	Caller User Name:	pcallahan
	Caller BUTTERCUPGAMES
	Caller Logon ID:	-
	Caller Process ID:	-
	Transited Services:	-
	Source Network Address: 10.1.10.98
	Source Port:	8276
Oct 31 2019 03:24:33 
LogName=Security
SourceName=Security
EventCode=540
EventType=8
Type=Success Audit
ComputerName=BG01-iking
User=iking
Sid=S-1-5-21-57989841-920026266-725345543-6444
SidType=1
Category=2
CategoryString=Logon/Logoff
RecordNumber=9996
Message=Successful Network Logon:
	User Name:		iking
	Domain:			BUTTERCUPGAMES
	Logon ID:		994499284304
	Logon Type:		3
	Logon Process:  	Kerberos
	Authentication Package: Kerberos
	Workstation Name:	buttercup_iking
	Logon GUID:		{4dc541a3-d7b1-8ff8-265d-52f9ef4fdf56}
	Caller User Name:	iking
	Caller BUTTERCUPGAMES
	Caller Logon ID:	-
	Caller Process ID:	-
	Transited Services:	-
	Source Network Address: 10.1.10.201
	Source Port:	4631
Oct 31 2019 10:06:01 
LogName=Security
SourceName=Security
EventCode=540
EventType=8
Type=Success Audit
ComputerName=BG03-npearce
User=npearce
Sid=S-1-5-21-57989841-920026266-725345543-6444
SidType=1
Category=2
CategoryString=Logon/Logoff
RecordNumber=9545
Message=Successful Network Logon:
	User Name:		npearce
	Domain:			BUTTERCUPGAMES
	Logon ID:		145297537706
	Logon Type:		3
	Logon Process:  	Kerberos
	Authentication Package: Kerberos
	Workstation Name:	buttercup_npearce
	Logon GUID:		{4dc541a3-d7b1-8ff8-265d-52f9ef4fdf56}
	Caller User Name:	npearce
	Caller BUTTERCUPGAMES
	Caller Logon ID:	-
	Caller Process ID:	-
	Transited Services:	-
	Source Network Address: 10.2.10.70
	Source Port:	4337
Oct 31 2019 10:22:40 
LogName=Security
SourceName=Security
EventCode=540
EventType=8
Type=Failed Audit
ComputerName=BG03-yowen
User=yowen
Sid=S-1-5-21-57989841-920026266-725345543-6444
SidType=1
Category=2
CategoryString=Logon/Logoff
RecordNumber=9610
Message=Failed Network Logon:
	User Name:		yowen
	Domain:			BUTTERCUPGAMES
	Logon ID:		632071692298
	Logon Type:		3
	Logon Process:  	Kerberos
	Authentication Package: Kerberos
	Workstation Name:	buttercup_yowen
	Logon GUID:		{4dc541a3-d7b1-8ff8-265d-52f9ef4fdf56}
	Caller User Name:	yowen
	Caller BUTTERCUPGAMES
	Caller Logon ID:	-
	Caller Process ID:	-
	Transited Services:	-
	Source Network Address: 10.2.10.170
	Source Port:	7466
Oct 31 2019 10:22:40 
LogName=Security
SourceName=Security
EventCode=540
EventType=8
Type=Failed Audit
ComputerName=BG03-yowen
User=yowen
Sid=S-1-5-21-57989841-920026266-725345543-6444
SidType=1
Category=2
CategoryString=Logon/Logoff
RecordNumber=9300
Message=Failed Network Logon:
	User Name:		yowen
	Domain:			BUTTERCUPGAMES
	Logon ID:		632071692298
	Logon Type:		3
	Logon Process:  	Kerberos
	Authentication Package: Kerberos
	Workstation Name:	buttercup_yowen
	Logon GUID:		{4dc541a3-d7b1-8ff8-265d-52f9ef4fdf56}
	Caller User Name:	yowen
	Caller BUTTERCUPGAMES
	Caller Logon ID:	-
	Caller Process ID:	-
	Transited Services:	-
	Source Network Address: 10.2.10.170
	Source Port:	11541
Oct 31 2019 10:22:40 
LogName=Security
SourceName=Security
EventCode=540
EventType=8
Type=Success Audit
ComputerName=BG03-yowen
User=yowen
Sid=S-1-5-21-57989841-920026266-725345543-6444
SidType=1
Category=2
CategoryString=Logon/Logoff
RecordNumber=9608
Message=Successful Network Logon:
	User Name:		yowen
	Domain:			BUTTERCUPGAMES
	Logon ID:		632071692298
	Logon Type:		3
	Logon Process:  	Kerberos
	Authentication Package: Kerberos
	Workstation Name:	buttercup_yowen
	Logon GUID:		{4dc541a3-d7b1-8ff8-265d-52f9ef4fdf56}
	Caller User Name:	yowen
	Caller BUTTERCUPGAMES
	Caller Logon ID:	-
	Caller Process ID:	-
	Transited Services:	-
	Source Network Address: 10.2.10.170
	Source Port:	11845
Oct 31 2019 11:03:50 
LogName=Security
SourceName=Security
EventCode=540
EventType=8
Type=Failed Audit
ComputerName=BG03-yowen
User=yowen
Sid=S-1-5-21-57989841-920026266-725345543-6444
SidType=1
Category=2
CategoryString=Logon/Logoff
RecordNumber=9712
Message=Failed Network Logon:
	User Name:		yowen
	Domain:			BUTTERCUPGAMES
	Logon ID:		632071692298
	Logon Type:		3
	Logon Process:  	Kerberos
	Authentication Package: Kerberos
	Workstation Name:	buttercup_yowen
	Logon GUID:		{4dc541a3-d7b1-8ff8-265d-52f9ef4fdf56}
	Caller User Name:	yowen
	Caller BUTTERCUPGAMES
	Caller Logon ID:	-
	Caller Process ID:	-
	Transited Services:	-
	Source Network Address: 10.2.10.170
	Source Port:	5948
Oct 31 2019 11:03:50 
LogName=Security
SourceName=Security
EventCode=540
EventType=8
Type=Success Audit
ComputerName=BG03-yowen
User=yowen
Sid=S-1-5-21-57989841-920026266-725345543-6444
SidType=1
Category=2
CategoryString=Logon/Logoff
RecordNumber=9586
Message=Successful Network Logon:
	User Name:		yowen
	Domain:			BUTTERCUPGAMES
	Logon ID:		632071692298
	Logon Type:		3
	Logon Process:  	Kerberos
	Authentication Package: Kerberos
	Workstation Name:	buttercup_yowen
	Logon GUID:		{4dc541a3-d7b1-8ff8-265d-52f9ef4fdf56}
	Caller User Name:	yowen
	Caller BUTTERCUPGAMES
	Caller Logon ID:	-
	Caller Process ID:	-
	Transited Services:	-
	Source Network Address: 10.2.10.170
	Source Port:	8766
Oct 31 2019 12:13:57 
LogName=Security
SourceName=Security
EventCode=540
EventType=8
Type=Success Audit
ComputerName=BG03-nsharpe
User=nsharpe
Sid=S-1-5-21-57989841-920026266-725345543-6444
SidType=1
Category=2
CategoryString=Logon/Logoff
RecordNumber=9532
Message=Successful Network Logon:
	User Name:		nsharpe
	Domain:			BUTTERCUPGAMES
	Logon ID:		425932411002
	Logon Type:		3
	Logon Process:  	Kerberos
	Authentication Package: Kerberos
	Workstation Name:	buttercup_nsharpe
	Logon GUID:		{4dc541a3-d7b1-8ff8-265d-52f9ef4fdf56}
	Caller User Name:	nsharpe
	Caller BUTTERCUPGAMES
	Caller Logon ID:	-
	Caller Process ID:	-
	Transited Services:	-
	Source Network Address: 10.2.10.163
	Source Port:	6852
Oct 31 2019 12:11:33 
LogName=Security
SourceName=Security
EventCode=540
EventType=8
Type=Success Audit
ComputerName=A.W.E.S.O.M.-O
User=emaxwell
Sid=S-1-5-21-57989841-920026266-725345543-6444
SidType=1
Category=2
CategoryString=Logon/Logoff
RecordNumber=9499
Message=Successful Network Logon:
	User Name:		emaxwell
	Domain:			BUTTERCUPGAMES
	Logon ID:		374765319282
	Logon Type:		3
	Logon Process:  	Kerberos
	Authentication Package: Kerberos
	Workstation Name:	buttercup_emaxwell
	Logon GUID:		{4dc541a3-d7b1-8ff8-265d-52f9ef4fdf56}
	Caller User Name:	emaxwell
	Caller BUTTERCUPGAMES
	Caller Logon ID:	-
	Caller Process ID:	-
	Transited Services:	-
	Source Network Address: 10.3.10.46
	Source Port:	8407
Oct 31 2019 12:41:43 
LogName=Security
SourceName=Security
EventCode=540
EventType=8
Type=Success Audit
ComputerName=BG03-yowen
User=yowen
Sid=S-1-5-21-57989841-920026266-725345543-6444
SidType=1
Category=2
CategoryString=Logon/Logoff
RecordNumber=9341
Message=Successful Network Logon:
	User Name:		yowen
	Domain:			BUTTERCUPGAMES
	Logon ID:		632071692298
	Logon Type:		3
	Logon Process:  	Kerberos
	Authentication Package: Kerberos
	Workstation Name:	buttercup_yowen
	Logon GUID:		{4dc541a3-d7b1-8ff8-265d-52f9ef4fdf56}
	Caller User Name:	yowen
	Caller BUTTERCUPGAMES
	Caller Logon ID:	-
	Caller Process ID:	-
	Transited Services:	-
	Source Network Address: 10.2.10.170
	Source Port:	5159
Oct 31 2019 12:38:17 
LogName=Security
SourceName=Security
EventCode=540
EventType=8
Type=Success Audit
ComputerName=BG03-npearce
User=npearce
Sid=S-1-5-21-57989841-920026266-725345543-6444
SidType=1
Category=2
CategoryString=Logon/Logoff
RecordNumber=9399
Message=Successful Network Logon:
	User Name:		npearce
	Domain:			BUTTERCUPGAMES
	Logon ID:		145297537706
	Logon Type:		3
	Logon Process:  	Kerberos
	Authentication Package: Kerberos
	Workstation Name:	buttercup_npearce
	Logon GUID:		{4dc541a3-d7b1-8ff8-265d-52f9ef4fdf56}
	Caller User Name:	npearce
	Caller BUTTERCUPGAMES
	Caller Logon ID:	-
	Caller Process ID:	-
	Transited Services:	-
	Source Network Address: 10.2.10.70
	Source Port:	10093
Oct 31 2019 12:57:00 
LogName=Security
SourceName=Security
EventCode=540
EventType=8
Type=Failed Audit
ComputerName=BG03-yowen
User=yowen
Sid=S-1-5-21-57989841-920026266-725345543-6444
SidType=1
Category=2
CategoryString=Logon/Logoff
RecordNumber=9318
Message=Failed Network Logon:
	User Name:		yowen
	Domain:			BUTTERCUPGAMES
	Logon ID:		632071692298
	Logon Type:		3
	Logon Process:  	Kerberos
	Authentication Package: Kerberos
	Workstation Name:	buttercup_yowen
	Logon GUID:		{4dc541a3-d7b1-8ff8-265d-52f9ef4fdf56}
	Caller User Name:	yowen
	Caller BUTTERCUPGAMES
	Caller Logon ID:	-
	Caller Process ID:	-
	Transited Services:	-
	Source Network Address: 10.2.10.170
	Source Port:	11241
Oct 31 2019 12:57:00 
LogName=Security
SourceName=Security
EventCode=540
EventType=8
Type=Success Audit
ComputerName=BG03-yowen
User=yowen
Sid=S-1-5-21-57989841-920026266-725345543-6444
SidType=1
Category=2
CategoryString=Logon/Logoff
RecordNumber=9207
Message=Successful Network Logon:
	User Name:		yowen
	Domain:			BUTTERCUPGAMES
	Logon ID:		632071692298
	Logon Type:		3
	Logon Process:  	Kerberos
	Authentication Package: Kerberos
	Workstation Name:	buttercup_yowen
	Logon GUID:		{4dc541a3-d7b1-8ff8-265d-52f9ef4fdf56}
	Caller User Name:	yowen
	Caller BUTTERCUPGAMES
	Caller Logon ID:	-
	Caller Process ID:	-
	Transited Services:	-
	Source Network Address: 10.2.10.170
	Source Port:	7804
Oct 31 2019 13:04:26 
LogName=Security
SourceName=Security
EventCode=540
EventType=8
Type=Success Audit
ComputerName=BG03-nsharpe
User=nsharpe
Sid=S-1-5-21-57989841-920026266-725345543-6444
SidType=1
Category=2
CategoryString=Logon/Logoff
RecordNumber=9860
Message=Successful Network Logon:
	User Name:		nsharpe
	Domain:			BUTTERCUPGAMES
	Logon ID:		425932411002
	Logon Type:		3
	Logon Process:  	Kerberos
	Authentication Package: Kerberos
	Workstation Name:	buttercup_nsharpe
	Logon GUID:		{4dc541a3-d7b1-8ff8-265d-52f9ef4fdf56}
	Caller User Name:	nsharpe
	Caller BUTTERCUPGAMES
	Caller Logon ID:	-
	Caller Process ID:	-
	Transited Services:	-
	Source Network Address: 10.2.10.163
	Source Port:	6458
Oct 31 2019 13:27:07 
LogName=Security
SourceName=Security
EventCode=540
EventType=8
Type=Success Audit
ComputerName=BG02-gzuyeva
User=gzuyeva
Sid=S-1-5-21-57989841-920026266-725345543-6444
SidType=1
Category=2
CategoryString=Logon/Logoff
RecordNumber=9769
Message=Successful Network Logon:
	User Name:		gzuyeva
	Domain:			BUTTERCUPGAMES
	Logon ID:		371211812887
	Logon Type:		3
	Logon Process:  	Kerberos
	Authentication Package: Kerberos
	Workstation Name:	buttercup_gzuyeva
	Logon GUID:		{4dc541a3-d7b1-8ff8-265d-52f9ef4fdf56}
	Caller User Name:	gzuyeva
	Caller BUTTERCUPGAMES
	Caller Logon ID:	-
	Caller Process ID:	-
	Transited Services:	-
	Source Network Address: 10.3.10.67
	Source Port:	9323
Oct 31 2019 13:37:25 
LogName=Security
SourceName=Security
EventCode=540
EventType=8
Type=Success Audit
ComputerName=BG02-pbunch
User=pbunch
Sid=S-1-5-21-57989841-920026266-725345543-6444
SidType=1
Category=2
CategoryString=Logon/Logoff
RecordNumber=9051
Message=Successful Network Logon:
	User Name:		pbunch
	Domain:			BUTTERCUPGAMES
	Logon ID:		398009643042
	Logon Type:		3
	Logon Process:  	Kerberos
	Authentication Package: Kerberos
	Workstation Name:	buttercup_pbunch
	Logon GUID:		{4dc541a3-d7b1-8ff8-265d-52f9ef4fdf56}
	Caller User Name:	pbunch
	Caller BUTTERCUPGAMES
	Caller Logon ID:	-
	Caller Process ID:	-
	Transited Services:	-
	Source Network Address: 10.3.10.227
	Source Port:	7058
Oct 31 2019 14:13:23 
LogName=Security
SourceName=Security
EventCode=540
EventType=8
Type=Success Audit
ComputerName=BG03-yowen
User=yowen
Sid=S-1-5-21-57989841-920026266-725345543-6444
SidType=1
Category=2
CategoryString=Logon/Logoff
RecordNumber=9194
Message=Successful Network Logon:
	User Name:		yowen
	Domain:			BUTTERCUPGAMES
	Logon ID:		632071692298
	Logon Type:		3
	Logon Process:  	Kerberos
	Authentication Package: Kerberos
	Workstation Name:	buttercup_yowen
	Logon GUID:		{4dc541a3-d7b1-8ff8-265d-52f9ef4fdf56}
	Caller User Name:	yowen
	Caller BUTTERCUPGAMES
	Caller Logon ID:	-
	Caller Process ID:	-
	Transited Services:	-
	Source Network Address: 10.2.10.170
	Source Port:	9131
Oct 31 2019 14:37:34 
LogName=Security
SourceName=Security
EventCode=540
EventType=8
Type=Success Audit
ComputerName=BG01-lteng
User=lteng
Sid=S-1-5-21-57989841-920026266-725345543-6444
SidType=1
Category=2
CategoryString=Logon/Logoff
RecordNumber=9800
Message=Successful Network Logon:
	User Name:		lteng
	Domain:			BUTTERCUPGAMES
	Logon ID:		727896988001
	Logon Type:		3
	Logon Process:  	Kerberos
	Authentication Package: Kerberos
	Workstation Name:	buttercup_lteng
	Logon GUID:		{4dc541a3-d7b1-8ff8-265d-52f9ef4fdf56}
	Caller User Name:	lteng
	Caller BUTTERCUPGAMES
	Caller Logon ID:	-
	Caller Process ID:	-
	Transited Services:	-
	Source Network Address: 10.1.10.15
	Source Port:	11496
Oct 31 2019 14:36:37 
LogName=Security
SourceName=Security
EventCode=540
EventType=8
Type=Failed Audit
ComputerName=BG03-yowen
User=yowen
Sid=S-1-5-21-57989841-920026266-725345543-6444
SidType=1
Category=2
CategoryString=Logon/Logoff
RecordNumber=9628
Message=Failed Network Logon:
	User Name:		yowen
	Domain:			BUTTERCUPGAMES
	Logon ID:		632071692298
	Logon Type:		3
	Logon Process:  	Kerberos
	Authentication Package: Kerberos
	Workstation Name:	buttercup_yowen
	Logon GUID:		{4dc541a3-d7b1-8ff8-265d-52f9ef4fdf56}
	Caller User Name:	yowen
	Caller BUTTERCUPGAMES
	Caller Logon ID:	-
	Caller Process ID:	-
	Transited Services:	-
	Source Network Address: 10.2.10.170
	Source Port:	6034
Oct 31 2019 14:36:37 
LogName=Security
SourceName=Security
EventCode=540
EventType=8
Type=Success Audit
ComputerName=BG03-yowen
User=yowen
Sid=S-1-5-21-57989841-920026266-725345543-6444
SidType=1
Category=2
CategoryString=Logon/Logoff
RecordNumber=9511
Message=Successful Network Logon:
	User Name:		yowen
	Domain:			BUTTERCUPGAMES
	Logon ID:		632071692298
	Logon Type:		3
	Logon Process:  	Kerberos
	Authentication Package: Kerberos
	Workstation Name:	buttercup_yowen
	Logon GUID:		{4dc541a3-d7b1-8ff8-265d-52f9ef4fdf56}
	Caller User Name:	yowen
	Caller BUTTERCUPGAMES
	Caller Logon ID:	-
	Caller Process ID:	-
	Transited Services:	-
	Source Network Address: 10.2.10.170
	Source Port:	8378
Oct 31 2019 14:44:05 
LogName=Security
SourceName=Security
EventCode=540
EventType=8
Type=Failed Audit
ComputerName=BG02-dhale
User=dhale
Sid=S-1-5-21-57989841-920026266-725345543-6444
SidType=1
Category=2
CategoryString=Logon/Logoff
RecordNumber=9221
Message=Failed Network Logon:
	User Name:		dhale
	Domain:			BUTTERCUPGAMES
	Logon ID:		672903009231
	Logon Type:		3
	Logon Process:  	Kerberos
	Authentication Package: Kerberos
	Workstation Name:	buttercup_dhale
	Logon GUID:		{4dc541a3-d7b1-8ff8-265d-52f9ef4fdf56}
	Caller User Name:	dhale
	Caller BUTTERCUPGAMES
	Caller Logon ID:	-
	Caller Process ID:	-
	Transited Services:	-
	Source Network Address: 10.3.10.241
	Source Port:	7550
Oct 31 2019 14:44:05 
LogName=Security
SourceName=Security
EventCode=540
EventType=8
Type=Success Audit
ComputerName=BG02-dhale
User=dhale
Sid=S-1-5-21-57989841-920026266-725345543-6444
SidType=1
Category=2
CategoryString=Logon/Logoff
RecordNumber=9539
Message=Successful Network Logon:
	User Name:		dhale
	Domain:			BUTTERCUPGAMES
	Logon ID:		672903009231
	Logon Type:		3
	Logon Process:  	Kerberos
	Authentication Package: Kerberos
	Workstation Name:	buttercup_dhale
	Logon GUID:		{4dc541a3-d7b1-8ff8-265d-52f9ef4fdf56}
	Caller User Name:	dhale
	Caller BUTTERCUPGAMES
	Caller Logon ID:	-
	Caller Process ID:	-
	Transited Services:	-
	Source Network Address: 10.3.10.241
	Source Port:	9240
Oct 31 2019 14:44:59 
LogName=Security
SourceName=Security
EventCode=540
EventType=8
Type=Success Audit
ComputerName=BG03-nsharpe
User=nsharpe
Sid=S-1-5-21-57989841-920026266-725345543-6444
SidType=1
Category=2
CategoryString=Logon/Logoff
RecordNumber=9597
Message=Successful Network Logon:
	User Name:		nsharpe
	Domain:			BUTTERCUPGAMES
	Logon ID:		425932411002
	Logon Type:		3
	Logon Process:  	Kerberos
	Authentication Package: Kerberos
	Workstation Name:	buttercup_nsharpe
	Logon GUID:		{4dc541a3-d7b1-8ff8-265d-52f9ef4fdf56}
	Caller User Name:	nsharpe
	Caller BUTTERCUPGAMES
	Caller Logon ID:	-
	Caller Process ID:	-
	Transited Services:	-
	Source Network Address: 10.2.10.163
	Source Port:	7145
Oct 31 2019 15:01:41 
LogName=Security
SourceName=Security
EventCode=540
EventType=8
Type=Success Audit
ComputerName=A.W.E.S.O.M.-O
User=emaxwell
Sid=S-1-5-21-57989841-920026266-725345543-6444
SidType=1
Category=2
CategoryString=Logon/Logoff
RecordNumber=9044
Message=Successful Network Logon:
	User Name:		emaxwell
	Domain:			BUTTERCUPGAMES
	Logon ID:		374765319282
	Logon Type:		3
	Logon Process:  	Kerberos
	Authentication Package: Kerberos
	Workstation Name:	buttercup_emaxwell
	Logon GUID:		{4dc541a3-d7b1-8ff8-265d-52f9ef4fdf56}
	Caller User Name:	emaxwell
	Caller BUTTERCUPGAMES
	Caller Logon ID:	-
	Caller Process ID:	-
	Transited Services:	-
	Source Network Address: 10.3.10.46
	Source Port:	11169
Oct 31 2019 15:07:50 
LogName=Security
SourceName=Security
EventCode=540
EventType=8
Type=Failed Audit
ComputerName=BG01-gvoronoff
User=gvoronoff
Sid=S-1-5-21-57989841-920026266-725345543-6444
SidType=1
Category=2
CategoryString=Logon/Logoff
RecordNumber=9316
Message=Failed Network Logon:
	User Name:		gvoronoff
	Domain:			BUTTERCUPGAMES
	Logon ID:		936901629743
	Logon Type:		3
	Logon Process:  	Kerberos
	Authentication Package: Kerberos
	Workstation Name:	buttercup_gvoronoff
	Logon GUID:		{4dc541a3-d7b1-8ff8-265d-52f9ef4fdf56}
	Caller User Name:	gvoronoff
	Caller BUTTERCUPGAMES
	Caller Logon ID:	-
	Caller Process ID:	-
	Transited Services:	-
	Source Network Address: 10.1.10.163
	Source Port:	6575
Oct 31 2019 15:07:50 
LogName=Security
SourceName=Security
EventCode=540
EventType=8
Type=Success Audit
ComputerName=BG01-gvoronoff
User=gvoronoff
Sid=S-1-5-21-57989841-920026266-725345543-6444
SidType=1
Category=2
CategoryString=Logon/Logoff
RecordNumber=9972
Message=Successful Network Logon:
	User Name:		gvoronoff
	Domain:			BUTTERCUPGAMES
	Logon ID:		936901629743
	Logon Type:		3
	Logon Process:  	Kerberos
	Authentication Package: Kerberos
	Workstation Name:	buttercup_gvoronoff
	Logon GUID:		{4dc541a3-d7b1-8ff8-265d-52f9ef4fdf56}
	Caller User Name:	gvoronoff
	Caller BUTTERCUPGAMES
	Caller Logon ID:	-
	Caller Process ID:	-
	Transited Services:	-
	Source Network Address: 10.1.10.163
	Source Port:	10876
Oct 31 2019 15:20:17 
LogName=Security
SourceName=Security
EventCode=540
EventType=8
Type=Failed Audit
ComputerName=BG02-lsagers
User=lsagers
Sid=S-1-5-21-57989841-920026266-725345543-6444
SidType=1
Category=2
CategoryString=Logon/Logoff
RecordNumber=9592
Message=Failed Network Logon:
	User Name:		lsagers
	Domain:			BUTTERCUPGAMES
	Logon ID:		249772079712
	Logon Type:		3
	Logon Process:  	Kerberos
	Authentication Package: Kerberos
	Workstation Name:	buttercup_lsagers
	Logon GUID:		{4dc541a3-d7b1-8ff8-265d-52f9ef4fdf56}
	Caller User Name:	lsagers
	Caller BUTTERCUPGAMES
	Caller Logon ID:	-
	Caller Process ID:	-
	Transited Services:	-
	Source Network Address: 10.3.10.21
	Source Port:	8940
Oct 31 2019 15:20:17 
LogName=Security
SourceName=Security
EventCode=540
EventType=8
Type=Failed Audit
ComputerName=BG02-lsagers
User=lsagers
Sid=S-1-5-21-57989841-920026266-725345543-6444
SidType=1
Category=2
CategoryString=Logon/Logoff
RecordNumber=9230
Message=Failed Network Logon:
	User Name:		lsagers
	Domain:			BUTTERCUPGAMES
	Logon ID:		249772079712
	Logon Type:		3
	Logon Process:  	Kerberos
	Authentication Package: Kerberos
	Workstation Name:	buttercup_lsagers
	Logon GUID:		{4dc541a3-d7b1-8ff8-265d-52f9ef4fdf56}
	Caller User Name:	lsagers
	Caller BUTTERCUPGAMES
	Caller Logon ID:	-
	Caller Process ID:	-
	Transited Services:	-
	Source Network Address: 10.3.10.21
	Source Port:	11377
Oct 31 2019 15:20:17 
LogName=Security
SourceName=Security
EventCode=540
EventType=8
Type=Success Audit
ComputerName=BG02-lsagers
User=lsagers
Sid=S-1-5-21-57989841-920026266-725345543-6444
SidType=1
Category=2
CategoryString=Logon/Logoff
RecordNumber=9782
Message=Successful Network Logon:
	User Name:		lsagers
	Domain:			BUTTERCUPGAMES
	Logon ID:		249772079712
	Logon Type:		3
	Logon Process:  	Kerberos
	Authentication Package: Kerberos
	Workstation Name:	buttercup_lsagers
	Logon GUID:		{4dc541a3-d7b1-8ff8-265d-52f9ef4fdf56}
	Caller User Name:	lsagers
	Caller BUTTERCUPGAMES
	Caller Logon ID:	-
	Caller Process ID:	-
	Transited Services:	-
	Source Network Address: 10.3.10.21
	Source Port:	9196
Oct 31 2019 15:18:46 
LogName=Security
SourceName=Security
EventCode=540
EventType=8
Type=Success Audit
ComputerName=BG03-bhussain
User=bhussain
Sid=S-1-5-21-57989841-920026266-725345543-6444
SidType=1
Category=2
CategoryString=Logon/Logoff
RecordNumber=9862
Message=Successful Network Logon:
	User Name:		bhussain
	Domain:			BUTTERCUPGAMES
	Logon ID:		890313901800
	Logon Type:		3
	Logon Process:  	Kerberos
	Authentication Package: Kerberos
	Workstation Name:	buttercup_bhussain
	Logon GUID:		{4dc541a3-d7b1-8ff8-265d-52f9ef4fdf56}
	Caller User Name:	bhussain
	Caller BUTTERCUPGAMES
	Caller Logon ID:	-
	Caller Process ID:	-
	Transited Services:	-
	Source Network Address: 10.2.10.22
	Source Port:	10867
Oct 31 2019 16:13:13 
LogName=Security
SourceName=Security
EventCode=540
EventType=8
Type=Failed Audit
ComputerName=A.W.E.S.O.M.-O
User=emaxwell
Sid=S-1-5-21-57989841-920026266-725345543-6444
SidType=1
Category=2
CategoryString=Logon/Logoff
RecordNumber=9363
Message=Failed Network Logon:
	User Name:		emaxwell
	Domain:			BUTTERCUPGAMES
	Logon ID:		374765319282
	Logon Type:		3
	Logon Process:  	Kerberos
	Authentication Package: Kerberos
	Workstation Name:	buttercup_emaxwell
	Logon GUID:		{4dc541a3-d7b1-8ff8-265d-52f9ef4fdf56}
	Caller User Name:	emaxwell
	Caller BUTTERCUPGAMES
	Caller Logon ID:	-
	Caller Process ID:	-
	Transited Services:	-
	Source Network Address: 10.3.10.46
	Source Port:	9097
Oct 31 2019 16:13:13 
LogName=Security
SourceName=Security
EventCode=540
EventType=8
Type=Failed Audit
ComputerName=A.W.E.S.O.M.-O
User=emaxwell
Sid=S-1-5-21-57989841-920026266-725345543-6444
SidType=1
Category=2
CategoryString=Logon/Logoff
RecordNumber=9762
Message=Failed Network Logon:
	User Name:		emaxwell
	Domain:			BUTTERCUPGAMES
	Logon ID:		374765319282
	Logon Type:		3
	Logon Process:  	Kerberos
	Authentication Package: Kerberos
	Workstation Name:	buttercup_emaxwell
	Logon GUID:		{4dc541a3-d7b1-8ff8-265d-52f9ef4fdf56}
	Caller User Name:	emaxwell
	Caller BUTTERCUPGAMES
	Caller Logon ID:	-
	Caller Process ID:	-
	Transited Services:	-
	Source Network Address: 10.3.10.46
	Source Port:	7941
Oct 31 2019 16:13:13 
LogName=Security
SourceName=Security
EventCode=540
EventType=8
Type=Success Audit
ComputerName=A.W.E.S.O.M.-O
User=emaxwell
Sid=S-1-5-21-57989841-920026266-725345543-6444
SidType=1
Category=2
CategoryString=Logon/Logoff
RecordNumber=9224
Message=Successful Network Logon:
	User Name:		emaxwell
	Domain:			BUTTERCUPGAMES
	Logon ID:		374765319282
	Logon Type:		3
	Logon Process:  	Kerberos
	Authentication Package: Kerberos
	Workstation Name:	buttercup_emaxwell
	Logon GUID:		{4dc541a3-d7b1-8ff8-265d-52f9ef4fdf56}
	Caller User Name:	emaxwell
	Caller BUTTERCUPGAMES
	Caller Logon ID:	-
	Caller Process ID:	-
	Transited Services:	-
	Source Network Address: 10.3.10.46
	Source Port:	6113
Oct 31 2019 16:11:14 
LogName=Security
SourceName=Security
EventCode=540
EventType=8
Type=Success Audit
ComputerName=BG03-npearce
User=npearce
Sid=S-1-5-21-57989841-920026266-725345543-6444
SidType=1
Category=2
CategoryString=Logon/Logoff
RecordNumber=9470
Message=Successful Network Logon:
	User Name:		npearce
	Domain:			BUTTERCUPGAMES
	Logon ID:		145297537706
	Logon Type:		3
	Logon Process:  	Kerberos
	Authentication Package: Kerberos
	Workstation Name:	buttercup_npearce
	Logon GUID:		{4dc541a3-d7b1-8ff8-265d-52f9ef4fdf56}
	Caller User Name:	npearce
	Caller BUTTERCUPGAMES
	Caller Logon ID:	-
	Caller Process ID:	-
	Transited Services:	-
	Source Network Address: 10.2.10.70
	Source Port:	6430
Oct 31 2019 16:20:40 
LogName=Security
SourceName=Security
EventCode=540
EventType=8
Type=Failed Audit
ComputerName=BG03-npearce
User=npearce
Sid=S-1-5-21-57989841-920026266-725345543-6444
SidType=1
Category=2
CategoryString=Logon/Logoff
RecordNumber=9955
Message=Failed Network Logon:
	User Name:		npearce
	Domain:			BUTTERCUPGAMES
	Logon ID:		145297537706
	Logon Type:		3
	Logon Process:  	Kerberos
	Authentication Package: Kerberos
	Workstation Name:	buttercup_npearce
	Logon GUID:		{4dc541a3-d7b1-8ff8-265d-52f9ef4fdf56}
	Caller User Name:	npearce
	Caller BUTTERCUPGAMES
	Caller Logon ID:	-
	Caller Process ID:	-
	Transited Services:	-
	Source Network Address: 10.2.10.70
	Source Port:	4350
Oct 31 2019 16:20:40 
LogName=Security
SourceName=Security
EventCode=540
EventType=8
Type=Success Audit
ComputerName=BG03-npearce
User=npearce
Sid=S-1-5-21-57989841-920026266-725345543-6444
SidType=1
Category=2
CategoryString=Logon/Logoff
RecordNumber=9191
Message=Successful Network Logon:
	User Name:		npearce
	Domain:			BUTTERCUPGAMES
	Logon ID:		145297537706
	Logon Type:		3
	Logon Process:  	Kerberos
	Authentication Package: Kerberos
	Workstation Name:	buttercup_npearce
	Logon GUID:		{4dc541a3-d7b1-8ff8-265d-52f9ef4fdf56}
	Caller User Name:	npearce
	Caller BUTTERCUPGAMES
	Caller Logon ID:	-
	Caller Process ID:	-
	Transited Services:	-
	Source Network Address: 10.2.10.70
	Source Port:	8162
Oct 31 2019 16:27:08 
LogName=Security
SourceName=Security
EventCode=540
EventType=8
Type=Success Audit
ComputerName=A.W.E.S.O.M.-O
User=emaxwell
Sid=S-1-5-21-57989841-920026266-725345543-6444
SidType=1
Category=2
CategoryString=Logon/Logoff
RecordNumber=9610
Message=Successful Network Logon:
	User Name:		emaxwell
	Domain:			BUTTERCUPGAMES
	Logon ID:		374765319282
	Logon Type:		3
	Logon Process:  	Kerberos
	Authentication Package: Kerberos
	Workstation Name:	buttercup_emaxwell
	Logon GUID:		{4dc541a3-d7b1-8ff8-265d-52f9ef4fdf56}
	Caller User Name:	emaxwell
	Caller BUTTERCUPGAMES
	Caller Logon ID:	-
	Caller Process ID:	-
	Transited Services:	-
	Source Network Address: 10.3.10.46
	Source Port:	4299
Oct 31 2019 16:35:20 
LogName=Security
SourceName=Security
EventCode=540
EventType=8
Type=Success Audit
ComputerName=BG01-acurry
User=acurry
Sid=S-1-5-21-57989841-920026266-725345543-6444
SidType=1
Category=2
CategoryString=Logon/Logoff
RecordNumber=9323
Message=Successful Network Logon:
	User Name:		acurry
	Domain:			BUTTERCUPGAMES
	Logon ID:		417852300683
	Logon Type:		3
	Logon Process:  	Kerberos
	Authentication Package: Kerberos
	Workstation Name:	buttercup_acurry
	Logon GUID:		{4dc541a3-d7b1-8ff8-265d-52f9ef4fdf56}
	Caller User Name:	acurry
	Caller BUTTERCUPGAMES
	Caller Logon ID:	-
	Caller Process ID:	-
	Transited Services:	-
	Source Network Address: 10.1.10.252
	Source Port:	9823
Oct 31 2019 16:35:27 
LogName=Security
SourceName=Security
EventCode=540
EventType=8
Type=Success Audit
ComputerName=BG01-blu
User=blu
Sid=S-1-5-21-57989841-920026266-725345543-6444
SidType=1
Category=2
CategoryString=Logon/Logoff
RecordNumber=9289
Message=Successful Network Logon:
	User Name:		blu
	Domain:			BUTTERCUPGAMES
	Logon ID:		520156890727
	Logon Type:		3
	Logon Process:  	Kerberos
	Authentication Package: Kerberos
	Workstation Name:	buttercup_blu
	Logon GUID:		{4dc541a3-d7b1-8ff8-265d-52f9ef4fdf56}
	Caller User Name:	blu
	Caller BUTTERCUPGAMES
	Caller Logon ID:	-
	Caller Process ID:	-
	Transited Services:	-
	Source Network Address: 10.1.10.100
	Source Port:	8362
Oct 31 2019 16:41:48 
LogName=Security
SourceName=Security
EventCode=540
EventType=8
Type=Success Audit
ComputerName=BG02-pbunch
User=pbunch
Sid=S-1-5-21-57989841-920026266-725345543-6444
SidType=1
Category=2
CategoryString=Logon/Logoff
RecordNumber=9797
Message=Successful Network Logon:
	User Name:		pbunch
	Domain:			BUTTERCUPGAMES
	Logon ID:		398009643042
	Logon Type:		3
	Logon Process:  	Kerberos
	Authentication Package: Kerberos
	Workstation Name:	buttercup_pbunch
	Logon GUID:		{4dc541a3-d7b1-8ff8-265d-52f9ef4fdf56}
	Caller User Name:	pbunch
	Caller BUTTERCUPGAMES
	Caller Logon ID:	-
	Caller Process ID:	-
	Transited Services:	-
	Source Network Address: 10.3.10.227
	Source Port:	11116
Oct 31 2019 17:01:09 
LogName=Security
SourceName=Security
EventCode=540
EventType=8
Type=Success Audit
ComputerName=BG01-blu
User=blu
Sid=S-1-5-21-57989841-920026266-725345543-6444
SidType=1
Category=2
CategoryString=Logon/Logoff
RecordNumber=9288
Message=Successful Network Logon:
	User Name:		blu
	Domain:			BUTTERCUPGAMES
	Logon ID:		520156890727
	Logon Type:		3
	Logon Process:  	Kerberos
	Authentication Package: Kerberos
	Workstation Name:	buttercup_blu
	Logon GUID:		{4dc541a3-d7b1-8ff8-265d-52f9ef4fdf56}
	Caller User Name:	blu
	Caller BUTTERCUPGAMES
	Caller Logon ID:	-
	Caller Process ID:	-
	Transited Services:	-
	Source Network Address: 10.1.10.100
	Source Port:	5692
Oct 31 2019 17:07:14 
LogName=Security
SourceName=Security
EventCode=540
EventType=8
Type=Failed Audit
ComputerName=BG01-adombrowski
User=adombrowski
Sid=S-1-5-21-57989841-920026266-725345543-6444
SidType=1
Category=2
CategoryString=Logon/Logoff
RecordNumber=9512
Message=Failed Network Logon:
	User Name:		adombrowski
	Domain:			BUTTERCUPGAMES
	Logon ID:		542830538161
	Logon Type:		3
	Logon Process:  	Kerberos
	Authentication Package: Kerberos
	Workstation Name:	buttercup_adombrowski
	Logon GUID:		{4dc541a3-d7b1-8ff8-265d-52f9ef4fdf56}
	Caller User Name:	adombrowski
	Caller BUTTERCUPGAMES
	Caller Logon ID:	-
	Caller Process ID:	-
	Transited Services:	-
	Source Network Address: 10.1.10.129
	Source Port:	10344
Oct 31 2019 17:07:14 
LogName=Security
SourceName=Security
EventCode=540
EventType=8
Type=Success Audit
ComputerName=BG01-adombrowski
User=adombrowski
Sid=S-1-5-21-57989841-920026266-725345543-6444
SidType=1
Category=2
CategoryString=Logon/Logoff
RecordNumber=9701
Message=Successful Network Logon:
	User Name:		adombrowski
	Domain:			BUTTERCUPGAMES
	Logon ID:		542830538161
	Logon Type:		3
	Logon Process:  	Kerberos
	Authentication Package: Kerberos
	Workstation Name:	buttercup_adombrowski
	Logon GUID:		{4dc541a3-d7b1-8ff8-265d-52f9ef4fdf56}
	Caller User Name:	adombrowski
	Caller BUTTERCUPGAMES
	Caller Logon ID:	-
	Caller Process ID:	-
	Transited Services:	-
	Source Network Address: 10.1.10.129
	Source Port:	8589
Oct 31 2019 17:08:31 
LogName=Security
SourceName=Security
EventCode=540
EventType=8
Type=Failed Audit
ComputerName=BG02-lsagers
User=lsagers
Sid=S-1-5-21-57989841-920026266-725345543-6444
SidType=1
Category=2
CategoryString=Logon/Logoff
RecordNumber=9153
Message=Failed Network Logon:
	User Name:		lsagers
	Domain:			BUTTERCUPGAMES
	Logon ID:		249772079712
	Logon Type:		3
	Logon Process:  	Kerberos
	Authentication Package: Kerberos
	Workstation Name:	buttercup_lsagers
	Logon GUID:		{4dc541a3-d7b1-8ff8-265d-52f9ef4fdf56}
	Caller User Name:	lsagers
	Caller BUTTERCUPGAMES
	Caller Logon ID:	-
	Caller Process ID:	-
	Transited Services:	-
	Source Network Address: 10.3.10.21
	Source Port:	9498
Oct 31 2019 17:08:31 
LogName=Security
SourceName=Security
EventCode=540
EventType=8
Type=Failed Audit
ComputerName=BG02-lsagers
User=lsagers
Sid=S-1-5-21-57989841-920026266-725345543-6444
SidType=1
Category=2
CategoryString=Logon/Logoff
RecordNumber=9688
Message=Failed Network Logon:
	User Name:		lsagers
	Domain:			BUTTERCUPGAMES
	Logon ID:		249772079712
	Logon Type:		3
	Logon Process:  	Kerberos
	Authentication Package: Kerberos
	Workstation Name:	buttercup_lsagers
	Logon GUID:		{4dc541a3-d7b1-8ff8-265d-52f9ef4fdf56}
	Caller User Name:	lsagers
	Caller BUTTERCUPGAMES
	Caller Logon ID:	-
	Caller Process ID:	-
	Transited Services:	-
	Source Network Address: 10.3.10.21
	Source Port:	4446
Oct 31 2019 17:08:31 
LogName=Security
SourceName=Security
EventCode=540
EventType=8
Type=Failed Audit
ComputerName=BG02-lsagers
User=lsagers
Sid=S-1-5-21-57989841-920026266-725345543-6444
SidType=1
Category=2
CategoryString=Logon/Logoff
RecordNumber=9201
Message=Failed Network Logon:
	User Name:		lsagers
	Domain:			BUTTERCUPGAMES
	Logon ID:		249772079712
	Logon Type:		3
	Logon Process:  	Kerberos
	Authentication Package: Kerberos
	Workstation Name:	buttercup_lsagers
	Logon GUID:		{4dc541a3-d7b1-8ff8-265d-52f9ef4fdf56}
	Caller User Name:	lsagers
	Caller BUTTERCUPGAMES
	Caller Logon ID:	-
	Caller Process ID:	-
	Transited Services:	-
	Source Network Address: 10.3.10.21
	Source Port:	6495
Oct 31 2019 17:08:31 
LogName=Security
SourceName=Security
EventCode=540
EventType=8
Type=Success Audit
ComputerName=BG02-lsagers
User=lsagers
Sid=S-1-5-21-57989841-920026266-725345543-6444
SidType=1
Category=2
CategoryString=Logon/Logoff
RecordNumber=9032
Message=Successful Network Logon:
	User Name:		lsagers
	Domain:			BUTTERCUPGAMES
	Logon ID:		249772079712
	Logon Type:		3
	Logon Process:  	Kerberos
	Authentication Package: Kerberos
	Workstation Name:	buttercup_lsagers
	Logon GUID:		{4dc541a3-d7b1-8ff8-265d-52f9ef4fdf56}
	Caller User Name:	lsagers
	Caller BUTTERCUPGAMES
	Caller Logon ID:	-
	Caller Process ID:	-
	Transited Services:	-
	Source Network Address: 10.3.10.21
	Source Port:	4697
Oct 31 2019 17:23:44 
LogName=Security
SourceName=Security
EventCode=540
EventType=8
Type=Failed Audit
ComputerName=BG01-kpercy
User=kpercy
Sid=S-1-5-21-57989841-920026266-725345543-6444
SidType=1
Category=2
CategoryString=Logon/Logoff
RecordNumber=9460
Message=Failed Network Logon:
	User Name:		kpercy
	Domain:			BUTTERCUPGAMES
	Logon ID:		569361105570
	Logon Type:		3
	Logon Process:  	Kerberos
	Authentication Package: Kerberos
	Workstation Name:	buttercup_kpercy
	Logon GUID:		{4dc541a3-d7b1-8ff8-265d-52f9ef4fdf56}
	Caller User Name:	kpercy
	Caller BUTTERCUPGAMES
	Caller Logon ID:	-
	Caller Process ID:	-
	Transited Services:	-
	Source Network Address: 10.1.10.216
	Source Port:	10089
Oct 31 2019 17:23:44 
LogName=Security
SourceName=Security
EventCode=540
EventType=8
Type=Failed Audit
ComputerName=BG01-kpercy
User=kpercy
Sid=S-1-5-21-57989841-920026266-725345543-6444
SidType=1
Category=2
CategoryString=Logon/Logoff
RecordNumber=9271
Message=Failed Network Logon:
	User Name:		kpercy
	Domain:			BUTTERCUPGAMES
	Logon ID:		569361105570
	Logon Type:		3
	Logon Process:  	Kerberos
	Authentication Package: Kerberos
	Workstation Name:	buttercup_kpercy
	Logon GUID:		{4dc541a3-d7b1-8ff8-265d-52f9ef4fdf56}
	Caller User Name:	kpercy
	Caller BUTTERCUPGAMES
	Caller Logon ID:	-
	Caller Process ID:	-
	Transited Services:	-
	Source Network Address: 10.1.10.216
	Source Port:	8238
