Oct 17 2019 23:27:11 
LogName=Security
SourceName=Security
EventCode=540
EventType=8
Type=Failed Audit
ComputerName=BG02-apucci
User=apucci
Sid=S-1-5-21-57989841-920026266-725345543-6444
SidType=1
Category=2
CategoryString=Logon/Logoff
RecordNumber=9151
Message=Failed Network Logon:
	User Name:		apucci
	Domain:			BUTTERCUPGAMES
	Logon ID:		108423575302
	Logon Type:		3
	Logon Process:  	Kerberos
	Authentication Package: Kerberos
	Workstation Name:	buttercup_apucci
	Logon GUID:		{4dc541a3-d7b1-8ff8-265d-52f9ef4fdf56}
	Caller User Name:	apucci
	Caller BUTTERCUPGAMES
	Caller Logon ID:	-
	Caller Process ID:	-
	Transited Services:	-
	Source Network Address: 10.3.10.53
	Source Port:	4786
Oct 17 2019 23:27:11 
LogName=Security
SourceName=Security
EventCode=540
EventType=8
Type=Failed Audit
ComputerName=BG02-apucci
User=apucci
Sid=S-1-5-21-57989841-920026266-725345543-6444
SidType=1
Category=2
CategoryString=Logon/Logoff
RecordNumber=9098
Message=Failed Network Logon:
	User Name:		apucci
	Domain:			BUTTERCUPGAMES
	Logon ID:		108423575302
	Logon Type:		3
	Logon Process:  	Kerberos
	Authentication Package: Kerberos
	Workstation Name:	buttercup_apucci
	Logon GUID:		{4dc541a3-d7b1-8ff8-265d-52f9ef4fdf56}
	Caller User Name:	apucci
	Caller BUTTERCUPGAMES
	Caller Logon ID:	-
	Caller Process ID:	-
	Transited Services:	-
	Source Network Address: 10.3.10.53
	Source Port:	7746
Oct 17 2019 23:27:11 
LogName=Security
SourceName=Security
EventCode=540
EventType=8
Type=Failed Audit
ComputerName=BG02-apucci
User=apucci
Sid=S-1-5-21-57989841-920026266-725345543-6444
SidType=1
Category=2
CategoryString=Logon/Logoff
RecordNumber=9159
Message=Failed Network Logon:
	User Name:		apucci
	Domain:			BUTTERCUPGAMES
	Logon ID:		108423575302
	Logon Type:		3
	Logon Process:  	Kerberos
	Authentication Package: Kerberos
	Workstation Name:	buttercup_apucci
	Logon GUID:		{4dc541a3-d7b1-8ff8-265d-52f9ef4fdf56}
	Caller User Name:	apucci
	Caller BUTTERCUPGAMES
	Caller Logon ID:	-
	Caller Process ID:	-
	Transited Services:	-
	Source Network Address: 10.3.10.53
	Source Port:	4938
Oct 17 2019 23:27:11 
LogName=Security
SourceName=Security
EventCode=540
EventType=8
Type=Success Audit
ComputerName=BG02-apucci
User=apucci
Sid=S-1-5-21-57989841-920026266-725345543-6444
SidType=1
Category=2
CategoryString=Logon/Logoff
RecordNumber=9280
Message=Successful Network Logon:
	User Name:		apucci
	Domain:			BUTTERCUPGAMES
	Logon ID:		108423575302
	Logon Type:		3
	Logon Process:  	Kerberos
	Authentication Package: Kerberos
	Workstation Name:	buttercup_apucci
	Logon GUID:		{4dc541a3-d7b1-8ff8-265d-52f9ef4fdf56}
	Caller User Name:	apucci
	Caller BUTTERCUPGAMES
	Caller Logon ID:	-
	Caller Process ID:	-
	Transited Services:	-
	Source Network Address: 10.3.10.53
	Source Port:	7931
Oct 18 2019 01:32:35 
LogName=Security
SourceName=Security
EventCode=540
EventType=8
Type=Success Audit
ComputerName=BG01-ptoscani
User=ptoscani
Sid=S-1-5-21-57989841-920026266-725345543-6444
SidType=1
Category=2
CategoryString=Logon/Logoff
RecordNumber=9584
Message=Successful Network Logon:
	User Name:		ptoscani
	Domain:			BUTTERCUPGAMES
	Logon ID:		153218951159
	Logon Type:		3
	Logon Process:  	Kerberos
	Authentication Package: Kerberos
	Workstation Name:	buttercup_ptoscani
	Logon GUID:		{4dc541a3-d7b1-8ff8-265d-52f9ef4fdf56}
	Caller User Name:	ptoscani
	Caller BUTTERCUPGAMES
	Caller Logon ID:	-
	Caller Process ID:	-
	Transited Services:	-
	Source Network Address: 10.1.10.38
	Source Port:	9560
Oct 18 2019 02:29:50 
LogName=Security
SourceName=Security
EventCode=540
EventType=8
Type=Failed Audit
ComputerName=BG01-blu
User=blu
Sid=S-1-5-21-57989841-920026266-725345543-6444
SidType=1
Category=2
CategoryString=Logon/Logoff
RecordNumber=9122
Message=Failed Network Logon:
	User Name:		blu
	Domain:			BUTTERCUPGAMES
	Logon ID:		520156890727
	Logon Type:		3
	Logon Process:  	Kerberos
	Authentication Package: Kerberos
	Workstation Name:	buttercup_blu
	Logon GUID:		{4dc541a3-d7b1-8ff8-265d-52f9ef4fdf56}
	Caller User Name:	blu
	Caller BUTTERCUPGAMES
	Caller Logon ID:	-
	Caller Process ID:	-
	Transited Services:	-
	Source Network Address: 10.1.10.100
	Source Port:	4590
Oct 18 2019 02:29:50 
LogName=Security
SourceName=Security
EventCode=540
EventType=8
Type=Failed Audit
ComputerName=BG01-blu
User=blu
Sid=S-1-5-21-57989841-920026266-725345543-6444
SidType=1
Category=2
CategoryString=Logon/Logoff
RecordNumber=9161
Message=Failed Network Logon:
	User Name:		blu
	Domain:			BUTTERCUPGAMES
	Logon ID:		520156890727
	Logon Type:		3
	Logon Process:  	Kerberos
	Authentication Package: Kerberos
	Workstation Name:	buttercup_blu
	Logon GUID:		{4dc541a3-d7b1-8ff8-265d-52f9ef4fdf56}
	Caller User Name:	blu
	Caller BUTTERCUPGAMES
	Caller Logon ID:	-
	Caller Process ID:	-
	Transited Services:	-
	Source Network Address: 10.1.10.100
	Source Port:	6649
Oct 18 2019 02:29:50 
LogName=Security
SourceName=Security
EventCode=540
EventType=8
Type=Success Audit
ComputerName=BG01-blu
User=blu
Sid=S-1-5-21-57989841-920026266-725345543-6444
SidType=1
Category=2
CategoryString=Logon/Logoff
RecordNumber=9163
Message=Successful Network Logon:
	User Name:		blu
	Domain:			BUTTERCUPGAMES
	Logon ID:		520156890727
	Logon Type:		3
	Logon Process:  	Kerberos
	Authentication Package: Kerberos
	Workstation Name:	buttercup_blu
	Logon GUID:		{4dc541a3-d7b1-8ff8-265d-52f9ef4fdf56}
	Caller User Name:	blu
	Caller BUTTERCUPGAMES
	Caller Logon ID:	-
	Caller Process ID:	-
	Transited Services:	-
	Source Network Address: 10.1.10.100
	Source Port:	7120
Oct 18 2019 02:40:13 
LogName=Security
SourceName=Security
EventCode=540
EventType=8
Type=Success Audit
ComputerName=BG01-iking
User=iking
Sid=S-1-5-21-57989841-920026266-725345543-6444
SidType=1
Category=2
CategoryString=Logon/Logoff
RecordNumber=9817
Message=Successful Network Logon:
	User Name:		iking
	Domain:			BUTTERCUPGAMES
	Logon ID:		994499284304
	Logon Type:		3
	Logon Process:  	Kerberos
	Authentication Package: Kerberos
	Workstation Name:	buttercup_iking
	Logon GUID:		{4dc541a3-d7b1-8ff8-265d-52f9ef4fdf56}
	Caller User Name:	iking
	Caller BUTTERCUPGAMES
	Caller Logon ID:	-
	Caller Process ID:	-
	Transited Services:	-
	Source Network Address: 10.1.10.201
	Source Port:	9340
Oct 18 2019 07:14:21 
LogName=Security
SourceName=Security
EventCode=540
EventType=8
Type=Failed Audit
ComputerName=BG03-bhussain
User=bhussain
Sid=S-1-5-21-57989841-920026266-725345543-6444
SidType=1
Category=2
CategoryString=Logon/Logoff
RecordNumber=9482
Message=Failed Network Logon:
	User Name:		bhussain
	Domain:			BUTTERCUPGAMES
	Logon ID:		890313901800
	Logon Type:		3
	Logon Process:  	Kerberos
	Authentication Package: Kerberos
	Workstation Name:	buttercup_bhussain
	Logon GUID:		{4dc541a3-d7b1-8ff8-265d-52f9ef4fdf56}
	Caller User Name:	bhussain
	Caller BUTTERCUPGAMES
	Caller Logon ID:	-
	Caller Process ID:	-
	Transited Services:	-
	Source Network Address: 10.2.10.22
	Source Port:	6632
Oct 18 2019 07:14:21 
LogName=Security
SourceName=Security
EventCode=540
EventType=8
Type=Failed Audit
ComputerName=BG03-bhussain
User=bhussain
Sid=S-1-5-21-57989841-920026266-725345543-6444
SidType=1
Category=2
CategoryString=Logon/Logoff
RecordNumber=9862
Message=Failed Network Logon:
	User Name:		bhussain
	Domain:			BUTTERCUPGAMES
	Logon ID:		890313901800
	Logon Type:		3
	Logon Process:  	Kerberos
	Authentication Package: Kerberos
	Workstation Name:	buttercup_bhussain
	Logon GUID:		{4dc541a3-d7b1-8ff8-265d-52f9ef4fdf56}
	Caller User Name:	bhussain
	Caller BUTTERCUPGAMES
	Caller Logon ID:	-
	Caller Process ID:	-
	Transited Services:	-
	Source Network Address: 10.2.10.22
	Source Port:	8704
Oct 18 2019 07:14:21 
LogName=Security
SourceName=Security
EventCode=540
EventType=8
Type=Success Audit
ComputerName=BG03-bhussain
User=bhussain
Sid=S-1-5-21-57989841-920026266-725345543-6444
SidType=1
Category=2
CategoryString=Logon/Logoff
RecordNumber=9010
Message=Successful Network Logon:
	User Name:		bhussain
	Domain:			BUTTERCUPGAMES
	Logon ID:		890313901800
	Logon Type:		3
	Logon Process:  	Kerberos
	Authentication Package: Kerberos
	Workstation Name:	buttercup_bhussain
	Logon GUID:		{4dc541a3-d7b1-8ff8-265d-52f9ef4fdf56}
	Caller User Name:	bhussain
	Caller BUTTERCUPGAMES
	Caller Logon ID:	-
	Caller Process ID:	-
	Transited Services:	-
	Source Network Address: 10.2.10.22
	Source Port:	11730
Oct 18 2019 08:21:57 
LogName=Security
SourceName=Security
EventCode=540
EventType=8
Type=Success Audit
ComputerName=BG03-rjayaraman
User=rjayaraman
Sid=S-1-5-21-57989841-920026266-725345543-6444
SidType=1
Category=2
CategoryString=Logon/Logoff
RecordNumber=9378
Message=Successful Network Logon:
	User Name:		rjayaraman
	Domain:			BUTTERCUPGAMES
	Logon ID:		963871339460
	Logon Type:		3
	Logon Process:  	Kerberos
	Authentication Package: Kerberos
	Workstation Name:	buttercup_rjayaraman
	Logon GUID:		{4dc541a3-d7b1-8ff8-265d-52f9ef4fdf56}
	Caller User Name:	rjayaraman
	Caller BUTTERCUPGAMES
	Caller Logon ID:	-
	Caller Process ID:	-
	Transited Services:	-
	Source Network Address: 10.2.10.74
	Source Port:	11330
Oct 18 2019 08:29:04 
LogName=Security
SourceName=Security
EventCode=540
EventType=8
Type=Success Audit
ComputerName=BG03-npearce
User=npearce
Sid=S-1-5-21-57989841-920026266-725345543-6444
SidType=1
Category=2
CategoryString=Logon/Logoff
RecordNumber=9061
Message=Successful Network Logon:
	User Name:		npearce
	Domain:			BUTTERCUPGAMES
	Logon ID:		145297537706
	Logon Type:		3
	Logon Process:  	Kerberos
	Authentication Package: Kerberos
	Workstation Name:	buttercup_npearce
	Logon GUID:		{4dc541a3-d7b1-8ff8-265d-52f9ef4fdf56}
	Caller User Name:	npearce
	Caller BUTTERCUPGAMES
	Caller Logon ID:	-
	Caller Process ID:	-
	Transited Services:	-
	Source Network Address: 10.2.10.70
	Source Port:	7958
Oct 18 2019 08:54:32 
LogName=Security
SourceName=Security
EventCode=540
EventType=8
Type=Failed Audit
ComputerName=BG03-fbryan
User=fbryan
Sid=S-1-5-21-57989841-920026266-725345543-6444
SidType=1
Category=2
CategoryString=Logon/Logoff
RecordNumber=9816
Message=Failed Network Logon:
	User Name:		fbryan
	Domain:			BUTTERCUPGAMES
	Logon ID:		862417886973
	Logon Type:		3
	Logon Process:  	Kerberos
	Authentication Package: Kerberos
	Workstation Name:	buttercup_fbryan
	Logon GUID:		{4dc541a3-d7b1-8ff8-265d-52f9ef4fdf56}
	Caller User Name:	fbryan
	Caller BUTTERCUPGAMES
	Caller Logon ID:	-
	Caller Process ID:	-
	Transited Services:	-
	Source Network Address: 10.2.10.166
	Source Port:	6421
Oct 18 2019 08:54:32 
LogName=Security
SourceName=Security
EventCode=540
EventType=8
Type=Success Audit
ComputerName=BG03-fbryan
User=fbryan
Sid=S-1-5-21-57989841-920026266-725345543-6444
SidType=1
Category=2
CategoryString=Logon/Logoff
RecordNumber=9947
Message=Successful Network Logon:
	User Name:		fbryan
	Domain:			BUTTERCUPGAMES
	Logon ID:		862417886973
	Logon Type:		3
	Logon Process:  	Kerberos
	Authentication Package: Kerberos
	Workstation Name:	buttercup_fbryan
	Logon GUID:		{4dc541a3-d7b1-8ff8-265d-52f9ef4fdf56}
	Caller User Name:	fbryan
	Caller BUTTERCUPGAMES
	Caller Logon ID:	-
	Caller Process ID:	-
	Transited Services:	-
	Source Network Address: 10.2.10.166
	Source Port:	6547
Oct 18 2019 09:24:15 
LogName=Security
SourceName=Security
EventCode=540
EventType=8
Type=Failed Audit
ComputerName=BG03-fbryan
User=fbryan
Sid=S-1-5-21-57989841-920026266-725345543-6444
SidType=1
Category=2
CategoryString=Logon/Logoff
RecordNumber=9214
Message=Failed Network Logon:
	User Name:		fbryan
	Domain:			BUTTERCUPGAMES
	Logon ID:		862417886973
	Logon Type:		3
	Logon Process:  	Kerberos
	Authentication Package: Kerberos
	Workstation Name:	buttercup_fbryan
	Logon GUID:		{4dc541a3-d7b1-8ff8-265d-52f9ef4fdf56}
	Caller User Name:	fbryan
	Caller BUTTERCUPGAMES
	Caller Logon ID:	-
	Caller Process ID:	-
	Transited Services:	-
	Source Network Address: 10.2.10.166
	Source Port:	11703
Oct 18 2019 09:24:15 
LogName=Security
SourceName=Security
EventCode=540
EventType=8
Type=Success Audit
ComputerName=BG03-fbryan
User=fbryan
Sid=S-1-5-21-57989841-920026266-725345543-6444
SidType=1
Category=2
CategoryString=Logon/Logoff
RecordNumber=9224
Message=Successful Network Logon:
	User Name:		fbryan
	Domain:			BUTTERCUPGAMES
	Logon ID:		862417886973
	Logon Type:		3
	Logon Process:  	Kerberos
	Authentication Package: Kerberos
	Workstation Name:	buttercup_fbryan
	Logon GUID:		{4dc541a3-d7b1-8ff8-265d-52f9ef4fdf56}
	Caller User Name:	fbryan
	Caller BUTTERCUPGAMES
	Caller Logon ID:	-
	Caller Process ID:	-
	Transited Services:	-
	Source Network Address: 10.2.10.166
	Source Port:	8211
Oct 18 2019 09:57:49 
LogName=Security
SourceName=Security
EventCode=540
EventType=8
Type=Success Audit
ComputerName=BG03-yowen
User=yowen
Sid=S-1-5-21-57989841-920026266-725345543-6444
SidType=1
Category=2
CategoryString=Logon/Logoff
RecordNumber=9000
Message=Successful Network Logon:
	User Name:		yowen
	Domain:			BUTTERCUPGAMES
	Logon ID:		632071692298
	Logon Type:		3
	Logon Process:  	Kerberos
	Authentication Package: Kerberos
	Workstation Name:	buttercup_yowen
	Logon GUID:		{4dc541a3-d7b1-8ff8-265d-52f9ef4fdf56}
	Caller User Name:	yowen
	Caller BUTTERCUPGAMES
	Caller Logon ID:	-
	Caller Process ID:	-
	Transited Services:	-
	Source Network Address: 10.2.10.170
	Source Port:	5727
Oct 18 2019 11:07:30 
LogName=Security
SourceName=Security
EventCode=540
EventType=8
Type=Failed Audit
ComputerName=BG03-fbryan
User=fbryan
Sid=S-1-5-21-57989841-920026266-725345543-6444
SidType=1
Category=2
CategoryString=Logon/Logoff
RecordNumber=9464
Message=Failed Network Logon:
	User Name:		fbryan
	Domain:			BUTTERCUPGAMES
	Logon ID:		862417886973
	Logon Type:		3
	Logon Process:  	Kerberos
	Authentication Package: Kerberos
	Workstation Name:	buttercup_fbryan
	Logon GUID:		{4dc541a3-d7b1-8ff8-265d-52f9ef4fdf56}
	Caller User Name:	fbryan
	Caller BUTTERCUPGAMES
	Caller Logon ID:	-
	Caller Process ID:	-
	Transited Services:	-
	Source Network Address: 10.2.10.166
	Source Port:	11244
Oct 18 2019 11:07:30 
LogName=Security
SourceName=Security
EventCode=540
EventType=8
Type=Success Audit
ComputerName=BG03-fbryan
User=fbryan
Sid=S-1-5-21-57989841-920026266-725345543-6444
SidType=1
Category=2
CategoryString=Logon/Logoff
RecordNumber=9893
Message=Successful Network Logon:
	User Name:		fbryan
	Domain:			BUTTERCUPGAMES
	Logon ID:		862417886973
	Logon Type:		3
	Logon Process:  	Kerberos
	Authentication Package: Kerberos
	Workstation Name:	buttercup_fbryan
	Logon GUID:		{4dc541a3-d7b1-8ff8-265d-52f9ef4fdf56}
	Caller User Name:	fbryan
	Caller BUTTERCUPGAMES
	Caller Logon ID:	-
	Caller Process ID:	-
	Transited Services:	-
	Source Network Address: 10.2.10.166
	Source Port:	11483
Oct 18 2019 11:55:16 
LogName=Security
SourceName=Security
EventCode=540
EventType=8
Type=Success Audit
ComputerName=BG03-yowen
User=yowen
Sid=S-1-5-21-57989841-920026266-725345543-6444
SidType=1
Category=2
CategoryString=Logon/Logoff
RecordNumber=9659
Message=Successful Network Logon:
	User Name:		yowen
	Domain:			BUTTERCUPGAMES
	Logon ID:		632071692298
	Logon Type:		3
	Logon Process:  	Kerberos
	Authentication Package: Kerberos
	Workstation Name:	buttercup_yowen
	Logon GUID:		{4dc541a3-d7b1-8ff8-265d-52f9ef4fdf56}
	Caller User Name:	yowen
	Caller BUTTERCUPGAMES
	Caller Logon ID:	-
	Caller Process ID:	-
	Transited Services:	-
	Source Network Address: 10.2.10.170
	Source Port:	9298
Oct 18 2019 12:08:08 
LogName=Security
SourceName=Security
EventCode=540
EventType=8
Type=Success Audit
ComputerName=BG03-nsharpe
User=nsharpe
Sid=S-1-5-21-57989841-920026266-725345543-6444
SidType=1
Category=2
CategoryString=Logon/Logoff
RecordNumber=9829
Message=Successful Network Logon:
	User Name:		nsharpe
	Domain:			BUTTERCUPGAMES
	Logon ID:		425932411002
	Logon Type:		3
	Logon Process:  	Kerberos
	Authentication Package: Kerberos
	Workstation Name:	buttercup_nsharpe
	Logon GUID:		{4dc541a3-d7b1-8ff8-265d-52f9ef4fdf56}
	Caller User Name:	nsharpe
	Caller BUTTERCUPGAMES
	Caller Logon ID:	-
	Caller Process ID:	-
	Transited Services:	-
	Source Network Address: 10.2.10.163
	Source Port:	10102
Oct 18 2019 12:07:30 
LogName=Security
SourceName=Security
EventCode=540
EventType=8
Type=Failed Audit
ComputerName=A.W.E.S.O.M.-O
User=emaxwell
Sid=S-1-5-21-57989841-920026266-725345543-6444
SidType=1
Category=2
CategoryString=Logon/Logoff
RecordNumber=9772
Message=Failed Network Logon:
	User Name:		emaxwell
	Domain:			BUTTERCUPGAMES
	Logon ID:		374765319282
	Logon Type:		3
	Logon Process:  	Kerberos
	Authentication Package: Kerberos
	Workstation Name:	buttercup_emaxwell
	Logon GUID:		{4dc541a3-d7b1-8ff8-265d-52f9ef4fdf56}
	Caller User Name:	emaxwell
	Caller BUTTERCUPGAMES
	Caller Logon ID:	-
	Caller Process ID:	-
	Transited Services:	-
	Source Network Address: 10.3.10.46
	Source Port:	10533
Oct 18 2019 12:07:30 
LogName=Security
SourceName=Security
EventCode=540
EventType=8
Type=Success Audit
ComputerName=A.W.E.S.O.M.-O
User=emaxwell
Sid=S-1-5-21-57989841-920026266-725345543-6444
SidType=1
Category=2
CategoryString=Logon/Logoff
RecordNumber=9554
Message=Successful Network Logon:
	User Name:		emaxwell
	Domain:			BUTTERCUPGAMES
	Logon ID:		374765319282
	Logon Type:		3
	Logon Process:  	Kerberos
	Authentication Package: Kerberos
	Workstation Name:	buttercup_emaxwell
	Logon GUID:		{4dc541a3-d7b1-8ff8-265d-52f9ef4fdf56}
	Caller User Name:	emaxwell
	Caller BUTTERCUPGAMES
	Caller Logon ID:	-
	Caller Process ID:	-
	Transited Services:	-
	Source Network Address: 10.3.10.46
	Source Port:	9139
Oct 18 2019 12:55:40 
LogName=Security
SourceName=Security
EventCode=540
EventType=8
Type=Success Audit
ComputerName=BG03-nsharpe
User=nsharpe
Sid=S-1-5-21-57989841-920026266-725345543-6444
SidType=1
Category=2
CategoryString=Logon/Logoff
RecordNumber=9129
Message=Successful Network Logon:
	User Name:		nsharpe
	Domain:			BUTTERCUPGAMES
	Logon ID:		425932411002
	Logon Type:		3
	Logon Process:  	Kerberos
	Authentication Package: Kerberos
	Workstation Name:	buttercup_nsharpe
	Logon GUID:		{4dc541a3-d7b1-8ff8-265d-52f9ef4fdf56}
	Caller User Name:	nsharpe
	Caller BUTTERCUPGAMES
	Caller Logon ID:	-
	Caller Process ID:	-
	Transited Services:	-
	Source Network Address: 10.2.10.163
	Source Port:	9872
Oct 18 2019 13:21:42 
LogName=Security
SourceName=Security
EventCode=540
EventType=8
Type=Failed Audit
ComputerName=BG03-npearce
User=npearce
Sid=S-1-5-21-57989841-920026266-725345543-6444
SidType=1
Category=2
CategoryString=Logon/Logoff
RecordNumber=9015
Message=Failed Network Logon:
	User Name:		npearce
	Domain:			BUTTERCUPGAMES
	Logon ID:		145297537706
	Logon Type:		3
	Logon Process:  	Kerberos
	Authentication Package: Kerberos
	Workstation Name:	buttercup_npearce
	Logon GUID:		{4dc541a3-d7b1-8ff8-265d-52f9ef4fdf56}
	Caller User Name:	npearce
	Caller BUTTERCUPGAMES
	Caller Logon ID:	-
	Caller Process ID:	-
	Transited Services:	-
	Source Network Address: 10.2.10.70
	Source Port:	4396
Oct 18 2019 13:21:42 
LogName=Security
SourceName=Security
EventCode=540
EventType=8
Type=Failed Audit
ComputerName=BG03-npearce
User=npearce
Sid=S-1-5-21-57989841-920026266-725345543-6444
SidType=1
Category=2
CategoryString=Logon/Logoff
RecordNumber=9403
Message=Failed Network Logon:
	User Name:		npearce
	Domain:			BUTTERCUPGAMES
	Logon ID:		145297537706
	Logon Type:		3
	Logon Process:  	Kerberos
	Authentication Package: Kerberos
	Workstation Name:	buttercup_npearce
	Logon GUID:		{4dc541a3-d7b1-8ff8-265d-52f9ef4fdf56}
	Caller User Name:	npearce
	Caller BUTTERCUPGAMES
	Caller Logon ID:	-
	Caller Process ID:	-
	Transited Services:	-
	Source Network Address: 10.2.10.70
	Source Port:	12000
Oct 18 2019 13:21:42 
LogName=Security
SourceName=Security
EventCode=540
EventType=8
Type=Success Audit
ComputerName=BG03-npearce
User=npearce
Sid=S-1-5-21-57989841-920026266-725345543-6444
SidType=1
Category=2
CategoryString=Logon/Logoff
RecordNumber=9652
Message=Successful Network Logon:
	User Name:		npearce
	Domain:			BUTTERCUPGAMES
	Logon ID:		145297537706
	Logon Type:		3
	Logon Process:  	Kerberos
	Authentication Package: Kerberos
	Workstation Name:	buttercup_npearce
	Logon GUID:		{4dc541a3-d7b1-8ff8-265d-52f9ef4fdf56}
	Caller User Name:	npearce
	Caller BUTTERCUPGAMES
	Caller Logon ID:	-
	Caller Process ID:	-
	Transited Services:	-
	Source Network Address: 10.2.10.70
	Source Port:	8532
Oct 18 2019 13:25:26 
LogName=Security
SourceName=Security
EventCode=540
EventType=8
Type=Failed Audit
ComputerName=BG03-rjayaraman
User=rjayaraman
Sid=S-1-5-21-57989841-920026266-725345543-6444
SidType=1
Category=2
CategoryString=Logon/Logoff
RecordNumber=9666
Message=Failed Network Logon:
	User Name:		rjayaraman
	Domain:			BUTTERCUPGAMES
	Logon ID:		963871339460
	Logon Type:		3
	Logon Process:  	Kerberos
	Authentication Package: Kerberos
	Workstation Name:	buttercup_rjayaraman
	Logon GUID:		{4dc541a3-d7b1-8ff8-265d-52f9ef4fdf56}
	Caller User Name:	rjayaraman
	Caller BUTTERCUPGAMES
	Caller Logon ID:	-
	Caller Process ID:	-
	Transited Services:	-
	Source Network Address: 10.2.10.74
	Source Port:	5587
Oct 18 2019 13:25:26 
LogName=Security
SourceName=Security
EventCode=540
EventType=8
Type=Success Audit
ComputerName=BG03-rjayaraman
User=rjayaraman
Sid=S-1-5-21-57989841-920026266-725345543-6444
SidType=1
Category=2
CategoryString=Logon/Logoff
RecordNumber=9981
Message=Successful Network Logon:
	User Name:		rjayaraman
	Domain:			BUTTERCUPGAMES
	Logon ID:		963871339460
	Logon Type:		3
	Logon Process:  	Kerberos
	Authentication Package: Kerberos
	Workstation Name:	buttercup_rjayaraman
	Logon GUID:		{4dc541a3-d7b1-8ff8-265d-52f9ef4fdf56}
	Caller User Name:	rjayaraman
	Caller BUTTERCUPGAMES
	Caller Logon ID:	-
	Caller Process ID:	-
	Transited Services:	-
	Source Network Address: 10.2.10.74
	Source Port:	9919
Oct 18 2019 13:38:50 
LogName=Security
SourceName=Security
EventCode=540
EventType=8
Type=Failed Audit
ComputerName=BG02-apucci
User=apucci
Sid=S-1-5-21-57989841-920026266-725345543-6444
SidType=1
Category=2
CategoryString=Logon/Logoff
RecordNumber=9584
Message=Failed Network Logon:
	User Name:		apucci
	Domain:			BUTTERCUPGAMES
	Logon ID:		108423575302
	Logon Type:		3
	Logon Process:  	Kerberos
	Authentication Package: Kerberos
	Workstation Name:	buttercup_apucci
	Logon GUID:		{4dc541a3-d7b1-8ff8-265d-52f9ef4fdf56}
	Caller User Name:	apucci
	Caller BUTTERCUPGAMES
	Caller Logon ID:	-
	Caller Process ID:	-
	Transited Services:	-
	Source Network Address: 10.3.10.53
	Source Port:	8860
Oct 18 2019 13:38:50 
LogName=Security
SourceName=Security
EventCode=540
EventType=8
Type=Failed Audit
ComputerName=BG02-apucci
User=apucci
Sid=S-1-5-21-57989841-920026266-725345543-6444
SidType=1
Category=2
CategoryString=Logon/Logoff
RecordNumber=9818
Message=Failed Network Logon:
	User Name:		apucci
	Domain:			BUTTERCUPGAMES
	Logon ID:		108423575302
	Logon Type:		3
	Logon Process:  	Kerberos
	Authentication Package: Kerberos
	Workstation Name:	buttercup_apucci
	Logon GUID:		{4dc541a3-d7b1-8ff8-265d-52f9ef4fdf56}
	Caller User Name:	apucci
	Caller BUTTERCUPGAMES
	Caller Logon ID:	-
	Caller Process ID:	-
	Transited Services:	-
	Source Network Address: 10.3.10.53
	Source Port:	6502
Oct 18 2019 13:38:50 
LogName=Security
SourceName=Security
EventCode=540
EventType=8
Type=Success Audit
ComputerName=BG02-apucci
User=apucci
Sid=S-1-5-21-57989841-920026266-725345543-6444
SidType=1
Category=2
CategoryString=Logon/Logoff
RecordNumber=9135
Message=Successful Network Logon:
	User Name:		apucci
	Domain:			BUTTERCUPGAMES
	Logon ID:		108423575302
	Logon Type:		3
	Logon Process:  	Kerberos
	Authentication Package: Kerberos
	Workstation Name:	buttercup_apucci
	Logon GUID:		{4dc541a3-d7b1-8ff8-265d-52f9ef4fdf56}
	Caller User Name:	apucci
	Caller BUTTERCUPGAMES
	Caller Logon ID:	-
	Caller Process ID:	-
	Transited Services:	-
	Source Network Address: 10.3.10.53
	Source Port:	10969
Oct 18 2019 13:32:14 
LogName=Security
SourceName=Security
EventCode=540
EventType=8
Type=Failed Audit
ComputerName=BG03-rjayaraman
User=rjayaraman
Sid=S-1-5-21-57989841-920026266-725345543-6444
SidType=1
Category=2
CategoryString=Logon/Logoff
RecordNumber=9756
Message=Failed Network Logon:
	User Name:		rjayaraman
	Domain:			BUTTERCUPGAMES
	Logon ID:		963871339460
	Logon Type:		3
	Logon Process:  	Kerberos
	Authentication Package: Kerberos
	Workstation Name:	buttercup_rjayaraman
	Logon GUID:		{4dc541a3-d7b1-8ff8-265d-52f9ef4fdf56}
	Caller User Name:	rjayaraman
	Caller BUTTERCUPGAMES
	Caller Logon ID:	-
	Caller Process ID:	-
	Transited Services:	-
	Source Network Address: 10.2.10.74
	Source Port:	11944
Oct 18 2019 13:32:14 
LogName=Security
SourceName=Security
EventCode=540
EventType=8
Type=Success Audit
ComputerName=BG03-rjayaraman
User=rjayaraman
Sid=S-1-5-21-57989841-920026266-725345543-6444
SidType=1
Category=2
CategoryString=Logon/Logoff
RecordNumber=9853
Message=Successful Network Logon:
	User Name:		rjayaraman
	Domain:			BUTTERCUPGAMES
	Logon ID:		963871339460
	Logon Type:		3
	Logon Process:  	Kerberos
	Authentication Package: Kerberos
	Workstation Name:	buttercup_rjayaraman
	Logon GUID:		{4dc541a3-d7b1-8ff8-265d-52f9ef4fdf56}
	Caller User Name:	rjayaraman
	Caller BUTTERCUPGAMES
	Caller Logon ID:	-
	Caller Process ID:	-
	Transited Services:	-
	Source Network Address: 10.2.10.74
	Source Port:	7944
Oct 18 2019 13:43:44 
LogName=Security
SourceName=Security
EventCode=540
EventType=8
Type=Success Audit
ComputerName=BG02-gzuyeva
User=gzuyeva
Sid=S-1-5-21-57989841-920026266-725345543-6444
SidType=1
Category=2
CategoryString=Logon/Logoff
RecordNumber=9747
Message=Successful Network Logon:
	User Name:		gzuyeva
	Domain:			BUTTERCUPGAMES
	Logon ID:		371211812887
	Logon Type:		3
	Logon Process:  	Kerberos
	Authentication Package: Kerberos
	Workstation Name:	buttercup_gzuyeva
	Logon GUID:		{4dc541a3-d7b1-8ff8-265d-52f9ef4fdf56}
	Caller User Name:	gzuyeva
	Caller BUTTERCUPGAMES
	Caller Logon ID:	-
	Caller Process ID:	-
	Transited Services:	-
	Source Network Address: 10.3.10.67
	Source Port:	8162
Oct 18 2019 13:54:42 
LogName=Security
SourceName=Security
EventCode=540
EventType=8
Type=Failed Audit
ComputerName=BG02-lsagers
User=lsagers
Sid=S-1-5-21-57989841-920026266-725345543-6444
SidType=1
Category=2
CategoryString=Logon/Logoff
RecordNumber=9543
Message=Failed Network Logon:
	User Name:		lsagers
	Domain:			BUTTERCUPGAMES
	Logon ID:		249772079712
	Logon Type:		3
	Logon Process:  	Kerberos
	Authentication Package: Kerberos
	Workstation Name:	buttercup_lsagers
	Logon GUID:		{4dc541a3-d7b1-8ff8-265d-52f9ef4fdf56}
	Caller User Name:	lsagers
	Caller BUTTERCUPGAMES
	Caller Logon ID:	-
	Caller Process ID:	-
	Transited Services:	-
	Source Network Address: 10.3.10.21
	Source Port:	10819
Oct 18 2019 13:54:42 
LogName=Security
SourceName=Security
EventCode=540
EventType=8
Type=Success Audit
ComputerName=BG02-lsagers
User=lsagers
Sid=S-1-5-21-57989841-920026266-725345543-6444
SidType=1
Category=2
CategoryString=Logon/Logoff
RecordNumber=9071
Message=Successful Network Logon:
	User Name:		lsagers
	Domain:			BUTTERCUPGAMES
	Logon ID:		249772079712
	Logon Type:		3
	Logon Process:  	Kerberos
	Authentication Package: Kerberos
	Workstation Name:	buttercup_lsagers
	Logon GUID:		{4dc541a3-d7b1-8ff8-265d-52f9ef4fdf56}
	Caller User Name:	lsagers
	Caller BUTTERCUPGAMES
	Caller Logon ID:	-
	Caller Process ID:	-
	Transited Services:	-
	Source Network Address: 10.3.10.21
	Source Port:	5065
Oct 18 2019 14:05:31 
LogName=Security
SourceName=Security
EventCode=540
EventType=8
Type=Success Audit
ComputerName=BG02-dhale
User=dhale
Sid=S-1-5-21-57989841-920026266-725345543-6444
SidType=1
Category=2
CategoryString=Logon/Logoff
RecordNumber=9451
Message=Successful Network Logon:
	User Name:		dhale
	Domain:			BUTTERCUPGAMES
	Logon ID:		672903009231
	Logon Type:		3
	Logon Process:  	Kerberos
	Authentication Package: Kerberos
	Workstation Name:	buttercup_dhale
	Logon GUID:		{4dc541a3-d7b1-8ff8-265d-52f9ef4fdf56}
	Caller User Name:	dhale
	Caller BUTTERCUPGAMES
	Caller Logon ID:	-
	Caller Process ID:	-
	Transited Services:	-
	Source Network Address: 10.3.10.241
	Source Port:	8100
Oct 18 2019 14:03:09 
LogName=Security
SourceName=Security
EventCode=540
EventType=8
Type=Failed Audit
ComputerName=BG02-pbunch
User=pbunch
Sid=S-1-5-21-57989841-920026266-725345543-6444
SidType=1
Category=2
CategoryString=Logon/Logoff
RecordNumber=9821
Message=Failed Network Logon:
	User Name:		pbunch
	Domain:			BUTTERCUPGAMES
	Logon ID:		398009643042
	Logon Type:		3
	Logon Process:  	Kerberos
	Authentication Package: Kerberos
	Workstation Name:	buttercup_pbunch
	Logon GUID:		{4dc541a3-d7b1-8ff8-265d-52f9ef4fdf56}
	Caller User Name:	pbunch
	Caller BUTTERCUPGAMES
	Caller Logon ID:	-
	Caller Process ID:	-
	Transited Services:	-
	Source Network Address: 10.3.10.227
	Source Port:	10798
Oct 18 2019 14:03:09 
LogName=Security
SourceName=Security
EventCode=540
EventType=8
Type=Success Audit
ComputerName=BG02-pbunch
User=pbunch
Sid=S-1-5-21-57989841-920026266-725345543-6444
SidType=1
Category=2
CategoryString=Logon/Logoff
RecordNumber=9390
Message=Successful Network Logon:
	User Name:		pbunch
	Domain:			BUTTERCUPGAMES
	Logon ID:		398009643042
	Logon Type:		3
	Logon Process:  	Kerberos
	Authentication Package: Kerberos
	Workstation Name:	buttercup_pbunch
	Logon GUID:		{4dc541a3-d7b1-8ff8-265d-52f9ef4fdf56}
	Caller User Name:	pbunch
	Caller BUTTERCUPGAMES
	Caller Logon ID:	-
	Caller Process ID:	-
	Transited Services:	-
	Source Network Address: 10.3.10.227
	Source Port:	6711
Oct 18 2019 14:45:59 
LogName=Security
SourceName=Security
EventCode=540
EventType=8
Type=Success Audit
ComputerName=BG01-gvoronoff
User=gvoronoff
Sid=S-1-5-21-57989841-920026266-725345543-6444
SidType=1
Category=2
CategoryString=Logon/Logoff
RecordNumber=9156
Message=Successful Network Logon:
	User Name:		gvoronoff
	Domain:			BUTTERCUPGAMES
	Logon ID:		936901629743
	Logon Type:		3
	Logon Process:  	Kerberos
	Authentication Package: Kerberos
	Workstation Name:	buttercup_gvoronoff
	Logon GUID:		{4dc541a3-d7b1-8ff8-265d-52f9ef4fdf56}
	Caller User Name:	gvoronoff
	Caller BUTTERCUPGAMES
	Caller Logon ID:	-
	Caller Process ID:	-
	Transited Services:	-
	Source Network Address: 10.1.10.163
	Source Port:	7684
Oct 18 2019 15:04:48 
LogName=Security
SourceName=Security
EventCode=540
EventType=8
Type=Success Audit
ComputerName=BG03-bhussain
User=bhussain
Sid=S-1-5-21-57989841-920026266-725345543-6444
SidType=1
Category=2
CategoryString=Logon/Logoff
RecordNumber=9856
Message=Successful Network Logon:
	User Name:		bhussain
	Domain:			BUTTERCUPGAMES
	Logon ID:		890313901800
	Logon Type:		3
	Logon Process:  	Kerberos
	Authentication Package: Kerberos
	Workstation Name:	buttercup_bhussain
	Logon GUID:		{4dc541a3-d7b1-8ff8-265d-52f9ef4fdf56}
	Caller User Name:	bhussain
	Caller BUTTERCUPGAMES
	Caller Logon ID:	-
	Caller Process ID:	-
	Transited Services:	-
	Source Network Address: 10.2.10.22
	Source Port:	7101
Oct 18 2019 15:17:08 
LogName=Security
SourceName=Security
EventCode=540
EventType=8
Type=Success Audit
ComputerName=BG01-lteng
User=lteng
Sid=S-1-5-21-57989841-920026266-725345543-6444
SidType=1
Category=2
CategoryString=Logon/Logoff
RecordNumber=9278
Message=Successful Network Logon:
	User Name:		lteng
	Domain:			BUTTERCUPGAMES
	Logon ID:		727896988001
	Logon Type:		3
	Logon Process:  	Kerberos
	Authentication Package: Kerberos
	Workstation Name:	buttercup_lteng
	Logon GUID:		{4dc541a3-d7b1-8ff8-265d-52f9ef4fdf56}
	Caller User Name:	lteng
	Caller BUTTERCUPGAMES
	Caller Logon ID:	-
	Caller Process ID:	-
	Transited Services:	-
	Source Network Address: 10.1.10.15
	Source Port:	10118
Oct 18 2019 15:37:13 
LogName=Security
SourceName=Security
EventCode=540
EventType=8
Type=Failed Audit
ComputerName=BG02-lsagers
User=lsagers
Sid=S-1-5-21-57989841-920026266-725345543-6444
SidType=1
Category=2
CategoryString=Logon/Logoff
RecordNumber=9165
Message=Failed Network Logon:
	User Name:		lsagers
	Domain:			BUTTERCUPGAMES
	Logon ID:		249772079712
	Logon Type:		3
	Logon Process:  	Kerberos
	Authentication Package: Kerberos
	Workstation Name:	buttercup_lsagers
	Logon GUID:		{4dc541a3-d7b1-8ff8-265d-52f9ef4fdf56}
	Caller User Name:	lsagers
	Caller BUTTERCUPGAMES
	Caller Logon ID:	-
	Caller Process ID:	-
	Transited Services:	-
	Source Network Address: 10.3.10.21
	Source Port:	5611
Oct 18 2019 15:37:13 
LogName=Security
SourceName=Security
EventCode=540
EventType=8
Type=Success Audit
ComputerName=BG02-lsagers
User=lsagers
Sid=S-1-5-21-57989841-920026266-725345543-6444
SidType=1
Category=2
CategoryString=Logon/Logoff
RecordNumber=9481
Message=Successful Network Logon:
	User Name:		lsagers
	Domain:			BUTTERCUPGAMES
	Logon ID:		249772079712
	Logon Type:		3
	Logon Process:  	Kerberos
	Authentication Package: Kerberos
	Workstation Name:	buttercup_lsagers
	Logon GUID:		{4dc541a3-d7b1-8ff8-265d-52f9ef4fdf56}
	Caller User Name:	lsagers
	Caller BUTTERCUPGAMES
	Caller Logon ID:	-
	Caller Process ID:	-
	Transited Services:	-
	Source Network Address: 10.3.10.21
	Source Port:	6504
Oct 18 2019 15:40:58 
LogName=Security
SourceName=Security
EventCode=540
EventType=8
Type=Success Audit
ComputerName=BG02-gzuyeva
User=gzuyeva
Sid=S-1-5-21-57989841-920026266-725345543-6444
SidType=1
Category=2
CategoryString=Logon/Logoff
RecordNumber=9093
Message=Successful Network Logon:
	User Name:		gzuyeva
	Domain:			BUTTERCUPGAMES
	Logon ID:		371211812887
	Logon Type:		3
	Logon Process:  	Kerberos
	Authentication Package: Kerberos
	Workstation Name:	buttercup_gzuyeva
	Logon GUID:		{4dc541a3-d7b1-8ff8-265d-52f9ef4fdf56}
	Caller User Name:	gzuyeva
	Caller BUTTERCUPGAMES
	Caller Logon ID:	-
	Caller Process ID:	-
	Transited Services:	-
	Source Network Address: 10.3.10.67
	Source Port:	4586
Oct 18 2019 15:41:12 
LogName=Security
SourceName=Security
EventCode=540
EventType=8
Type=Failed Audit
ComputerName=BG02-apucci
User=apucci
Sid=S-1-5-21-57989841-920026266-725345543-6444
SidType=1
Category=2
CategoryString=Logon/Logoff
RecordNumber=9866
Message=Failed Network Logon:
	User Name:		apucci
	Domain:			BUTTERCUPGAMES
	Logon ID:		108423575302
	Logon Type:		3
	Logon Process:  	Kerberos
	Authentication Package: Kerberos
	Workstation Name:	buttercup_apucci
	Logon GUID:		{4dc541a3-d7b1-8ff8-265d-52f9ef4fdf56}
	Caller User Name:	apucci
	Caller BUTTERCUPGAMES
	Caller Logon ID:	-
	Caller Process ID:	-
	Transited Services:	-
	Source Network Address: 10.3.10.53
	Source Port:	6222
Oct 18 2019 15:41:12 
LogName=Security
SourceName=Security
EventCode=540
EventType=8
Type=Failed Audit
ComputerName=BG02-apucci
User=apucci
Sid=S-1-5-21-57989841-920026266-725345543-6444
SidType=1
Category=2
CategoryString=Logon/Logoff
RecordNumber=9039
Message=Failed Network Logon:
	User Name:		apucci
	Domain:			BUTTERCUPGAMES
	Logon ID:		108423575302
	Logon Type:		3
	Logon Process:  	Kerberos
	Authentication Package: Kerberos
	Workstation Name:	buttercup_apucci
	Logon GUID:		{4dc541a3-d7b1-8ff8-265d-52f9ef4fdf56}
	Caller User Name:	apucci
	Caller BUTTERCUPGAMES
	Caller Logon ID:	-
	Caller Process ID:	-
	Transited Services:	-
	Source Network Address: 10.3.10.53
	Source Port:	7668
Oct 18 2019 15:41:12 
LogName=Security
SourceName=Security
EventCode=540
EventType=8
Type=Success Audit
ComputerName=BG02-apucci
User=apucci
Sid=S-1-5-21-57989841-920026266-725345543-6444
SidType=1
Category=2
CategoryString=Logon/Logoff
RecordNumber=9114
Message=Successful Network Logon:
	User Name:		apucci
	Domain:			BUTTERCUPGAMES
	Logon ID:		108423575302
	Logon Type:		3
	Logon Process:  	Kerberos
	Authentication Package: Kerberos
	Workstation Name:	buttercup_apucci
	Logon GUID:		{4dc541a3-d7b1-8ff8-265d-52f9ef4fdf56}
	Caller User Name:	apucci
	Caller BUTTERCUPGAMES
	Caller Logon ID:	-
	Caller Process ID:	-
	Transited Services:	-
	Source Network Address: 10.3.10.53
	Source Port:	8982
Oct 18 2019 16:12:22 
LogName=Security
SourceName=Security
EventCode=540
EventType=8
Type=Failed Audit
ComputerName=A.W.E.S.O.M.-O
User=emaxwell
Sid=S-1-5-21-57989841-920026266-725345543-6444
SidType=1
Category=2
CategoryString=Logon/Logoff
RecordNumber=9576
Message=Failed Network Logon:
	User Name:		emaxwell
	Domain:			BUTTERCUPGAMES
	Logon ID:		374765319282
	Logon Type:		3
	Logon Process:  	Kerberos
	Authentication Package: Kerberos
	Workstation Name:	buttercup_emaxwell
	Logon GUID:		{4dc541a3-d7b1-8ff8-265d-52f9ef4fdf56}
	Caller User Name:	emaxwell
	Caller BUTTERCUPGAMES
	Caller Logon ID:	-
	Caller Process ID:	-
	Transited Services:	-
	Source Network Address: 10.3.10.46
	Source Port:	10439
Oct 18 2019 16:12:22 
LogName=Security
SourceName=Security
EventCode=540
EventType=8
Type=Success Audit
ComputerName=A.W.E.S.O.M.-O
User=emaxwell
Sid=S-1-5-21-57989841-920026266-725345543-6444
SidType=1
Category=2
CategoryString=Logon/Logoff
RecordNumber=9163
Message=Successful Network Logon:
	User Name:		emaxwell
	Domain:			BUTTERCUPGAMES
	Logon ID:		374765319282
	Logon Type:		3
	Logon Process:  	Kerberos
	Authentication Package: Kerberos
	Workstation Name:	buttercup_emaxwell
	Logon GUID:		{4dc541a3-d7b1-8ff8-265d-52f9ef4fdf56}
	Caller User Name:	emaxwell
	Caller BUTTERCUPGAMES
	Caller Logon ID:	-
	Caller Process ID:	-
	Transited Services:	-
	Source Network Address: 10.3.10.46
	Source Port:	11638
Oct 18 2019 16:52:44 
LogName=Security
SourceName=Security
EventCode=540
EventType=8
Type=Success Audit
ComputerName=BG01-acurry
User=acurry
Sid=S-1-5-21-57989841-920026266-725345543-6444
SidType=1
Category=2
CategoryString=Logon/Logoff
RecordNumber=9250
Message=Successful Network Logon:
	User Name:		acurry
	Domain:			BUTTERCUPGAMES
	Logon ID:		417852300683
	Logon Type:		3
	Logon Process:  	Kerberos
	Authentication Package: Kerberos
	Workstation Name:	buttercup_acurry
	Logon GUID:		{4dc541a3-d7b1-8ff8-265d-52f9ef4fdf56}
	Caller User Name:	acurry
	Caller BUTTERCUPGAMES
	Caller Logon ID:	-
	Caller Process ID:	-
	Transited Services:	-
	Source Network Address: 10.1.10.252
	Source Port:	5768
Oct 18 2019 16:48:01 
LogName=Security
SourceName=Security
EventCode=540
EventType=8
Type=Success Audit
ComputerName=BG01-blu
User=blu
Sid=S-1-5-21-57989841-920026266-725345543-6444
SidType=1
Category=2
CategoryString=Logon/Logoff
RecordNumber=9604
Message=Successful Network Logon:
	User Name:		blu
	Domain:			BUTTERCUPGAMES
	Logon ID:		520156890727
	Logon Type:		3
	Logon Process:  	Kerberos
	Authentication Package: Kerberos
	Workstation Name:	buttercup_blu
	Logon GUID:		{4dc541a3-d7b1-8ff8-265d-52f9ef4fdf56}
	Caller User Name:	blu
	Caller BUTTERCUPGAMES
	Caller Logon ID:	-
	Caller Process ID:	-
	Transited Services:	-
	Source Network Address: 10.1.10.100
	Source Port:	6827
Oct 18 2019 16:53:48 
LogName=Security
SourceName=Security
EventCode=540
EventType=8
Type=Success Audit
ComputerName=BG02-dhale
User=dhale
Sid=S-1-5-21-57989841-920026266-725345543-6444
SidType=1
Category=2
CategoryString=Logon/Logoff
RecordNumber=9997
Message=Successful Network Logon:
	User Name:		dhale
	Domain:			BUTTERCUPGAMES
	Logon ID:		672903009231
	Logon Type:		3
	Logon Process:  	Kerberos
	Authentication Package: Kerberos
	Workstation Name:	buttercup_dhale
	Logon GUID:		{4dc541a3-d7b1-8ff8-265d-52f9ef4fdf56}
	Caller User Name:	dhale
	Caller BUTTERCUPGAMES
	Caller Logon ID:	-
	Caller Process ID:	-
	Transited Services:	-
	Source Network Address: 10.3.10.241
	Source Port:	6658
Oct 18 2019 17:01:55 
LogName=Security
SourceName=Security
EventCode=540
EventType=8
Type=Success Audit
ComputerName=BG02-djohnson
User=djohnson
Sid=S-1-5-21-57989841-920026266-725345543-6444
SidType=1
Category=2
CategoryString=Logon/Logoff
RecordNumber=9483
Message=Successful Network Logon:
	User Name:		djohnson
	Domain:			BUTTERCUPGAMES
	Logon ID:		227128834140
	Logon Type:		3
	Logon Process:  	Kerberos
	Authentication Package: Kerberos
	Workstation Name:	buttercup_djohnson
	Logon GUID:		{4dc541a3-d7b1-8ff8-265d-52f9ef4fdf56}
	Caller User Name:	djohnson
	Caller BUTTERCUPGAMES
	Caller Logon ID:	-
	Caller Process ID:	-
	Transited Services:	-
	Source Network Address: 10.3.10.180
	Source Port:	6626
Oct 18 2019 17:26:42 
LogName=Security
SourceName=Security
EventCode=540
EventType=8
Type=Success Audit
ComputerName=BG01-adombrowski
User=adombrowski
Sid=S-1-5-21-57989841-920026266-725345543-6444
SidType=1
Category=2
CategoryString=Logon/Logoff
RecordNumber=9348
Message=Successful Network Logon:
	User Name:		adombrowski
	Domain:			BUTTERCUPGAMES
	Logon ID:		542830538161
	Logon Type:		3
	Logon Process:  	Kerberos
	Authentication Package: Kerberos
	Workstation Name:	buttercup_adombrowski
	Logon GUID:		{4dc541a3-d7b1-8ff8-265d-52f9ef4fdf56}
	Caller User Name:	adombrowski
	Caller BUTTERCUPGAMES
	Caller Logon ID:	-
	Caller Process ID:	-
	Transited Services:	-
	Source Network Address: 10.1.10.129
	Source Port:	10123
Oct 18 2019 17:31:13 
LogName=Security
SourceName=Security
EventCode=540
EventType=8
Type=Success Audit
ComputerName=BG01-ptoscani
User=ptoscani
Sid=S-1-5-21-57989841-920026266-725345543-6444
SidType=1
Category=2
CategoryString=Logon/Logoff
RecordNumber=9154
Message=Successful Network Logon:
	User Name:		ptoscani
	Domain:			BUTTERCUPGAMES
	Logon ID:		153218951159
	Logon Type:		3
	Logon Process:  	Kerberos
	Authentication Package: Kerberos
	Workstation Name:	buttercup_ptoscani
	Logon GUID:		{4dc541a3-d7b1-8ff8-265d-52f9ef4fdf56}
	Caller User Name:	ptoscani
	Caller BUTTERCUPGAMES
	Caller Logon ID:	-
	Caller Process ID:	-
	Transited Services:	-
	Source Network Address: 10.1.10.38
	Source Port:	10696
Oct 18 2019 17:37:15 
LogName=Security
SourceName=Security
EventCode=540
EventType=8
Type=Success Audit
ComputerName=BG02-pbunch
User=pbunch
Sid=S-1-5-21-57989841-920026266-725345543-6444
SidType=1
Category=2
CategoryString=Logon/Logoff
RecordNumber=9437
Message=Successful Network Logon:
	User Name:		pbunch
	Domain:			BUTTERCUPGAMES
	Logon ID:		398009643042
	Logon Type:		3
	Logon Process:  	Kerberos
	Authentication Package: Kerberos
	Workstation Name:	buttercup_pbunch
	Logon GUID:		{4dc541a3-d7b1-8ff8-265d-52f9ef4fdf56}
	Caller User Name:	pbunch
	Caller BUTTERCUPGAMES
	Caller Logon ID:	-
	Caller Process ID:	-
	Transited Services:	-
	Source Network Address: 10.3.10.227
	Source Port:	8389
Oct 18 2019 17:56:56 
LogName=Security
SourceName=Security
EventCode=540
EventType=8
Type=Success Audit
ComputerName=BG01-iking
User=iking
Sid=S-1-5-21-57989841-920026266-725345543-6444
SidType=1
Category=2
CategoryString=Logon/Logoff
RecordNumber=9525
Message=Successful Network Logon:
	User Name:		iking
	Domain:			BUTTERCUPGAMES
	Logon ID:		994499284304
	Logon Type:		3
	Logon Process:  	Kerberos
	Authentication Package: Kerberos
	Workstation Name:	buttercup_iking
	Logon GUID:		{4dc541a3-d7b1-8ff8-265d-52f9ef4fdf56}
	Caller User Name:	iking
	Caller BUTTERCUPGAMES
	Caller Logon ID:	-
	Caller Process ID:	-
	Transited Services:	-
	Source Network Address: 10.1.10.201
	Source Port:	7852
Oct 18 2019 18:05:00 
LogName=Security
SourceName=Security
EventCode=540
EventType=8
Type=Success Audit
ComputerName=BG01-cfarrell
User=cfarrell
Sid=S-1-5-21-57989841-920026266-725345543-6444
SidType=1
Category=2
CategoryString=Logon/Logoff
RecordNumber=9927
Message=Successful Network Logon:
	User Name:		cfarrell
	Domain:			BUTTERCUPGAMES
	Logon ID:		768166372290
	Logon Type:		3
	Logon Process:  	Kerberos
	Authentication Package: Kerberos
	Workstation Name:	buttercup_cfarrell
	Logon GUID:		{4dc541a3-d7b1-8ff8-265d-52f9ef4fdf56}
	Caller User Name:	cfarrell
	Caller BUTTERCUPGAMES
	Caller Logon ID:	-
	Caller Process ID:	-
	Transited Services:	-
	Source Network Address: 10.1.10.107
	Source Port:	10166
Oct 18 2019 18:08:05 
LogName=Security
SourceName=Security
EventCode=540
EventType=8
Type=Success Audit
ComputerName=BG01-kpercy
User=kpercy
Sid=S-1-5-21-57989841-920026266-725345543-6444
SidType=1
Category=2
CategoryString=Logon/Logoff
RecordNumber=9258
Message=Successful Network Logon:
	User Name:		kpercy
	Domain:			BUTTERCUPGAMES
	Logon ID:		569361105570
	Logon Type:		3
	Logon Process:  	Kerberos
	Authentication Package: Kerberos
	Workstation Name:	buttercup_kpercy
	Logon GUID:		{4dc541a3-d7b1-8ff8-265d-52f9ef4fdf56}
	Caller User Name:	kpercy
	Caller BUTTERCUPGAMES
	Caller Logon ID:	-
	Caller Process ID:	-
	Transited Services:	-
	Source Network Address: 10.1.10.216
	Source Port:	4118
Oct 18 2019 18:38:55 
LogName=Security
SourceName=Security
EventCode=540
EventType=8
Type=Success Audit
ComputerName=BG01-lteng
User=lteng
Sid=S-1-5-21-57989841-920026266-725345543-6444
SidType=1
Category=2
CategoryString=Logon/Logoff
RecordNumber=9636
Message=Successful Network Logon:
	User Name:		lteng
	Domain:			BUTTERCUPGAMES
	Logon ID:		727896988001
	Logon Type:		3
	Logon Process:  	Kerberos
	Authentication Package: Kerberos
	Workstation Name:	buttercup_lteng
	Logon GUID:		{4dc541a3-d7b1-8ff8-265d-52f9ef4fdf56}
	Caller User Name:	lteng
	Caller BUTTERCUPGAMES
	Caller Logon ID:	-
	Caller Process ID:	-
	Transited Services:	-
	Source Network Address: 10.1.10.15
	Source Port:	10439
Oct 18 2019 18:47:24 
LogName=Security
SourceName=Security
EventCode=540
EventType=8
Type=Success Audit
ComputerName=BG01-kpercy
User=kpercy
Sid=S-1-5-21-57989841-920026266-725345543-6444
SidType=1
Category=2
CategoryString=Logon/Logoff
RecordNumber=9744
Message=Successful Network Logon:
	User Name:		kpercy
	Domain:			BUTTERCUPGAMES
	Logon ID:		569361105570
	Logon Type:		3
	Logon Process:  	Kerberos
	Authentication Package: Kerberos
	Workstation Name:	buttercup_kpercy
	Logon GUID:		{4dc541a3-d7b1-8ff8-265d-52f9ef4fdf56}
	Caller User Name:	kpercy
	Caller BUTTERCUPGAMES
	Caller Logon ID:	-
	Caller Process ID:	-
	Transited Services:	-
	Source Network Address: 10.1.10.216
	Source Port:	11481
Oct 18 2019 19:04:43 
LogName=Security
SourceName=Security
EventCode=540
EventType=8
Type=Failed Audit
ComputerName=A.W.E.S.O.M.-O
User=emaxwell
Sid=S-1-5-21-57989841-920026266-725345543-6444
SidType=1
Category=2
CategoryString=Logon/Logoff
RecordNumber=9780
Message=Failed Network Logon:
	User Name:		emaxwell
	Domain:			BUTTERCUPGAMES
	Logon ID:		374765319282
	Logon Type:		3
	Logon Process:  	Kerberos
	Authentication Package: Kerberos
	Workstation Name:	buttercup_emaxwell
	Logon GUID:		{4dc541a3-d7b1-8ff8-265d-52f9ef4fdf56}
	Caller User Name:	emaxwell
	Caller BUTTERCUPGAMES
	Caller Logon ID:	-
	Caller Process ID:	-
	Transited Services:	-
	Source Network Address: 10.3.10.46
	Source Port:	7179
Oct 18 2019 19:04:43 
LogName=Security
SourceName=Security
EventCode=540
EventType=8
Type=Success Audit
ComputerName=A.W.E.S.O.M.-O
User=emaxwell
Sid=S-1-5-21-57989841-920026266-725345543-6444
SidType=1
Category=2
CategoryString=Logon/Logoff
RecordNumber=9997
Message=Successful Network Logon:
	User Name:		emaxwell
	Domain:			BUTTERCUPGAMES
	Logon ID:		374765319282
	Logon Type:		3
	Logon Process:  	Kerberos
	Authentication Package: Kerberos
	Workstation Name:	buttercup_emaxwell
	Logon GUID:		{4dc541a3-d7b1-8ff8-265d-52f9ef4fdf56}
	Caller User Name:	emaxwell
	Caller BUTTERCUPGAMES
	Caller Logon ID:	-
	Caller Process ID:	-
	Transited Services:	-
	Source Network Address: 10.3.10.46
	Source Port:	10779
Oct 18 2019 19:14:10 
LogName=Security
SourceName=Security
EventCode=540
EventType=8
Type=Failed Audit
ComputerName=BG01-iking
User=iking
Sid=S-1-5-21-57989841-920026266-725345543-6444
SidType=1
Category=2
CategoryString=Logon/Logoff
RecordNumber=9629
Message=Failed Network Logon:
	User Name:		iking
	Domain:			BUTTERCUPGAMES
	Logon ID:		994499284304
	Logon Type:		3
	Logon Process:  	Kerberos
	Authentication Package: Kerberos
	Workstation Name:	buttercup_iking
	Logon GUID:		{4dc541a3-d7b1-8ff8-265d-52f9ef4fdf56}
	Caller User Name:	iking
	Caller BUTTERCUPGAMES
	Caller Logon ID:	-
	Caller Process ID:	-
	Transited Services:	-
	Source Network Address: 10.1.10.201
	Source Port:	4769
Oct 18 2019 19:14:10 
LogName=Security
SourceName=Security
EventCode=540
EventType=8
Type=Failed Audit
ComputerName=BG01-iking
User=iking
Sid=S-1-5-21-57989841-920026266-725345543-6444
SidType=1
Category=2
CategoryString=Logon/Logoff
RecordNumber=9785
Message=Failed Network Logon:
	User Name:		iking
	Domain:			BUTTERCUPGAMES
	Logon ID:		994499284304
	Logon Type:		3
	Logon Process:  	Kerberos
	Authentication Package: Kerberos
	Workstation Name:	buttercup_iking
	Logon GUID:		{4dc541a3-d7b1-8ff8-265d-52f9ef4fdf56}
	Caller User Name:	iking
	Caller BUTTERCUPGAMES
	Caller Logon ID:	-
	Caller Process ID:	-
	Transited Services:	-
	Source Network Address: 10.1.10.201
	Source Port:	5363
Oct 18 2019 19:14:10 
LogName=Security
SourceName=Security
EventCode=540
EventType=8
Type=Success Audit
ComputerName=BG01-iking
User=iking
Sid=S-1-5-21-57989841-920026266-725345543-6444
SidType=1
Category=2
CategoryString=Logon/Logoff
RecordNumber=9817
Message=Successful Network Logon:
	User Name:		iking
	Domain:			BUTTERCUPGAMES
	Logon ID:		994499284304
	Logon Type:		3
	Logon Process:  	Kerberos
	Authentication Package: Kerberos
	Workstation Name:	buttercup_iking
	Logon GUID:		{4dc541a3-d7b1-8ff8-265d-52f9ef4fdf56}
	Caller User Name:	iking
	Caller BUTTERCUPGAMES
	Caller Logon ID:	-
	Caller Process ID:	-
	Transited Services:	-
	Source Network Address: 10.1.10.201
	Source Port:	11526
Oct 18 2019 19:18:04 
LogName=Security
SourceName=Security
EventCode=540
EventType=8
Type=Failed Audit
ComputerName=BG01-adombrowski
User=adombrowski
Sid=S-1-5-21-57989841-920026266-725345543-6444
SidType=1
Category=2
CategoryString=Logon/Logoff
RecordNumber=9364
Message=Failed Network Logon:
	User Name:		adombrowski
	Domain:			BUTTERCUPGAMES
	Logon ID:		542830538161
	Logon Type:		3
	Logon Process:  	Kerberos
	Authentication Package: Kerberos
	Workstation Name:	buttercup_adombrowski
	Logon GUID:		{4dc541a3-d7b1-8ff8-265d-52f9ef4fdf56}
	Caller User Name:	adombrowski
	Caller BUTTERCUPGAMES
	Caller Logon ID:	-
	Caller Process ID:	-
	Transited Services:	-
	Source Network Address: 10.1.10.129
	Source Port:	5766
