Oct 28 2019 15:02:30 
LogName=Security
SourceName=Security
EventCode=540
EventType=8
Type=Success Audit
ComputerName=BG02-apucci
User=apucci
Sid=S-1-5-21-57989841-920026266-725345543-6444
SidType=1
Category=2
CategoryString=Logon/Logoff
RecordNumber=9051
Message=Successful Network Logon:
	User Name:		apucci
	Domain:			BUTTERCUPGAMES
	Logon ID:		108423575302
	Logon Type:		3
	Logon Process:  	Kerberos
	Authentication Package: Kerberos
	Workstation Name:	buttercup_apucci
	Logon GUID:		{4dc541a3-d7b1-8ff8-265d-52f9ef4fdf56}
	Caller User Name:	apucci
	Caller BUTTERCUPGAMES
	Caller Logon ID:	-
	Caller Process ID:	-
	Transited Services:	-
	Source Network Address: 10.3.10.53
	Source Port:	11400
Oct 28 2019 14:59:14 
LogName=Security
SourceName=Security
EventCode=540
EventType=8
Type=Success Audit
ComputerName=BG01-lteng
User=lteng
Sid=S-1-5-21-57989841-920026266-725345543-6444
SidType=1
Category=2
CategoryString=Logon/Logoff
RecordNumber=9364
Message=Successful Network Logon:
	User Name:		lteng
	Domain:			BUTTERCUPGAMES
	Logon ID:		727896988001
	Logon Type:		3
	Logon Process:  	Kerberos
	Authentication Package: Kerberos
	Workstation Name:	buttercup_lteng
	Logon GUID:		{4dc541a3-d7b1-8ff8-265d-52f9ef4fdf56}
	Caller User Name:	lteng
	Caller BUTTERCUPGAMES
	Caller Logon ID:	-
	Caller Process ID:	-
	Transited Services:	-
	Source Network Address: 10.1.10.15
	Source Port:	6182
Oct 28 2019 15:14:46 
LogName=Security
SourceName=Security
EventCode=540
EventType=8
Type=Failed Audit
ComputerName=BG02-dhale
User=dhale
Sid=S-1-5-21-57989841-920026266-725345543-6444
SidType=1
Category=2
CategoryString=Logon/Logoff
RecordNumber=9708
Message=Failed Network Logon:
	User Name:		dhale
	Domain:			BUTTERCUPGAMES
	Logon ID:		672903009231
	Logon Type:		3
	Logon Process:  	Kerberos
	Authentication Package: Kerberos
	Workstation Name:	buttercup_dhale
	Logon GUID:		{4dc541a3-d7b1-8ff8-265d-52f9ef4fdf56}
	Caller User Name:	dhale
	Caller BUTTERCUPGAMES
	Caller Logon ID:	-
	Caller Process ID:	-
	Transited Services:	-
	Source Network Address: 10.3.10.241
	Source Port:	10715
Oct 28 2019 15:14:46 
LogName=Security
SourceName=Security
EventCode=540
EventType=8
Type=Success Audit
ComputerName=BG02-dhale
User=dhale
Sid=S-1-5-21-57989841-920026266-725345543-6444
SidType=1
Category=2
CategoryString=Logon/Logoff
RecordNumber=9300
Message=Successful Network Logon:
	User Name:		dhale
	Domain:			BUTTERCUPGAMES
	Logon ID:		672903009231
	Logon Type:		3
	Logon Process:  	Kerberos
	Authentication Package: Kerberos
	Workstation Name:	buttercup_dhale
	Logon GUID:		{4dc541a3-d7b1-8ff8-265d-52f9ef4fdf56}
	Caller User Name:	dhale
	Caller BUTTERCUPGAMES
	Caller Logon ID:	-
	Caller Process ID:	-
	Transited Services:	-
	Source Network Address: 10.3.10.241
	Source Port:	4027
Oct 28 2019 16:03:49 
LogName=Security
SourceName=Security
EventCode=540
EventType=8
Type=Success Audit
ComputerName=BG03-npearce
User=npearce
Sid=S-1-5-21-57989841-920026266-725345543-6444
SidType=1
Category=2
CategoryString=Logon/Logoff
RecordNumber=9763
Message=Successful Network Logon:
	User Name:		npearce
	Domain:			BUTTERCUPGAMES
	Logon ID:		145297537706
	Logon Type:		3
	Logon Process:  	Kerberos
	Authentication Package: Kerberos
	Workstation Name:	buttercup_npearce
	Logon GUID:		{4dc541a3-d7b1-8ff8-265d-52f9ef4fdf56}
	Caller User Name:	npearce
	Caller BUTTERCUPGAMES
	Caller Logon ID:	-
	Caller Process ID:	-
	Transited Services:	-
	Source Network Address: 10.2.10.70
	Source Port:	5774
Oct 28 2019 16:25:38 
LogName=Security
SourceName=Security
EventCode=540
EventType=8
Type=Failed Audit
ComputerName=BG02-pbunch
User=pbunch
Sid=S-1-5-21-57989841-920026266-725345543-6444
SidType=1
Category=2
CategoryString=Logon/Logoff
RecordNumber=9362
Message=Failed Network Logon:
	User Name:		pbunch
	Domain:			BUTTERCUPGAMES
	Logon ID:		398009643042
	Logon Type:		3
	Logon Process:  	Kerberos
	Authentication Package: Kerberos
	Workstation Name:	buttercup_pbunch
	Logon GUID:		{4dc541a3-d7b1-8ff8-265d-52f9ef4fdf56}
	Caller User Name:	pbunch
	Caller BUTTERCUPGAMES
	Caller Logon ID:	-
	Caller Process ID:	-
	Transited Services:	-
	Source Network Address: 10.3.10.227
	Source Port:	7880
Oct 28 2019 16:25:38 
LogName=Security
SourceName=Security
EventCode=540
EventType=8
Type=Success Audit
ComputerName=BG02-pbunch
User=pbunch
Sid=S-1-5-21-57989841-920026266-725345543-6444
SidType=1
Category=2
CategoryString=Logon/Logoff
RecordNumber=9972
Message=Successful Network Logon:
	User Name:		pbunch
	Domain:			BUTTERCUPGAMES
	Logon ID:		398009643042
	Logon Type:		3
	Logon Process:  	Kerberos
	Authentication Package: Kerberos
	Workstation Name:	buttercup_pbunch
	Logon GUID:		{4dc541a3-d7b1-8ff8-265d-52f9ef4fdf56}
	Caller User Name:	pbunch
	Caller BUTTERCUPGAMES
	Caller Logon ID:	-
	Caller Process ID:	-
	Transited Services:	-
	Source Network Address: 10.3.10.227
	Source Port:	4527
Oct 28 2019 16:51:50 
LogName=Security
SourceName=Security
EventCode=540
EventType=8
Type=Success Audit
ComputerName=BG02-djohnson
User=djohnson
Sid=S-1-5-21-57989841-920026266-725345543-6444
SidType=1
Category=2
CategoryString=Logon/Logoff
RecordNumber=9432
Message=Successful Network Logon:
	User Name:		djohnson
	Domain:			BUTTERCUPGAMES
	Logon ID:		227128834140
	Logon Type:		3
	Logon Process:  	Kerberos
	Authentication Package: Kerberos
	Workstation Name:	buttercup_djohnson
	Logon GUID:		{4dc541a3-d7b1-8ff8-265d-52f9ef4fdf56}
	Caller User Name:	djohnson
	Caller BUTTERCUPGAMES
	Caller Logon ID:	-
	Caller Process ID:	-
	Transited Services:	-
	Source Network Address: 10.3.10.180
	Source Port:	6840
Oct 28 2019 16:53:06 
LogName=Security
SourceName=Security
EventCode=540
EventType=8
Type=Failed Audit
ComputerName=BG01-adombrowski
User=adombrowski
Sid=S-1-5-21-57989841-920026266-725345543-6444
SidType=1
Category=2
CategoryString=Logon/Logoff
RecordNumber=9673
Message=Failed Network Logon:
	User Name:		adombrowski
	Domain:			BUTTERCUPGAMES
	Logon ID:		542830538161
	Logon Type:		3
	Logon Process:  	Kerberos
	Authentication Package: Kerberos
	Workstation Name:	buttercup_adombrowski
	Logon GUID:		{4dc541a3-d7b1-8ff8-265d-52f9ef4fdf56}
	Caller User Name:	adombrowski
	Caller BUTTERCUPGAMES
	Caller Logon ID:	-
	Caller Process ID:	-
	Transited Services:	-
	Source Network Address: 10.1.10.129
	Source Port:	9498
Oct 28 2019 16:53:06 
LogName=Security
SourceName=Security
EventCode=540
EventType=8
Type=Success Audit
ComputerName=BG01-adombrowski
User=adombrowski
Sid=S-1-5-21-57989841-920026266-725345543-6444
SidType=1
Category=2
CategoryString=Logon/Logoff
RecordNumber=9618
Message=Successful Network Logon:
	User Name:		adombrowski
	Domain:			BUTTERCUPGAMES
	Logon ID:		542830538161
	Logon Type:		3
	Logon Process:  	Kerberos
	Authentication Package: Kerberos
	Workstation Name:	buttercup_adombrowski
	Logon GUID:		{4dc541a3-d7b1-8ff8-265d-52f9ef4fdf56}
	Caller User Name:	adombrowski
	Caller BUTTERCUPGAMES
	Caller Logon ID:	-
	Caller Process ID:	-
	Transited Services:	-
	Source Network Address: 10.1.10.129
	Source Port:	7674
Oct 28 2019 17:11:31 
LogName=Security
SourceName=Security
EventCode=540
EventType=8
Type=Success Audit
ComputerName=BG01-cfarrell
User=cfarrell
Sid=S-1-5-21-57989841-920026266-725345543-6444
SidType=1
Category=2
CategoryString=Logon/Logoff
RecordNumber=9968
Message=Successful Network Logon:
	User Name:		cfarrell
	Domain:			BUTTERCUPGAMES
	Logon ID:		768166372290
	Logon Type:		3
	Logon Process:  	Kerberos
	Authentication Package: Kerberos
	Workstation Name:	buttercup_cfarrell
	Logon GUID:		{4dc541a3-d7b1-8ff8-265d-52f9ef4fdf56}
	Caller User Name:	cfarrell
	Caller BUTTERCUPGAMES
	Caller Logon ID:	-
	Caller Process ID:	-
	Transited Services:	-
	Source Network Address: 10.1.10.107
	Source Port:	8666
Oct 28 2019 17:27:04 
LogName=Security
SourceName=Security
EventCode=540
EventType=8
Type=Failed Audit
ComputerName=BG03-yowen
User=yowen
Sid=S-1-5-21-57989841-920026266-725345543-6444
SidType=1
Category=2
CategoryString=Logon/Logoff
RecordNumber=9737
Message=Failed Network Logon:
	User Name:		yowen
	Domain:			BUTTERCUPGAMES
	Logon ID:		632071692298
	Logon Type:		3
	Logon Process:  	Kerberos
	Authentication Package: Kerberos
	Workstation Name:	buttercup_yowen
	Logon GUID:		{4dc541a3-d7b1-8ff8-265d-52f9ef4fdf56}
	Caller User Name:	yowen
	Caller BUTTERCUPGAMES
	Caller Logon ID:	-
	Caller Process ID:	-
	Transited Services:	-
	Source Network Address: 10.2.10.170
	Source Port:	11596
Oct 28 2019 17:27:04 
LogName=Security
SourceName=Security
EventCode=540
EventType=8
Type=Success Audit
ComputerName=BG03-yowen
User=yowen
Sid=S-1-5-21-57989841-920026266-725345543-6444
SidType=1
Category=2
CategoryString=Logon/Logoff
RecordNumber=9543
Message=Successful Network Logon:
	User Name:		yowen
	Domain:			BUTTERCUPGAMES
	Logon ID:		632071692298
	Logon Type:		3
	Logon Process:  	Kerberos
	Authentication Package: Kerberos
	Workstation Name:	buttercup_yowen
	Logon GUID:		{4dc541a3-d7b1-8ff8-265d-52f9ef4fdf56}
	Caller User Name:	yowen
	Caller BUTTERCUPGAMES
	Caller Logon ID:	-
	Caller Process ID:	-
	Transited Services:	-
	Source Network Address: 10.2.10.170
	Source Port:	6080
Oct 28 2019 17:20:08 
LogName=Security
SourceName=Security
EventCode=540
EventType=8
Type=Failed Audit
ComputerName=BG03-fbryan
User=fbryan
Sid=S-1-5-21-57989841-920026266-725345543-6444
SidType=1
Category=2
CategoryString=Logon/Logoff
RecordNumber=9890
Message=Failed Network Logon:
	User Name:		fbryan
	Domain:			BUTTERCUPGAMES
	Logon ID:		862417886973
	Logon Type:		3
	Logon Process:  	Kerberos
	Authentication Package: Kerberos
	Workstation Name:	buttercup_fbryan
	Logon GUID:		{4dc541a3-d7b1-8ff8-265d-52f9ef4fdf56}
	Caller User Name:	fbryan
	Caller BUTTERCUPGAMES
	Caller Logon ID:	-
	Caller Process ID:	-
	Transited Services:	-
	Source Network Address: 10.2.10.166
	Source Port:	5831
Oct 28 2019 17:20:08 
LogName=Security
SourceName=Security
EventCode=540
EventType=8
Type=Failed Audit
ComputerName=BG03-fbryan
User=fbryan
Sid=S-1-5-21-57989841-920026266-725345543-6444
SidType=1
Category=2
CategoryString=Logon/Logoff
RecordNumber=9426
Message=Failed Network Logon:
	User Name:		fbryan
	Domain:			BUTTERCUPGAMES
	Logon ID:		862417886973
	Logon Type:		3
	Logon Process:  	Kerberos
	Authentication Package: Kerberos
	Workstation Name:	buttercup_fbryan
	Logon GUID:		{4dc541a3-d7b1-8ff8-265d-52f9ef4fdf56}
	Caller User Name:	fbryan
	Caller BUTTERCUPGAMES
	Caller Logon ID:	-
	Caller Process ID:	-
	Transited Services:	-
	Source Network Address: 10.2.10.166
	Source Port:	6968
Oct 28 2019 17:20:08 
LogName=Security
SourceName=Security
EventCode=540
EventType=8
Type=Success Audit
ComputerName=BG03-fbryan
User=fbryan
Sid=S-1-5-21-57989841-920026266-725345543-6444
SidType=1
Category=2
CategoryString=Logon/Logoff
RecordNumber=9580
Message=Successful Network Logon:
	User Name:		fbryan
	Domain:			BUTTERCUPGAMES
	Logon ID:		862417886973
	Logon Type:		3
	Logon Process:  	Kerberos
	Authentication Package: Kerberos
	Workstation Name:	buttercup_fbryan
	Logon GUID:		{4dc541a3-d7b1-8ff8-265d-52f9ef4fdf56}
	Caller User Name:	fbryan
	Caller BUTTERCUPGAMES
	Caller Logon ID:	-
	Caller Process ID:	-
	Transited Services:	-
	Source Network Address: 10.2.10.166
	Source Port:	5135
Oct 28 2019 17:24:40 
LogName=Security
SourceName=Security
EventCode=540
EventType=8
Type=Success Audit
ComputerName=BG01-adombrowski
User=adombrowski
Sid=S-1-5-21-57989841-920026266-725345543-6444
SidType=1
Category=2
CategoryString=Logon/Logoff
RecordNumber=9871
Message=Successful Network Logon:
	User Name:		adombrowski
	Domain:			BUTTERCUPGAMES
	Logon ID:		542830538161
	Logon Type:		3
	Logon Process:  	Kerberos
	Authentication Package: Kerberos
	Workstation Name:	buttercup_adombrowski
	Logon GUID:		{4dc541a3-d7b1-8ff8-265d-52f9ef4fdf56}
	Caller User Name:	adombrowski
	Caller BUTTERCUPGAMES
	Caller Logon ID:	-
	Caller Process ID:	-
	Transited Services:	-
	Source Network Address: 10.1.10.129
	Source Port:	5525
Oct 28 2019 17:36:43 
LogName=Security
SourceName=Security
EventCode=540
EventType=8
Type=Failed Audit
ComputerName=BG01-iking
User=iking
Sid=S-1-5-21-57989841-920026266-725345543-6444
SidType=1
Category=2
CategoryString=Logon/Logoff
RecordNumber=9303
Message=Failed Network Logon:
	User Name:		iking
	Domain:			BUTTERCUPGAMES
	Logon ID:		994499284304
	Logon Type:		3
	Logon Process:  	Kerberos
	Authentication Package: Kerberos
	Workstation Name:	buttercup_iking
	Logon GUID:		{4dc541a3-d7b1-8ff8-265d-52f9ef4fdf56}
	Caller User Name:	iking
	Caller BUTTERCUPGAMES
	Caller Logon ID:	-
	Caller Process ID:	-
	Transited Services:	-
	Source Network Address: 10.1.10.201
	Source Port:	6049
Oct 28 2019 17:36:43 
LogName=Security
SourceName=Security
EventCode=540
EventType=8
Type=Success Audit
ComputerName=BG01-iking
User=iking
Sid=S-1-5-21-57989841-920026266-725345543-6444
SidType=1
Category=2
CategoryString=Logon/Logoff
RecordNumber=9358
Message=Successful Network Logon:
	User Name:		iking
	Domain:			BUTTERCUPGAMES
	Logon ID:		994499284304
	Logon Type:		3
	Logon Process:  	Kerberos
	Authentication Package: Kerberos
	Workstation Name:	buttercup_iking
	Logon GUID:		{4dc541a3-d7b1-8ff8-265d-52f9ef4fdf56}
	Caller User Name:	iking
	Caller BUTTERCUPGAMES
	Caller Logon ID:	-
	Caller Process ID:	-
	Transited Services:	-
	Source Network Address: 10.1.10.201
	Source Port:	9122
Oct 28 2019 17:30:31 
LogName=Security
SourceName=Security
EventCode=540
EventType=8
Type=Success Audit
ComputerName=BG02-gzuyeva
User=gzuyeva
Sid=S-1-5-21-57989841-920026266-725345543-6444
SidType=1
Category=2
CategoryString=Logon/Logoff
RecordNumber=9414
Message=Successful Network Logon:
	User Name:		gzuyeva
	Domain:			BUTTERCUPGAMES
	Logon ID:		371211812887
	Logon Type:		3
	Logon Process:  	Kerberos
	Authentication Package: Kerberos
	Workstation Name:	buttercup_gzuyeva
	Logon GUID:		{4dc541a3-d7b1-8ff8-265d-52f9ef4fdf56}
	Caller User Name:	gzuyeva
	Caller BUTTERCUPGAMES
	Caller Logon ID:	-
	Caller Process ID:	-
	Transited Services:	-
	Source Network Address: 10.3.10.67
	Source Port:	7471
Oct 28 2019 17:35:57 
LogName=Security
SourceName=Security
EventCode=540
EventType=8
Type=Success Audit
ComputerName=BG02-gzuyeva
User=gzuyeva
Sid=S-1-5-21-57989841-920026266-725345543-6444
SidType=1
Category=2
CategoryString=Logon/Logoff
RecordNumber=9634
Message=Successful Network Logon:
	User Name:		gzuyeva
	Domain:			BUTTERCUPGAMES
	Logon ID:		371211812887
	Logon Type:		3
	Logon Process:  	Kerberos
	Authentication Package: Kerberos
	Workstation Name:	buttercup_gzuyeva
	Logon GUID:		{4dc541a3-d7b1-8ff8-265d-52f9ef4fdf56}
	Caller User Name:	gzuyeva
	Caller BUTTERCUPGAMES
	Caller Logon ID:	-
	Caller Process ID:	-
	Transited Services:	-
	Source Network Address: 10.3.10.67
	Source Port:	10223
Oct 28 2019 17:55:04 
LogName=Security
SourceName=Security
EventCode=540
EventType=8
Type=Success Audit
ComputerName=BG01-blu
User=blu
Sid=S-1-5-21-57989841-920026266-725345543-6444
SidType=1
Category=2
CategoryString=Logon/Logoff
RecordNumber=9180
Message=Successful Network Logon:
	User Name:		blu
	Domain:			BUTTERCUPGAMES
	Logon ID:		520156890727
	Logon Type:		3
	Logon Process:  	Kerberos
	Authentication Package: Kerberos
	Workstation Name:	buttercup_blu
	Logon GUID:		{4dc541a3-d7b1-8ff8-265d-52f9ef4fdf56}
	Caller User Name:	blu
	Caller BUTTERCUPGAMES
	Caller Logon ID:	-
	Caller Process ID:	-
	Transited Services:	-
	Source Network Address: 10.1.10.100
	Source Port:	5917
Oct 28 2019 18:03:18 
LogName=Security
SourceName=Security
EventCode=540
EventType=8
Type=Success Audit
ComputerName=BG01-ptoscani
User=ptoscani
Sid=S-1-5-21-57989841-920026266-725345543-6444
SidType=1
Category=2
CategoryString=Logon/Logoff
RecordNumber=9513
Message=Successful Network Logon:
	User Name:		ptoscani
	Domain:			BUTTERCUPGAMES
	Logon ID:		153218951159
	Logon Type:		3
	Logon Process:  	Kerberos
	Authentication Package: Kerberos
	Workstation Name:	buttercup_ptoscani
	Logon GUID:		{4dc541a3-d7b1-8ff8-265d-52f9ef4fdf56}
	Caller User Name:	ptoscani
	Caller BUTTERCUPGAMES
	Caller Logon ID:	-
	Caller Process ID:	-
	Transited Services:	-
	Source Network Address: 10.1.10.38
	Source Port:	5518
Oct 28 2019 18:09:28 
LogName=Security
SourceName=Security
EventCode=540
EventType=8
Type=Success Audit
ComputerName=BG01-kpercy
User=kpercy
Sid=S-1-5-21-57989841-920026266-725345543-6444
SidType=1
Category=2
CategoryString=Logon/Logoff
RecordNumber=9628
Message=Successful Network Logon:
	User Name:		kpercy
	Domain:			BUTTERCUPGAMES
	Logon ID:		569361105570
	Logon Type:		3
	Logon Process:  	Kerberos
	Authentication Package: Kerberos
	Workstation Name:	buttercup_kpercy
	Logon GUID:		{4dc541a3-d7b1-8ff8-265d-52f9ef4fdf56}
	Caller User Name:	kpercy
	Caller BUTTERCUPGAMES
	Caller Logon ID:	-
	Caller Process ID:	-
	Transited Services:	-
	Source Network Address: 10.1.10.216
	Source Port:	4214
Oct 28 2019 18:21:32 
LogName=Security
SourceName=Security
EventCode=540
EventType=8
Type=Success Audit
ComputerName=BG01-acurry
User=acurry
Sid=S-1-5-21-57989841-920026266-725345543-6444
SidType=1
Category=2
CategoryString=Logon/Logoff
RecordNumber=9859
Message=Successful Network Logon:
	User Name:		acurry
	Domain:			BUTTERCUPGAMES
	Logon ID:		417852300683
	Logon Type:		3
	Logon Process:  	Kerberos
	Authentication Package: Kerberos
	Workstation Name:	buttercup_acurry
	Logon GUID:		{4dc541a3-d7b1-8ff8-265d-52f9ef4fdf56}
	Caller User Name:	acurry
	Caller BUTTERCUPGAMES
	Caller Logon ID:	-
	Caller Process ID:	-
	Transited Services:	-
	Source Network Address: 10.1.10.252
	Source Port:	11993
Oct 28 2019 18:28:39 
LogName=Security
SourceName=Security
EventCode=540
EventType=8
Type=Failed Audit
ComputerName=BG01-cfarrell
User=cfarrell
Sid=S-1-5-21-57989841-920026266-725345543-6444
SidType=1
Category=2
CategoryString=Logon/Logoff
RecordNumber=9704
Message=Failed Network Logon:
	User Name:		cfarrell
	Domain:			BUTTERCUPGAMES
	Logon ID:		768166372290
	Logon Type:		3
	Logon Process:  	Kerberos
	Authentication Package: Kerberos
	Workstation Name:	buttercup_cfarrell
	Logon GUID:		{4dc541a3-d7b1-8ff8-265d-52f9ef4fdf56}
	Caller User Name:	cfarrell
	Caller BUTTERCUPGAMES
	Caller Logon ID:	-
	Caller Process ID:	-
	Transited Services:	-
	Source Network Address: 10.1.10.107
	Source Port:	11775
Oct 28 2019 18:28:39 
LogName=Security
SourceName=Security
EventCode=540
EventType=8
Type=Success Audit
ComputerName=BG01-cfarrell
User=cfarrell
Sid=S-1-5-21-57989841-920026266-725345543-6444
SidType=1
Category=2
CategoryString=Logon/Logoff
RecordNumber=9481
Message=Successful Network Logon:
	User Name:		cfarrell
	Domain:			BUTTERCUPGAMES
	Logon ID:		768166372290
	Logon Type:		3
	Logon Process:  	Kerberos
	Authentication Package: Kerberos
	Workstation Name:	buttercup_cfarrell
	Logon GUID:		{4dc541a3-d7b1-8ff8-265d-52f9ef4fdf56}
	Caller User Name:	cfarrell
	Caller BUTTERCUPGAMES
	Caller Logon ID:	-
	Caller Process ID:	-
	Transited Services:	-
	Source Network Address: 10.1.10.107
	Source Port:	10736
Oct 28 2019 18:21:11 
LogName=Security
SourceName=Security
EventCode=540
EventType=8
Type=Success Audit
ComputerName=BG01-gvoronoff
User=gvoronoff
Sid=S-1-5-21-57989841-920026266-725345543-6444
SidType=1
Category=2
CategoryString=Logon/Logoff
RecordNumber=9799
Message=Successful Network Logon:
	User Name:		gvoronoff
	Domain:			BUTTERCUPGAMES
	Logon ID:		936901629743
	Logon Type:		3
	Logon Process:  	Kerberos
	Authentication Package: Kerberos
	Workstation Name:	buttercup_gvoronoff
	Logon GUID:		{4dc541a3-d7b1-8ff8-265d-52f9ef4fdf56}
	Caller User Name:	gvoronoff
	Caller BUTTERCUPGAMES
	Caller Logon ID:	-
	Caller Process ID:	-
	Transited Services:	-
	Source Network Address: 10.1.10.163
	Source Port:	4413
Oct 28 2019 18:34:05 
LogName=Security
SourceName=Security
EventCode=540
EventType=8
Type=Success Audit
ComputerName=BG01-acurry
User=acurry
Sid=S-1-5-21-57989841-920026266-725345543-6444
SidType=1
Category=2
CategoryString=Logon/Logoff
RecordNumber=9049
Message=Successful Network Logon:
	User Name:		acurry
	Domain:			BUTTERCUPGAMES
	Logon ID:		417852300683
	Logon Type:		3
	Logon Process:  	Kerberos
	Authentication Package: Kerberos
	Workstation Name:	buttercup_acurry
	Logon GUID:		{4dc541a3-d7b1-8ff8-265d-52f9ef4fdf56}
	Caller User Name:	acurry
	Caller BUTTERCUPGAMES
	Caller Logon ID:	-
	Caller Process ID:	-
	Transited Services:	-
	Source Network Address: 10.1.10.252
	Source Port:	6837
Oct 28 2019 19:00:41 
LogName=Security
SourceName=Security
EventCode=540
EventType=8
Type=Success Audit
ComputerName=BG02-pbunch
User=pbunch
Sid=S-1-5-21-57989841-920026266-725345543-6444
SidType=1
Category=2
CategoryString=Logon/Logoff
RecordNumber=9390
Message=Successful Network Logon:
	User Name:		pbunch
	Domain:			BUTTERCUPGAMES
	Logon ID:		398009643042
	Logon Type:		3
	Logon Process:  	Kerberos
	Authentication Package: Kerberos
	Workstation Name:	buttercup_pbunch
	Logon GUID:		{4dc541a3-d7b1-8ff8-265d-52f9ef4fdf56}
	Caller User Name:	pbunch
	Caller BUTTERCUPGAMES
	Caller Logon ID:	-
	Caller Process ID:	-
	Transited Services:	-
	Source Network Address: 10.3.10.227
	Source Port:	8278
Oct 28 2019 18:53:56 
LogName=Security
SourceName=Security
EventCode=540
EventType=8
Type=Success Audit
ComputerName=A.W.E.S.O.M.-O
User=emaxwell
Sid=S-1-5-21-57989841-920026266-725345543-6444
SidType=1
Category=2
CategoryString=Logon/Logoff
RecordNumber=9946
Message=Successful Network Logon:
	User Name:		emaxwell
	Domain:			BUTTERCUPGAMES
	Logon ID:		374765319282
	Logon Type:		3
	Logon Process:  	Kerberos
	Authentication Package: Kerberos
	Workstation Name:	buttercup_emaxwell
	Logon GUID:		{4dc541a3-d7b1-8ff8-265d-52f9ef4fdf56}
	Caller User Name:	emaxwell
	Caller BUTTERCUPGAMES
	Caller Logon ID:	-
	Caller Process ID:	-
	Transited Services:	-
	Source Network Address: 10.3.10.46
	Source Port:	7216
Oct 28 2019 19:15:22 
LogName=Security
SourceName=Security
EventCode=540
EventType=8
Type=Success Audit
ComputerName=BG01-blu
User=blu
Sid=S-1-5-21-57989841-920026266-725345543-6444
SidType=1
Category=2
CategoryString=Logon/Logoff
RecordNumber=9458
Message=Successful Network Logon:
	User Name:		blu
	Domain:			BUTTERCUPGAMES
	Logon ID:		520156890727
	Logon Type:		3
	Logon Process:  	Kerberos
	Authentication Package: Kerberos
	Workstation Name:	buttercup_blu
	Logon GUID:		{4dc541a3-d7b1-8ff8-265d-52f9ef4fdf56}
	Caller User Name:	blu
	Caller BUTTERCUPGAMES
	Caller Logon ID:	-
	Caller Process ID:	-
	Transited Services:	-
	Source Network Address: 10.1.10.100
	Source Port:	11138
Oct 28 2019 19:31:13 
LogName=Security
SourceName=Security
EventCode=540
EventType=8
Type=Success Audit
ComputerName=BG02-gzuyeva
User=gzuyeva
Sid=S-1-5-21-57989841-920026266-725345543-6444
SidType=1
Category=2
CategoryString=Logon/Logoff
RecordNumber=9550
Message=Successful Network Logon:
	User Name:		gzuyeva
	Domain:			BUTTERCUPGAMES
	Logon ID:		371211812887
	Logon Type:		3
	Logon Process:  	Kerberos
	Authentication Package: Kerberos
	Workstation Name:	buttercup_gzuyeva
	Logon GUID:		{4dc541a3-d7b1-8ff8-265d-52f9ef4fdf56}
	Caller User Name:	gzuyeva
	Caller BUTTERCUPGAMES
	Caller Logon ID:	-
	Caller Process ID:	-
	Transited Services:	-
	Source Network Address: 10.3.10.67
	Source Port:	4241
Oct 28 2019 19:33:09 
LogName=Security
SourceName=Security
EventCode=540
EventType=8
Type=Failed Audit
ComputerName=BG02-djohnson
User=djohnson
Sid=S-1-5-21-57989841-920026266-725345543-6444
SidType=1
Category=2
CategoryString=Logon/Logoff
RecordNumber=9121
Message=Failed Network Logon:
	User Name:		djohnson
	Domain:			BUTTERCUPGAMES
	Logon ID:		227128834140
	Logon Type:		3
	Logon Process:  	Kerberos
	Authentication Package: Kerberos
	Workstation Name:	buttercup_djohnson
	Logon GUID:		{4dc541a3-d7b1-8ff8-265d-52f9ef4fdf56}
	Caller User Name:	djohnson
	Caller BUTTERCUPGAMES
	Caller Logon ID:	-
	Caller Process ID:	-
	Transited Services:	-
	Source Network Address: 10.3.10.180
	Source Port:	5062
Oct 28 2019 19:33:09 
LogName=Security
SourceName=Security
EventCode=540
EventType=8
Type=Success Audit
ComputerName=BG02-djohnson
User=djohnson
Sid=S-1-5-21-57989841-920026266-725345543-6444
SidType=1
Category=2
CategoryString=Logon/Logoff
RecordNumber=9102
Message=Successful Network Logon:
	User Name:		djohnson
	Domain:			BUTTERCUPGAMES
	Logon ID:		227128834140
	Logon Type:		3
	Logon Process:  	Kerberos
	Authentication Package: Kerberos
	Workstation Name:	buttercup_djohnson
	Logon GUID:		{4dc541a3-d7b1-8ff8-265d-52f9ef4fdf56}
	Caller User Name:	djohnson
	Caller BUTTERCUPGAMES
	Caller Logon ID:	-
	Caller Process ID:	-
	Transited Services:	-
	Source Network Address: 10.3.10.180
	Source Port:	4563
Oct 28 2019 19:44:19 
LogName=Security
SourceName=Security
EventCode=540
EventType=8
Type=Failed Audit
ComputerName=BG01-kpercy
User=kpercy
Sid=S-1-5-21-57989841-920026266-725345543-6444
SidType=1
Category=2
CategoryString=Logon/Logoff
RecordNumber=9526
Message=Failed Network Logon:
	User Name:		kpercy
	Domain:			BUTTERCUPGAMES
	Logon ID:		569361105570
	Logon Type:		3
	Logon Process:  	Kerberos
	Authentication Package: Kerberos
	Workstation Name:	buttercup_kpercy
	Logon GUID:		{4dc541a3-d7b1-8ff8-265d-52f9ef4fdf56}
	Caller User Name:	kpercy
	Caller BUTTERCUPGAMES
	Caller Logon ID:	-
	Caller Process ID:	-
	Transited Services:	-
	Source Network Address: 10.1.10.216
	Source Port:	5774
Oct 28 2019 19:44:19 
LogName=Security
SourceName=Security
EventCode=540
EventType=8
Type=Failed Audit
ComputerName=BG01-kpercy
User=kpercy
Sid=S-1-5-21-57989841-920026266-725345543-6444
SidType=1
Category=2
CategoryString=Logon/Logoff
RecordNumber=9482
Message=Failed Network Logon:
	User Name:		kpercy
	Domain:			BUTTERCUPGAMES
	Logon ID:		569361105570
	Logon Type:		3
	Logon Process:  	Kerberos
	Authentication Package: Kerberos
	Workstation Name:	buttercup_kpercy
	Logon GUID:		{4dc541a3-d7b1-8ff8-265d-52f9ef4fdf56}
	Caller User Name:	kpercy
	Caller BUTTERCUPGAMES
	Caller Logon ID:	-
	Caller Process ID:	-
	Transited Services:	-
	Source Network Address: 10.1.10.216
	Source Port:	10769
Oct 28 2019 19:44:19 
LogName=Security
SourceName=Security
EventCode=540
EventType=8
Type=Success Audit
ComputerName=BG01-kpercy
User=kpercy
Sid=S-1-5-21-57989841-920026266-725345543-6444
SidType=1
Category=2
CategoryString=Logon/Logoff
RecordNumber=9496
Message=Successful Network Logon:
	User Name:		kpercy
	Domain:			BUTTERCUPGAMES
	Logon ID:		569361105570
	Logon Type:		3
	Logon Process:  	Kerberos
	Authentication Package: Kerberos
	Workstation Name:	buttercup_kpercy
	Logon GUID:		{4dc541a3-d7b1-8ff8-265d-52f9ef4fdf56}
	Caller User Name:	kpercy
	Caller BUTTERCUPGAMES
	Caller Logon ID:	-
	Caller Process ID:	-
	Transited Services:	-
	Source Network Address: 10.1.10.216
	Source Port:	4962
Oct 28 2019 19:43:33 
LogName=Security
SourceName=Security
EventCode=540
EventType=8
Type=Failed Audit
ComputerName=BG03-fbryan
User=fbryan
Sid=S-1-5-21-57989841-920026266-725345543-6444
SidType=1
Category=2
CategoryString=Logon/Logoff
RecordNumber=9234
Message=Failed Network Logon:
	User Name:		fbryan
	Domain:			BUTTERCUPGAMES
	Logon ID:		862417886973
	Logon Type:		3
	Logon Process:  	Kerberos
	Authentication Package: Kerberos
	Workstation Name:	buttercup_fbryan
	Logon GUID:		{4dc541a3-d7b1-8ff8-265d-52f9ef4fdf56}
	Caller User Name:	fbryan
	Caller BUTTERCUPGAMES
	Caller Logon ID:	-
	Caller Process ID:	-
	Transited Services:	-
	Source Network Address: 10.2.10.166
	Source Port:	10980
Oct 28 2019 19:43:33 
LogName=Security
SourceName=Security
EventCode=540
EventType=8
Type=Success Audit
ComputerName=BG03-fbryan
User=fbryan
Sid=S-1-5-21-57989841-920026266-725345543-6444
SidType=1
Category=2
CategoryString=Logon/Logoff
RecordNumber=9340
Message=Successful Network Logon:
	User Name:		fbryan
	Domain:			BUTTERCUPGAMES
	Logon ID:		862417886973
	Logon Type:		3
	Logon Process:  	Kerberos
	Authentication Package: Kerberos
	Workstation Name:	buttercup_fbryan
	Logon GUID:		{4dc541a3-d7b1-8ff8-265d-52f9ef4fdf56}
	Caller User Name:	fbryan
	Caller BUTTERCUPGAMES
	Caller Logon ID:	-
	Caller Process ID:	-
	Transited Services:	-
	Source Network Address: 10.2.10.166
	Source Port:	10669
Oct 28 2019 19:54:56 
LogName=Security
SourceName=Security
EventCode=540
EventType=8
Type=Success Audit
ComputerName=BG01-kpercy
User=kpercy
Sid=S-1-5-21-57989841-920026266-725345543-6444
SidType=1
Category=2
CategoryString=Logon/Logoff
RecordNumber=9404
Message=Successful Network Logon:
	User Name:		kpercy
	Domain:			BUTTERCUPGAMES
	Logon ID:		569361105570
	Logon Type:		3
	Logon Process:  	Kerberos
	Authentication Package: Kerberos
	Workstation Name:	buttercup_kpercy
	Logon GUID:		{4dc541a3-d7b1-8ff8-265d-52f9ef4fdf56}
	Caller User Name:	kpercy
	Caller BUTTERCUPGAMES
	Caller Logon ID:	-
	Caller Process ID:	-
	Transited Services:	-
	Source Network Address: 10.1.10.216
	Source Port:	11770
Oct 28 2019 19:53:30 
LogName=Security
SourceName=Security
EventCode=540
EventType=8
Type=Success Audit
ComputerName=BG02-pbunch
User=pbunch
Sid=S-1-5-21-57989841-920026266-725345543-6444
SidType=1
Category=2
CategoryString=Logon/Logoff
RecordNumber=9124
Message=Successful Network Logon:
	User Name:		pbunch
	Domain:			BUTTERCUPGAMES
	Logon ID:		398009643042
	Logon Type:		3
	Logon Process:  	Kerberos
	Authentication Package: Kerberos
	Workstation Name:	buttercup_pbunch
	Logon GUID:		{4dc541a3-d7b1-8ff8-265d-52f9ef4fdf56}
	Caller User Name:	pbunch
	Caller BUTTERCUPGAMES
	Caller Logon ID:	-
	Caller Process ID:	-
	Transited Services:	-
	Source Network Address: 10.3.10.227
	Source Port:	8540
Oct 28 2019 19:58:28 
LogName=Security
SourceName=Security
EventCode=540
EventType=8
Type=Success Audit
ComputerName=BG01-pcallahan
User=pcallahan
Sid=S-1-5-21-57989841-920026266-725345543-6444
SidType=1
Category=2
CategoryString=Logon/Logoff
RecordNumber=9133
Message=Successful Network Logon:
	User Name:		pcallahan
	Domain:			BUTTERCUPGAMES
	Logon ID:		271108583080
	Logon Type:		3
	Logon Process:  	Kerberos
	Authentication Package: Kerberos
	Workstation Name:	buttercup_pcallahan
	Logon GUID:		{4dc541a3-d7b1-8ff8-265d-52f9ef4fdf56}
	Caller User Name:	pcallahan
	Caller BUTTERCUPGAMES
	Caller Logon ID:	-
	Caller Process ID:	-
	Transited Services:	-
	Source Network Address: 10.1.10.98
	Source Port:	11670
Oct 28 2019 20:04:13 
LogName=Security
SourceName=Security
EventCode=540
EventType=8
Type=Failed Audit
ComputerName=BG01-myuan
User=myuan
Sid=S-1-5-21-57989841-920026266-725345543-6444
SidType=1
Category=2
CategoryString=Logon/Logoff
RecordNumber=9942
Message=Failed Network Logon:
	User Name:		myuan
	Domain:			BUTTERCUPGAMES
	Logon ID:		230876363319
	Logon Type:		3
	Logon Process:  	Kerberos
	Authentication Package: Kerberos
	Workstation Name:	buttercup_myuan
	Logon GUID:		{4dc541a3-d7b1-8ff8-265d-52f9ef4fdf56}
	Caller User Name:	myuan
	Caller BUTTERCUPGAMES
	Caller Logon ID:	-
	Caller Process ID:	-
	Transited Services:	-
	Source Network Address: 10.1.10.172
	Source Port:	11627
Oct 28 2019 20:04:13 
LogName=Security
SourceName=Security
EventCode=540
EventType=8
Type=Success Audit
ComputerName=BG01-myuan
User=myuan
Sid=S-1-5-21-57989841-920026266-725345543-6444
SidType=1
Category=2
CategoryString=Logon/Logoff
RecordNumber=9186
Message=Successful Network Logon:
	User Name:		myuan
	Domain:			BUTTERCUPGAMES
	Logon ID:		230876363319
	Logon Type:		3
	Logon Process:  	Kerberos
	Authentication Package: Kerberos
	Workstation Name:	buttercup_myuan
	Logon GUID:		{4dc541a3-d7b1-8ff8-265d-52f9ef4fdf56}
	Caller User Name:	myuan
	Caller BUTTERCUPGAMES
	Caller Logon ID:	-
	Caller Process ID:	-
	Transited Services:	-
	Source Network Address: 10.1.10.172
	Source Port:	7699
Oct 28 2019 20:09:41 
LogName=Security
SourceName=Security
EventCode=540
EventType=8
Type=Success Audit
ComputerName=BG01-adombrowski
User=adombrowski
Sid=S-1-5-21-57989841-920026266-725345543-6444
SidType=1
Category=2
CategoryString=Logon/Logoff
RecordNumber=9105
Message=Successful Network Logon:
	User Name:		adombrowski
	Domain:			BUTTERCUPGAMES
	Logon ID:		542830538161
	Logon Type:		3
	Logon Process:  	Kerberos
	Authentication Package: Kerberos
	Workstation Name:	buttercup_adombrowski
	Logon GUID:		{4dc541a3-d7b1-8ff8-265d-52f9ef4fdf56}
	Caller User Name:	adombrowski
	Caller BUTTERCUPGAMES
	Caller Logon ID:	-
	Caller Process ID:	-
	Transited Services:	-
	Source Network Address: 10.1.10.129
	Source Port:	11158
Oct 28 2019 20:59:10 
LogName=Security
SourceName=Security
EventCode=540
EventType=8
Type=Success Audit
ComputerName=BG01-kpercy
User=kpercy
Sid=S-1-5-21-57989841-920026266-725345543-6444
SidType=1
Category=2
CategoryString=Logon/Logoff
RecordNumber=9016
Message=Successful Network Logon:
	User Name:		kpercy
	Domain:			BUTTERCUPGAMES
	Logon ID:		569361105570
	Logon Type:		3
	Logon Process:  	Kerberos
	Authentication Package: Kerberos
	Workstation Name:	buttercup_kpercy
	Logon GUID:		{4dc541a3-d7b1-8ff8-265d-52f9ef4fdf56}
	Caller User Name:	kpercy
	Caller BUTTERCUPGAMES
	Caller Logon ID:	-
	Caller Process ID:	-
	Transited Services:	-
	Source Network Address: 10.1.10.216
	Source Port:	6989
Oct 28 2019 21:07:00 
LogName=Security
SourceName=Security
EventCode=540
EventType=8
Type=Failed Audit
ComputerName=BG01-acurry
User=acurry
Sid=S-1-5-21-57989841-920026266-725345543-6444
SidType=1
Category=2
CategoryString=Logon/Logoff
RecordNumber=9177
Message=Failed Network Logon:
	User Name:		acurry
	Domain:			BUTTERCUPGAMES
	Logon ID:		417852300683
	Logon Type:		3
	Logon Process:  	Kerberos
	Authentication Package: Kerberos
	Workstation Name:	buttercup_acurry
	Logon GUID:		{4dc541a3-d7b1-8ff8-265d-52f9ef4fdf56}
	Caller User Name:	acurry
	Caller BUTTERCUPGAMES
	Caller Logon ID:	-
	Caller Process ID:	-
	Transited Services:	-
	Source Network Address: 10.1.10.252
	Source Port:	4847
Oct 28 2019 21:07:00 
LogName=Security
SourceName=Security
EventCode=540
EventType=8
Type=Failed Audit
ComputerName=BG01-acurry
User=acurry
Sid=S-1-5-21-57989841-920026266-725345543-6444
SidType=1
Category=2
CategoryString=Logon/Logoff
RecordNumber=9593
Message=Failed Network Logon:
	User Name:		acurry
	Domain:			BUTTERCUPGAMES
	Logon ID:		417852300683
	Logon Type:		3
	Logon Process:  	Kerberos
	Authentication Package: Kerberos
	Workstation Name:	buttercup_acurry
	Logon GUID:		{4dc541a3-d7b1-8ff8-265d-52f9ef4fdf56}
	Caller User Name:	acurry
	Caller BUTTERCUPGAMES
	Caller Logon ID:	-
	Caller Process ID:	-
	Transited Services:	-
	Source Network Address: 10.1.10.252
	Source Port:	5583
Oct 28 2019 21:07:00 
LogName=Security
SourceName=Security
EventCode=540
EventType=8
Type=Success Audit
ComputerName=BG01-acurry
User=acurry
Sid=S-1-5-21-57989841-920026266-725345543-6444
SidType=1
Category=2
CategoryString=Logon/Logoff
RecordNumber=9106
Message=Successful Network Logon:
	User Name:		acurry
	Domain:			BUTTERCUPGAMES
	Logon ID:		417852300683
	Logon Type:		3
	Logon Process:  	Kerberos
	Authentication Package: Kerberos
	Workstation Name:	buttercup_acurry
	Logon GUID:		{4dc541a3-d7b1-8ff8-265d-52f9ef4fdf56}
	Caller User Name:	acurry
	Caller BUTTERCUPGAMES
	Caller Logon ID:	-
	Caller Process ID:	-
	Transited Services:	-
	Source Network Address: 10.1.10.252
	Source Port:	5192
Oct 28 2019 21:07:54 
LogName=Security
SourceName=Security
EventCode=540
EventType=8
Type=Failed Audit
ComputerName=BG01-iking
User=iking
Sid=S-1-5-21-57989841-920026266-725345543-6444
SidType=1
Category=2
CategoryString=Logon/Logoff
RecordNumber=9173
Message=Failed Network Logon:
	User Name:		iking
	Domain:			BUTTERCUPGAMES
	Logon ID:		994499284304
	Logon Type:		3
	Logon Process:  	Kerberos
	Authentication Package: Kerberos
	Workstation Name:	buttercup_iking
	Logon GUID:		{4dc541a3-d7b1-8ff8-265d-52f9ef4fdf56}
	Caller User Name:	iking
	Caller BUTTERCUPGAMES
	Caller Logon ID:	-
	Caller Process ID:	-
	Transited Services:	-
	Source Network Address: 10.1.10.201
	Source Port:	8025
Oct 28 2019 21:07:54 
LogName=Security
SourceName=Security
EventCode=540
EventType=8
Type=Failed Audit
ComputerName=BG01-iking
User=iking
Sid=S-1-5-21-57989841-920026266-725345543-6444
SidType=1
Category=2
CategoryString=Logon/Logoff
RecordNumber=9133
Message=Failed Network Logon:
	User Name:		iking
	Domain:			BUTTERCUPGAMES
	Logon ID:		994499284304
	Logon Type:		3
	Logon Process:  	Kerberos
	Authentication Package: Kerberos
	Workstation Name:	buttercup_iking
	Logon GUID:		{4dc541a3-d7b1-8ff8-265d-52f9ef4fdf56}
	Caller User Name:	iking
	Caller BUTTERCUPGAMES
	Caller Logon ID:	-
	Caller Process ID:	-
	Transited Services:	-
	Source Network Address: 10.1.10.201
	Source Port:	9699
Oct 28 2019 21:07:54 
LogName=Security
SourceName=Security
EventCode=540
EventType=8
Type=Failed Audit
ComputerName=BG01-iking
User=iking
Sid=S-1-5-21-57989841-920026266-725345543-6444
SidType=1
Category=2
CategoryString=Logon/Logoff
RecordNumber=9721
Message=Failed Network Logon:
	User Name:		iking
	Domain:			BUTTERCUPGAMES
	Logon ID:		994499284304
	Logon Type:		3
	Logon Process:  	Kerberos
	Authentication Package: Kerberos
	Workstation Name:	buttercup_iking
	Logon GUID:		{4dc541a3-d7b1-8ff8-265d-52f9ef4fdf56}
	Caller User Name:	iking
	Caller BUTTERCUPGAMES
	Caller Logon ID:	-
	Caller Process ID:	-
	Transited Services:	-
	Source Network Address: 10.1.10.201
	Source Port:	7547
Oct 28 2019 21:07:54 
LogName=Security
SourceName=Security
EventCode=540
EventType=8
Type=Success Audit
ComputerName=BG01-iking
User=iking
Sid=S-1-5-21-57989841-920026266-725345543-6444
SidType=1
Category=2
CategoryString=Logon/Logoff
RecordNumber=9464
Message=Successful Network Logon:
	User Name:		iking
	Domain:			BUTTERCUPGAMES
	Logon ID:		994499284304
	Logon Type:		3
	Logon Process:  	Kerberos
	Authentication Package: Kerberos
	Workstation Name:	buttercup_iking
	Logon GUID:		{4dc541a3-d7b1-8ff8-265d-52f9ef4fdf56}
	Caller User Name:	iking
	Caller BUTTERCUPGAMES
	Caller Logon ID:	-
	Caller Process ID:	-
	Transited Services:	-
	Source Network Address: 10.1.10.201
	Source Port:	4628
Oct 28 2019 21:29:31 
LogName=Security
SourceName=Security
EventCode=540
EventType=8
Type=Failed Audit
ComputerName=BG02-apucci
User=apucci
Sid=S-1-5-21-57989841-920026266-725345543-6444
SidType=1
Category=2
CategoryString=Logon/Logoff
RecordNumber=9772
Message=Failed Network Logon:
	User Name:		apucci
	Domain:			BUTTERCUPGAMES
	Logon ID:		108423575302
	Logon Type:		3
	Logon Process:  	Kerberos
	Authentication Package: Kerberos
	Workstation Name:	buttercup_apucci
	Logon GUID:		{4dc541a3-d7b1-8ff8-265d-52f9ef4fdf56}
	Caller User Name:	apucci
	Caller BUTTERCUPGAMES
	Caller Logon ID:	-
	Caller Process ID:	-
	Transited Services:	-
	Source Network Address: 10.3.10.53
	Source Port:	4963
Oct 28 2019 21:29:31 
LogName=Security
SourceName=Security
EventCode=540
EventType=8
Type=Success Audit
ComputerName=BG02-apucci
User=apucci
Sid=S-1-5-21-57989841-920026266-725345543-6444
SidType=1
Category=2
CategoryString=Logon/Logoff
RecordNumber=10000
Message=Successful Network Logon:
	User Name:		apucci
	Domain:			BUTTERCUPGAMES
	Logon ID:		108423575302
	Logon Type:		3
	Logon Process:  	Kerberos
	Authentication Package: Kerberos
	Workstation Name:	buttercup_apucci
	Logon GUID:		{4dc541a3-d7b1-8ff8-265d-52f9ef4fdf56}
	Caller User Name:	apucci
	Caller BUTTERCUPGAMES
	Caller Logon ID:	-
	Caller Process ID:	-
	Transited Services:	-
	Source Network Address: 10.3.10.53
	Source Port:	7281
Oct 28 2019 21:25:23 
LogName=Security
SourceName=Security
EventCode=540
EventType=8
Type=Failed Audit
ComputerName=BG02-gzuyeva
User=gzuyeva
Sid=S-1-5-21-57989841-920026266-725345543-6444
SidType=1
Category=2
CategoryString=Logon/Logoff
RecordNumber=9657
Message=Failed Network Logon:
	User Name:		gzuyeva
	Domain:			BUTTERCUPGAMES
	Logon ID:		371211812887
	Logon Type:		3
	Logon Process:  	Kerberos
	Authentication Package: Kerberos
	Workstation Name:	buttercup_gzuyeva
	Logon GUID:		{4dc541a3-d7b1-8ff8-265d-52f9ef4fdf56}
	Caller User Name:	gzuyeva
	Caller BUTTERCUPGAMES
	Caller Logon ID:	-
	Caller Process ID:	-
	Transited Services:	-
	Source Network Address: 10.3.10.67
	Source Port:	5588
Oct 28 2019 21:25:23 
LogName=Security
SourceName=Security
EventCode=540
EventType=8
Type=Failed Audit
ComputerName=BG02-gzuyeva
User=gzuyeva
Sid=S-1-5-21-57989841-920026266-725345543-6444
SidType=1
Category=2
CategoryString=Logon/Logoff
RecordNumber=9647
Message=Failed Network Logon:
	User Name:		gzuyeva
	Domain:			BUTTERCUPGAMES
	Logon ID:		371211812887
	Logon Type:		3
	Logon Process:  	Kerberos
	Authentication Package: Kerberos
	Workstation Name:	buttercup_gzuyeva
	Logon GUID:		{4dc541a3-d7b1-8ff8-265d-52f9ef4fdf56}
	Caller User Name:	gzuyeva
	Caller BUTTERCUPGAMES
	Caller Logon ID:	-
	Caller Process ID:	-
	Transited Services:	-
	Source Network Address: 10.3.10.67
	Source Port:	10777
Oct 28 2019 21:25:23 
LogName=Security
SourceName=Security
EventCode=540
EventType=8
Type=Failed Audit
ComputerName=BG02-gzuyeva
User=gzuyeva
Sid=S-1-5-21-57989841-920026266-725345543-6444
SidType=1
Category=2
CategoryString=Logon/Logoff
RecordNumber=9442
Message=Failed Network Logon:
	User Name:		gzuyeva
	Domain:			BUTTERCUPGAMES
	Logon ID:		371211812887
	Logon Type:		3
	Logon Process:  	Kerberos
	Authentication Package: Kerberos
	Workstation Name:	buttercup_gzuyeva
	Logon GUID:		{4dc541a3-d7b1-8ff8-265d-52f9ef4fdf56}
	Caller User Name:	gzuyeva
	Caller BUTTERCUPGAMES
	Caller Logon ID:	-
	Caller Process ID:	-
	Transited Services:	-
	Source Network Address: 10.3.10.67
	Source Port:	6565
Oct 28 2019 21:25:23 
LogName=Security
SourceName=Security
EventCode=540
EventType=8
Type=Success Audit
ComputerName=BG02-gzuyeva
User=gzuyeva
Sid=S-1-5-21-57989841-920026266-725345543-6444
SidType=1
Category=2
CategoryString=Logon/Logoff
RecordNumber=9725
Message=Successful Network Logon:
	User Name:		gzuyeva
	Domain:			BUTTERCUPGAMES
	Logon ID:		371211812887
	Logon Type:		3
	Logon Process:  	Kerberos
	Authentication Package: Kerberos
	Workstation Name:	buttercup_gzuyeva
	Logon GUID:		{4dc541a3-d7b1-8ff8-265d-52f9ef4fdf56}
	Caller User Name:	gzuyeva
	Caller BUTTERCUPGAMES
	Caller Logon ID:	-
	Caller Process ID:	-
	Transited Services:	-
	Source Network Address: 10.3.10.67
	Source Port:	9449
Oct 28 2019 21:32:57 
LogName=Security
SourceName=Security
EventCode=540
EventType=8
Type=Failed Audit
ComputerName=BG01-myuan
User=myuan
Sid=S-1-5-21-57989841-920026266-725345543-6444
SidType=1
Category=2
CategoryString=Logon/Logoff
RecordNumber=9770
Message=Failed Network Logon:
	User Name:		myuan
	Domain:			BUTTERCUPGAMES
	Logon ID:		230876363319
	Logon Type:		3
	Logon Process:  	Kerberos
	Authentication Package: Kerberos
	Workstation Name:	buttercup_myuan
	Logon GUID:		{4dc541a3-d7b1-8ff8-265d-52f9ef4fdf56}
	Caller User Name:	myuan
	Caller BUTTERCUPGAMES
	Caller Logon ID:	-
	Caller Process ID:	-
	Transited Services:	-
	Source Network Address: 10.1.10.172
	Source Port:	6978
Oct 28 2019 21:32:57 
LogName=Security
SourceName=Security
EventCode=540
EventType=8
Type=Failed Audit
ComputerName=BG01-myuan
User=myuan
Sid=S-1-5-21-57989841-920026266-725345543-6444
SidType=1
Category=2
CategoryString=Logon/Logoff
RecordNumber=9161
Message=Failed Network Logon:
	User Name:		myuan
	Domain:			BUTTERCUPGAMES
	Logon ID:		230876363319
	Logon Type:		3
	Logon Process:  	Kerberos
	Authentication Package: Kerberos
	Workstation Name:	buttercup_myuan
	Logon GUID:		{4dc541a3-d7b1-8ff8-265d-52f9ef4fdf56}
	Caller User Name:	myuan
	Caller BUTTERCUPGAMES
	Caller Logon ID:	-
	Caller Process ID:	-
	Transited Services:	-
	Source Network Address: 10.1.10.172
	Source Port:	10427
Oct 28 2019 21:32:57 
LogName=Security
SourceName=Security
EventCode=540
EventType=8
Type=Success Audit
ComputerName=BG01-myuan
User=myuan
Sid=S-1-5-21-57989841-920026266-725345543-6444
SidType=1
Category=2
CategoryString=Logon/Logoff
RecordNumber=9437
Message=Successful Network Logon:
	User Name:		myuan
	Domain:			BUTTERCUPGAMES
	Logon ID:		230876363319
	Logon Type:		3
	Logon Process:  	Kerberos
	Authentication Package: Kerberos
	Workstation Name:	buttercup_myuan
	Logon GUID:		{4dc541a3-d7b1-8ff8-265d-52f9ef4fdf56}
	Caller User Name:	myuan
	Caller BUTTERCUPGAMES
	Caller Logon ID:	-
	Caller Process ID:	-
	Transited Services:	-
	Source Network Address: 10.1.10.172
	Source Port:	7044
Oct 28 2019 21:50:33 
LogName=Security
SourceName=Security
EventCode=540
EventType=8
Type=Success Audit
ComputerName=BG01-acurry
User=acurry
Sid=S-1-5-21-57989841-920026266-725345543-6444
SidType=1
Category=2
CategoryString=Logon/Logoff
RecordNumber=9853
Message=Successful Network Logon:
	User Name:		acurry
	Domain:			BUTTERCUPGAMES
	Logon ID:		417852300683
	Logon Type:		3
	Logon Process:  	Kerberos
	Authentication Package: Kerberos
	Workstation Name:	buttercup_acurry
	Logon GUID:		{4dc541a3-d7b1-8ff8-265d-52f9ef4fdf56}
	Caller User Name:	acurry
	Caller BUTTERCUPGAMES
	Caller Logon ID:	-
	Caller Process ID:	-
	Transited Services:	-
	Source Network Address: 10.1.10.252
	Source Port:	11113
Oct 28 2019 22:14:08 
LogName=Security
SourceName=Security
EventCode=540
EventType=8
Type=Success Audit
ComputerName=BG01-ptoscani
User=ptoscani
Sid=S-1-5-21-57989841-920026266-725345543-6444
SidType=1
Category=2
CategoryString=Logon/Logoff
RecordNumber=9977
Message=Successful Network Logon:
	User Name:		ptoscani
	Domain:			BUTTERCUPGAMES
	Logon ID:		153218951159
	Logon Type:		3
	Logon Process:  	Kerberos
	Authentication Package: Kerberos
	Workstation Name:	buttercup_ptoscani
	Logon GUID:		{4dc541a3-d7b1-8ff8-265d-52f9ef4fdf56}
	Caller User Name:	ptoscani
	Caller BUTTERCUPGAMES
	Caller Logon ID:	-
	Caller Process ID:	-
	Transited Services:	-
	Source Network Address: 10.1.10.38
	Source Port:	6649
Oct 28 2019 22:17:27 
LogName=Security
SourceName=Security
EventCode=540
EventType=8
Type=Success Audit
ComputerName=BG01-lteng
User=lteng
Sid=S-1-5-21-57989841-920026266-725345543-6444
SidType=1
Category=2
CategoryString=Logon/Logoff
RecordNumber=9888
Message=Successful Network Logon:
	User Name:		lteng
	Domain:			BUTTERCUPGAMES
	Logon ID:		727896988001
	Logon Type:		3
	Logon Process:  	Kerberos
	Authentication Package: Kerberos
	Workstation Name:	buttercup_lteng
	Logon GUID:		{4dc541a3-d7b1-8ff8-265d-52f9ef4fdf56}
	Caller User Name:	lteng
	Caller BUTTERCUPGAMES
	Caller Logon ID:	-
	Caller Process ID:	-
	Transited Services:	-
	Source Network Address: 10.1.10.15
	Source Port:	7127
Oct 28 2019 22:38:49 
LogName=Security
SourceName=Security
EventCode=540
EventType=8
Type=Success Audit
ComputerName=BG02-gzuyeva
User=gzuyeva
Sid=S-1-5-21-57989841-920026266-725345543-6444
SidType=1
Category=2
CategoryString=Logon/Logoff
RecordNumber=9095
Message=Successful Network Logon:
	User Name:		gzuyeva
	Domain:			BUTTERCUPGAMES
	Logon ID:		371211812887
	Logon Type:		3
	Logon Process:  	Kerberos
	Authentication Package: Kerberos
	Workstation Name:	buttercup_gzuyeva
	Logon GUID:		{4dc541a3-d7b1-8ff8-265d-52f9ef4fdf56}
	Caller User Name:	gzuyeva
	Caller BUTTERCUPGAMES
	Caller Logon ID:	-
	Caller Process ID:	-
	Transited Services:	-
	Source Network Address: 10.3.10.67
	Source Port:	11029
Oct 28 2019 22:27:23 
LogName=Security
SourceName=Security
EventCode=540
EventType=8
Type=Failed Audit
ComputerName=BG02-dhale
User=dhale
Sid=S-1-5-21-57989841-920026266-725345543-6444
SidType=1
Category=2
CategoryString=Logon/Logoff
RecordNumber=9464
Message=Failed Network Logon:
	User Name:		dhale
	Domain:			BUTTERCUPGAMES
	Logon ID:		672903009231
	Logon Type:		3
	Logon Process:  	Kerberos
	Authentication Package: Kerberos
	Workstation Name:	buttercup_dhale
	Logon GUID:		{4dc541a3-d7b1-8ff8-265d-52f9ef4fdf56}
	Caller User Name:	dhale
	Caller BUTTERCUPGAMES
	Caller Logon ID:	-
	Caller Process ID:	-
	Transited Services:	-
	Source Network Address: 10.3.10.241
	Source Port:	7184
Oct 28 2019 22:27:23 
LogName=Security
SourceName=Security
EventCode=540
EventType=8
Type=Failed Audit
ComputerName=BG02-dhale
User=dhale
Sid=S-1-5-21-57989841-920026266-725345543-6444
SidType=1
Category=2
CategoryString=Logon/Logoff
RecordNumber=9295
Message=Failed Network Logon:
	User Name:		dhale
	Domain:			BUTTERCUPGAMES
	Logon ID:		672903009231
	Logon Type:		3
	Logon Process:  	Kerberos
	Authentication Package: Kerberos
	Workstation Name:	buttercup_dhale
	Logon GUID:		{4dc541a3-d7b1-8ff8-265d-52f9ef4fdf56}
	Caller User Name:	dhale
	Caller BUTTERCUPGAMES
	Caller Logon ID:	-
	Caller Process ID:	-
	Transited Services:	-
	Source Network Address: 10.3.10.241
	Source Port:	9353
Oct 28 2019 22:27:23 
LogName=Security
SourceName=Security
EventCode=540
EventType=8
Type=Success Audit
ComputerName=BG02-dhale
User=dhale
Sid=S-1-5-21-57989841-920026266-725345543-6444
SidType=1
Category=2
CategoryString=Logon/Logoff
RecordNumber=9727
Message=Successful Network Logon:
	User Name:		dhale
	Domain:			BUTTERCUPGAMES
	Logon ID:		672903009231
	Logon Type:		3
	Logon Process:  	Kerberos
	Authentication Package: Kerberos
	Workstation Name:	buttercup_dhale
	Logon GUID:		{4dc541a3-d7b1-8ff8-265d-52f9ef4fdf56}
	Caller User Name:	dhale
	Caller BUTTERCUPGAMES
	Caller Logon ID:	-
	Caller Process ID:	-
	Transited Services:	-
	Source Network Address: 10.3.10.241
	Source Port:	4942
Oct 28 2019 22:50:19 
LogName=Security
SourceName=Security
EventCode=540
EventType=8
Type=Failed Audit
ComputerName=BG01-lteng
User=lteng
Sid=S-1-5-21-57989841-920026266-725345543-6444
SidType=1
Category=2
CategoryString=Logon/Logoff
RecordNumber=9419
Message=Failed Network Logon:
	User Name:		lteng
	Domain:			BUTTERCUPGAMES
	Logon ID:		727896988001
	Logon Type:		3
	Logon Process:  	Kerberos
	Authentication Package: Kerberos
	Workstation Name:	buttercup_lteng
	Logon GUID:		{4dc541a3-d7b1-8ff8-265d-52f9ef4fdf56}
	Caller User Name:	lteng
	Caller BUTTERCUPGAMES
	Caller Logon ID:	-
	Caller Process ID:	-
	Transited Services:	-
	Source Network Address: 10.1.10.15
	Source Port:	7475
