10.99.92.114 CEF:0|Microsoft|Microsoft Windows||Microsoft-Windows-Security-Auditing:5156|The Windows Filtering Platform has allowed a connection.|Low| eventId=55250643 externalId=5156 type=1 start=1574600085024 proto=UDP customerURI=/All Customers/Partigard/Partigard-NGDC categorySignificance=/Informational categoryBehavior=/Communicate/Query categoryDeviceGroup=/Operating System catdt=Operating System categoryOutcome=/Success categoryObject=/Host/Application/Service art=1574600102459 cat=Security deviceSeverity=Audit_success rt=1574600099638 deviceDirection=0 shost=Partigard043 src=10.164.2.234 sourceZoneURI=/All Zones/ArcSight System/Private Address Space Zones/RFC1918: 10.0.0.0-10.255.255.255 spt=137 dhost=Partigard054 dst=10.164.255.255 destinationZoneURI=/All Zones/ArcSight System/Private Address Space Zones/RFC1918: 10.0.0.0-10.255.255.255 dpt=137 oldFileHash=UTF-8| cnt=12 cs2=Filtering Platform Connection cs2Label=EventlogCategory ahost=Partigard056 agt=10.99.92.114 agentZoneURI=/All Zones/ArcSight System/Private Address Space Zones/RFC1918: 10.0.0.0-10.255.255.255 amac=00-50-56-96-35-51 av=7.11.0.8139.0 atz=America/New_York at=winc dvchost=Partigard054 dvc=10.99.92.148 deviceZoneURI=/All Zones/ArcSight System/Private Address Space Zones/RFC1918: 10.0.0.0-10.255.255.255 dtz=America/New_York geid=0 _cefVer=0.1 aid=3cfX6Em4BABDFqHK7NKr9Dw\=\=
10.99.92.114 CEF:0|Microsoft|Microsoft Windows||Microsoft-Windows-Security-Auditing:5156|The Windows Filtering Platform has allowed a connection.|Low| eventId=55250666 externalId=5156 type=1 start=1574600085101 proto=UDP customerURI=/All Customers/Partigard/Partigard-NGDC categorySignificance=/Informational categoryBehavior=/Communicate/Query categoryDeviceGroup=/Operating System catdt=Operating System categoryOutcome=/Success categoryObject=/Host/Application/Service art=1574600102459 cat=Security deviceSeverity=Audit_success rt=1574600098210 deviceDirection=0 shost=Partigard033 src=10.164.0.168 sourceZoneURI=/All Zones/ArcSight System/Private Address Space Zones/RFC1918: 10.0.0.0-10.255.255.255 spt=137 dhost=Partigard054 dst=10.164.255.255 destinationZoneURI=/All Zones/ArcSight System/Private Address Space Zones/RFC1918: 10.0.0.0-10.255.255.255 dpt=137 oldFileHash=UTF-8| cnt=5 cs2=Filtering Platform Connection cs2Label=EventlogCategory ahost=Partigard056 agt=10.99.92.114 agentZoneURI=/All Zones/ArcSight System/Private Address Space Zones/RFC1918: 10.0.0.0-10.255.255.255 amac=00-50-56-96-35-51 av=7.11.0.8139.0 atz=America/New_York at=winc dvchost=Partigard054 dvc=10.99.92.148 deviceZoneURI=/All Zones/ArcSight System/Private Address Space Zones/RFC1918: 10.0.0.0-10.255.255.255 dtz=America/New_York geid=0 _cefVer=0.1 aid=3cfX6Em4BABDFqHK7NKr9Dw\=\=
10.99.92.114 CEF:0|Microsoft|Microsoft Windows||Microsoft-Windows-Security-Auditing:5156|The Windows Filtering Platform has allowed a connection.|Low| eventId=55251940 externalId=5156 type=1 start=1574600086462 proto=UDP customerURI=/All Customers/Partigard/Partigard-NGDC categorySignificance=/Informational categoryBehavior=/Communicate/Query categoryDeviceGroup=/Operating System catdt=Operating System categoryOutcome=/Success categoryObject=/Host/Application/Service art=1574600088740 cat=Security deviceSeverity=Audit_success rt=1574600087228 deviceDirection=0 shost=Partigard056 src=10.164.3.48 sourceZoneURI=/All Zones/ArcSight System/Private Address Space Zones/RFC1918: 10.0.0.0-10.255.255.255 spt=137 dhost=Partigard111 dst=10.164.255.255 destinationZoneURI=/All Zones/ArcSight System/Private Address Space Zones/RFC1918: 10.0.0.0-10.255.255.255 dpt=137 oldFileHash=UTF-8| cnt=2 cs2=Filtering Platform Connection cs2Label=EventlogCategory ahost=Partigard056 agt=10.99.92.114 agentZoneURI=/All Zones/ArcSight System/Private Address Space Zones/RFC1918: 10.0.0.0-10.255.255.255 amac=00-50-56-96-35-51 av=7.11.0.8139.0 atz=America/New_York at=winc dvchost=Partigard111 dvc=10.99.92.127 deviceZoneURI=/All Zones/ArcSight System/Private Address Space Zones/RFC1918: 10.0.0.0-10.255.255.255 dtz=America/New_York geid=0 _cefVer=0.1 aid=3cfX6Em4BABDFqHK7NKr9Dw\=\=
10.99.92.114 CEF:0|Microsoft|Microsoft Windows||Microsoft-Windows-Security-Auditing:5156|The Windows Filtering Platform has allowed a connection.|Low| eventId=55251910 externalId=5156 type=1 start=1574600085848 proto=UDP customerURI=/All Customers/Partigard/Partigard-NGDC categorySignificance=/Informational categoryBehavior=/Communicate/Query categoryDeviceGroup=/Operating System catdt=Operating System categoryOutcome=/Success categoryObject=/Host/Application/Service art=1574600102459 cat=Security deviceSeverity=Audit_success rt=1574600099941 deviceDirection=0 shost=Partigard033 src=10.164.0.168 sourceZoneURI=/All Zones/ArcSight System/Private Address Space Zones/RFC1918: 10.0.0.0-10.255.255.255 dhost=Partigard111 dst=10.164.255.255 destinationZoneURI=/All Zones/ArcSight System/Private Address Space Zones/RFC1918: 10.0.0.0-10.255.255.255 oldFileHash=UTF-8| cnt=5 cs2=Filtering Platform Connection cs2Label=EventlogCategory ahost=Partigard056 agt=10.99.92.114 agentZoneURI=/All Zones/ArcSight System/Private Address Space Zones/RFC1918: 10.0.0.0-10.255.255.255 amac=00-50-56-96-35-51 av=7.11.0.8139.0 atz=America/New_York at=winc dvchost=Partigard111 dvc=10.99.92.127 deviceZoneURI=/All Zones/ArcSight System/Private Address Space Zones/RFC1918: 10.0.0.0-10.255.255.255 dtz=America/New_York geid=0 _cefVer=0.1 aid=3cfX6Em4BABDFqHK7NKr9Dw\=\=
10.99.92.114 CEF:0|Microsoft|Microsoft Windows||Microsoft-Windows-Security-Auditing:5156|The Windows Filtering Platform has allowed a connection.|Low| eventId=55251807 externalId=5156 type=1 start=1574600085755 proto=UDP customerURI=/All Customers/Partigard/Partigard-NGDC categorySignificance=/Informational categoryBehavior=/Communicate/Query categoryDeviceGroup=/Operating System catdt=Operating System categoryOutcome=/Success categoryObject=/Host/Application/Service art=1574600102459 cat=Security deviceSeverity=Audit_success rt=1574600099724 deviceDirection=0 shost=Partigard043 src=10.164.2.234 sourceZoneURI=/All Zones/ArcSight System/Private Address Space Zones/RFC1918: 10.0.0.0-10.255.255.255 spt=137 dhost=Partigard111 dst=10.164.255.255 destinationZoneURI=/All Zones/ArcSight System/Private Address Space Zones/RFC1918: 10.0.0.0-10.255.255.255 dpt=137 oldFileHash=UTF-8| cnt=12 cs2=Filtering Platform Connection cs2Label=EventlogCategory ahost=Partigard056 agt=10.99.92.114 agentZoneURI=/All Zones/ArcSight System/Private Address Space Zones/RFC1918: 10.0.0.0-10.255.255.255 amac=00-50-56-96-35-51 av=7.11.0.8139.0 atz=America/New_York at=winc dvchost=Partigard111 dvc=10.99.92.127 deviceZoneURI=/All Zones/ArcSight System/Private Address Space Zones/RFC1918: 10.0.0.0-10.255.255.255 dtz=America/New_York geid=0 _cefVer=0.1 aid=3cfX6Em4BABDFqHK7NKr9Dw\=\=
10.99.92.114 CEF:0|Microsoft|Microsoft Windows||Microsoft-Windows-Security-Auditing:4658|The handle to an object was closed.|Low| eventId=55254462 externalId=4658 type=1 start=1574600088356 customerURI=/All Customers/Partigard/Partigard-NGDC categorySignificance=/Informational categoryBehavior=/Access/Stop categoryDeviceGroup=/Operating System catdt=Operating System categoryOutcome=/Success categoryObject=/Host/Resource art=1574600102459 cat=Security deviceSeverity=Audit_success rt=1574600092783 dhost=Partigard058 dst=10.99.92.152 destinationZoneURI=/All Zones/ArcSight System/Private Address Space Zones/RFC1918: 10.0.0.0-10.255.255.255 dntdom=ED duser=USMAGWOFNG058$ duid=0x3e7 oldFileHash=UTF-8| cnt=22 cs2Label=EventlogCategory cs3Label=Process ID ahost=Partigard056 agt=10.99.92.114 agentZoneURI=/All Zones/ArcSight System/Private Address Space Zones/RFC1918: 10.0.0.0-10.255.255.255 amac=00-50-56-96-35-51 av=7.11.0.8139.0 atz=America/New_York at=winc dvchost=Partigard058 dvc=10.99.92.152 deviceZoneURI=/All Zones/ArcSight System/Private Address Space Zones/RFC1918: 10.0.0.0-10.255.255.255 deviceNtDomain=ED dtz=America/New_York geid=0 _cefVer=0.1 aid=3cfX6Em4BABDFqHK7NKr9Dw\=\=
10.99.92.114 CEF:0|Microsoft|Microsoft Windows||Microsoft-Windows-Security-Auditing:4658|The handle to an object was closed.|Low| eventId=55250313 externalId=4658 type=1 start=1574600085821 customerURI=/All Customers/Partigard/Partigard-NGDC categorySignificance=/Informational categoryBehavior=/Access/Stop categoryDeviceGroup=/Operating System catdt=Operating System categoryOutcome=/Success categoryObject=/Host/Resource art=1574600102459 cat=Security deviceSeverity=Audit_success rt=1574600092188 dhost=Partigard055 dst=10.99.92.149 destinationZoneURI=/All Zones/ArcSight System/Private Address Space Zones/RFC1918: 10.0.0.0-10.255.255.255 dntdom=ED duser=USMAGWOFNG055$ duid=0x3e7 oldFileHash=UTF-8| cnt=6 cs2=Kernel Object cs2Label=EventlogCategory cs3Label=Process ID ahost=Partigard056 agt=10.99.92.114 agentZoneURI=/All Zones/ArcSight System/Private Address Space Zones/RFC1918: 10.0.0.0-10.255.255.255 amac=00-50-56-96-35-51 av=7.11.0.8139.0 atz=America/New_York at=winc dvchost=Partigard055 dvc=10.99.92.149 deviceZoneURI=/All Zones/ArcSight System/Private Address Space Zones/RFC1918: 10.0.0.0-10.255.255.255 deviceNtDomain=ED dtz=America/New_York geid=0 _cefVer=0.1 aid=3cfX6Em4BABDFqHK7NKr9Dw\=\=
10.99.92.114 CEF:0|Microsoft|Microsoft Windows||Microsoft-Windows-Security-Auditing:5156|The Windows Filtering Platform has allowed a connection.|Low| eventId=55250956 externalId=5156 type=1 start=1574600085205 proto=UDP customerURI=/All Customers/Partigard/Partigard-NGDC categorySignificance=/Informational categoryBehavior=/Communicate/Query categoryDeviceGroup=/Operating System catdt=Operating System categoryOutcome=/Success categoryObject=/Host/Application/Service art=1574600102459 cat=Security deviceSeverity=Audit_success rt=1574600086705 deviceDirection=0 shost=Partigard012 src=10.164.1.206 sourceZoneURI=/All Zones/ArcSight System/Private Address Space Zones/RFC1918: 10.0.0.0-10.255.255.255 spt=137 dhost=Partigard031 dst=10.164.255.255 destinationZoneURI=/All Zones/ArcSight System/Private Address Space Zones/RFC1918: 10.0.0.0-10.255.255.255 dpt=137 oldFileHash=UTF-8| cnt=3 cs2=Filtering Platform Connection cs2Label=EventlogCategory ahost=Partigard056 agt=10.99.92.114 agentZoneURI=/All Zones/ArcSight System/Private Address Space Zones/RFC1918: 10.0.0.0-10.255.255.255 amac=00-50-56-96-35-51 av=7.11.0.8139.0 atz=America/New_York at=winc dvchost=Partigard031 dvc=10.99.92.133 deviceZoneURI=/All Zones/ArcSight System/Private Address Space Zones/RFC1918: 10.0.0.0-10.255.255.255 dtz=America/New_York geid=0 _cefVer=0.1 aid=3cfX6Em4BABDFqHK7NKr9Dw\=\=
10.99.92.114 CEF:0|Microsoft|Microsoft Windows||Microsoft-Windows-Security-Auditing:5156|The Windows Filtering Platform has allowed a connection.|Low| eventId=55250935 externalId=5156 type=1 start=1574600085768 proto=UDP customerURI=/All Customers/Partigard/Partigard-NGDC categorySignificance=/Informational categoryBehavior=/Communicate/Query categoryDeviceGroup=/Operating System catdt=Operating System categoryOutcome=/Success categoryObject=/Host/Application/Service art=1574600102459 cat=Security deviceSeverity=Audit_success rt=1574600096528 deviceDirection=0 shost=Partigard043 src=10.164.2.234 sourceZoneURI=/All Zones/ArcSight System/Private Address Space Zones/RFC1918: 10.0.0.0-10.255.255.255 spt=137 dhost=Partigard031 dst=10.164.255.255 destinationZoneURI=/All Zones/ArcSight System/Private Address Space Zones/RFC1918: 10.0.0.0-10.255.255.255 dpt=137 oldFileHash=UTF-8| cnt=3 cs2=Filtering Platform Connection cs2Label=EventlogCategory ahost=Partigard056 agt=10.99.92.114 agentZoneURI=/All Zones/ArcSight System/Private Address Space Zones/RFC1918: 10.0.0.0-10.255.255.255 amac=00-50-56-96-35-51 av=7.11.0.8139.0 atz=America/New_York at=winc dvchost=Partigard031 dvc=10.99.92.133 deviceZoneURI=/All Zones/ArcSight System/Private Address Space Zones/RFC1918: 10.0.0.0-10.255.255.255 dtz=America/New_York geid=0 _cefVer=0.1 aid=3cfX6Em4BABDFqHK7NKr9Dw\=\=
10.99.92.114 CEF:0|Microsoft|Microsoft Windows||Microsoft-Windows-Security-Auditing:4658|The handle to an object was closed.|Low| eventId=55250639 externalId=4658 type=1 start=1574600085003 customerURI=/All Customers/Partigard/Partigard-NGDC categorySignificance=/Informational categoryBehavior=/Access/Stop categoryDeviceGroup=/Operating System catdt=Operating System categoryOutcome=/Success categoryObject=/Host/Resource art=1574600102459 cat=Security deviceSeverity=Audit_success rt=1574600099090 dhost=Partigard054 dst=10.99.92.148 destinationZoneURI=/All Zones/ArcSight System/Private Address Space Zones/RFC1918: 10.0.0.0-10.255.255.255 dntdom=ED duser=USMAGWOFNG054$ duid=0x3e7 oldFileHash=UTF-8| cnt=9 cs2Label=EventlogCategory cs3Label=Process ID ahost=Partigard056 agt=10.99.92.114 agentZoneURI=/All Zones/ArcSight System/Private Address Space Zones/RFC1918: 10.0.0.0-10.255.255.255 amac=00-50-56-96-35-51 av=7.11.0.8139.0 atz=America/New_York at=winc dvchost=Partigard054 dvc=10.99.92.148 deviceZoneURI=/All Zones/ArcSight System/Private Address Space Zones/RFC1918: 10.0.0.0-10.255.255.255 deviceNtDomain=ED dtz=America/New_York geid=0 _cefVer=0.1 aid=3cfX6Em4BABDFqHK7NKr9Dw\=\=
10.99.92.114 CEF:0|Microsoft|Microsoft Windows||Microsoft-Windows-Security-Auditing:5156|The Windows Filtering Platform has allowed a connection.|Low| eventId=55250930 externalId=5156 type=1 start=1574600085729 proto=UDP customerURI=/All Customers/Partigard/Partigard-NGDC categorySignificance=/Informational categoryBehavior=/Communicate/Query categoryDeviceGroup=/Operating System catdt=Operating System categoryOutcome=/Success categoryObject=/Host/Application/Service art=1574600102459 cat=Security deviceSeverity=Audit_success rt=1574600087241 deviceDirection=0 shost=Partigard056 src=10.164.3.48 sourceZoneURI=/All Zones/ArcSight System/Private Address Space Zones/RFC1918: 10.0.0.0-10.255.255.255 spt=137 dhost=Partigard031 dst=10.164.255.255 destinationZoneURI=/All Zones/ArcSight System/Private Address Space Zones/RFC1918: 10.0.0.0-10.255.255.255 dpt=137 oldFileHash=UTF-8| cnt=3 cs2=Filtering Platform Connection cs2Label=EventlogCategory ahost=Partigard056 agt=10.99.92.114 agentZoneURI=/All Zones/ArcSight System/Private Address Space Zones/RFC1918: 10.0.0.0-10.255.255.255 amac=00-50-56-96-35-51 av=7.11.0.8139.0 atz=America/New_York at=winc dvchost=Partigard031 dvc=10.99.92.133 deviceZoneURI=/All Zones/ArcSight System/Private Address Space Zones/RFC1918: 10.0.0.0-10.255.255.255 dtz=America/New_York geid=0 _cefVer=0.1 aid=3cfX6Em4BABDFqHK7NKr9Dw\=\=
10.99.92.114 CEF:0|Microsoft|Microsoft Windows||Microsoft-Windows-Security-Auditing:5156|The Windows Filtering Platform has allowed a connection.|Low| eventId=55250923 externalId=5156 type=1 start=1574600085575 proto=UDP customerURI=/All Customers/Partigard/Partigard-NGDC categorySignificance=/Informational categoryBehavior=/Communicate/Query categoryDeviceGroup=/Operating System catdt=Operating System categoryOutcome=/Success categoryObject=/Host/Application/Service art=1574600087990 cat=Security deviceSeverity=Audit_success rt=1574600086325 deviceDirection=0 shost=Partigard034 src=10.164.0.169 sourceZoneURI=/All Zones/ArcSight System/Private Address Space Zones/RFC1918: 10.0.0.0-10.255.255.255 spt=137 dhost=Partigard031 dst=10.164.255.255 destinationZoneURI=/All Zones/ArcSight System/Private Address Space Zones/RFC1918: 10.0.0.0-10.255.255.255 dpt=137 oldFileHash=UTF-8| cnt=2 cs2=Filtering Platform Connection cs2Label=EventlogCategory ahost=Partigard056 agt=10.99.92.114 agentZoneURI=/All Zones/ArcSight System/Private Address Space Zones/RFC1918: 10.0.0.0-10.255.255.255 amac=00-50-56-96-35-51 av=7.11.0.8139.0 atz=America/New_York at=winc dvchost=Partigard031 dvc=10.99.92.133 deviceZoneURI=/All Zones/ArcSight System/Private Address Space Zones/RFC1918: 10.0.0.0-10.255.255.255 dtz=America/New_York geid=0 _cefVer=0.1 aid=3cfX6Em4BABDFqHK7NKr9Dw\=\=
10.99.92.114 CEF:0|Microsoft|Microsoft Windows||Microsoft-Windows-Security-Auditing:5156|The Windows Filtering Platform has allowed a connection.|Low| eventId=55250921 externalId=5156 type=1 start=1574600085500 proto=UDP customerURI=/All Customers/Partigard/Partigard-NGDC categorySignificance=/Informational categoryBehavior=/Communicate/Query categoryDeviceGroup=/Operating System catdt=Operating System categoryOutcome=/Success categoryObject=/Host/Application/Service art=1574600087990 cat=Security deviceSeverity=Audit_success rt=1574600086250 deviceDirection=0 shost=Partigard050 src=10.164.3.42 sourceZoneURI=/All Zones/ArcSight System/Private Address Space Zones/RFC1918: 10.0.0.0-10.255.255.255 spt=137 dhost=Partigard031 dst=10.164.255.255 destinationZoneURI=/All Zones/ArcSight System/Private Address Space Zones/RFC1918: 10.0.0.0-10.255.255.255 dpt=137 oldFileHash=UTF-8| cnt=2 cs2=Filtering Platform Connection cs2Label=EventlogCategory ahost=Partigard056 agt=10.99.92.114 agentZoneURI=/All Zones/ArcSight System/Private Address Space Zones/RFC1918: 10.0.0.0-10.255.255.255 amac=00-50-56-96-35-51 av=7.11.0.8139.0 atz=America/New_York at=winc dvchost=Partigard031 dvc=10.99.92.133 deviceZoneURI=/All Zones/ArcSight System/Private Address Space Zones/RFC1918: 10.0.0.0-10.255.255.255 dtz=America/New_York geid=0 _cefVer=0.1 aid=3cfX6Em4BABDFqHK7NKr9Dw\=\=
10.99.92.114 CEF:0|Microsoft|Microsoft Windows||Microsoft-Windows-Security-Auditing:5156|The Windows Filtering Platform has allowed a connection.|Low| eventId=55253032 externalId=5156 type=1 start=1574600087329 proto=UDP customerURI=/All Customers/Partigard/Partigard-NGDC categorySignificance=/Informational categoryBehavior=/Communicate/Query categoryDeviceGroup=/Operating System catdt=Operating System categoryOutcome=/Success categoryObject=/Host/Application/Service art=1574600102459 cat=Security deviceSeverity=Audit_success rt=1574600096796 deviceDirection=0 shost=Partigard055 src=10.164.3.47 sourceZoneURI=/All Zones/ArcSight System/Private Address Space Zones/RFC1918: 10.0.0.0-10.255.255.255 dhost=Partigard048 dst=224.0.0.252 destinationZoneURI=/All Zones/ArcSight System/Private Address Space Zones/Local Network Zones/RFC3171: Local Network Control Block (224.0.0.0-224.0.0.255) dpt=5355 oldFileHash=UTF-8| cnt=6 cs2=Filtering Platform Connection cs2Label=EventlogCategory ahost=Partigard056 agt=10.99.92.114 agentZoneURI=/All Zones/ArcSight System/Private Address Space Zones/RFC1918: 10.0.0.0-10.255.255.255 amac=00-50-56-96-35-51 av=7.11.0.8139.0 atz=America/New_York at=winc dvchost=Partigard048 dvc=10.99.92.142 deviceZoneURI=/All Zones/ArcSight System/Private Address Space Zones/RFC1918: 10.0.0.0-10.255.255.255 dtz=America/New_York geid=0 _cefVer=0.1 aid=3cfX6Em4BABDFqHK7NKr9Dw\=\=
10.99.92.114 CEF:0|Microsoft|Microsoft Windows||Microsoft-Windows-Security-Auditing:5156|The Windows Filtering Platform has allowed a connection.|Low| eventId=55251863 externalId=5156 proto=UDP customerURI=/All Customers/Partigard/Partigard-NGDC categorySignificance=/Informational categoryBehavior=/Communicate/Query categoryDeviceGroup=/Operating System catdt=Operating System categoryOutcome=/Success categoryObject=/Host/Application/Service art=1574600088740 cat=Security deviceSeverity=Audit_success rt=1574600086805 deviceDirection=0 shost=Partigard088 src=10.164.2.175 sourceZoneURI=/All Zones/ArcSight System/Private Address Space Zones/RFC1918: 10.0.0.0-10.255.255.255 spt=138 dhost=Partigard111 dst=10.164.255.255 destinationZoneURI=/All Zones/ArcSight System/Private Address Space Zones/RFC1918: 10.0.0.0-10.255.255.255 dpt=138 oldFileHash=UTF-8| cs2=Filtering Platform Connection cs2Label=EventlogCategory ahost=Partigard056 agt=10.99.92.114 agentZoneURI=/All Zones/ArcSight System/Private Address Space Zones/RFC1918: 10.0.0.0-10.255.255.255 amac=00-50-56-96-35-51 av=7.11.0.8139.0 atz=America/New_York at=winc dvchost=Partigard111 dvc=10.99.92.127 deviceZoneURI=/All Zones/ArcSight System/Private Address Space Zones/RFC1918: 10.0.0.0-10.255.255.255 dtz=America/New_York geid=0 _cefVer=0.1 ad.EventRecordID=608425250 ad.Version=1 ad.ThreadID=2408 ad.Opcode=Info ad.ProcessID=4 ad.LayerName=Receive/Accept ad.LayerRTID=44 ad.FilterRTID=73727 ad.RemoteMachineID=NULL SID ad.ProcessID=4 ad.RemoteUserID=NULL SID ad.Application=System aid=3cfX6Em4BABDFqHK7NKr9Dw\=\=
10.99.92.114 CEF:0|Microsoft|Microsoft Windows||Microsoft-Windows-Security-Auditing:5156|The Windows Filtering Platform has allowed a connection.|Low| eventId=55251938 externalId=5156 proto=UDP customerURI=/All Customers/Partigard/Partigard-NGDC categorySignificance=/Informational categoryBehavior=/Communicate/Query categoryDeviceGroup=/Operating System catdt=Operating System categoryOutcome=/Success categoryObject=/Host/Application/Service art=1574600088740 cat=Security deviceSeverity=Audit_success rt=1574600086312 deviceDirection=0 shost=Partigard034 src=10.164.0.169 sourceZoneURI=/All Zones/ArcSight System/Private Address Space Zones/RFC1918: 10.0.0.0-10.255.255.255 spt=137 dhost=Partigard111 dst=10.164.255.255 destinationZoneURI=/All Zones/ArcSight System/Private Address Space Zones/RFC1918: 10.0.0.0-10.255.255.255 dpt=137 oldFileHash=UTF-8| cs2=Filtering Platform Connection cs2Label=EventlogCategory ahost=Partigard056 agt=10.99.92.114 agentZoneURI=/All Zones/ArcSight System/Private Address Space Zones/RFC1918: 10.0.0.0-10.255.255.255 amac=00-50-56-96-35-51 av=7.11.0.8139.0 atz=America/New_York at=winc dvchost=Partigard111 dvc=10.99.92.127 deviceZoneURI=/All Zones/ArcSight System/Private Address Space Zones/RFC1918: 10.0.0.0-10.255.255.255 dtz=America/New_York geid=0 _cefVer=0.1 ad.EventRecordID=608425224 ad.Version=1 ad.ThreadID=2408 ad.Opcode=Info ad.ProcessID=4 ad.LayerName=Receive/Accept ad.LayerRTID=44 ad.FilterRTID=73727 ad.RemoteMachineID=NULL SID ad.ProcessID=4 ad.RemoteUserID=NULL SID ad.Application=System aid=3cfX6Em4BABDFqHK7NKr9Dw\=\=
10.99.92.114 CEF:0|Microsoft|Microsoft Windows||Microsoft-Windows-Security-Auditing:5156|The Windows Filtering Platform has allowed a connection.|Low| eventId=55251934 externalId=5156 proto=UDP customerURI=/All Customers/Partigard/Partigard-NGDC categorySignificance=/Informational categoryBehavior=/Communicate/Query categoryDeviceGroup=/Operating System catdt=Operating System categoryOutcome=/Success categoryObject=/Host/Application/Service art=1574600088740 cat=Security deviceSeverity=Audit_success rt=1574600086237 deviceDirection=0 shost=Partigard050 src=10.164.3.42 sourceZoneURI=/All Zones/ArcSight System/Private Address Space Zones/RFC1918: 10.0.0.0-10.255.255.255 spt=137 dhost=Partigard111 dst=10.164.255.255 destinationZoneURI=/All Zones/ArcSight System/Private Address Space Zones/RFC1918: 10.0.0.0-10.255.255.255 dpt=137 oldFileHash=UTF-8| cs2=Filtering Platform Connection cs2Label=EventlogCategory ahost=Partigard056 agt=10.99.92.114 agentZoneURI=/All Zones/ArcSight System/Private Address Space Zones/RFC1918: 10.0.0.0-10.255.255.255 amac=00-50-56-96-35-51 av=7.11.0.8139.0 atz=America/New_York at=winc dvchost=Partigard111 dvc=10.99.92.127 deviceZoneURI=/All Zones/ArcSight System/Private Address Space Zones/RFC1918: 10.0.0.0-10.255.255.255 dtz=America/New_York geid=0 _cefVer=0.1 ad.EventRecordID=608425218 ad.Version=1 ad.ThreadID=2408 ad.Opcode=Info ad.ProcessID=4 ad.LayerName=Receive/Accept ad.LayerRTID=44 ad.FilterRTID=73727 ad.RemoteMachineID=NULL SID ad.ProcessID=4 ad.RemoteUserID=NULL SID ad.Application=System aid=3cfX6Em4BABDFqHK7NKr9Dw\=\=
10.99.92.114 CEF:0|Microsoft|Microsoft Windows||Microsoft-Windows-Security-Auditing:5156|The Windows Filtering Platform has allowed a connection.|Low| eventId=55251001 externalId=5156 proto=UDP customerURI=/All Customers/Partigard/Partigard-NGDC categorySignificance=/Informational categoryBehavior=/Communicate/Query categoryDeviceGroup=/Operating System catdt=Operating System categoryOutcome=/Success categoryObject=/Host/Application/Service art=1574600088256 cat=Security deviceSeverity=Audit_success rt=1574600086818 deviceDirection=0 shost=Partigard088 src=10.164.2.175 sourceZoneURI=/All Zones/ArcSight System/Private Address Space Zones/RFC1918: 10.0.0.0-10.255.255.255 spt=138 dhost=Partigard031 dst=10.164.255.255 destinationZoneURI=/All Zones/ArcSight System/Private Address Space Zones/RFC1918: 10.0.0.0-10.255.255.255 dpt=138 oldFileHash=UTF-8| cs2=Filtering Platform Connection cs2Label=EventlogCategory ahost=Partigard056 agt=10.99.92.114 agentZoneURI=/All Zones/ArcSight System/Private Address Space Zones/RFC1918: 10.0.0.0-10.255.255.255 amac=00-50-56-96-35-51 av=7.11.0.8139.0 atz=America/New_York at=winc dvchost=Partigard031 dvc=10.99.92.133 deviceZoneURI=/All Zones/ArcSight System/Private Address Space Zones/RFC1918: 10.0.0.0-10.255.255.255 dtz=America/New_York geid=0 _cefVer=0.1 ad.EventRecordID=698983666 ad.Version=1 ad.ThreadID=7864 ad.Opcode=Info ad.ProcessID=4 ad.LayerName=Receive/Accept ad.LayerRTID=44 ad.FilterRTID=80745 ad.RemoteMachineID=NULL SID ad.ProcessID=4 ad.RemoteUserID=NULL SID ad.Application=System aid=3cfX6Em4BABDFqHK7NKr9Dw\=\=
10.99.92.114 CEF:0|Microsoft|Microsoft Windows||Microsoft-Windows-Security-Auditing:5156|The Windows Filtering Platform has allowed a connection.|Low| eventId=55253114 externalId=5156 proto=UDP customerURI=/All Customers/Partigard/Partigard-NGDC categorySignificance=/Informational categoryBehavior=/Communicate/Query categoryDeviceGroup=/Operating System catdt=Operating System categoryOutcome=/Success categoryObject=/Host/Application/Service art=1574600090240 cat=Security deviceSeverity=Audit_success rt=1574600088718 deviceDirection=0 shost=Partigard013 src=10.164.2.48 sourceZoneURI=/All Zones/ArcSight System/Private Address Space Zones/RFC1918: 10.0.0.0-10.255.255.255 spt=56868 dhost=Partigard048 dst=224.0.0.252 destinationZoneURI=/All Zones/ArcSight System/Private Address Space Zones/Local Network Zones/RFC3171: Local Network Control Block (224.0.0.0-224.0.0.255) dpt=5355 oldFileHash=UTF-8| cs2=Filtering Platform Connection cs2Label=EventlogCategory ahost=Partigard056 agt=10.99.92.114 agentZoneURI=/All Zones/ArcSight System/Private Address Space Zones/RFC1918: 10.0.0.0-10.255.255.255 amac=00-50-56-96-35-51 av=7.11.0.8139.0 atz=America/New_York at=winc dvchost=Partigard048 dvc=10.99.92.142 deviceZoneURI=/All Zones/ArcSight System/Private Address Space Zones/RFC1918: 10.0.0.0-10.255.255.255 dtz=America/New_York geid=0 _cefVer=0.1 ad.EventRecordID=685955620 ad.Version=1 ad.ThreadID=5912 ad.Opcode=Info ad.ProcessID=4 ad.LayerName=Receive/Accept ad.LayerRTID=44 ad.FilterRTID=80663 ad.RemoteMachineID=NULL SID ad.ProcessID=860 ad.RemoteUserID=NULL SID ad.Application=\\device\\harddiskvolume2\\windows\\system32\\svchost.exe aid=3cfX6Em4BABDFqHK7NKr9Dw\=\=
10.99.92.114 CEF:0|Microsoft|Microsoft Windows||Microsoft-Windows-Security-Auditing:5156|The Windows Filtering Platform has allowed a connection.|Low| eventId=55253052 externalId=5156 proto=UDP customerURI=/All Customers/Partigard/Partigard-NGDC categorySignificance=/Informational categoryBehavior=/Communicate/Query categoryDeviceGroup=/Operating System catdt=Operating System categoryOutcome=/Success categoryObject=/Host/Application/Service art=1574600090006 cat=Security deviceSeverity=Audit_success rt=1574600087582 deviceDirection=0 shost=Partigard033 src=10.164.0.168 sourceZoneURI=/All Zones/ArcSight System/Private Address Space Zones/RFC1918: 10.0.0.0-10.255.255.255 spt=62336 dhost=Partigard048 dst=224.0.0.252 destinationZoneURI=/All Zones/ArcSight System/Private Address Space Zones/Local Network Zones/RFC3171: Local Network Control Block (224.0.0.0-224.0.0.255) dpt=5355 oldFileHash=UTF-8| cs2=Filtering Platform Connection cs2Label=EventlogCategory ahost=Partigard056 agt=10.99.92.114 agentZoneURI=/All Zones/ArcSight System/Private Address Space Zones/RFC1918: 10.0.0.0-10.255.255.255 amac=00-50-56-96-35-51 av=7.11.0.8139.0 atz=America/New_York at=winc dvchost=Partigard048 dvc=10.99.92.142 deviceZoneURI=/All Zones/ArcSight System/Private Address Space Zones/RFC1918: 10.0.0.0-10.255.255.255 dtz=America/New_York geid=0 _cefVer=0.1 ad.EventRecordID=685955580 ad.Version=1 ad.ThreadID=5912 ad.Opcode=Info ad.ProcessID=4 ad.LayerName=Receive/Accept ad.LayerRTID=44 ad.FilterRTID=80663 ad.RemoteMachineID=NULL SID ad.ProcessID=860 ad.RemoteUserID=NULL SID ad.Application=\\device\\harddiskvolume2\\windows\\system32\\svchost.exe aid=3cfX6Em4BABDFqHK7NKr9Dw\=\=
10.99.92.114 CEF:0|Microsoft|Microsoft Windows||Microsoft-Windows-Security-Auditing:5156|The Windows Filtering Platform has allowed a connection.|Low| eventId=55253015 externalId=5156 type=1 start=1574600086928 proto=UDP customerURI=/All Customers/Partigard/Partigard-NGDC categorySignificance=/Informational categoryBehavior=/Communicate/Query categoryDeviceGroup=/Operating System catdt=Operating System categoryOutcome=/Success categoryObject=/Host/Application/Service art=1574600090006 cat=Security deviceSeverity=Audit_success rt=1574600087342 deviceDirection=0 shost=Partigard051 src=10.164.3.43 sourceZoneURI=/All Zones/ArcSight System/Private Address Space Zones/RFC1918: 10.0.0.0-10.255.255.255 dhost=Partigard048 dst=224.0.0.252 destinationZoneURI=/All Zones/ArcSight System/Private Address Space Zones/Local Network Zones/RFC3171: Local Network Control Block (224.0.0.0-224.0.0.255) dpt=5355 oldFileHash=UTF-8| cnt=4 cs2=Filtering Platform Connection cs2Label=EventlogCategory ahost=Partigard056 agt=10.99.92.114 agentZoneURI=/All Zones/ArcSight System/Private Address Space Zones/RFC1918: 10.0.0.0-10.255.255.255 amac=00-50-56-96-35-51 av=7.11.0.8139.0 atz=America/New_York at=winc dvchost=Partigard048 dvc=10.99.92.142 deviceZoneURI=/All Zones/ArcSight System/Private Address Space Zones/RFC1918: 10.0.0.0-10.255.255.255 dtz=America/New_York geid=0 _cefVer=0.1 aid=3cfX6Em4BABDFqHK7NKr9Dw\=\=
10.99.92.114 CEF:0|Microsoft|Microsoft Windows||Microsoft-Windows-Security-Auditing:5156|The Windows Filtering Platform has allowed a connection.|Low| eventId=55253676 externalId=5156 type=1 start=1574600086923 proto=UDP customerURI=/All Customers/Partigard/Partigard-NGDC categorySignificance=/Informational categoryBehavior=/Communicate/Query categoryDeviceGroup=/Operating System catdt=Operating System categoryOutcome=/Success categoryObject=/Host/Application/Service art=1574600102459 cat=Security deviceSeverity=Audit_success rt=1574600088416 deviceDirection=0 shost=Partigard051 src=10.164.3.43 sourceZoneURI=/All Zones/ArcSight System/Private Address Space Zones/RFC1918: 10.0.0.0-10.255.255.255 spt=137 dhost=Partigard043 dst=10.164.255.255 destinationZoneURI=/All Zones/ArcSight System/Private Address Space Zones/RFC1918: 10.0.0.0-10.255.255.255 dpt=137 oldFileHash=UTF-8| cnt=3 cs2=Filtering Platform Connection cs2Label=EventlogCategory ahost=Partigard056 agt=10.99.92.114 agentZoneURI=/All Zones/ArcSight System/Private Address Space Zones/RFC1918: 10.0.0.0-10.255.255.255 amac=00-50-56-96-35-51 av=7.11.0.8139.0 atz=America/New_York at=winc dvchost=Partigard043 dvc=10.99.92.137 deviceZoneURI=/All Zones/ArcSight System/Private Address Space Zones/RFC1918: 10.0.0.0-10.255.255.255 dtz=America/New_York geid=0 _cefVer=0.1 aid=3cfX6Em4BABDFqHK7NKr9Dw\=\=
10.99.92.114 CEF:0|Microsoft|Microsoft Windows||Microsoft-Windows-Security-Auditing:5156|The Windows Filtering Platform has allowed a connection.|Low| eventId=55253716 externalId=5156 type=1 start=1574600086713 proto=UDP customerURI=/All Customers/Partigard/Partigard-NGDC categorySignificance=/Informational categoryBehavior=/Communicate/Query categoryDeviceGroup=/Operating System catdt=Operating System categoryOutcome=/Success categoryObject=/Host/Application/Service art=1574600102459 cat=Security deviceSeverity=Audit_success rt=1574600100600 deviceDirection=0 shost=Partigard012 src=10.164.1.206 sourceZoneURI=/All Zones/ArcSight System/Private Address Space Zones/RFC1918: 10.0.0.0-10.255.255.255 spt=137 dhost=Partigard043 dst=10.164.255.255 destinationZoneURI=/All Zones/ArcSight System/Private Address Space Zones/RFC1918: 10.0.0.0-10.255.255.255 dpt=137 oldFileHash=UTF-8| cnt=22 cs2=Filtering Platform Connection cs2Label=EventlogCategory ahost=Partigard056 agt=10.99.92.114 agentZoneURI=/All Zones/ArcSight System/Private Address Space Zones/RFC1918: 10.0.0.0-10.255.255.255 amac=00-50-56-96-35-51 av=7.11.0.8139.0 atz=America/New_York at=winc dvchost=Partigard043 dvc=10.99.92.137 deviceZoneURI=/All Zones/ArcSight System/Private Address Space Zones/RFC1918: 10.0.0.0-10.255.255.255 dtz=America/New_York geid=0 _cefVer=0.1 aid=3cfX6Em4BABDFqHK7NKr9Dw\=\=
10.99.92.114 CEF:0|Microsoft|Microsoft Windows||Microsoft-Windows-Security-Auditing:4658|The handle to an object was closed.|Low| eventId=55254639 externalId=4658 type=1 start=1574600088533 customerURI=/All Customers/Partigard/Partigard-NGDC categorySignificance=/Informational categoryBehavior=/Access/Stop categoryDeviceGroup=/Operating System catdt=Operating System categoryOutcome=/Success categoryObject=/Host/Resource art=1574600102459 cat=Security deviceSeverity=Audit_success rt=1574600101216 dhost=Partigard049 dst=10.99.92.143 destinationZoneURI=/All Zones/ArcSight System/Private Address Space Zones/RFC1918: 10.0.0.0-10.255.255.255 dntdom=ED duser=USMAGWOFNG049$ duid=0x3e7 oldFileHash=UTF-8| cnt=19 cs2Label=EventlogCategory cs3Label=Process ID ahost=Partigard056 agt=10.99.92.114 agentZoneURI=/All Zones/ArcSight System/Private Address Space Zones/RFC1918: 10.0.0.0-10.255.255.255 amac=00-50-56-96-35-51 av=7.11.0.8139.0 atz=America/New_York at=winc dvchost=Partigard049 dvc=10.99.92.143 deviceZoneURI=/All Zones/ArcSight System/Private Address Space Zones/RFC1918: 10.0.0.0-10.255.255.255 deviceNtDomain=ED dtz=America/New_York geid=0 _cefVer=0.1 aid=3cfX6Em4BABDFqHK7NKr9Dw\=\=
10.99.92.114 CEF:0|Microsoft|Microsoft Windows||Microsoft-Windows-Security-Auditing:5156|The Windows Filtering Platform has allowed a connection.|Low| eventId=55251052 externalId=5156 type=1 start=1574600084847 proto=UDP customerURI=/All Customers/Partigard/Partigard-NGDC categorySignificance=/Informational categoryBehavior=/Communicate/Query categoryDeviceGroup=/Operating System catdt=Operating System categoryOutcome=/Success categoryObject=/Host/Application/Service art=1574600102459 cat=Security deviceSeverity=Audit_success rt=1574600100958 deviceDirection=0 shost=Partigard034 src=10.164.0.169 sourceZoneURI=/All Zones/ArcSight System/Private Address Space Zones/RFC1918: 10.0.0.0-10.255.255.255 dhost=Partigard050 dst=224.0.0.252 destinationZoneURI=/All Zones/ArcSight System/Private Address Space Zones/Local Network Zones/RFC3171: Local Network Control Block (224.0.0.0-224.0.0.255) dpt=5355 oldFileHash=UTF-8| cnt=6 cs2=Filtering Platform Connection cs2Label=EventlogCategory ahost=Partigard056 agt=10.99.92.114 agentZoneURI=/All Zones/ArcSight System/Private Address Space Zones/RFC1918: 10.0.0.0-10.255.255.255 amac=00-50-56-96-35-51 av=7.11.0.8139.0 atz=America/New_York at=winc dvchost=Partigard050 dvc=10.99.92.144 deviceZoneURI=/All Zones/ArcSight System/Private Address Space Zones/RFC1918: 10.0.0.0-10.255.255.255 dtz=America/New_York geid=0 _cefVer=0.1 aid=3cfX6Em4BABDFqHK7NKr9Dw\=\=
10.99.92.114 CEF:0|Microsoft|Microsoft Windows||Microsoft-Windows-Security-Auditing:5156|The Windows Filtering Platform has allowed a connection.|Low| eventId=55251048 externalId=5156 type=1 start=1574600084768 proto=UDP customerURI=/All Customers/Partigard/Partigard-NGDC categorySignificance=/Informational categoryBehavior=/Communicate/Query categoryDeviceGroup=/Operating System catdt=Operating System categoryOutcome=/Success categoryObject=/Host/Application/Service art=1574600088287 cat=Security deviceSeverity=Audit_success rt=1574600085181 deviceDirection=0 shost=Partigard050 src=10.164.3.42 sourceZoneURI=/All Zones/ArcSight System/Private Address Space Zones/RFC1918: 10.0.0.0-10.255.255.255 dhost=Partigard050 dst=224.0.0.252 destinationZoneURI=/All Zones/ArcSight System/Private Address Space Zones/Local Network Zones/RFC3171: Local Network Control Block (224.0.0.0-224.0.0.255) dpt=5355 oldFileHash=UTF-8| cnt=3 cs2=Filtering Platform Connection cs2Label=EventlogCategory ahost=Partigard056 agt=10.99.92.114 agentZoneURI=/All Zones/ArcSight System/Private Address Space Zones/RFC1918: 10.0.0.0-10.255.255.255 amac=00-50-56-96-35-51 av=7.11.0.8139.0 atz=America/New_York at=winc dvchost=Partigard050 dvc=10.99.92.144 deviceZoneURI=/All Zones/ArcSight System/Private Address Space Zones/RFC1918: 10.0.0.0-10.255.255.255 dtz=America/New_York geid=0 _cefVer=0.1 aid=3cfX6Em4BABDFqHK7NKr9Dw\=\=
10.99.92.114 CEF:0|Microsoft|Microsoft Windows||Microsoft-Windows-Security-Auditing:4656|A handle to an object was requested.|Low| eventId=55254290 externalId=4656 type=1 start=1574600089805 customerURI=/All Customers/Partigard/Partigard-NGDC categorySignificance=/Informational categoryBehavior=/Authorization/Verify categoryDeviceGroup=/Operating System catdt=Operating System categoryOutcome=/Success categoryObject=/Host/Resource art=1574600102459 cat=Security deviceSeverity=Audit_success rt=1574600099221 dhost=Partigard004 dst=10.99.92.124 destinationZoneURI=/All Zones/ArcSight System/Private Address Space Zones/RFC1918: 10.0.0.0-10.255.255.255 dntdom=ED duser=USMAGWQFNG004$ duid=0x3e7 dproc=C:\\Program Files (x86)\\BigFix Enterprise\\BES Client\\BESClient.exe dpriv=- fname=\\Device\\HarddiskVolume2\\Windows\\System32\\lsass.exe fileType=Process oldFileHash=UTF-8| cnt=4 cs2=Kernel Object cs3=0x410 cs1Label=Accesses cs2Label=EventlogCategory cs3Label=Process ID ahost=Partigard056 agt=10.99.92.114 agentZoneURI=/All Zones/ArcSight System/Private Address Space Zones/RFC1918: 10.0.0.0-10.255.255.255 amac=00-50-56-96-35-51 av=7.11.0.8139.0 atz=America/New_York at=winc dvchost=Partigard004 dvc=10.99.92.124 deviceZoneURI=/All Zones/ArcSight System/Private Address Space Zones/RFC1918: 10.0.0.0-10.255.255.255 deviceNtDomain=ED dtz=America/New_York geid=0 _cefVer=0.1 aid=3cfX6Em4BABDFqHK7NKr9Dw\=\=
10.99.92.114 CEF:0|Microsoft|Microsoft Windows||Microsoft-Windows-Security-Auditing:5156|The Windows Filtering Platform has allowed a connection.|Low| eventId=55254859 externalId=5156 type=1 start=1574600087588 proto=UDP customerURI=/All Customers/Partigard/Partigard-NGDC categorySignificance=/Informational categoryBehavior=/Communicate/Query categoryDeviceGroup=/Operating System catdt=Operating System categoryOutcome=/Success categoryObject=/Host/Application/Service art=1574600102459 cat=Security deviceSeverity=Audit_success rt=1574600097130 deviceDirection=0 shost=Partigard033 src=10.164.0.168 sourceZoneURI=/All Zones/ArcSight System/Private Address Space Zones/RFC1918: 10.0.0.0-10.255.255.255 dhost=Partigard080 dst=224.0.0.252 destinationZoneURI=/All Zones/ArcSight System/Private Address Space Zones/Local Network Zones/RFC3171: Local Network Control Block (224.0.0.0-224.0.0.255) dpt=5355 oldFileHash=UTF-8| cnt=7 cs2=Filtering Platform Connection cs2Label=EventlogCategory ahost=Partigard056 agt=10.99.92.114 agentZoneURI=/All Zones/ArcSight System/Private Address Space Zones/RFC1918: 10.0.0.0-10.255.255.255 amac=00-50-56-96-35-51 av=7.11.0.8139.0 atz=America/New_York at=winc dvchost=Partigard080 dvc=10.99.92.131 deviceZoneURI=/All Zones/ArcSight System/Private Address Space Zones/RFC1918: 10.0.0.0-10.255.255.255 dtz=America/New_York geid=0 _cefVer=0.1 aid=3cfX6Em4BABDFqHK7NKr9Dw\=\=
10.99.92.114 CEF:0|Microsoft|Microsoft Windows||Microsoft-Windows-Security-Auditing:5156|The Windows Filtering Platform has allowed a connection.|Low| eventId=55254842 externalId=5156 type=1 start=1574600087335 proto=UDP customerURI=/All Customers/Partigard/Partigard-NGDC categorySignificance=/Informational categoryBehavior=/Communicate/Query categoryDeviceGroup=/Operating System catdt=Operating System categoryOutcome=/Success categoryObject=/Host/Application/Service art=1574600102459 cat=Security deviceSeverity=Audit_success rt=1574600096802 deviceDirection=0 shost=Partigard055 src=10.164.3.47 sourceZoneURI=/All Zones/ArcSight System/Private Address Space Zones/RFC1918: 10.0.0.0-10.255.255.255 dhost=Partigard080 dst=224.0.0.252 destinationZoneURI=/All Zones/ArcSight System/Private Address Space Zones/Local Network Zones/RFC3171: Local Network Control Block (224.0.0.0-224.0.0.255) dpt=5355 oldFileHash=UTF-8| cnt=6 cs2=Filtering Platform Connection cs2Label=EventlogCategory ahost=Partigard056 agt=10.99.92.114 agentZoneURI=/All Zones/ArcSight System/Private Address Space Zones/RFC1918: 10.0.0.0-10.255.255.255 amac=00-50-56-96-35-51 av=7.11.0.8139.0 atz=America/New_York at=winc dvchost=Partigard080 dvc=10.99.92.131 deviceZoneURI=/All Zones/ArcSight System/Private Address Space Zones/RFC1918: 10.0.0.0-10.255.255.255 dtz=America/New_York geid=0 _cefVer=0.1 aid=3cfX6Em4BABDFqHK7NKr9Dw\=\=
10.99.92.114 CEF:0|Microsoft|Microsoft Windows||Microsoft-Windows-Security-Auditing:5156|The Windows Filtering Platform has allowed a connection.|Low| eventId=55250548 externalId=5156 type=1 start=1574600084857 proto=UDP customerURI=/All Customers/Partigard/Partigard-NGDC categorySignificance=/Informational categoryBehavior=/Communicate/Query categoryDeviceGroup=/Operating System catdt=Operating System categoryOutcome=/Success categoryObject=/Host/Application/Service art=1574600102459 cat=Security deviceSeverity=Audit_success rt=1574600100968 deviceDirection=0 shost=Partigard034 src=10.164.0.169 sourceZoneURI=/All Zones/ArcSight System/Private Address Space Zones/RFC1918: 10.0.0.0-10.255.255.255 dhost=Partigard080 dst=224.0.0.252 destinationZoneURI=/All Zones/ArcSight System/Private Address Space Zones/Local Network Zones/RFC3171: Local Network Control Block (224.0.0.0-224.0.0.255) dpt=5355 oldFileHash=UTF-8| cnt=6 cs2=Filtering Platform Connection cs2Label=EventlogCategory ahost=Partigard056 agt=10.99.92.114 agentZoneURI=/All Zones/ArcSight System/Private Address Space Zones/RFC1918: 10.0.0.0-10.255.255.255 amac=00-50-56-96-35-51 av=7.11.0.8139.0 atz=America/New_York at=winc dvchost=Partigard080 dvc=10.99.92.131 deviceZoneURI=/All Zones/ArcSight System/Private Address Space Zones/RFC1918: 10.0.0.0-10.255.255.255 dtz=America/New_York geid=0 _cefVer=0.1 aid=3cfX6Em4BABDFqHK7NKr9Dw\=\=
10.99.92.114 CEF:0|Microsoft|Microsoft Windows||Microsoft-Windows-Security-Auditing:5156|The Windows Filtering Platform has allowed a connection.|Low| eventId=55250540 externalId=5156 type=1 proto=UDP customerURI=/All Customers/Partigard/Partigard-NGDC categorySignificance=/Informational categoryBehavior=/Communicate/Query categoryDeviceGroup=/Operating System catdt=Operating System categoryOutcome=/Success categoryObject=/Host/Application/Service art=1574600087834 cat=Security deviceSeverity=Audit_success rt=1574600085191 deviceDirection=0 shost=Partigard050 src=10.164.3.42 sourceZoneURI=/All Zones/ArcSight System/Private Address Space Zones/RFC1918: 10.0.0.0-10.255.255.255 dhost=Partigard080 dst=224.0.0.252 destinationZoneURI=/All Zones/ArcSight System/Private Address Space Zones/Local Network Zones/RFC3171: Local Network Control Block (224.0.0.0-224.0.0.255) dpt=5355 oldFileHash=UTF-8| cnt=2 cs2=Filtering Platform Connection cs2Label=EventlogCategory ahost=Partigard056 agt=10.99.92.114 agentZoneURI=/All Zones/ArcSight System/Private Address Space Zones/RFC1918: 10.0.0.0-10.255.255.255 amac=00-50-56-96-35-51 av=7.11.0.8139.0 atz=America/New_York at=winc dvchost=Partigard080 dvc=10.99.92.131 deviceZoneURI=/All Zones/ArcSight System/Private Address Space Zones/RFC1918: 10.0.0.0-10.255.255.255 dtz=America/New_York geid=0 _cefVer=0.1 aid=3cfX6Em4BABDFqHK7NKr9Dw\=\=
10.99.92.114 CEF:0|Microsoft|Microsoft Windows||Microsoft-Windows-Security-Auditing:5156|The Windows Filtering Platform has allowed a connection.|Low| eventId=55253727 externalId=5156 proto=UDP customerURI=/All Customers/Partigard/Partigard-NGDC categorySignificance=/Informational categoryBehavior=/Communicate/Query categoryDeviceGroup=/Operating System catdt=Operating System categoryOutcome=/Success categoryObject=/Host/Application/Service art=1574600090631 cat=Security deviceSeverity=Audit_success rt=1574600088213 deviceDirection=0 shost=Partigard004 src=10.164.0.40 sourceZoneURI=/All Zones/ArcSight System/Private Address Space Zones/RFC1918: 10.0.0.0-10.255.255.255 spt=138 dhost=Partigard043 dst=10.164.255.255 destinationZoneURI=/All Zones/ArcSight System/Private Address Space Zones/RFC1918: 10.0.0.0-10.255.255.255 dpt=138 oldFileHash=UTF-8| cs2=Filtering Platform Connection cs2Label=EventlogCategory ahost=Partigard056 agt=10.99.92.114 agentZoneURI=/All Zones/ArcSight System/Private Address Space Zones/RFC1918: 10.0.0.0-10.255.255.255 amac=00-50-56-96-35-51 av=7.11.0.8139.0 atz=America/New_York at=winc dvchost=Partigard043 dvc=10.99.92.137 deviceZoneURI=/All Zones/ArcSight System/Private Address Space Zones/RFC1918: 10.0.0.0-10.255.255.255 dtz=America/New_York geid=0 _cefVer=0.1 ad.EventRecordID=686775008 ad.Version=1 ad.ThreadID=7364 ad.Opcode=Info ad.ProcessID=4 ad.LayerName=Receive/Accept ad.LayerRTID=44 ad.FilterRTID=81833 ad.RemoteMachineID=NULL SID ad.ProcessID=4 ad.RemoteUserID=NULL SID ad.Application=System aid=3cfX6Em4BABDFqHK7NKr9Dw\=\=
10.99.92.114 CEF:0|Microsoft|Microsoft Windows||Microsoft-Windows-Security-Auditing:5156|The Windows Filtering Platform has allowed a connection.|Low| eventId=55253675 externalId=5156 proto=UDP customerURI=/All Customers/Partigard/Partigard-NGDC categorySignificance=/Informational categoryBehavior=/Communicate/Query categoryDeviceGroup=/Operating System catdt=Operating System categoryOutcome=/Success categoryObject=/Host/Application/Service art=1574600090615 cat=Security deviceSeverity=Audit_success rt=1574600086827 deviceDirection=0 shost=Partigard088 src=10.164.2.175 sourceZoneURI=/All Zones/ArcSight System/Private Address Space Zones/RFC1918: 10.0.0.0-10.255.255.255 spt=138 dhost=Partigard043 dst=10.164.255.255 destinationZoneURI=/All Zones/ArcSight System/Private Address Space Zones/RFC1918: 10.0.0.0-10.255.255.255 dpt=138 oldFileHash=UTF-8| cs2=Filtering Platform Connection cs2Label=EventlogCategory ahost=Partigard056 agt=10.99.92.114 agentZoneURI=/All Zones/ArcSight System/Private Address Space Zones/RFC1918: 10.0.0.0-10.255.255.255 amac=00-50-56-96-35-51 av=7.11.0.8139.0 atz=America/New_York at=winc dvchost=Partigard043 dvc=10.99.92.137 deviceZoneURI=/All Zones/ArcSight System/Private Address Space Zones/RFC1918: 10.0.0.0-10.255.255.255 dtz=America/New_York geid=0 _cefVer=0.1 ad.EventRecordID=686774941 ad.Version=1 ad.ThreadID=7504 ad.Opcode=Info ad.ProcessID=4 ad.LayerName=Receive/Accept ad.LayerRTID=44 ad.FilterRTID=81833 ad.RemoteMachineID=NULL SID ad.ProcessID=4 ad.RemoteUserID=NULL SID ad.Application=System aid=3cfX6Em4BABDFqHK7NKr9Dw\=\=
10.99.92.114 CEF:0|Microsoft|Microsoft Windows||Microsoft-Windows-Security-Auditing:4663|An attempt was made to access an object.|Low| eventId=55251399 externalId=4663 customerURI=/All Customers/Partigard/Partigard-NGDC categorySignificance=/Informational categoryBehavior=/Access categoryDeviceGroup=/Operating System catdt=Operating System categoryOutcome=/Success categoryObject=/Host/Resource art=1574600088396 cat=Security deviceSeverity=Audit_success rt=1574600086718 dhost=Partigard053 dst=10.99.92.147 destinationZoneURI=/All Zones/ArcSight System/Private Address Space Zones/RFC1918: 10.0.0.0-10.255.255.255 dntdom=ED duser=USMAGWOFNG053$ duid=0x3e7 dproc=C:\\Program Files\\Veritas\\NetBackup\\bin\\bpinetd.exe fname=D:\\$Extend\\$Reparse:$R:$INDEX_ALLOCATION fileId=0x3fc fileType=File oldFileHash=UTF-8| cs1=ReadData (or ListDirectory) cs2=Removable Storage cs3=0x12f4 cs1Label=Accesses cs2Label=EventlogCategory cs3Label=Process ID ahost=Partigard056 agt=10.99.92.114 agentZoneURI=/All Zones/ArcSight System/Private Address Space Zones/RFC1918: 10.0.0.0-10.255.255.255 amac=00-50-56-96-35-51 av=7.11.0.8139.0 atz=America/New_York at=winc dvchost=Partigard053 dvc=10.99.92.147 deviceZoneURI=/All Zones/ArcSight System/Private Address Space Zones/RFC1918: 10.0.0.0-10.255.255.255 deviceNtDomain=ED dtz=America/New_York geid=0 _cefVer=0.1 ad.EventRecordID=683704060 ad.Version=1 ad.ThreadID=180 ad.Opcode=Info ad.ProcessID=4 ad.ObjectServer=Security ad.AccessMask=0x1 ad.ResourceAttributes= aid=3cfX6Em4BABDFqHK7NKr9Dw\=\=
10.99.92.114 CEF:0|Microsoft|Microsoft Windows||Microsoft-Windows-Security-Auditing:5156|The Windows Filtering Platform has allowed a connection.|Low| eventId=55254914 externalId=5156 proto=UDP customerURI=/All Customers/Partigard/Partigard-NGDC categorySignificance=/Informational categoryBehavior=/Communicate/Query categoryDeviceGroup=/Operating System catdt=Operating System categoryOutcome=/Success categoryObject=/Host/Application/Service art=1574600091818 cat=Security deviceSeverity=Audit_success rt=1574600088724 deviceDirection=0 shost=Partigard013 src=10.164.2.48 sourceZoneURI=/All Zones/ArcSight System/Private Address Space Zones/RFC1918: 10.0.0.0-10.255.255.255 spt=56868 dhost=Partigard080 dst=224.0.0.252 destinationZoneURI=/All Zones/ArcSight System/Private Address Space Zones/Local Network Zones/RFC3171: Local Network Control Block (224.0.0.0-224.0.0.255) dpt=5355 oldFileHash=UTF-8| cs2=Filtering Platform Connection cs2Label=EventlogCategory ahost=Partigard056 agt=10.99.92.114 agentZoneURI=/All Zones/ArcSight System/Private Address Space Zones/RFC1918: 10.0.0.0-10.255.255.255 amac=00-50-56-96-35-51 av=7.11.0.8139.0 atz=America/New_York at=winc dvchost=Partigard080 dvc=10.99.92.131 deviceZoneURI=/All Zones/ArcSight System/Private Address Space Zones/RFC1918: 10.0.0.0-10.255.255.255 dtz=America/New_York geid=0 _cefVer=0.1 ad.EventRecordID=699030762 ad.Version=1 ad.ThreadID=4452 ad.Opcode=Info ad.ProcessID=4 ad.LayerName=Receive/Accept ad.LayerRTID=44 ad.FilterRTID=80685 ad.RemoteMachineID=NULL SID ad.ProcessID=900 ad.RemoteUserID=NULL SID ad.Application=\\device\\harddiskvolume2\\windows\\system32\\svchost.exe aid=3cfX6Em4BABDFqHK7NKr9Dw\=\=
