10.99.92.114 CEF:0|Microsoft|Microsoft Windows||Microsoft-Windows-Security-Auditing:5156|The Windows Filtering Platform has allowed a connection.|Low| eventId=55252088 externalId=5156 proto=UDP customerURI=/All Customers/Partigard/Partigard-NGDC categorySignificance=/Informational categoryBehavior=/Communicate/Query categoryDeviceGroup=/Operating System catdt=Operating System categoryOutcome=/Success categoryObject=/Host/Application/Service art=1574600089209 cat=Security deviceSeverity=Audit_success rt=1574600088225 deviceDirection=0 shost=Partigard004 src=10.164.0.40 sourceZoneURI=/All Zones/ArcSight System/Private Address Space Zones/RFC1918: 10.0.0.0-10.255.255.255 spt=138 dhost=Partigard046 dst=10.164.255.255 destinationZoneURI=/All Zones/ArcSight System/Private Address Space Zones/RFC1918: 10.0.0.0-10.255.255.255 dpt=138 oldFileHash=UTF-8| cs2=Filtering Platform Connection cs2Label=EventlogCategory ahost=Partigard056 agt=10.99.92.114 agentZoneURI=/All Zones/ArcSight System/Private Address Space Zones/RFC1918: 10.0.0.0-10.255.255.255 amac=00-50-56-96-35-51 av=7.11.0.8139.0 atz=America/New_York at=winc dvchost=Partigard046 dvc=10.99.92.140 deviceZoneURI=/All Zones/ArcSight System/Private Address Space Zones/RFC1918: 10.0.0.0-10.255.255.255 dtz=America/New_York geid=0 _cefVer=0.1 ad.EventRecordID=686407637 ad.Version=1 ad.ThreadID=7468 ad.Opcode=Info ad.ProcessID=4 ad.LayerName=Receive/Accept ad.LayerRTID=44 ad.FilterRTID=80723 ad.RemoteMachineID=NULL SID ad.ProcessID=4 ad.RemoteUserID=NULL SID ad.Application=System aid=3cfX6Em4BABDFqHK7NKr9Dw\=\=
10.99.92.114 CEF:0|Microsoft|Microsoft Windows||Microsoft-Windows-Security-Auditing:5156|The Windows Filtering Platform has allowed a connection.|Low| eventId=55252025 externalId=5156 proto=UDP customerURI=/All Customers/Partigard/Partigard-NGDC categorySignificance=/Informational categoryBehavior=/Communicate/Query categoryDeviceGroup=/Operating System catdt=Operating System categoryOutcome=/Success categoryObject=/Host/Application/Service art=1574600089162 cat=Security deviceSeverity=Audit_success rt=1574600086839 deviceDirection=0 shost=Partigard088 src=10.164.2.175 sourceZoneURI=/All Zones/ArcSight System/Private Address Space Zones/RFC1918: 10.0.0.0-10.255.255.255 spt=138 dhost=Partigard046 dst=10.164.255.255 destinationZoneURI=/All Zones/ArcSight System/Private Address Space Zones/RFC1918: 10.0.0.0-10.255.255.255 dpt=138 oldFileHash=UTF-8| cs2=Filtering Platform Connection cs2Label=EventlogCategory ahost=Partigard056 agt=10.99.92.114 agentZoneURI=/All Zones/ArcSight System/Private Address Space Zones/RFC1918: 10.0.0.0-10.255.255.255 amac=00-50-56-96-35-51 av=7.11.0.8139.0 atz=America/New_York at=winc dvchost=Partigard046 dvc=10.99.92.140 deviceZoneURI=/All Zones/ArcSight System/Private Address Space Zones/RFC1918: 10.0.0.0-10.255.255.255 dtz=America/New_York geid=0 _cefVer=0.1 ad.EventRecordID=686407574 ad.Version=1 ad.ThreadID=7088 ad.Opcode=Info ad.ProcessID=4 ad.LayerName=Receive/Accept ad.LayerRTID=44 ad.FilterRTID=80723 ad.RemoteMachineID=NULL SID ad.ProcessID=4 ad.RemoteUserID=NULL SID ad.Application=System aid=3cfX6Em4BABDFqHK7NKr9Dw\=\=
10.99.92.114 CEF:0|Microsoft|Microsoft Windows||Microsoft-Windows-Security-Auditing:5156|The Windows Filtering Platform has allowed a connection.|Low| eventId=55252001 externalId=5156 proto=UDP customerURI=/All Customers/Partigard/Partigard-NGDC categorySignificance=/Informational categoryBehavior=/Communicate/Query categoryDeviceGroup=/Operating System catdt=Operating System categoryOutcome=/Success categoryObject=/Host/Application/Service art=1574600089146 cat=Security deviceSeverity=Audit_success rt=1574600086271 deviceDirection=0 shost=Partigard050 src=10.164.3.42 sourceZoneURI=/All Zones/ArcSight System/Private Address Space Zones/RFC1918: 10.0.0.0-10.255.255.255 spt=137 dhost=Partigard046 dst=10.164.255.255 destinationZoneURI=/All Zones/ArcSight System/Private Address Space Zones/RFC1918: 10.0.0.0-10.255.255.255 dpt=137 oldFileHash=UTF-8| cs2=Filtering Platform Connection cs2Label=EventlogCategory ahost=Partigard056 agt=10.99.92.114 agentZoneURI=/All Zones/ArcSight System/Private Address Space Zones/RFC1918: 10.0.0.0-10.255.255.255 amac=00-50-56-96-35-51 av=7.11.0.8139.0 atz=America/New_York at=winc dvchost=Partigard046 dvc=10.99.92.140 deviceZoneURI=/All Zones/ArcSight System/Private Address Space Zones/RFC1918: 10.0.0.0-10.255.255.255 dtz=America/New_York geid=0 _cefVer=0.1 ad.EventRecordID=686407550 ad.Version=1 ad.ThreadID=7088 ad.Opcode=Info ad.ProcessID=4 ad.LayerName=Receive/Accept ad.LayerRTID=44 ad.FilterRTID=80723 ad.RemoteMachineID=NULL SID ad.ProcessID=4 ad.RemoteUserID=NULL SID ad.Application=System aid=3cfX6Em4BABDFqHK7NKr9Dw\=\=
10.99.92.114 CEF:0|Microsoft|Microsoft Windows||Microsoft-Windows-Security-Auditing:5156|The Windows Filtering Platform has allowed a connection.|Low| eventId=55251973 externalId=5156 proto=UDP customerURI=/All Customers/Partigard/Partigard-NGDC categorySignificance=/Informational categoryBehavior=/Communicate/Query categoryDeviceGroup=/Operating System catdt=Operating System categoryOutcome=/Success categoryObject=/Host/Application/Service art=1574600089146 cat=Security deviceSeverity=Audit_success rt=1574600085882 deviceDirection=0 shost=Partigard033 src=10.164.0.168 sourceZoneURI=/All Zones/ArcSight System/Private Address Space Zones/RFC1918: 10.0.0.0-10.255.255.255 spt=137 dhost=Partigard046 dst=10.164.255.255 destinationZoneURI=/All Zones/ArcSight System/Private Address Space Zones/RFC1918: 10.0.0.0-10.255.255.255 dpt=137 oldFileHash=UTF-8| cs2=Filtering Platform Connection cs2Label=EventlogCategory ahost=Partigard056 agt=10.99.92.114 agentZoneURI=/All Zones/ArcSight System/Private Address Space Zones/RFC1918: 10.0.0.0-10.255.255.255 amac=00-50-56-96-35-51 av=7.11.0.8139.0 atz=America/New_York at=winc dvchost=Partigard046 dvc=10.99.92.140 deviceZoneURI=/All Zones/ArcSight System/Private Address Space Zones/RFC1918: 10.0.0.0-10.255.255.255 dtz=America/New_York geid=0 _cefVer=0.1 ad.EventRecordID=686407521 ad.Version=1 ad.ThreadID=7088 ad.Opcode=Info ad.ProcessID=4 ad.LayerName=Receive/Accept ad.LayerRTID=44 ad.FilterRTID=80723 ad.RemoteMachineID=NULL SID ad.ProcessID=4 ad.RemoteUserID=NULL SID ad.Application=System aid=3cfX6Em4BABDFqHK7NKr9Dw\=\=
10.99.92.114 CEF:0|Microsoft|Microsoft Windows||Microsoft-Windows-Security-Auditing:5156|The Windows Filtering Platform has allowed a connection.|Low| eventId=55253263 externalId=5156 proto=UDP customerURI=/All Customers/Partigard/Partigard-NGDC categorySignificance=/Informational categoryBehavior=/Communicate/Query categoryDeviceGroup=/Operating System catdt=Operating System categoryOutcome=/Success categoryObject=/Host/Application/Service art=1574600090303 cat=Security deviceSeverity=Audit_success rt=1574600088714 deviceDirection=0 shost=Partigard013 src=10.164.2.48 sourceZoneURI=/All Zones/ArcSight System/Private Address Space Zones/RFC1918: 10.0.0.0-10.255.255.255 spt=56868 dhost=Partigard110 dst=224.0.0.252 destinationZoneURI=/All Zones/ArcSight System/Private Address Space Zones/Local Network Zones/RFC3171: Local Network Control Block (224.0.0.0-224.0.0.255) dpt=5355 oldFileHash=UTF-8| cs2=Filtering Platform Connection cs2Label=EventlogCategory ahost=Partigard056 agt=10.99.92.114 agentZoneURI=/All Zones/ArcSight System/Private Address Space Zones/RFC1918: 10.0.0.0-10.255.255.255 amac=00-50-56-96-35-51 av=7.11.0.8139.0 atz=America/New_York at=winc dvchost=Partigard110 dvc=10.99.92.126 deviceZoneURI=/All Zones/ArcSight System/Private Address Space Zones/RFC1918: 10.0.0.0-10.255.255.255 dtz=America/New_York geid=0 _cefVer=0.1 ad.EventRecordID=696290553 ad.Version=1 ad.ThreadID=2636 ad.Opcode=Info ad.ProcessID=4 ad.LayerName=Receive/Accept ad.LayerRTID=44 ad.FilterRTID=81981 ad.RemoteMachineID=NULL SID ad.ProcessID=1072 ad.RemoteUserID=NULL SID ad.Application=\\device\\harddiskvolume2\\windows\\system32\\svchost.exe aid=3cfX6Em4BABDFqHK7NKr9Dw\=\=
10.99.92.114 CEF:0|Microsoft|Microsoft Windows||Microsoft-Windows-Security-Auditing:4688|A new process has been created.|Low| eventId=55251952 externalId=4688 msg=Token Elevation Type indicates the type of token that was assigned to the new process in accordance with User Account Control policy.Type 1 is a full token with no privileges removed or groups disabled. Type 2 is an elevated token with no privileges removed or groups disabled.Type 3 is a limited token with administrative privileges removed and administrative groups disabled. customerURI=/All Customers/Partigard/Partigard-NGDC categorySignificance=/Informational categoryBehavior=/Execute/Start categoryDeviceGroup=/Operating System catdt=Operating System categoryOutcome=/Success categoryObject=/Host/Resource/Process art=1574600089146 cat=Security deviceSeverity=Audit_success rt=1574600087699 dhost=Partigard111 dst=10.99.92.127 destinationZoneURI=/All Zones/ArcSight System/Private Address Space Zones/RFC1918: 10.0.0.0-10.255.255.255 dntdom=ED duser=USMAGWKFNG111$ duid=0x3e7 dproc=C:\\Program Files\\Veritas\\NetBackup\\bin\\bpclntcmd.exe filePath=C:\\Program Files\\Veritas\\NetBackup\\bin\\vnetd.exe oldFileHash=UTF-8| cs1=S-1-16-16384 cs2=Process Creation cs3=0x348 cs5=0xdc8 cs6=TokenElevationTypeDefault (1) cs1Label=Mandatory Label cs2Label=EventlogCategory cs3Label=New Process ID cs4Label=Process Command Line cs5Label=Creator Process ID cs6Label=Token Elevation Type ahost=Partigard056 agt=10.99.92.114 agentZoneURI=/All Zones/ArcSight System/Private Address Space Zones/RFC1918: 10.0.0.0-10.255.255.255 amac=00-50-56-96-35-51 av=7.11.0.8139.0 atz=America/New_York at=winc dvchost=Partigard111 dvc=10.99.92.127 deviceZoneURI=/All Zones/ArcSight System/Private Address Space Zones/RFC1918: 10.0.0.0-10.255.255.255 deviceNtDomain=ED dtz=America/New_York geid=0 _cefVer=0.1 ad.EventRecordID=608425301 ad.Version=2 ad.ThreadID=2408 ad.Opcode=Info ad.ProcessID=4 ad.TargetDomainName=- aid=3cfX6Em4BABDFqHK7NKr9Dw\=\=
10.99.92.114 CEF:0|Microsoft|Microsoft Windows||Microsoft-Windows-Security-Auditing:4688|A new process has been created.|Low| eventId=55251487 externalId=4688 msg=Token Elevation Type indicates the type of token that was assigned to the new process in accordance with User Account Control policy.Type 1 is a full token with no privileges removed or groups disabled. Type 2 is an elevated token with no privileges removed or groups disabled.Type 3 is a limited token with administrative privileges removed and administrative groups disabled. customerURI=/All Customers/Partigard/Partigard-NGDC categorySignificance=/Informational categoryBehavior=/Execute/Start categoryDeviceGroup=/Operating System catdt=Operating System categoryOutcome=/Success categoryObject=/Host/Resource/Process art=1574600088428 cat=Security deviceSeverity=Audit_success rt=1574600085565 dhost=Partigard051 dst=10.99.92.145 destinationZoneURI=/All Zones/ArcSight System/Private Address Space Zones/RFC1918: 10.0.0.0-10.255.255.255 dntdom=ED duser=USMAGWOFNG051$ duid=0x3e7 dproc=C:\\Program Files\\Veritas\\NetBackup\\bin\\bpclntcmd.exe filePath=C:\\Program Files\\Veritas\\NetBackup\\bin\\vnetd.exe oldFileHash=UTF-8| cs1=S-1-16-16384 cs2=Process Creation cs3=0x22b8 cs5=0xd94 cs6=TokenElevationTypeDefault (1) cs1Label=Mandatory Label cs2Label=EventlogCategory cs3Label=New Process ID cs4Label=Process Command Line cs5Label=Creator Process ID cs6Label=Token Elevation Type ahost=Partigard056 agt=10.99.92.114 agentZoneURI=/All Zones/ArcSight System/Private Address Space Zones/RFC1918: 10.0.0.0-10.255.255.255 amac=00-50-56-96-35-51 av=7.11.0.8139.0 atz=America/New_York at=winc dvchost=Partigard051 dvc=10.99.92.145 deviceZoneURI=/All Zones/ArcSight System/Private Address Space Zones/RFC1918: 10.0.0.0-10.255.255.255 deviceNtDomain=ED dtz=America/New_York geid=0 _cefVer=0.1 ad.EventRecordID=683722476 ad.Version=2 ad.ThreadID=5500 ad.Opcode=Info ad.ProcessID=4 ad.TargetDomainName=- aid=3cfX6Em4BABDFqHK7NKr9Dw\=\=
10.99.92.114 CEF:0|Microsoft|Microsoft Windows||Microsoft-Windows-Security-Auditing:5156|The Windows Filtering Platform has allowed a connection.|Low| eventId=55251825 externalId=5156 proto=UDP customerURI=/All Customers/Partigard/Partigard-NGDC categorySignificance=/Informational categoryBehavior=/Communicate/Query categoryDeviceGroup=/Operating System catdt=Operating System categoryOutcome=/Success categoryObject=/Host/Application/Service art=1574600088725 cat=Security deviceSeverity=Audit_success rt=1574600087563 deviceDirection=0 shost=Partigard033 src=10.164.0.168 sourceZoneURI=/All Zones/ArcSight System/Private Address Space Zones/RFC1918: 10.0.0.0-10.255.255.255 spt=62336 dhost=Partigard042 dst=224.0.0.252 destinationZoneURI=/All Zones/ArcSight System/Private Address Space Zones/Local Network Zones/RFC3171: Local Network Control Block (224.0.0.0-224.0.0.255) dpt=5355 oldFileHash=UTF-8| cs2=Filtering Platform Connection cs2Label=EventlogCategory ahost=Partigard056 agt=10.99.92.114 agentZoneURI=/All Zones/ArcSight System/Private Address Space Zones/RFC1918: 10.0.0.0-10.255.255.255 amac=00-50-56-96-35-51 av=7.11.0.8139.0 atz=America/New_York at=winc dvchost=Partigard042 dvc=10.99.92.136 deviceZoneURI=/All Zones/ArcSight System/Private Address Space Zones/RFC1918: 10.0.0.0-10.255.255.255 dtz=America/New_York geid=0 _cefVer=0.1 ad.EventRecordID=688587197 ad.Version=1 ad.ThreadID=7048 ad.Opcode=Info ad.ProcessID=4 ad.LayerName=Receive/Accept ad.LayerRTID=44 ad.FilterRTID=79633 ad.RemoteMachineID=NULL SID ad.ProcessID=1036 ad.RemoteUserID=NULL SID ad.Application=\\device\\harddiskvolume2\\windows\\system32\\svchost.exe aid=3cfX6Em4BABDFqHK7NKr9Dw\=\=
10.99.92.114 CEF:0|Microsoft|Microsoft Windows||Microsoft-Windows-Security-Auditing:4663|An attempt was made to access an object.|Low| eventId=55250315 externalId=4663 customerURI=/All Customers/Partigard/Partigard-NGDC categorySignificance=/Informational categoryBehavior=/Access categoryDeviceGroup=/Operating System catdt=Operating System categoryOutcome=/Success categoryObject=/Host/Resource art=1574600087662 cat=Security deviceSeverity=Audit_success rt=1574600085821 dhost=Partigard055 dst=10.99.92.149 destinationZoneURI=/All Zones/ArcSight System/Private Address Space Zones/RFC1918: 10.0.0.0-10.255.255.255 dntdom=ED duser=USMAGWOFNG055$ duid=0x3e7 dproc=C:\\Windows\\System32\\wbem\\WmiPrvSE.exe fname=\\Device\\HarddiskVolume2\\Windows\\System32\\lsass.exe fileId=0x748 fileType=Process oldFileHash=UTF-8| cs1=Read from process memory cs2=Kernel Object cs3=0xe80 cs1Label=Accesses cs2Label=EventlogCategory cs3Label=Process ID ahost=Partigard056 agt=10.99.92.114 agentZoneURI=/All Zones/ArcSight System/Private Address Space Zones/RFC1918: 10.0.0.0-10.255.255.255 amac=00-50-56-96-35-51 av=7.11.0.8139.0 atz=America/New_York at=winc dvchost=Partigard055 dvc=10.99.92.149 deviceZoneURI=/All Zones/ArcSight System/Private Address Space Zones/RFC1918: 10.0.0.0-10.255.255.255 deviceNtDomain=ED dtz=America/New_York geid=0 _cefVer=0.1 ad.EventRecordID=682836845 ad.Version=1 ad.ThreadID=5444 ad.Opcode=Info ad.ProcessID=4 ad.ObjectServer=Security ad.AccessMask=0x10 ad.ResourceAttributes=- aid=3cfX6Em4BABDFqHK7NKr9Dw\=\=
10.99.92.114 CEF:0|Microsoft|Microsoft Windows||Microsoft-Windows-Security-Auditing:5156|The Windows Filtering Platform has allowed a connection.|Low| eventId=55254509 externalId=5156 proto=UDP customerURI=/All Customers/Partigard/Partigard-NGDC categorySignificance=/Informational categoryBehavior=/Communicate/Query categoryDeviceGroup=/Operating System catdt=Operating System categoryOutcome=/Success categoryObject=/Host/Application/Service art=1574600091521 cat=Security deviceSeverity=Audit_success rt=1574600088699 deviceDirection=0 shost=Partigard013 src=10.164.2.48 sourceZoneURI=/All Zones/ArcSight System/Private Address Space Zones/RFC1918: 10.0.0.0-10.255.255.255 spt=56868 dhost=Partigard058 dst=224.0.0.252 destinationZoneURI=/All Zones/ArcSight System/Private Address Space Zones/Local Network Zones/RFC3171: Local Network Control Block (224.0.0.0-224.0.0.255) dpt=5355 oldFileHash=UTF-8| cs2=Filtering Platform Connection cs2Label=EventlogCategory ahost=Partigard056 agt=10.99.92.114 agentZoneURI=/All Zones/ArcSight System/Private Address Space Zones/RFC1918: 10.0.0.0-10.255.255.255 amac=00-50-56-96-35-51 av=7.11.0.8139.0 atz=America/New_York at=winc dvchost=Partigard058 dvc=10.99.92.152 deviceZoneURI=/All Zones/ArcSight System/Private Address Space Zones/RFC1918: 10.0.0.0-10.255.255.255 dtz=America/New_York geid=0 _cefVer=0.1 ad.EventRecordID=609681837 ad.Version=1 ad.ThreadID=5656 ad.Opcode=Info ad.ProcessID=4 ad.LayerName=Receive/Accept ad.LayerRTID=44 ad.FilterRTID=73727 ad.RemoteMachineID=NULL SID ad.ProcessID=568 ad.RemoteUserID=NULL SID ad.Application=\\device\\harddiskvolume2\\windows\\system32\\svchost.exe aid=3cfX6Em4BABDFqHK7NKr9Dw\=\=
10.99.92.114 CEF:0|Microsoft|Microsoft Windows||Microsoft-Windows-Security-Auditing:5156|The Windows Filtering Platform has allowed a connection.|Low| eventId=55251405 externalId=5156 proto=UDP customerURI=/All Customers/Partigard/Partigard-NGDC categorySignificance=/Informational categoryBehavior=/Communicate/Query categoryDeviceGroup=/Operating System catdt=Operating System categoryOutcome=/Success categoryObject=/Host/Application/Service art=1574600088396 cat=Security deviceSeverity=Audit_success rt=1574600086809 deviceDirection=0 shost=Partigard088 src=10.164.2.175 sourceZoneURI=/All Zones/ArcSight System/Private Address Space Zones/RFC1918: 10.0.0.0-10.255.255.255 spt=138 dhost=Partigard053 dst=10.164.255.255 destinationZoneURI=/All Zones/ArcSight System/Private Address Space Zones/RFC1918: 10.0.0.0-10.255.255.255 dpt=138 oldFileHash=UTF-8| cs2=Filtering Platform Connection cs2Label=EventlogCategory ahost=Partigard056 agt=10.99.92.114 agentZoneURI=/All Zones/ArcSight System/Private Address Space Zones/RFC1918: 10.0.0.0-10.255.255.255 amac=00-50-56-96-35-51 av=7.11.0.8139.0 atz=America/New_York at=winc dvchost=Partigard053 dvc=10.99.92.147 deviceZoneURI=/All Zones/ArcSight System/Private Address Space Zones/RFC1918: 10.0.0.0-10.255.255.255 dtz=America/New_York geid=0 _cefVer=0.1 ad.EventRecordID=683704066 ad.Version=1 ad.ThreadID=180 ad.Opcode=Info ad.ProcessID=4 ad.LayerName=Receive/Accept ad.LayerRTID=44 ad.FilterRTID=80805 ad.RemoteMachineID=NULL SID ad.ProcessID=4 ad.RemoteUserID=NULL SID ad.Application=System aid=3cfX6Em4BABDFqHK7NKr9Dw\=\=
10.99.92.114 CEF:0|Microsoft|Microsoft Windows||Microsoft-Windows-Security-Auditing:5156|The Windows Filtering Platform has allowed a connection.|Low| eventId=55253249 externalId=5156 proto=UDP customerURI=/All Customers/Partigard/Partigard-NGDC categorySignificance=/Informational categoryBehavior=/Communicate/Query categoryDeviceGroup=/Operating System catdt=Operating System categoryOutcome=/Success categoryObject=/Host/Application/Service art=1574600090303 cat=Security deviceSeverity=Audit_success rt=1574600088213 deviceDirection=0 shost=Partigard004 src=10.164.0.40 sourceZoneURI=/All Zones/ArcSight System/Private Address Space Zones/RFC1918: 10.0.0.0-10.255.255.255 spt=138 dhost=Partigard110 dst=10.164.255.255 destinationZoneURI=/All Zones/ArcSight System/Private Address Space Zones/RFC1918: 10.0.0.0-10.255.255.255 dpt=138 oldFileHash=UTF-8| cs2=Filtering Platform Connection cs2Label=EventlogCategory ahost=Partigard056 agt=10.99.92.114 agentZoneURI=/All Zones/ArcSight System/Private Address Space Zones/RFC1918: 10.0.0.0-10.255.255.255 amac=00-50-56-96-35-51 av=7.11.0.8139.0 atz=America/New_York at=winc dvchost=Partigard110 dvc=10.99.92.126 deviceZoneURI=/All Zones/ArcSight System/Private Address Space Zones/RFC1918: 10.0.0.0-10.255.255.255 dtz=America/New_York geid=0 _cefVer=0.1 ad.EventRecordID=696290539 ad.Version=1 ad.ThreadID=2636 ad.Opcode=Info ad.ProcessID=4 ad.LayerName=Receive/Accept ad.LayerRTID=44 ad.FilterRTID=81981 ad.RemoteMachineID=NULL SID ad.ProcessID=4 ad.RemoteUserID=NULL SID ad.Application=System aid=3cfX6Em4BABDFqHK7NKr9Dw\=\=
10.99.92.114 CEF:0|Microsoft|Microsoft Windows||Microsoft-Windows-Security-Auditing:5156|The Windows Filtering Platform has allowed a connection.|Low| eventId=55253179 externalId=5156 proto=UDP customerURI=/All Customers/Partigard/Partigard-NGDC categorySignificance=/Informational categoryBehavior=/Communicate/Query categoryDeviceGroup=/Operating System catdt=Operating System categoryOutcome=/Success categoryObject=/Host/Application/Service art=1574600090271 cat=Security deviceSeverity=Audit_success rt=1574600086827 deviceDirection=0 shost=Partigard088 src=10.164.2.175 sourceZoneURI=/All Zones/ArcSight System/Private Address Space Zones/RFC1918: 10.0.0.0-10.255.255.255 spt=138 dhost=Partigard110 dst=10.164.255.255 destinationZoneURI=/All Zones/ArcSight System/Private Address Space Zones/RFC1918: 10.0.0.0-10.255.255.255 dpt=138 oldFileHash=UTF-8| cs2=Filtering Platform Connection cs2Label=EventlogCategory ahost=Partigard056 agt=10.99.92.114 agentZoneURI=/All Zones/ArcSight System/Private Address Space Zones/RFC1918: 10.0.0.0-10.255.255.255 amac=00-50-56-96-35-51 av=7.11.0.8139.0 atz=America/New_York at=winc dvchost=Partigard110 dvc=10.99.92.126 deviceZoneURI=/All Zones/ArcSight System/Private Address Space Zones/RFC1918: 10.0.0.0-10.255.255.255 dtz=America/New_York geid=0 _cefVer=0.1 ad.EventRecordID=696290475 ad.Version=1 ad.ThreadID=4024 ad.Opcode=Info ad.ProcessID=4 ad.LayerName=Receive/Accept ad.LayerRTID=44 ad.FilterRTID=81981 ad.RemoteMachineID=NULL SID ad.ProcessID=4 ad.RemoteUserID=NULL SID ad.Application=System aid=3cfX6Em4BABDFqHK7NKr9Dw\=\=
10.99.92.114 CEF:0|Microsoft|Microsoft Windows||Microsoft-Windows-Security-Auditing:5156|The Windows Filtering Platform has allowed a connection.|Low| eventId=55253161 externalId=5156 proto=UDP customerURI=/All Customers/Partigard/Partigard-NGDC categorySignificance=/Informational categoryBehavior=/Communicate/Query categoryDeviceGroup=/Operating System catdt=Operating System categoryOutcome=/Success categoryObject=/Host/Application/Service art=1574600090271 cat=Security deviceSeverity=Audit_success rt=1574600086334 deviceDirection=0 shost=Partigard034 src=10.164.0.169 sourceZoneURI=/All Zones/ArcSight System/Private Address Space Zones/RFC1918: 10.0.0.0-10.255.255.255 spt=137 dhost=Partigard110 dst=10.164.255.255 destinationZoneURI=/All Zones/ArcSight System/Private Address Space Zones/RFC1918: 10.0.0.0-10.255.255.255 dpt=137 oldFileHash=UTF-8| cs2=Filtering Platform Connection cs2Label=EventlogCategory ahost=Partigard056 agt=10.99.92.114 agentZoneURI=/All Zones/ArcSight System/Private Address Space Zones/RFC1918: 10.0.0.0-10.255.255.255 amac=00-50-56-96-35-51 av=7.11.0.8139.0 atz=America/New_York at=winc dvchost=Partigard110 dvc=10.99.92.126 deviceZoneURI=/All Zones/ArcSight System/Private Address Space Zones/RFC1918: 10.0.0.0-10.255.255.255 dtz=America/New_York geid=0 _cefVer=0.1 ad.EventRecordID=696290457 ad.Version=1 ad.ThreadID=4024 ad.Opcode=Info ad.ProcessID=4 ad.LayerName=Receive/Accept ad.LayerRTID=44 ad.FilterRTID=81981 ad.RemoteMachineID=NULL SID ad.ProcessID=4 ad.RemoteUserID=NULL SID ad.Application=System aid=3cfX6Em4BABDFqHK7NKr9Dw\=\=
10.99.92.114 CEF:0|Microsoft|Microsoft Windows||Microsoft-Windows-Security-Auditing:5156|The Windows Filtering Platform has allowed a connection.|Low| eventId=55253155 externalId=5156 proto=UDP customerURI=/All Customers/Partigard/Partigard-NGDC categorySignificance=/Informational categoryBehavior=/Communicate/Query categoryDeviceGroup=/Operating System catdt=Operating System categoryOutcome=/Success categoryObject=/Host/Application/Service art=1574600090271 cat=Security deviceSeverity=Audit_success rt=1574600086259 deviceDirection=0 shost=Partigard050 src=10.164.3.42 sourceZoneURI=/All Zones/ArcSight System/Private Address Space Zones/RFC1918: 10.0.0.0-10.255.255.255 spt=137 dhost=Partigard110 dst=10.164.255.255 destinationZoneURI=/All Zones/ArcSight System/Private Address Space Zones/RFC1918: 10.0.0.0-10.255.255.255 dpt=137 oldFileHash=UTF-8| cs2=Filtering Platform Connection cs2Label=EventlogCategory ahost=Partigard056 agt=10.99.92.114 agentZoneURI=/All Zones/ArcSight System/Private Address Space Zones/RFC1918: 10.0.0.0-10.255.255.255 amac=00-50-56-96-35-51 av=7.11.0.8139.0 atz=America/New_York at=winc dvchost=Partigard110 dvc=10.99.92.126 deviceZoneURI=/All Zones/ArcSight System/Private Address Space Zones/RFC1918: 10.0.0.0-10.255.255.255 dtz=America/New_York geid=0 _cefVer=0.1 ad.EventRecordID=696290451 ad.Version=1 ad.ThreadID=4024 ad.Opcode=Info ad.ProcessID=4 ad.LayerName=Receive/Accept ad.LayerRTID=44 ad.FilterRTID=81981 ad.RemoteMachineID=NULL SID ad.ProcessID=4 ad.RemoteUserID=NULL SID ad.Application=System aid=3cfX6Em4BABDFqHK7NKr9Dw\=\=
10.99.92.114 CEF:0|Microsoft|Microsoft Windows||Microsoft-Windows-Security-Auditing:5156|The Windows Filtering Platform has allowed a connection.|Low| eventId=55254403 externalId=5156 proto=UDP customerURI=/All Customers/Partigard/Partigard-NGDC categorySignificance=/Informational categoryBehavior=/Communicate/Query categoryDeviceGroup=/Operating System catdt=Operating System categoryOutcome=/Success categoryObject=/Host/Application/Service art=1574600091506 cat=Security deviceSeverity=Audit_success rt=1574600088711 deviceDirection=0 shost=Partigard013 src=10.164.2.48 sourceZoneURI=/All Zones/ArcSight System/Private Address Space Zones/RFC1918: 10.0.0.0-10.255.255.255 spt=56868 dhost=Partigard047 dst=224.0.0.252 destinationZoneURI=/All Zones/ArcSight System/Private Address Space Zones/Local Network Zones/RFC3171: Local Network Control Block (224.0.0.0-224.0.0.255) dpt=5355 oldFileHash=UTF-8| cs2=Filtering Platform Connection cs2Label=EventlogCategory ahost=Partigard056 agt=10.99.92.114 agentZoneURI=/All Zones/ArcSight System/Private Address Space Zones/RFC1918: 10.0.0.0-10.255.255.255 amac=00-50-56-96-35-51 av=7.11.0.8139.0 atz=America/New_York at=winc dvchost=Partigard047 dvc=10.99.92.141 deviceZoneURI=/All Zones/ArcSight System/Private Address Space Zones/RFC1918: 10.0.0.0-10.255.255.255 dtz=America/New_York geid=0 _cefVer=0.1 ad.EventRecordID=689386811 ad.Version=1 ad.ThreadID=6788 ad.Opcode=Info ad.ProcessID=4 ad.LayerName=Receive/Accept ad.LayerRTID=44 ad.FilterRTID=78339 ad.RemoteMachineID=NULL SID ad.ProcessID=1040 ad.RemoteUserID=NULL SID ad.Application=\\device\\harddiskvolume2\\windows\\system32\\svchost.exe aid=3cfX6Em4BABDFqHK7NKr9Dw\=\=
10.99.92.114 CEF:0|Microsoft|Microsoft Windows||Microsoft-Windows-Security-Auditing:5156|The Windows Filtering Platform has allowed a connection.|Low| eventId=55251762 externalId=5156 proto=UDP customerURI=/All Customers/Partigard/Partigard-NGDC categorySignificance=/Informational categoryBehavior=/Communicate/Query categoryDeviceGroup=/Operating System catdt=Operating System categoryOutcome=/Success categoryObject=/Host/Application/Service art=1574600088709 cat=Security deviceSeverity=Audit_success rt=1574600086812 deviceDirection=0 shost=Partigard088 src=10.164.2.175 sourceZoneURI=/All Zones/ArcSight System/Private Address Space Zones/RFC1918: 10.0.0.0-10.255.255.255 spt=138 dhost=Partigard042 dst=10.164.255.255 destinationZoneURI=/All Zones/ArcSight System/Private Address Space Zones/RFC1918: 10.0.0.0-10.255.255.255 dpt=138 oldFileHash=UTF-8| cs2=Filtering Platform Connection cs2Label=EventlogCategory ahost=Partigard056 agt=10.99.92.114 agentZoneURI=/All Zones/ArcSight System/Private Address Space Zones/RFC1918: 10.0.0.0-10.255.255.255 amac=00-50-56-96-35-51 av=7.11.0.8139.0 atz=America/New_York at=winc dvchost=Partigard042 dvc=10.99.92.136 deviceZoneURI=/All Zones/ArcSight System/Private Address Space Zones/RFC1918: 10.0.0.0-10.255.255.255 dtz=America/New_York geid=0 _cefVer=0.1 ad.EventRecordID=688587160 ad.Version=1 ad.ThreadID=7048 ad.Opcode=Info ad.ProcessID=4 ad.LayerName=Receive/Accept ad.LayerRTID=44 ad.FilterRTID=79633 ad.RemoteMachineID=NULL SID ad.ProcessID=4 ad.RemoteUserID=NULL SID ad.Application=System aid=3cfX6Em4BABDFqHK7NKr9Dw\=\=
10.99.92.114 CEF:0|Microsoft|Microsoft Windows||Microsoft-Windows-Security-Auditing:5156|The Windows Filtering Platform has allowed a connection.|Low| eventId=55251737 externalId=5156 proto=UDP customerURI=/All Customers/Partigard/Partigard-NGDC categorySignificance=/Informational categoryBehavior=/Communicate/Query categoryDeviceGroup=/Operating System catdt=Operating System categoryOutcome=/Success categoryObject=/Host/Application/Service art=1574600088693 cat=Security deviceSeverity=Audit_success rt=1574600086244 deviceDirection=0 shost=Partigard050 src=10.164.3.42 sourceZoneURI=/All Zones/ArcSight System/Private Address Space Zones/RFC1918: 10.0.0.0-10.255.255.255 spt=137 dhost=Partigard042 dst=10.164.255.255 destinationZoneURI=/All Zones/ArcSight System/Private Address Space Zones/RFC1918: 10.0.0.0-10.255.255.255 dpt=137 oldFileHash=UTF-8| cs2=Filtering Platform Connection cs2Label=EventlogCategory ahost=Partigard056 agt=10.99.92.114 agentZoneURI=/All Zones/ArcSight System/Private Address Space Zones/RFC1918: 10.0.0.0-10.255.255.255 amac=00-50-56-96-35-51 av=7.11.0.8139.0 atz=America/New_York at=winc dvchost=Partigard042 dvc=10.99.92.136 deviceZoneURI=/All Zones/ArcSight System/Private Address Space Zones/RFC1918: 10.0.0.0-10.255.255.255 dtz=America/New_York geid=0 _cefVer=0.1 ad.EventRecordID=688587135 ad.Version=1 ad.ThreadID=7048 ad.Opcode=Info ad.ProcessID=4 ad.LayerName=Receive/Accept ad.LayerRTID=44 ad.FilterRTID=79633 ad.RemoteMachineID=NULL SID ad.ProcessID=4 ad.RemoteUserID=NULL SID ad.Application=System aid=3cfX6Em4BABDFqHK7NKr9Dw\=\=
10.99.92.114 CEF:0|Microsoft|Microsoft Windows||Microsoft-Windows-Security-Auditing:5156|The Windows Filtering Platform has allowed a connection.|Low| eventId=55254504 externalId=5156 proto=UDP customerURI=/All Customers/Partigard/Partigard-NGDC categorySignificance=/Informational categoryBehavior=/Communicate/Query categoryDeviceGroup=/Operating System catdt=Operating System categoryOutcome=/Success categoryObject=/Host/Application/Service art=1574600091521 cat=Security deviceSeverity=Audit_success rt=1574600090442 deviceDirection=0 shost=Partigard019 src=10.164.0.48 sourceZoneURI=/All Zones/ArcSight System/Private Address Space Zones/RFC1918: 10.0.0.0-10.255.255.255 spt=138 dhost=Partigard058 dst=10.164.255.255 destinationZoneURI=/All Zones/ArcSight System/Private Address Space Zones/RFC1918: 10.0.0.0-10.255.255.255 dpt=138 oldFileHash=UTF-8| cs2=Filtering Platform Connection cs2Label=EventlogCategory ahost=Partigard056 agt=10.99.92.114 agentZoneURI=/All Zones/ArcSight System/Private Address Space Zones/RFC1918: 10.0.0.0-10.255.255.255 amac=00-50-56-96-35-51 av=7.11.0.8139.0 atz=America/New_York at=winc dvchost=Partigard058 dvc=10.99.92.152 deviceZoneURI=/All Zones/ArcSight System/Private Address Space Zones/RFC1918: 10.0.0.0-10.255.255.255 dtz=America/New_York geid=0 _cefVer=0.1 ad.EventRecordID=609681929 ad.Version=1 ad.ThreadID=3232 ad.Opcode=Info ad.ProcessID=4 ad.LayerName=Receive/Accept ad.LayerRTID=44 ad.FilterRTID=73727 ad.RemoteMachineID=NULL SID ad.ProcessID=4 ad.RemoteUserID=NULL SID ad.Application=System aid=3cfX6Em4BABDFqHK7NKr9Dw\=\=
10.99.92.114 CEF:0|Microsoft|Microsoft Windows||Microsoft-Windows-Security-Auditing:5156|The Windows Filtering Platform has allowed a connection.|Low| eventId=55252343 externalId=5156 proto=UDP customerURI=/All Customers/Partigard/Partigard-NGDC categorySignificance=/Informational categoryBehavior=/Communicate/Query categoryDeviceGroup=/Operating System catdt=Operating System categoryOutcome=/Success categoryObject=/Host/Application/Service art=1574600089506 cat=Security deviceSeverity=Audit_success rt=1574600088198 deviceDirection=0 shost=Partigard004 src=10.164.0.40 sourceZoneURI=/All Zones/ArcSight System/Private Address Space Zones/RFC1918: 10.0.0.0-10.255.255.255 spt=138 dhost=Partigard058 dst=10.164.255.255 destinationZoneURI=/All Zones/ArcSight System/Private Address Space Zones/RFC1918: 10.0.0.0-10.255.255.255 dpt=138 oldFileHash=UTF-8| cs2=Filtering Platform Connection cs2Label=EventlogCategory ahost=Partigard056 agt=10.99.92.114 agentZoneURI=/All Zones/ArcSight System/Private Address Space Zones/RFC1918: 10.0.0.0-10.255.255.255 amac=00-50-56-96-35-51 av=7.11.0.8139.0 atz=America/New_York at=winc dvchost=Partigard058 dvc=10.99.92.152 deviceZoneURI=/All Zones/ArcSight System/Private Address Space Zones/RFC1918: 10.0.0.0-10.255.255.255 dtz=America/New_York geid=0 _cefVer=0.1 ad.EventRecordID=609681813 ad.Version=1 ad.ThreadID=3232 ad.Opcode=Info ad.ProcessID=4 ad.LayerName=Receive/Accept ad.LayerRTID=44 ad.FilterRTID=73727 ad.RemoteMachineID=NULL SID ad.ProcessID=4 ad.RemoteUserID=NULL SID ad.Application=System aid=3cfX6Em4BABDFqHK7NKr9Dw\=\=
10.99.92.114 CEF:0|Microsoft|Microsoft Windows||Microsoft-Windows-Security-Auditing:5156|The Windows Filtering Platform has allowed a connection.|Low| eventId=55252325 externalId=5156 proto=UDP customerURI=/All Customers/Partigard/Partigard-NGDC categorySignificance=/Informational categoryBehavior=/Communicate/Query categoryDeviceGroup=/Operating System catdt=Operating System categoryOutcome=/Success categoryObject=/Host/Application/Service art=1574600089365 cat=Security deviceSeverity=Audit_success rt=1574600086812 deviceDirection=0 shost=Partigard088 src=10.164.2.175 sourceZoneURI=/All Zones/ArcSight System/Private Address Space Zones/RFC1918: 10.0.0.0-10.255.255.255 spt=138 dhost=Partigard058 dst=10.164.255.255 destinationZoneURI=/All Zones/ArcSight System/Private Address Space Zones/RFC1918: 10.0.0.0-10.255.255.255 dpt=138 oldFileHash=UTF-8| cs2=Filtering Platform Connection cs2Label=EventlogCategory ahost=Partigard056 agt=10.99.92.114 agentZoneURI=/All Zones/ArcSight System/Private Address Space Zones/RFC1918: 10.0.0.0-10.255.255.255 amac=00-50-56-96-35-51 av=7.11.0.8139.0 atz=America/New_York at=winc dvchost=Partigard058 dvc=10.99.92.152 deviceZoneURI=/All Zones/ArcSight System/Private Address Space Zones/RFC1918: 10.0.0.0-10.255.255.255 dtz=America/New_York geid=0 _cefVer=0.1 ad.EventRecordID=609681730 ad.Version=1 ad.ThreadID=5656 ad.Opcode=Info ad.ProcessID=4 ad.LayerName=Receive/Accept ad.LayerRTID=44 ad.FilterRTID=73727 ad.RemoteMachineID=NULL SID ad.ProcessID=4 ad.RemoteUserID=NULL SID ad.Application=System aid=3cfX6Em4BABDFqHK7NKr9Dw\=\=
10.99.92.114 CEF:0|Microsoft|Microsoft Windows||Microsoft-Windows-Security-Auditing:5156|The Windows Filtering Platform has allowed a connection.|Low| eventId=55252233 externalId=5156 proto=UDP customerURI=/All Customers/Partigard/Partigard-NGDC categorySignificance=/Informational categoryBehavior=/Communicate/Query categoryDeviceGroup=/Operating System catdt=Operating System categoryOutcome=/Success categoryObject=/Host/Application/Service art=1574600089350 cat=Security deviceSeverity=Audit_success rt=1574600086318 deviceDirection=0 shost=Partigard034 src=10.164.0.169 sourceZoneURI=/All Zones/ArcSight System/Private Address Space Zones/RFC1918: 10.0.0.0-10.255.255.255 spt=137 dhost=Partigard058 dst=10.164.255.255 destinationZoneURI=/All Zones/ArcSight System/Private Address Space Zones/RFC1918: 10.0.0.0-10.255.255.255 dpt=137 oldFileHash=UTF-8| cs2=Filtering Platform Connection cs2Label=EventlogCategory ahost=Partigard056 agt=10.99.92.114 agentZoneURI=/All Zones/ArcSight System/Private Address Space Zones/RFC1918: 10.0.0.0-10.255.255.255 amac=00-50-56-96-35-51 av=7.11.0.8139.0 atz=America/New_York at=winc dvchost=Partigard058 dvc=10.99.92.152 deviceZoneURI=/All Zones/ArcSight System/Private Address Space Zones/RFC1918: 10.0.0.0-10.255.255.255 dtz=America/New_York geid=0 _cefVer=0.1 ad.EventRecordID=609681702 ad.Version=1 ad.ThreadID=5656 ad.Opcode=Info ad.ProcessID=4 ad.LayerName=Receive/Accept ad.LayerRTID=44 ad.FilterRTID=73727 ad.RemoteMachineID=NULL SID ad.ProcessID=4 ad.RemoteUserID=NULL SID ad.Application=System aid=3cfX6Em4BABDFqHK7NKr9Dw\=\=
10.99.92.114 CEF:0|Microsoft|Microsoft Windows||Microsoft-Windows-Security-Auditing:5156|The Windows Filtering Platform has allowed a connection.|Low| eventId=55252226 externalId=5156 proto=UDP customerURI=/All Customers/Partigard/Partigard-NGDC categorySignificance=/Informational categoryBehavior=/Communicate/Query categoryDeviceGroup=/Operating System catdt=Operating System categoryOutcome=/Success categoryObject=/Host/Application/Service art=1574600089350 cat=Security deviceSeverity=Audit_success rt=1574600086243 deviceDirection=0 shost=Partigard050 src=10.164.3.42 sourceZoneURI=/All Zones/ArcSight System/Private Address Space Zones/RFC1918: 10.0.0.0-10.255.255.255 spt=137 dhost=Partigard058 dst=10.164.255.255 destinationZoneURI=/All Zones/ArcSight System/Private Address Space Zones/RFC1918: 10.0.0.0-10.255.255.255 dpt=137 oldFileHash=UTF-8| cs2=Filtering Platform Connection cs2Label=EventlogCategory ahost=Partigard056 agt=10.99.92.114 agentZoneURI=/All Zones/ArcSight System/Private Address Space Zones/RFC1918: 10.0.0.0-10.255.255.255 amac=00-50-56-96-35-51 av=7.11.0.8139.0 atz=America/New_York at=winc dvchost=Partigard058 dvc=10.99.92.152 deviceZoneURI=/All Zones/ArcSight System/Private Address Space Zones/RFC1918: 10.0.0.0-10.255.255.255 dtz=America/New_York geid=0 _cefVer=0.1 ad.EventRecordID=609681696 ad.Version=1 ad.ThreadID=5656 ad.Opcode=Info ad.ProcessID=4 ad.LayerName=Receive/Accept ad.LayerRTID=44 ad.FilterRTID=73727 ad.RemoteMachineID=NULL SID ad.ProcessID=4 ad.RemoteUserID=NULL SID ad.Application=System aid=3cfX6Em4BABDFqHK7NKr9Dw\=\=
10.99.92.114 CEF:0|Microsoft|Microsoft Windows||Microsoft-Windows-Security-Auditing:5156|The Windows Filtering Platform has allowed a connection.|Low| eventId=55250436 externalId=5156 type=1 start=1574600085745 proto=UDP customerURI=/All Customers/Partigard/Partigard-NGDC categorySignificance=/Informational categoryBehavior=/Communicate/Query categoryDeviceGroup=/Operating System catdt=Operating System categoryOutcome=/Success categoryObject=/Host/Application/Service art=1574600102459 cat=Security deviceSeverity=Audit_success rt=1574600087256 deviceDirection=0 shost=Partigard056 src=10.164.3.48 sourceZoneURI=/All Zones/ArcSight System/Private Address Space Zones/RFC1918: 10.0.0.0-10.255.255.255 spt=137 dhost=Partigard115 dst=10.164.255.255 destinationZoneURI=/All Zones/ArcSight System/Private Address Space Zones/RFC1918: 10.0.0.0-10.255.255.255 dpt=137 oldFileHash=UTF-8| cnt=3 cs2=Filtering Platform Connection cs2Label=EventlogCategory ahost=Partigard056 agt=10.99.92.114 agentZoneURI=/All Zones/ArcSight System/Private Address Space Zones/RFC1918: 10.0.0.0-10.255.255.255 amac=00-50-56-96-35-51 av=7.11.0.8139.0 atz=America/New_York at=winc dvchost=Partigard115 dvc=10.99.92.135 deviceZoneURI=/All Zones/ArcSight System/Private Address Space Zones/RFC1918: 10.0.0.0-10.255.255.255 dtz=America/New_York geid=0 _cefVer=0.1 aid=3cfX6Em4BABDFqHK7NKr9Dw\=\=
10.99.92.114 CEF:0|Microsoft|Microsoft Windows||Microsoft-Windows-Security-Auditing:5156|The Windows Filtering Platform has allowed a connection.|Low| eventId=55250405 externalId=5156 type=1 start=1574600085111 proto=UDP customerURI=/All Customers/Partigard/Partigard-NGDC categorySignificance=/Informational categoryBehavior=/Communicate/Query categoryDeviceGroup=/Operating System catdt=Operating System categoryOutcome=/Success categoryObject=/Host/Application/Service art=1574600102459 cat=Security deviceSeverity=Audit_success rt=1574600085876 deviceDirection=0 shost=Partigard033 src=10.164.0.168 sourceZoneURI=/All Zones/ArcSight System/Private Address Space Zones/RFC1918: 10.0.0.0-10.255.255.255 spt=137 dhost=Partigard115 dst=10.164.255.255 destinationZoneURI=/All Zones/ArcSight System/Private Address Space Zones/RFC1918: 10.0.0.0-10.255.255.255 dpt=137 oldFileHash=UTF-8| cnt=2 cs2=Filtering Platform Connection cs2Label=EventlogCategory ahost=Partigard056 agt=10.99.92.114 agentZoneURI=/All Zones/ArcSight System/Private Address Space Zones/RFC1918: 10.0.0.0-10.255.255.255 amac=00-50-56-96-35-51 av=7.11.0.8139.0 atz=America/New_York at=winc dvchost=Partigard115 dvc=10.99.92.135 deviceZoneURI=/All Zones/ArcSight System/Private Address Space Zones/RFC1918: 10.0.0.0-10.255.255.255 dtz=America/New_York geid=0 _cefVer=0.1 aid=3cfX6Em4BABDFqHK7NKr9Dw\=\=
10.99.92.114 CEF:0|Microsoft|Microsoft Windows||Microsoft-Windows-Security-Auditing:5156|The Windows Filtering Platform has allowed a connection.|Low| eventId=55250400 externalId=5156 type=1 start=1574600085034 proto=UDP customerURI=/All Customers/Partigard/Partigard-NGDC categorySignificance=/Informational categoryBehavior=/Communicate/Query categoryDeviceGroup=/Operating System catdt=Operating System categoryOutcome=/Success categoryObject=/Host/Application/Service art=1574600102459 cat=Security deviceSeverity=Audit_success rt=1574600085784 deviceDirection=0 shost=Partigard043 src=10.164.2.234 sourceZoneURI=/All Zones/ArcSight System/Private Address Space Zones/RFC1918: 10.0.0.0-10.255.255.255 spt=137 dhost=Partigard115 dst=10.164.255.255 destinationZoneURI=/All Zones/ArcSight System/Private Address Space Zones/RFC1918: 10.0.0.0-10.255.255.255 dpt=137 oldFileHash=UTF-8| cnt=2 cs2=Filtering Platform Connection cs2Label=EventlogCategory ahost=Partigard056 agt=10.99.92.114 agentZoneURI=/All Zones/ArcSight System/Private Address Space Zones/RFC1918: 10.0.0.0-10.255.255.255 amac=00-50-56-96-35-51 av=7.11.0.8139.0 atz=America/New_York at=winc dvchost=Partigard115 dvc=10.99.92.135 deviceZoneURI=/All Zones/ArcSight System/Private Address Space Zones/RFC1918: 10.0.0.0-10.255.255.255 dtz=America/New_York geid=0 _cefVer=0.1 aid=3cfX6Em4BABDFqHK7NKr9Dw\=\=
10.99.92.114 CEF:0|Microsoft|Microsoft Windows||Microsoft-Windows-Security-Auditing:5156|The Windows Filtering Platform has allowed a connection.|Low| eventId=55254310 externalId=5156 type=1 start=1574600086920 proto=UDP customerURI=/All Customers/Partigard/Partigard-NGDC categorySignificance=/Informational categoryBehavior=/Communicate/Query categoryDeviceGroup=/Operating System catdt=Operating System categoryOutcome=/Success categoryObject=/Host/Application/Service art=1574600102459 cat=Security deviceSeverity=Audit_success rt=1574600088413 deviceDirection=0 shost=Partigard051 src=10.164.3.43 sourceZoneURI=/All Zones/ArcSight System/Private Address Space Zones/RFC1918: 10.0.0.0-10.255.255.255 spt=137 dhost=Partigard047 dst=10.164.255.255 destinationZoneURI=/All Zones/ArcSight System/Private Address Space Zones/RFC1918: 10.0.0.0-10.255.255.255 dpt=137 oldFileHash=UTF-8| cnt=3 cs2=Filtering Platform Connection cs2Label=EventlogCategory ahost=Partigard056 agt=10.99.92.114 agentZoneURI=/All Zones/ArcSight System/Private Address Space Zones/RFC1918: 10.0.0.0-10.255.255.255 amac=00-50-56-96-35-51 av=7.11.0.8139.0 atz=America/New_York at=winc dvchost=Partigard047 dvc=10.99.92.141 deviceZoneURI=/All Zones/ArcSight System/Private Address Space Zones/RFC1918: 10.0.0.0-10.255.255.255 dtz=America/New_York geid=0 _cefVer=0.1 aid=3cfX6Em4BABDFqHK7NKr9Dw\=\=
10.99.92.114 CEF:0|Microsoft|Microsoft Windows||Microsoft-Windows-Security-Auditing:5156|The Windows Filtering Platform has allowed a connection.|Low| eventId=55254975 externalId=5156 type=1 start=1574600087574 proto=UDP customerURI=/All Customers/Partigard/Partigard-NGDC categorySignificance=/Informational categoryBehavior=/Communicate/Query categoryDeviceGroup=/Operating System catdt=Operating System categoryOutcome=/Success categoryObject=/Host/Application/Service art=1574600102459 cat=Security deviceSeverity=Audit_success rt=1574600091188 deviceDirection=0 shost=Partigard033 src=10.164.0.168 sourceZoneURI=/All Zones/ArcSight System/Private Address Space Zones/RFC1918: 10.0.0.0-10.255.255.255 dhost=Partigard054 dst=224.0.0.252 destinationZoneURI=/All Zones/ArcSight System/Private Address Space Zones/Local Network Zones/RFC3171: Local Network Control Block (224.0.0.0-224.0.0.255) dpt=5355 oldFileHash=UTF-8| cnt=3 cs2=Filtering Platform Connection cs2Label=EventlogCategory ahost=Partigard056 agt=10.99.92.114 agentZoneURI=/All Zones/ArcSight System/Private Address Space Zones/RFC1918: 10.0.0.0-10.255.255.255 amac=00-50-56-96-35-51 av=7.11.0.8139.0 atz=America/New_York at=winc dvchost=Partigard054 dvc=10.99.92.148 deviceZoneURI=/All Zones/ArcSight System/Private Address Space Zones/RFC1918: 10.0.0.0-10.255.255.255 dtz=America/New_York geid=0 _cefVer=0.1 aid=3cfX6Em4BABDFqHK7NKr9Dw\=\=
10.99.92.114 CEF:0|Microsoft|Microsoft Windows||Microsoft-Windows-Security-Auditing:5156|The Windows Filtering Platform has allowed a connection.|Low| eventId=55250773 externalId=5156 type=1 start=1574600087322 proto=UDP customerURI=/All Customers/Partigard/Partigard-NGDC categorySignificance=/Informational categoryBehavior=/Communicate/Query categoryDeviceGroup=/Operating System catdt=Operating System categoryOutcome=/Success categoryObject=/Host/Application/Service art=1574600102459 cat=Security deviceSeverity=Audit_success rt=1574600096378 deviceDirection=0 shost=Partigard055 src=10.164.3.47 sourceZoneURI=/All Zones/ArcSight System/Private Address Space Zones/RFC1918: 10.0.0.0-10.255.255.255 dhost=Partigard054 dst=224.0.0.252 destinationZoneURI=/All Zones/ArcSight System/Private Address Space Zones/Local Network Zones/RFC3171: Local Network Control Block (224.0.0.0-224.0.0.255) dpt=5355 oldFileHash=UTF-8| cnt=4 cs2=Filtering Platform Connection cs2Label=EventlogCategory ahost=Partigard056 agt=10.99.92.114 agentZoneURI=/All Zones/ArcSight System/Private Address Space Zones/RFC1918: 10.0.0.0-10.255.255.255 amac=00-50-56-96-35-51 av=7.11.0.8139.0 atz=America/New_York at=winc dvchost=Partigard054 dvc=10.99.92.148 deviceZoneURI=/All Zones/ArcSight System/Private Address Space Zones/RFC1918: 10.0.0.0-10.255.255.255 dtz=America/New_York geid=0 _cefVer=0.1 aid=3cfX6Em4BABDFqHK7NKr9Dw\=\=
10.99.92.114 CEF:0|Microsoft|Microsoft Windows||Microsoft-Windows-Security-Auditing:5156|The Windows Filtering Platform has allowed a connection.|Low| eventId=55254483 externalId=5156 proto=UDP customerURI=/All Customers/Partigard/Partigard-NGDC categorySignificance=/Informational categoryBehavior=/Communicate/Query categoryDeviceGroup=/Operating System catdt=Operating System categoryOutcome=/Success categoryObject=/Host/Application/Service art=1574600091521 cat=Security deviceSeverity=Audit_success rt=1574600090453 deviceDirection=0 shost=Partigard019 src=10.164.0.48 sourceZoneURI=/All Zones/ArcSight System/Private Address Space Zones/RFC1918: 10.0.0.0-10.255.255.255 spt=138 dhost=Partigard047 dst=10.164.255.255 destinationZoneURI=/All Zones/ArcSight System/Private Address Space Zones/RFC1918: 10.0.0.0-10.255.255.255 dpt=138 oldFileHash=UTF-8| cs2=Filtering Platform Connection cs2Label=EventlogCategory ahost=Partigard056 agt=10.99.92.114 agentZoneURI=/All Zones/ArcSight System/Private Address Space Zones/RFC1918: 10.0.0.0-10.255.255.255 amac=00-50-56-96-35-51 av=7.11.0.8139.0 atz=America/New_York at=winc dvchost=Partigard047 dvc=10.99.92.141 deviceZoneURI=/All Zones/ArcSight System/Private Address Space Zones/RFC1918: 10.0.0.0-10.255.255.255 dtz=America/New_York geid=0 _cefVer=0.1 ad.EventRecordID=689386849 ad.Version=1 ad.ThreadID=6788 ad.Opcode=Info ad.ProcessID=4 ad.LayerName=Receive/Accept ad.LayerRTID=44 ad.FilterRTID=78339 ad.RemoteMachineID=NULL SID ad.ProcessID=4 ad.RemoteUserID=NULL SID ad.Application=System aid=3cfX6Em4BABDFqHK7NKr9Dw\=\=
10.99.92.114 CEF:0|Microsoft|Microsoft Windows||Microsoft-Windows-Security-Auditing:5156|The Windows Filtering Platform has allowed a connection.|Low| eventId=55254389 externalId=5156 proto=UDP customerURI=/All Customers/Partigard/Partigard-NGDC categorySignificance=/Informational categoryBehavior=/Communicate/Query categoryDeviceGroup=/Operating System catdt=Operating System categoryOutcome=/Success categoryObject=/Host/Application/Service art=1574600091506 cat=Security deviceSeverity=Audit_success rt=1574600088210 deviceDirection=0 shost=Partigard004 src=10.164.0.40 sourceZoneURI=/All Zones/ArcSight System/Private Address Space Zones/RFC1918: 10.0.0.0-10.255.255.255 spt=138 dhost=Partigard047 dst=10.164.255.255 destinationZoneURI=/All Zones/ArcSight System/Private Address Space Zones/RFC1918: 10.0.0.0-10.255.255.255 dpt=138 oldFileHash=UTF-8| cs2=Filtering Platform Connection cs2Label=EventlogCategory ahost=Partigard056 agt=10.99.92.114 agentZoneURI=/All Zones/ArcSight System/Private Address Space Zones/RFC1918: 10.0.0.0-10.255.255.255 amac=00-50-56-96-35-51 av=7.11.0.8139.0 atz=America/New_York at=winc dvchost=Partigard047 dvc=10.99.92.141 deviceZoneURI=/All Zones/ArcSight System/Private Address Space Zones/RFC1918: 10.0.0.0-10.255.255.255 dtz=America/New_York geid=0 _cefVer=0.1 ad.EventRecordID=689386797 ad.Version=1 ad.ThreadID=6788 ad.Opcode=Info ad.ProcessID=4 ad.LayerName=Receive/Accept ad.LayerRTID=44 ad.FilterRTID=78339 ad.RemoteMachineID=NULL SID ad.ProcessID=4 ad.RemoteUserID=NULL SID ad.Application=System aid=3cfX6Em4BABDFqHK7NKr9Dw\=\=
