10.99.92.114 CEF:0|Microsoft|Microsoft Windows||Microsoft-Windows-Security-Auditing:5156|The Windows Filtering Platform has allowed a connection.|Low| eventId=55253790 externalId=5156 proto=UDP customerURI=/All Customers/Partigard/Partigard-NGDC categorySignificance=/Informational categoryBehavior=/Communicate/Query categoryDeviceGroup=/Operating System catdt=Operating System categoryOutcome=/Success categoryObject=/Host/Application/Service art=1574600090646 cat=Security deviceSeverity=Audit_success rt=1574600086315 deviceDirection=0 shost=Partigard034 src=10.164.0.169 sourceZoneURI=/All Zones/ArcSight System/Private Address Space Zones/RFC1918: 10.0.0.0-10.255.255.255 spt=137 dhost=Partigard113 dst=10.164.255.255 destinationZoneURI=/All Zones/ArcSight System/Private Address Space Zones/RFC1918: 10.0.0.0-10.255.255.255 dpt=137 oldFileHash=UTF-8| cs2=Filtering Platform Connection cs2Label=EventlogCategory ahost=Partigard056 agt=10.99.92.114 agentZoneURI=/All Zones/ArcSight System/Private Address Space Zones/RFC1918: 10.0.0.0-10.255.255.255 amac=00-50-56-96-35-51 av=7.11.0.8139.0 atz=America/New_York at=winc dvchost=Partigard113 dvc=10.99.92.129 deviceZoneURI=/All Zones/ArcSight System/Private Address Space Zones/RFC1918: 10.0.0.0-10.255.255.255 dtz=America/New_York geid=0 _cefVer=0.1 ad.EventRecordID=608660219 ad.Version=1 ad.ThreadID=6756 ad.Opcode=Info ad.ProcessID=4 ad.LayerName=Receive/Accept ad.LayerRTID=44 ad.FilterRTID=73727 ad.RemoteMachineID=NULL SID ad.ProcessID=4 ad.RemoteUserID=NULL SID ad.Application=System aid=3cfX6Em4BABDFqHK7NKr9Dw\=\=
10.99.92.114 CEF:0|Microsoft|Microsoft Windows||Microsoft-Windows-Security-Auditing:5156|The Windows Filtering Platform has allowed a connection.|Low| eventId=55253141 externalId=5156 type=1 start=1574600085870 proto=UDP customerURI=/All Customers/Partigard/Partigard-NGDC categorySignificance=/Informational categoryBehavior=/Communicate/Query categoryDeviceGroup=/Operating System catdt=Operating System categoryOutcome=/Success categoryObject=/Host/Application/Service art=1574600102459 cat=Security deviceSeverity=Audit_success rt=1574600099962 deviceDirection=0 shost=Partigard033 src=10.164.0.168 sourceZoneURI=/All Zones/ArcSight System/Private Address Space Zones/RFC1918: 10.0.0.0-10.255.255.255 dhost=Partigard110 dst=10.164.255.255 destinationZoneURI=/All Zones/ArcSight System/Private Address Space Zones/RFC1918: 10.0.0.0-10.255.255.255 oldFileHash=UTF-8| cnt=5 cs2=Filtering Platform Connection cs2Label=EventlogCategory ahost=Partigard056 agt=10.99.92.114 agentZoneURI=/All Zones/ArcSight System/Private Address Space Zones/RFC1918: 10.0.0.0-10.255.255.255 amac=00-50-56-96-35-51 av=7.11.0.8139.0 atz=America/New_York at=winc dvchost=Partigard110 dvc=10.99.92.126 deviceZoneURI=/All Zones/ArcSight System/Private Address Space Zones/RFC1918: 10.0.0.0-10.255.255.255 dtz=America/New_York geid=0 _cefVer=0.1 aid=3cfX6Em4BABDFqHK7NKr9Dw\=\=
10.99.92.114 CEF:0|Microsoft|Microsoft Windows||Microsoft-Windows-Security-Auditing:5156|The Windows Filtering Platform has allowed a connection.|Low| eventId=55254338 externalId=5156 type=1 start=1574600087322 proto=UDP customerURI=/All Customers/Partigard/Partigard-NGDC categorySignificance=/Informational categoryBehavior=/Communicate/Query categoryDeviceGroup=/Operating System catdt=Operating System categoryOutcome=/Success categoryObject=/Host/Application/Service art=1574600102459 cat=Security deviceSeverity=Audit_success rt=1574600096793 deviceDirection=0 shost=Partigard055 src=10.164.3.47 sourceZoneURI=/All Zones/ArcSight System/Private Address Space Zones/RFC1918: 10.0.0.0-10.255.255.255 dhost=Partigard047 dst=224.0.0.252 destinationZoneURI=/All Zones/ArcSight System/Private Address Space Zones/Local Network Zones/RFC3171: Local Network Control Block (224.0.0.0-224.0.0.255) dpt=5355 oldFileHash=UTF-8| cnt=6 cs2=Filtering Platform Connection cs2Label=EventlogCategory ahost=Partigard056 agt=10.99.92.114 agentZoneURI=/All Zones/ArcSight System/Private Address Space Zones/RFC1918: 10.0.0.0-10.255.255.255 amac=00-50-56-96-35-51 av=7.11.0.8139.0 atz=America/New_York at=winc dvchost=Partigard047 dvc=10.99.92.141 deviceZoneURI=/All Zones/ArcSight System/Private Address Space Zones/RFC1918: 10.0.0.0-10.255.255.255 dtz=America/New_York geid=0 _cefVer=0.1 aid=3cfX6Em4BABDFqHK7NKr9Dw\=\=
10.99.92.114 CEF:0|Microsoft|Microsoft Windows||Microsoft-Windows-Security-Auditing:5156|The Windows Filtering Platform has allowed a connection.|Low| eventId=55254311 externalId=5156 type=1 start=1574600086920 proto=UDP customerURI=/All Customers/Partigard/Partigard-NGDC categorySignificance=/Informational categoryBehavior=/Communicate/Query categoryDeviceGroup=/Operating System catdt=Operating System categoryOutcome=/Success categoryObject=/Host/Application/Service art=1574600091475 cat=Security deviceSeverity=Audit_success rt=1574600087335 deviceDirection=0 shost=Partigard051 src=10.164.3.43 sourceZoneURI=/All Zones/ArcSight System/Private Address Space Zones/RFC1918: 10.0.0.0-10.255.255.255 dhost=Partigard047 dst=224.0.0.252 destinationZoneURI=/All Zones/ArcSight System/Private Address Space Zones/Local Network Zones/RFC3171: Local Network Control Block (224.0.0.0-224.0.0.255) dpt=5355 oldFileHash=UTF-8| cnt=4 cs2=Filtering Platform Connection cs2Label=EventlogCategory ahost=Partigard056 agt=10.99.92.114 agentZoneURI=/All Zones/ArcSight System/Private Address Space Zones/RFC1918: 10.0.0.0-10.255.255.255 amac=00-50-56-96-35-51 av=7.11.0.8139.0 atz=America/New_York at=winc dvchost=Partigard047 dvc=10.99.92.141 deviceZoneURI=/All Zones/ArcSight System/Private Address Space Zones/RFC1918: 10.0.0.0-10.255.255.255 dtz=America/New_York geid=0 _cefVer=0.1 aid=3cfX6Em4BABDFqHK7NKr9Dw\=\=
10.99.92.114 CEF:0|Microsoft|Microsoft Windows||Microsoft-Windows-Security-Auditing:5156|The Windows Filtering Platform has allowed a connection.|Low| eventId=55251720 externalId=5156 type=1 start=1574600085948 proto=UDP customerURI=/All Customers/Partigard/Partigard-NGDC categorySignificance=/Informational categoryBehavior=/Communicate/Query categoryDeviceGroup=/Operating System catdt=Operating System categoryOutcome=/Success categoryObject=/Host/Application/Service art=1574600102459 cat=Security deviceSeverity=Audit_success rt=1574600087910 deviceDirection=0 shost=Partigard012 src=10.164.1.206 sourceZoneURI=/All Zones/ArcSight System/Private Address Space Zones/RFC1918: 10.0.0.0-10.255.255.255 spt=137 dhost=Partigard042 dst=10.164.255.255 destinationZoneURI=/All Zones/ArcSight System/Private Address Space Zones/RFC1918: 10.0.0.0-10.255.255.255 dpt=137 oldFileHash=UTF-8| cnt=3 cs2=Filtering Platform Connection cs2Label=EventlogCategory ahost=Partigard056 agt=10.99.92.114 agentZoneURI=/All Zones/ArcSight System/Private Address Space Zones/RFC1918: 10.0.0.0-10.255.255.255 amac=00-50-56-96-35-51 av=7.11.0.8139.0 atz=America/New_York at=winc dvchost=Partigard042 dvc=10.99.92.136 deviceZoneURI=/All Zones/ArcSight System/Private Address Space Zones/RFC1918: 10.0.0.0-10.255.255.255 dtz=America/New_York geid=0 _cefVer=0.1 aid=3cfX6Em4BABDFqHK7NKr9Dw\=\=
10.99.92.114 CEF:0|Microsoft|Microsoft Windows||Microsoft-Windows-Security-Auditing:5156|The Windows Filtering Platform has allowed a connection.|Low| eventId=55251718 externalId=5156 type=1 start=1574600085855 proto=UDP customerURI=/All Customers/Partigard/Partigard-NGDC categorySignificance=/Informational categoryBehavior=/Communicate/Query categoryDeviceGroup=/Operating System catdt=Operating System categoryOutcome=/Success categoryObject=/Host/Application/Service art=1574600102459 cat=Security deviceSeverity=Audit_success rt=1574600099948 deviceDirection=0 shost=Partigard033 src=10.164.0.168 sourceZoneURI=/All Zones/ArcSight System/Private Address Space Zones/RFC1918: 10.0.0.0-10.255.255.255 dhost=Partigard042 dst=10.164.255.255 destinationZoneURI=/All Zones/ArcSight System/Private Address Space Zones/RFC1918: 10.0.0.0-10.255.255.255 oldFileHash=UTF-8| cnt=5 cs2=Filtering Platform Connection cs2Label=EventlogCategory ahost=Partigard056 agt=10.99.92.114 agentZoneURI=/All Zones/ArcSight System/Private Address Space Zones/RFC1918: 10.0.0.0-10.255.255.255 amac=00-50-56-96-35-51 av=7.11.0.8139.0 atz=America/New_York at=winc dvchost=Partigard042 dvc=10.99.92.136 deviceZoneURI=/All Zones/ArcSight System/Private Address Space Zones/RFC1918: 10.0.0.0-10.255.255.255 dtz=America/New_York geid=0 _cefVer=0.1 aid=3cfX6Em4BABDFqHK7NKr9Dw\=\=
10.99.92.114 CEF:0|Microsoft|Microsoft Windows||Microsoft-Windows-Security-Auditing:5156|The Windows Filtering Platform has allowed a connection.|Low| eventId=55251713 externalId=5156 type=1 start=1574600085762 proto=UDP customerURI=/All Customers/Partigard/Partigard-NGDC categorySignificance=/Informational categoryBehavior=/Communicate/Query categoryDeviceGroup=/Operating System catdt=Operating System categoryOutcome=/Success categoryObject=/Host/Application/Service art=1574600102459 cat=Security deviceSeverity=Audit_success rt=1574600099731 deviceDirection=0 shost=Partigard043 src=10.164.2.234 sourceZoneURI=/All Zones/ArcSight System/Private Address Space Zones/RFC1918: 10.0.0.0-10.255.255.255 spt=137 dhost=Partigard042 dst=10.164.255.255 destinationZoneURI=/All Zones/ArcSight System/Private Address Space Zones/RFC1918: 10.0.0.0-10.255.255.255 dpt=137 oldFileHash=UTF-8| cnt=12 cs2=Filtering Platform Connection cs2Label=EventlogCategory ahost=Partigard056 agt=10.99.92.114 agentZoneURI=/All Zones/ArcSight System/Private Address Space Zones/RFC1918: 10.0.0.0-10.255.255.255 amac=00-50-56-96-35-51 av=7.11.0.8139.0 atz=America/New_York at=winc dvchost=Partigard042 dvc=10.99.92.136 deviceZoneURI=/All Zones/ArcSight System/Private Address Space Zones/RFC1918: 10.0.0.0-10.255.255.255 dtz=America/New_York geid=0 _cefVer=0.1 aid=3cfX6Em4BABDFqHK7NKr9Dw\=\=
10.99.92.114 CEF:0|Microsoft|Microsoft Windows||Microsoft-Windows-Security-Auditing:5156|The Windows Filtering Platform has allowed a connection.|Low| eventId=55251831 externalId=5156 type=1 start=1574600087737 proto=UDP customerURI=/All Customers/Partigard/Partigard-NGDC categorySignificance=/Informational categoryBehavior=/Communicate/Query categoryDeviceGroup=/Operating System catdt=Operating System categoryOutcome=/Success categoryObject=/Host/Application/Service art=1574600088725 cat=Security deviceSeverity=Audit_success rt=1574600087777 deviceDirection=0 shost=Partigard013 src=10.164.1.207 sourceZoneURI=/All Zones/ArcSight System/Private Address Space Zones/RFC1918: 10.0.0.0-10.255.255.255 spt=137 dhost=Partigard042 dst=10.164.255.255 destinationZoneURI=/All Zones/ArcSight System/Private Address Space Zones/RFC1918: 10.0.0.0-10.255.255.255 dpt=137 oldFileHash=UTF-8| cnt=4 cs2=Filtering Platform Connection cs2Label=EventlogCategory ahost=Partigard056 agt=10.99.92.114 agentZoneURI=/All Zones/ArcSight System/Private Address Space Zones/RFC1918: 10.0.0.0-10.255.255.255 amac=00-50-56-96-35-51 av=7.11.0.8139.0 atz=America/New_York at=winc dvchost=Partigard042 dvc=10.99.92.136 deviceZoneURI=/All Zones/ArcSight System/Private Address Space Zones/RFC1918: 10.0.0.0-10.255.255.255 dtz=America/New_York geid=0 _cefVer=0.1 aid=3cfX6Em4BABDFqHK7NKr9Dw\=\=
10.99.92.114 CEF:0|Microsoft|Microsoft Windows||Microsoft-Windows-Security-Auditing:5156|The Windows Filtering Platform has allowed a connection.|Low| eventId=55251706 externalId=5156 type=1 start=1574600085723 proto=UDP customerURI=/All Customers/Partigard/Partigard-NGDC categorySignificance=/Informational categoryBehavior=/Communicate/Query categoryDeviceGroup=/Operating System catdt=Operating System categoryOutcome=/Success categoryObject=/Host/Application/Service art=1574600102459 cat=Security deviceSeverity=Audit_success rt=1574600087235 deviceDirection=0 shost=Partigard056 src=10.164.3.48 sourceZoneURI=/All Zones/ArcSight System/Private Address Space Zones/RFC1918: 10.0.0.0-10.255.255.255 spt=137 dhost=Partigard042 dst=10.164.255.255 destinationZoneURI=/All Zones/ArcSight System/Private Address Space Zones/RFC1918: 10.0.0.0-10.255.255.255 dpt=137 oldFileHash=UTF-8| cnt=3 cs2=Filtering Platform Connection cs2Label=EventlogCategory ahost=Partigard056 agt=10.99.92.114 agentZoneURI=/All Zones/ArcSight System/Private Address Space Zones/RFC1918: 10.0.0.0-10.255.255.255 amac=00-50-56-96-35-51 av=7.11.0.8139.0 atz=America/New_York at=winc dvchost=Partigard042 dvc=10.99.92.136 deviceZoneURI=/All Zones/ArcSight System/Private Address Space Zones/RFC1918: 10.0.0.0-10.255.255.255 dtz=America/New_York geid=0 _cefVer=0.1 aid=3cfX6Em4BABDFqHK7NKr9Dw\=\=
10.99.92.114 CEF:0|Microsoft|Microsoft Windows||Microsoft-Windows-Security-Auditing:4663|An attempt was made to access an object.|Low| eventId=55251894 externalId=4663 type=1 start=1574600087318 customerURI=/All Customers/Partigard/Partigard-NGDC categorySignificance=/Informational categoryBehavior=/Access categoryDeviceGroup=/Operating System catdt=Operating System categoryOutcome=/Success categoryObject=/Host/Resource art=1574600102459 cat=Security deviceSeverity=Audit_success rt=1574600096361 dhost=Partigard111 dst=10.99.92.127 destinationZoneURI=/All Zones/ArcSight System/Private Address Space Zones/RFC1918: 10.0.0.0-10.255.255.255 dntdom=ED duser=USMAGWKFNG111$ duid=0x3e7 dproc=C:\\Program Files (x86)\\BigFix Enterprise\\BES Client\\BESClient.exe fname=\\Device\\HarddiskVolume2\\Windows\\System32\\lsass.exe fileType=Process oldFileHash=UTF-8| cnt=2 cs1=Read from process memory cs2=Kernel Object cs3=0x620 cs1Label=Accesses cs2Label=EventlogCategory cs3Label=Process ID ahost=Partigard056 agt=10.99.92.114 agentZoneURI=/All Zones/ArcSight System/Private Address Space Zones/RFC1918: 10.0.0.0-10.255.255.255 amac=00-50-56-96-35-51 av=7.11.0.8139.0 atz=America/New_York at=winc dvchost=Partigard111 dvc=10.99.92.127 deviceZoneURI=/All Zones/ArcSight System/Private Address Space Zones/RFC1918: 10.0.0.0-10.255.255.255 deviceNtDomain=ED dtz=America/New_York geid=0 _cefVer=0.1 aid=3cfX6Em4BABDFqHK7NKr9Dw\=\=
10.99.92.114 CEF:0|Microsoft|Microsoft Windows||Microsoft-Windows-Security-Auditing:4690|An attempt was made to duplicate a handle to an object.|Low| eventId=55254288 externalId=4690 type=1 start=1574600089805 customerURI=/All Customers/Partigard/Partigard-NGDC categorySignificance=/Informational categoryBehavior=/Modify/Content categoryDeviceGroup=/Operating System catdt=Operating System categoryOutcome=/Success categoryObject=/Host/Resource art=1574600102459 cat=Security deviceSeverity=Audit_success rt=1574600099221 dhost=Partigard004 dst=10.99.92.124 destinationZoneURI=/All Zones/ArcSight System/Private Address Space Zones/RFC1918: 10.0.0.0-10.255.255.255 dntdom=ED duser=USMAGWQFNG004$ duid=0x3e7 oldFileHash=UTF-8| cnt=5 cs2=Handle Manipulation cs3=0x4 cs2Label=EventlogCategory cs3Label=Target Process ID cs5Label=Source Process ID ahost=Partigard056 agt=10.99.92.114 agentZoneURI=/All Zones/ArcSight System/Private Address Space Zones/RFC1918: 10.0.0.0-10.255.255.255 amac=00-50-56-96-35-51 av=7.11.0.8139.0 atz=America/New_York at=winc dvchost=Partigard004 dvc=10.99.92.124 deviceZoneURI=/All Zones/ArcSight System/Private Address Space Zones/RFC1918: 10.0.0.0-10.255.255.255 deviceNtDomain=ED dtz=America/New_York geid=0 _cefVer=0.1 aid=3cfX6Em4BABDFqHK7NKr9Dw\=\=
10.99.92.114 CEF:0|Microsoft|Microsoft Windows||Microsoft-Windows-Security-Auditing:5156|The Windows Filtering Platform has allowed a connection.|Low| eventId=55252806 externalId=5156 proto=UDP customerURI=/All Customers/Partigard/Partigard-NGDC categorySignificance=/Informational categoryBehavior=/Communicate/Query categoryDeviceGroup=/Operating System catdt=Operating System categoryOutcome=/Success categoryObject=/Host/Application/Service art=1574600089865 cat=Security deviceSeverity=Audit_success rt=1574600086812 deviceDirection=0 shost=Partigard088 src=10.164.2.175 sourceZoneURI=/All Zones/ArcSight System/Private Address Space Zones/RFC1918: 10.0.0.0-10.255.255.255 spt=138 dhost=Partigard045 dst=10.164.255.255 destinationZoneURI=/All Zones/ArcSight System/Private Address Space Zones/RFC1918: 10.0.0.0-10.255.255.255 dpt=138 oldFileHash=UTF-8| cs2=Filtering Platform Connection cs2Label=EventlogCategory ahost=Partigard056 agt=10.99.92.114 agentZoneURI=/All Zones/ArcSight System/Private Address Space Zones/RFC1918: 10.0.0.0-10.255.255.255 amac=00-50-56-96-35-51 av=7.11.0.8139.0 atz=America/New_York at=winc dvchost=Partigard045 dvc=10.99.92.139 deviceZoneURI=/All Zones/ArcSight System/Private Address Space Zones/RFC1918: 10.0.0.0-10.255.255.255 dtz=America/New_York geid=0 _cefVer=0.1 ad.EventRecordID=686567698 ad.Version=1 ad.ThreadID=2184 ad.Opcode=Info ad.ProcessID=4 ad.LayerName=Receive/Accept ad.LayerRTID=44 ad.FilterRTID=80723 ad.RemoteMachineID=NULL SID ad.ProcessID=4 ad.RemoteUserID=NULL SID ad.Application=System aid=3cfX6Em4BABDFqHK7NKr9Dw\=\=
10.99.92.114 CEF:0|Microsoft|Microsoft Windows||Microsoft-Windows-Security-Auditing:5156|The Windows Filtering Platform has allowed a connection.|Low| eventId=55252797 externalId=5156 proto=UDP customerURI=/All Customers/Partigard/Partigard-NGDC categorySignificance=/Informational categoryBehavior=/Communicate/Query categoryDeviceGroup=/Operating System catdt=Operating System categoryOutcome=/Success categoryObject=/Host/Application/Service art=1574600089865 cat=Security deviceSeverity=Audit_success rt=1574600088198 deviceDirection=0 shost=Partigard004 src=10.164.0.40 sourceZoneURI=/All Zones/ArcSight System/Private Address Space Zones/RFC1918: 10.0.0.0-10.255.255.255 spt=138 dhost=Partigard045 dst=10.164.255.255 destinationZoneURI=/All Zones/ArcSight System/Private Address Space Zones/RFC1918: 10.0.0.0-10.255.255.255 dpt=138 oldFileHash=UTF-8| cs2=Filtering Platform Connection cs2Label=EventlogCategory ahost=Partigard056 agt=10.99.92.114 agentZoneURI=/All Zones/ArcSight System/Private Address Space Zones/RFC1918: 10.0.0.0-10.255.255.255 amac=00-50-56-96-35-51 av=7.11.0.8139.0 atz=America/New_York at=winc dvchost=Partigard045 dvc=10.99.92.139 deviceZoneURI=/All Zones/ArcSight System/Private Address Space Zones/RFC1918: 10.0.0.0-10.255.255.255 dtz=America/New_York geid=0 _cefVer=0.1 ad.EventRecordID=686567761 ad.Version=1 ad.ThreadID=7352 ad.Opcode=Info ad.ProcessID=4 ad.LayerName=Receive/Accept ad.LayerRTID=44 ad.FilterRTID=80723 ad.RemoteMachineID=NULL SID ad.ProcessID=4 ad.RemoteUserID=NULL SID ad.Application=System aid=3cfX6Em4BABDFqHK7NKr9Dw\=\=
10.99.92.114 CEF:0|Microsoft|Microsoft Windows||Microsoft-Windows-Security-Auditing:5156|The Windows Filtering Platform has allowed a connection.|Low| eventId=55252754 externalId=5156 proto=UDP customerURI=/All Customers/Partigard/Partigard-NGDC categorySignificance=/Informational categoryBehavior=/Communicate/Query categoryDeviceGroup=/Operating System catdt=Operating System categoryOutcome=/Success categoryObject=/Host/Application/Service art=1574600089818 cat=Security deviceSeverity=Audit_success rt=1574600086244 deviceDirection=0 shost=Partigard050 src=10.164.3.42 sourceZoneURI=/All Zones/ArcSight System/Private Address Space Zones/RFC1918: 10.0.0.0-10.255.255.255 spt=137 dhost=Partigard045 dst=10.164.255.255 destinationZoneURI=/All Zones/ArcSight System/Private Address Space Zones/RFC1918: 10.0.0.0-10.255.255.255 dpt=137 oldFileHash=UTF-8| cs2=Filtering Platform Connection cs2Label=EventlogCategory ahost=Partigard056 agt=10.99.92.114 agentZoneURI=/All Zones/ArcSight System/Private Address Space Zones/RFC1918: 10.0.0.0-10.255.255.255 amac=00-50-56-96-35-51 av=7.11.0.8139.0 atz=America/New_York at=winc dvchost=Partigard045 dvc=10.99.92.139 deviceZoneURI=/All Zones/ArcSight System/Private Address Space Zones/RFC1918: 10.0.0.0-10.255.255.255 dtz=America/New_York geid=0 _cefVer=0.1 ad.EventRecordID=686567664 ad.Version=1 ad.ThreadID=2184 ad.Opcode=Info ad.ProcessID=4 ad.LayerName=Receive/Accept ad.LayerRTID=44 ad.FilterRTID=80723 ad.RemoteMachineID=NULL SID ad.ProcessID=4 ad.RemoteUserID=NULL SID ad.Application=System aid=3cfX6Em4BABDFqHK7NKr9Dw\=\=
10.99.92.114 CEF:0|Microsoft|Microsoft Windows||Microsoft-Windows-Security-Auditing:5156|The Windows Filtering Platform has allowed a connection.|Low| eventId=55253977 externalId=5156 proto=UDP customerURI=/All Customers/Partigard/Partigard-NGDC categorySignificance=/Informational categoryBehavior=/Communicate/Query categoryDeviceGroup=/Operating System catdt=Operating System categoryOutcome=/Success categoryObject=/Host/Application/Service art=1574600090693 cat=Security deviceSeverity=Audit_success rt=1574600087570 deviceDirection=0 shost=Partigard033 src=10.164.0.168 sourceZoneURI=/All Zones/ArcSight System/Private Address Space Zones/RFC1918: 10.0.0.0-10.255.255.255 spt=62336 dhost=Partigard052 dst=224.0.0.252 destinationZoneURI=/All Zones/ArcSight System/Private Address Space Zones/Local Network Zones/RFC3171: Local Network Control Block (224.0.0.0-224.0.0.255) dpt=5355 oldFileHash=UTF-8| cs2=Filtering Platform Connection cs2Label=EventlogCategory ahost=Partigard056 agt=10.99.92.114 agentZoneURI=/All Zones/ArcSight System/Private Address Space Zones/RFC1918: 10.0.0.0-10.255.255.255 amac=00-50-56-96-35-51 av=7.11.0.8139.0 atz=America/New_York at=winc dvchost=Partigard052 dvc=10.99.92.146 deviceZoneURI=/All Zones/ArcSight System/Private Address Space Zones/RFC1918: 10.0.0.0-10.255.255.255 dtz=America/New_York geid=0 _cefVer=0.1 ad.EventRecordID=684686154 ad.Version=1 ad.ThreadID=6984 ad.Opcode=Info ad.ProcessID=4 ad.LayerName=Receive/Accept ad.LayerRTID=44 ad.FilterRTID=80795 ad.RemoteMachineID=NULL SID ad.ProcessID=812 ad.RemoteUserID=NULL SID ad.Application=\\device\\harddiskvolume2\\windows\\system32\\svchost.exe aid=3cfX6Em4BABDFqHK7NKr9Dw\=\=
10.99.92.114 CEF:0|Microsoft|Microsoft Windows||Microsoft-Windows-Security-Auditing:4688|A new process has been created.|Low| eventId=55251693 externalId=4688 msg=Token Elevation Type indicates the type of token that was assigned to the new process in accordance with User Account Control policy.Type 1 is a full token with no privileges removed or groups disabled. Type 2 is an elevated token with no privileges removed or groups disabled.Type 3 is a limited token with administrative privileges removed and administrative groups disabled. customerURI=/All Customers/Partigard/Partigard-NGDC categorySignificance=/Informational categoryBehavior=/Execute/Start categoryDeviceGroup=/Operating System catdt=Operating System categoryOutcome=/Success categoryObject=/Host/Resource/Process art=1574600088678 cat=Security deviceSeverity=Audit_success rt=1574600087828 dhost=Partigard005 dst=10.99.92.125 destinationZoneURI=/All Zones/ArcSight System/Private Address Space Zones/RFC1918: 10.0.0.0-10.255.255.255 dntdom=ED duser=USMAGWQFNG005$ duid=0x3e7 dproc=C:\\Program Files (x86)\\Tanium\\Tanium Client\\Tools\\Detect3\\TaniumDetectEngine.exe filePath=C:\\Program Files (x86)\\Tanium\\Tanium Client\\TaniumClient.exe oldFileHash=UTF-8| cs1=S-1-16-16384 cs2=Process Creation cs3=0x2ca0 cs5=0x4408 cs6=TokenElevationTypeDefault (1) cs1Label=Mandatory Label cs2Label=EventlogCategory cs3Label=New Process ID cs4Label=Process Command Line cs5Label=Creator Process ID cs6Label=Token Elevation Type ahost=Partigard056 agt=10.99.92.114 agentZoneURI=/All Zones/ArcSight System/Private Address Space Zones/RFC1918: 10.0.0.0-10.255.255.255 amac=00-50-56-96-35-51 av=7.11.0.8139.0 atz=America/New_York at=winc dvchost=Partigard005 dvc=10.99.92.125 deviceZoneURI=/All Zones/ArcSight System/Private Address Space Zones/RFC1918: 10.0.0.0-10.255.255.255 deviceNtDomain=ED dtz=America/New_York geid=0 _cefVer=0.1 ad.EventRecordID=774009303 ad.Version=2 ad.ThreadID=12224 ad.Opcode=Info ad.ProcessID=4 ad.TargetDomainName=- aid=3cfX6Em4BABDFqHK7NKr9Dw\=\=
10.99.92.114 CEF:0|Microsoft|Microsoft Windows||Microsoft-Windows-Security-Auditing:5156|The Windows Filtering Platform has allowed a connection.|Low| eventId=55252256 externalId=5156 type=1 start=1574600087309 proto=UDP customerURI=/All Customers/Partigard/Partigard-NGDC categorySignificance=/Informational categoryBehavior=/Communicate/Query categoryDeviceGroup=/Operating System catdt=Operating System categoryOutcome=/Success categoryObject=/Host/Application/Service art=1574600102459 cat=Security deviceSeverity=Audit_success rt=1574600088823 deviceDirection=0 shost=Partigard055 src=10.164.3.47 sourceZoneURI=/All Zones/ArcSight System/Private Address Space Zones/RFC1918: 10.0.0.0-10.255.255.255 spt=137 dhost=Partigard058 dst=10.164.255.255 destinationZoneURI=/All Zones/ArcSight System/Private Address Space Zones/RFC1918: 10.0.0.0-10.255.255.255 dpt=137 oldFileHash=UTF-8| cnt=3 cs2=Filtering Platform Connection cs2Label=EventlogCategory ahost=Partigard056 agt=10.99.92.114 agentZoneURI=/All Zones/ArcSight System/Private Address Space Zones/RFC1918: 10.0.0.0-10.255.255.255 amac=00-50-56-96-35-51 av=7.11.0.8139.0 atz=America/New_York at=winc dvchost=Partigard058 dvc=10.99.92.152 deviceZoneURI=/All Zones/ArcSight System/Private Address Space Zones/RFC1918: 10.0.0.0-10.255.255.255 dtz=America/New_York geid=0 _cefVer=0.1 aid=3cfX6Em4BABDFqHK7NKr9Dw\=\=
10.99.92.114 CEF:0|Microsoft|Microsoft Windows||Microsoft-Windows-Security-Auditing:5156|The Windows Filtering Platform has allowed a connection.|Low| eventId=55252734 externalId=5156 proto=UDP customerURI=/All Customers/Partigard/Partigard-NGDC categorySignificance=/Informational categoryBehavior=/Communicate/Query categoryDeviceGroup=/Operating System catdt=Operating System categoryOutcome=/Success categoryObject=/Host/Application/Service art=1574600089818 cat=Security deviceSeverity=Audit_success rt=1574600088206 deviceDirection=0 shost=Partigard004 src=10.164.0.40 sourceZoneURI=/All Zones/ArcSight System/Private Address Space Zones/RFC1918: 10.0.0.0-10.255.255.255 spt=138 dhost=Partigard004 dst=10.164.255.255 destinationZoneURI=/All Zones/ArcSight System/Private Address Space Zones/RFC1918: 10.0.0.0-10.255.255.255 dpt=138 oldFileHash=UTF-8| cs2=Filtering Platform Connection cs2Label=EventlogCategory ahost=Partigard056 agt=10.99.92.114 agentZoneURI=/All Zones/ArcSight System/Private Address Space Zones/RFC1918: 10.0.0.0-10.255.255.255 amac=00-50-56-96-35-51 av=7.11.0.8139.0 atz=America/New_York at=winc dvchost=Partigard004 dvc=10.99.92.122 deviceZoneURI=/All Zones/ArcSight System/Private Address Space Zones/RFC1918: 10.0.0.0-10.255.255.255 dtz=America/New_York geid=0 _cefVer=0.1 ad.EventRecordID=697812395 ad.Version=1 ad.ThreadID=736 ad.Opcode=Info ad.ProcessID=4 ad.LayerName=Receive/Accept ad.LayerRTID=44 ad.FilterRTID=83059 ad.RemoteMachineID=NULL SID ad.ProcessID=4 ad.RemoteUserID=NULL SID ad.Application=System aid=3cfX6Em4BABDFqHK7NKr9Dw\=\=
10.99.92.114 CEF:0|Microsoft|Microsoft Windows||Microsoft-Windows-Security-Auditing:5156|The Windows Filtering Platform has allowed a connection.|Low| eventId=55252315 externalId=5156 type=1 start=1574600086698 proto=UDP customerURI=/All Customers/Partigard/Partigard-NGDC categorySignificance=/Informational categoryBehavior=/Communicate/Query categoryDeviceGroup=/Operating System catdt=Operating System categoryOutcome=/Success categoryObject=/Host/Application/Service art=1574600102459 cat=Security deviceSeverity=Audit_success rt=1574600090991 deviceDirection=0 shost=Partigard012 src=10.164.1.206 sourceZoneURI=/All Zones/ArcSight System/Private Address Space Zones/RFC1918: 10.0.0.0-10.255.255.255 spt=137 dhost=Partigard058 dst=10.164.255.255 destinationZoneURI=/All Zones/ArcSight System/Private Address Space Zones/RFC1918: 10.0.0.0-10.255.255.255 dpt=137 oldFileHash=UTF-8| cnt=5 cs2=Filtering Platform Connection cs2Label=EventlogCategory ahost=Partigard056 agt=10.99.92.114 agentZoneURI=/All Zones/ArcSight System/Private Address Space Zones/RFC1918: 10.0.0.0-10.255.255.255 amac=00-50-56-96-35-51 av=7.11.0.8139.0 atz=America/New_York at=winc dvchost=Partigard058 dvc=10.99.92.152 deviceZoneURI=/All Zones/ArcSight System/Private Address Space Zones/RFC1918: 10.0.0.0-10.255.255.255 dtz=America/New_York geid=0 _cefVer=0.1 aid=3cfX6Em4BABDFqHK7NKr9Dw\=\=
10.99.92.114 CEF:0|Microsoft|Microsoft Windows||Microsoft-Windows-Security-Auditing:5156|The Windows Filtering Platform has allowed a connection.|Low| eventId=55252304 externalId=5156 type=1 start=1574600086469 proto=UDP customerURI=/All Customers/Partigard/Partigard-NGDC categorySignificance=/Informational categoryBehavior=/Communicate/Query categoryDeviceGroup=/Operating System catdt=Operating System categoryOutcome=/Success categoryObject=/Host/Application/Service art=1574600089365 cat=Security deviceSeverity=Audit_success rt=1574600087234 deviceDirection=0 shost=Partigard056 src=10.164.3.48 sourceZoneURI=/All Zones/ArcSight System/Private Address Space Zones/RFC1918: 10.0.0.0-10.255.255.255 spt=137 dhost=Partigard058 dst=10.164.255.255 destinationZoneURI=/All Zones/ArcSight System/Private Address Space Zones/RFC1918: 10.0.0.0-10.255.255.255 dpt=137 oldFileHash=UTF-8| cnt=2 cs2=Filtering Platform Connection cs2Label=EventlogCategory ahost=Partigard056 agt=10.99.92.114 agentZoneURI=/All Zones/ArcSight System/Private Address Space Zones/RFC1918: 10.0.0.0-10.255.255.255 amac=00-50-56-96-35-51 av=7.11.0.8139.0 atz=America/New_York at=winc dvchost=Partigard058 dvc=10.99.92.152 deviceZoneURI=/All Zones/ArcSight System/Private Address Space Zones/RFC1918: 10.0.0.0-10.255.255.255 dtz=America/New_York geid=0 _cefVer=0.1 aid=3cfX6Em4BABDFqHK7NKr9Dw\=\=
10.99.92.114 CEF:0|Microsoft|Microsoft Windows||Microsoft-Windows-Security-Auditing:5156|The Windows Filtering Platform has allowed a connection.|Low| eventId=55252645 externalId=5156 proto=UDP customerURI=/All Customers/Partigard/Partigard-NGDC categorySignificance=/Informational categoryBehavior=/Communicate/Query categoryDeviceGroup=/Operating System catdt=Operating System categoryOutcome=/Success categoryObject=/Host/Application/Service art=1574600089740 cat=Security deviceSeverity=Audit_success rt=1574600086820 deviceDirection=0 shost=Partigard088 src=10.164.2.175 sourceZoneURI=/All Zones/ArcSight System/Private Address Space Zones/RFC1918: 10.0.0.0-10.255.255.255 spt=138 dhost=Partigard004 dst=10.164.255.255 destinationZoneURI=/All Zones/ArcSight System/Private Address Space Zones/RFC1918: 10.0.0.0-10.255.255.255 dpt=138 oldFileHash=UTF-8| cs2=Filtering Platform Connection cs2Label=EventlogCategory ahost=Partigard056 agt=10.99.92.114 agentZoneURI=/All Zones/ArcSight System/Private Address Space Zones/RFC1918: 10.0.0.0-10.255.255.255 amac=00-50-56-96-35-51 av=7.11.0.8139.0 atz=America/New_York at=winc dvchost=Partigard004 dvc=10.99.92.122 deviceZoneURI=/All Zones/ArcSight System/Private Address Space Zones/RFC1918: 10.0.0.0-10.255.255.255 dtz=America/New_York geid=0 _cefVer=0.1 ad.EventRecordID=697812332 ad.Version=1 ad.ThreadID=7908 ad.Opcode=Info ad.ProcessID=4 ad.LayerName=Receive/Accept ad.LayerRTID=44 ad.FilterRTID=83059 ad.RemoteMachineID=NULL SID ad.ProcessID=4 ad.RemoteUserID=NULL SID ad.Application=System aid=3cfX6Em4BABDFqHK7NKr9Dw\=\=
10.99.92.114 CEF:0|Microsoft|Microsoft Windows||Microsoft-Windows-Security-Auditing:5156|The Windows Filtering Platform has allowed a connection.|Low| eventId=55252711 externalId=5156 proto=UDP customerURI=/All Customers/Partigard/Partigard-NGDC categorySignificance=/Informational categoryBehavior=/Communicate/Query categoryDeviceGroup=/Operating System catdt=Operating System categoryOutcome=/Success categoryObject=/Host/Application/Service art=1574600089740 cat=Security deviceSeverity=Audit_success rt=1574600086252 deviceDirection=0 shost=Partigard050 src=10.164.3.42 sourceZoneURI=/All Zones/ArcSight System/Private Address Space Zones/RFC1918: 10.0.0.0-10.255.255.255 spt=137 dhost=Partigard004 dst=10.164.255.255 destinationZoneURI=/All Zones/ArcSight System/Private Address Space Zones/RFC1918: 10.0.0.0-10.255.255.255 dpt=137 oldFileHash=UTF-8| cs2=Filtering Platform Connection cs2Label=EventlogCategory ahost=Partigard056 agt=10.99.92.114 agentZoneURI=/All Zones/ArcSight System/Private Address Space Zones/RFC1918: 10.0.0.0-10.255.255.255 amac=00-50-56-96-35-51 av=7.11.0.8139.0 atz=America/New_York at=winc dvchost=Partigard004 dvc=10.99.92.122 deviceZoneURI=/All Zones/ArcSight System/Private Address Space Zones/RFC1918: 10.0.0.0-10.255.255.255 dtz=America/New_York geid=0 _cefVer=0.1 ad.EventRecordID=697812308 ad.Version=1 ad.ThreadID=7908 ad.Opcode=Info ad.ProcessID=4 ad.LayerName=Receive/Accept ad.LayerRTID=44 ad.FilterRTID=83059 ad.RemoteMachineID=NULL SID ad.ProcessID=4 ad.RemoteUserID=NULL SID ad.Application=System aid=3cfX6Em4BABDFqHK7NKr9Dw\=\=
10.99.92.114 CEF:0|Microsoft|Microsoft Windows||Microsoft-Windows-Security-Auditing:5156|The Windows Filtering Platform has allowed a connection.|Low| eventId=55252467 externalId=5156 proto=UDP customerURI=/All Customers/Partigard/Partigard-NGDC categorySignificance=/Informational categoryBehavior=/Communicate/Query categoryDeviceGroup=/Operating System catdt=Operating System categoryOutcome=/Success categoryObject=/Host/Application/Service art=1574600089537 cat=Security deviceSeverity=Audit_success rt=1574600088697 deviceDirection=0 shost=Partigard013 src=10.164.2.48 sourceZoneURI=/All Zones/ArcSight System/Private Address Space Zones/RFC1918: 10.0.0.0-10.255.255.255 spt=56868 dhost=Partigard057 dst=224.0.0.252 destinationZoneURI=/All Zones/ArcSight System/Private Address Space Zones/Local Network Zones/RFC3171: Local Network Control Block (224.0.0.0-224.0.0.255) dpt=5355 oldFileHash=UTF-8| cs2=Filtering Platform Connection cs2Label=EventlogCategory ahost=Partigard056 agt=10.99.92.114 agentZoneURI=/All Zones/ArcSight System/Private Address Space Zones/RFC1918: 10.0.0.0-10.255.255.255 amac=00-50-56-96-35-51 av=7.11.0.8139.0 atz=America/New_York at=winc dvchost=Partigard057 dvc=10.99.92.151 deviceZoneURI=/All Zones/ArcSight System/Private Address Space Zones/RFC1918: 10.0.0.0-10.255.255.255 dtz=America/New_York geid=0 _cefVer=0.1 ad.EventRecordID=608940301 ad.Version=1 ad.ThreadID=5752 ad.Opcode=Info ad.ProcessID=4 ad.LayerName=Receive/Accept ad.LayerRTID=44 ad.FilterRTID=72606 ad.RemoteMachineID=NULL SID ad.ProcessID=428 ad.RemoteUserID=NULL SID ad.Application=\\device\\harddiskvolume2\\windows\\system32\\svchost.exe aid=3cfX6Em4BABDFqHK7NKr9Dw\=\=
10.99.92.114 CEF:0|Microsoft|Microsoft Windows||Microsoft-Windows-Security-Auditing:5156|The Windows Filtering Platform has allowed a connection.|Low| eventId=55254021 externalId=5156 proto=UDP customerURI=/All Customers/Partigard/Partigard-NGDC categorySignificance=/Informational categoryBehavior=/Communicate/Query categoryDeviceGroup=/Operating System catdt=Operating System categoryOutcome=/Success categoryObject=/Host/Application/Service art=1574600090709 cat=Security deviceSeverity=Audit_success rt=1574600088205 deviceDirection=0 shost=Partigard004 src=10.164.0.40 sourceZoneURI=/All Zones/ArcSight System/Private Address Space Zones/RFC1918: 10.0.0.0-10.255.255.255 spt=138 dhost=Partigard052 dst=10.164.255.255 destinationZoneURI=/All Zones/ArcSight System/Private Address Space Zones/RFC1918: 10.0.0.0-10.255.255.255 dpt=138 oldFileHash=UTF-8| cs2=Filtering Platform Connection cs2Label=EventlogCategory ahost=Partigard056 agt=10.99.92.114 agentZoneURI=/All Zones/ArcSight System/Private Address Space Zones/RFC1918: 10.0.0.0-10.255.255.255 amac=00-50-56-96-35-51 av=7.11.0.8139.0 atz=America/New_York at=winc dvchost=Partigard052 dvc=10.99.92.146 deviceZoneURI=/All Zones/ArcSight System/Private Address Space Zones/RFC1918: 10.0.0.0-10.255.255.255 dtz=America/New_York geid=0 _cefVer=0.1 ad.EventRecordID=684686180 ad.Version=1 ad.ThreadID=6984 ad.Opcode=Info ad.ProcessID=4 ad.LayerName=Receive/Accept ad.LayerRTID=44 ad.FilterRTID=80795 ad.RemoteMachineID=NULL SID ad.ProcessID=4 ad.RemoteUserID=NULL SID ad.Application=System aid=3cfX6Em4BABDFqHK7NKr9Dw\=\=
10.99.92.114 CEF:0|Microsoft|Microsoft Windows||Microsoft-Windows-Security-Auditing:5156|The Windows Filtering Platform has allowed a connection.|Low| eventId=55253933 externalId=5156 proto=UDP customerURI=/All Customers/Partigard/Partigard-NGDC categorySignificance=/Informational categoryBehavior=/Communicate/Query categoryDeviceGroup=/Operating System catdt=Operating System categoryOutcome=/Success categoryObject=/Host/Application/Service art=1574600090693 cat=Security deviceSeverity=Audit_success rt=1574600086819 deviceDirection=0 shost=Partigard088 src=10.164.2.175 sourceZoneURI=/All Zones/ArcSight System/Private Address Space Zones/RFC1918: 10.0.0.0-10.255.255.255 spt=138 dhost=Partigard052 dst=10.164.255.255 destinationZoneURI=/All Zones/ArcSight System/Private Address Space Zones/RFC1918: 10.0.0.0-10.255.255.255 dpt=138 oldFileHash=UTF-8| cs2=Filtering Platform Connection cs2Label=EventlogCategory ahost=Partigard056 agt=10.99.92.114 agentZoneURI=/All Zones/ArcSight System/Private Address Space Zones/RFC1918: 10.0.0.0-10.255.255.255 amac=00-50-56-96-35-51 av=7.11.0.8139.0 atz=America/New_York at=winc dvchost=Partigard052 dvc=10.99.92.146 deviceZoneURI=/All Zones/ArcSight System/Private Address Space Zones/RFC1918: 10.0.0.0-10.255.255.255 dtz=America/New_York geid=0 _cefVer=0.1 ad.EventRecordID=684686108 ad.Version=1 ad.ThreadID=6984 ad.Opcode=Info ad.ProcessID=4 ad.LayerName=Receive/Accept ad.LayerRTID=44 ad.FilterRTID=80795 ad.RemoteMachineID=NULL SID ad.ProcessID=4 ad.RemoteUserID=NULL SID ad.Application=System aid=3cfX6Em4BABDFqHK7NKr9Dw\=\=
10.99.92.114 CEF:0|Microsoft|Microsoft Windows||Microsoft-Windows-Security-Auditing:5156|The Windows Filtering Platform has allowed a connection.|Low| eventId=55252062 externalId=5156 proto=UDP customerURI=/All Customers/Partigard/Partigard-NGDC categorySignificance=/Informational categoryBehavior=/Communicate/Query categoryDeviceGroup=/Operating System catdt=Operating System categoryOutcome=/Success categoryObject=/Host/Application/Service art=1574600089162 cat=Security deviceSeverity=Audit_success rt=1574600087590 deviceDirection=0 shost=Partigard033 src=10.164.0.168 sourceZoneURI=/All Zones/ArcSight System/Private Address Space Zones/RFC1918: 10.0.0.0-10.255.255.255 spt=62336 dhost=Partigard046 dst=224.0.0.252 destinationZoneURI=/All Zones/ArcSight System/Private Address Space Zones/Local Network Zones/RFC3171: Local Network Control Block (224.0.0.0-224.0.0.255) dpt=5355 oldFileHash=UTF-8| cs2=Filtering Platform Connection cs2Label=EventlogCategory ahost=Partigard056 agt=10.99.92.114 agentZoneURI=/All Zones/ArcSight System/Private Address Space Zones/RFC1918: 10.0.0.0-10.255.255.255 amac=00-50-56-96-35-51 av=7.11.0.8139.0 atz=America/New_York at=winc dvchost=Partigard046 dvc=10.99.92.140 deviceZoneURI=/All Zones/ArcSight System/Private Address Space Zones/RFC1918: 10.0.0.0-10.255.255.255 dtz=America/New_York geid=0 _cefVer=0.1 ad.EventRecordID=686407611 ad.Version=1 ad.ThreadID=7088 ad.Opcode=Info ad.ProcessID=4 ad.LayerName=Receive/Accept ad.LayerRTID=44 ad.FilterRTID=80723 ad.RemoteMachineID=NULL SID ad.ProcessID=492 ad.RemoteUserID=NULL SID ad.Application=\\device\\harddiskvolume2\\windows\\system32\\svchost.exe aid=3cfX6Em4BABDFqHK7NKr9Dw\=\=
10.99.92.114 CEF:0|Microsoft|Microsoft Windows||Microsoft-Windows-Security-Auditing:5156|The Windows Filtering Platform has allowed a connection.|Low| eventId=55252396 externalId=5156 proto=UDP customerURI=/All Customers/Partigard/Partigard-NGDC categorySignificance=/Informational categoryBehavior=/Communicate/Query categoryDeviceGroup=/Operating System catdt=Operating System categoryOutcome=/Success categoryObject=/Host/Application/Service art=1574600089521 cat=Security deviceSeverity=Audit_success rt=1574600086809 deviceDirection=0 shost=Partigard088 src=10.164.2.175 sourceZoneURI=/All Zones/ArcSight System/Private Address Space Zones/RFC1918: 10.0.0.0-10.255.255.255 spt=138 dhost=Partigard057 dst=10.164.255.255 destinationZoneURI=/All Zones/ArcSight System/Private Address Space Zones/RFC1918: 10.0.0.0-10.255.255.255 dpt=138 oldFileHash=UTF-8| cs2=Filtering Platform Connection cs2Label=EventlogCategory ahost=Partigard056 agt=10.99.92.114 agentZoneURI=/All Zones/ArcSight System/Private Address Space Zones/RFC1918: 10.0.0.0-10.255.255.255 amac=00-50-56-96-35-51 av=7.11.0.8139.0 atz=America/New_York at=winc dvchost=Partigard057 dvc=10.99.92.151 deviceZoneURI=/All Zones/ArcSight System/Private Address Space Zones/RFC1918: 10.0.0.0-10.255.255.255 dtz=America/New_York geid=0 _cefVer=0.1 ad.EventRecordID=608940224 ad.Version=1 ad.ThreadID=5752 ad.Opcode=Info ad.ProcessID=4 ad.LayerName=Receive/Accept ad.LayerRTID=44 ad.FilterRTID=72606 ad.RemoteMachineID=NULL SID ad.ProcessID=4 ad.RemoteUserID=NULL SID ad.Application=System aid=3cfX6Em4BABDFqHK7NKr9Dw\=\=
10.99.92.114 CEF:0|Microsoft|Microsoft Windows||Microsoft-Windows-Security-Auditing:5156|The Windows Filtering Platform has allowed a connection.|Low| eventId=55252371 externalId=5156 proto=UDP customerURI=/All Customers/Partigard/Partigard-NGDC categorySignificance=/Informational categoryBehavior=/Communicate/Query categoryDeviceGroup=/Operating System catdt=Operating System categoryOutcome=/Success categoryObject=/Host/Application/Service art=1574600089506 cat=Security deviceSeverity=Audit_success rt=1574600086241 deviceDirection=0 shost=Partigard050 src=10.164.3.42 sourceZoneURI=/All Zones/ArcSight System/Private Address Space Zones/RFC1918: 10.0.0.0-10.255.255.255 spt=137 dhost=Partigard057 dst=10.164.255.255 destinationZoneURI=/All Zones/ArcSight System/Private Address Space Zones/RFC1918: 10.0.0.0-10.255.255.255 dpt=137 oldFileHash=UTF-8| cs2=Filtering Platform Connection cs2Label=EventlogCategory ahost=Partigard056 agt=10.99.92.114 agentZoneURI=/All Zones/ArcSight System/Private Address Space Zones/RFC1918: 10.0.0.0-10.255.255.255 amac=00-50-56-96-35-51 av=7.11.0.8139.0 atz=America/New_York at=winc dvchost=Partigard057 dvc=10.99.92.151 deviceZoneURI=/All Zones/ArcSight System/Private Address Space Zones/RFC1918: 10.0.0.0-10.255.255.255 dtz=America/New_York geid=0 _cefVer=0.1 ad.EventRecordID=608940199 ad.Version=1 ad.ThreadID=32 ad.Opcode=Info ad.ProcessID=4 ad.LayerName=Receive/Accept ad.LayerRTID=44 ad.FilterRTID=72606 ad.RemoteMachineID=NULL SID ad.ProcessID=4 ad.RemoteUserID=NULL SID ad.Application=System aid=3cfX6Em4BABDFqHK7NKr9Dw\=\=
10.99.92.114 CEF:0|Microsoft|Microsoft Windows||Microsoft-Windows-Security-Auditing:5156|The Windows Filtering Platform has allowed a connection.|Low| eventId=55252453 externalId=5156 proto=UDP customerURI=/All Customers/Partigard/Partigard-NGDC categorySignificance=/Informational categoryBehavior=/Communicate/Query categoryDeviceGroup=/Operating System catdt=Operating System categoryOutcome=/Success categoryObject=/Host/Application/Service art=1574600089537 cat=Security deviceSeverity=Audit_success rt=1574600088196 deviceDirection=0 shost=Partigard004 src=10.164.0.40 sourceZoneURI=/All Zones/ArcSight System/Private Address Space Zones/RFC1918: 10.0.0.0-10.255.255.255 spt=138 dhost=Partigard057 dst=10.164.255.255 destinationZoneURI=/All Zones/ArcSight System/Private Address Space Zones/RFC1918: 10.0.0.0-10.255.255.255 dpt=138 oldFileHash=UTF-8| cs2=Filtering Platform Connection cs2Label=EventlogCategory ahost=Partigard056 agt=10.99.92.114 agentZoneURI=/All Zones/ArcSight System/Private Address Space Zones/RFC1918: 10.0.0.0-10.255.255.255 amac=00-50-56-96-35-51 av=7.11.0.8139.0 atz=America/New_York at=winc dvchost=Partigard057 dvc=10.99.92.151 deviceZoneURI=/All Zones/ArcSight System/Private Address Space Zones/RFC1918: 10.0.0.0-10.255.255.255 dtz=America/New_York geid=0 _cefVer=0.1 ad.EventRecordID=608940287 ad.Version=1 ad.ThreadID=5752 ad.Opcode=Info ad.ProcessID=4 ad.LayerName=Receive/Accept ad.LayerRTID=44 ad.FilterRTID=72606 ad.RemoteMachineID=NULL SID ad.ProcessID=4 ad.RemoteUserID=NULL SID ad.Application=System aid=3cfX6Em4BABDFqHK7NKr9Dw\=\=
10.99.92.114 CEF:0|Microsoft|Microsoft Windows||Microsoft-Windows-Security-Auditing:5156|The Windows Filtering Platform has allowed a connection.|Low| eventId=55252589 externalId=5156 proto=UDP customerURI=/All Customers/Partigard/Partigard-NGDC categorySignificance=/Informational categoryBehavior=/Communicate/Query categoryDeviceGroup=/Operating System catdt=Operating System categoryOutcome=/Success categoryObject=/Host/Application/Service art=1574600089725 cat=Security deviceSeverity=Audit_success rt=1574600088191 deviceDirection=0 shost=Partigard004 src=10.164.0.40 sourceZoneURI=/All Zones/ArcSight System/Private Address Space Zones/RFC1918: 10.0.0.0-10.255.255.255 spt=138 dhost=Partigard114 dst=10.164.255.255 destinationZoneURI=/All Zones/ArcSight System/Private Address Space Zones/RFC1918: 10.0.0.0-10.255.255.255 dpt=138 oldFileHash=UTF-8| cs2=Filtering Platform Connection cs2Label=EventlogCategory ahost=Partigard056 agt=10.99.92.114 agentZoneURI=/All Zones/ArcSight System/Private Address Space Zones/RFC1918: 10.0.0.0-10.255.255.255 amac=00-50-56-96-35-51 av=7.11.0.8139.0 atz=America/New_York at=winc dvchost=Partigard114 dvc=10.99.92.130 deviceZoneURI=/All Zones/ArcSight System/Private Address Space Zones/RFC1918: 10.0.0.0-10.255.255.255 dtz=America/New_York geid=0 _cefVer=0.1 ad.EventRecordID=610034197 ad.Version=1 ad.ThreadID=860 ad.Opcode=Info ad.ProcessID=4 ad.LayerName=Receive/Accept ad.LayerRTID=44 ad.FilterRTID=72720 ad.RemoteMachineID=NULL SID ad.ProcessID=4 ad.RemoteUserID=NULL SID ad.Application=System aid=3cfX6Em4BABDFqHK7NKr9Dw\=\=
10.99.92.114 CEF:0|Microsoft|Microsoft Windows||Microsoft-Windows-Security-Auditing:5156|The Windows Filtering Platform has allowed a connection.|Low| eventId=55252510 externalId=5156 proto=UDP customerURI=/All Customers/Partigard/Partigard-NGDC categorySignificance=/Informational categoryBehavior=/Communicate/Query categoryDeviceGroup=/Operating System catdt=Operating System categoryOutcome=/Success categoryObject=/Host/Application/Service art=1574600089553 cat=Security deviceSeverity=Audit_success rt=1574600086805 deviceDirection=0 shost=Partigard088 src=10.164.2.175 sourceZoneURI=/All Zones/ArcSight System/Private Address Space Zones/RFC1918: 10.0.0.0-10.255.255.255 spt=138 dhost=Partigard114 dst=10.164.255.255 destinationZoneURI=/All Zones/ArcSight System/Private Address Space Zones/RFC1918: 10.0.0.0-10.255.255.255 dpt=138 oldFileHash=UTF-8| cs2=Filtering Platform Connection cs2Label=EventlogCategory ahost=Partigard056 agt=10.99.92.114 agentZoneURI=/All Zones/ArcSight System/Private Address Space Zones/RFC1918: 10.0.0.0-10.255.255.255 amac=00-50-56-96-35-51 av=7.11.0.8139.0 atz=America/New_York at=winc dvchost=Partigard114 dvc=10.99.92.130 deviceZoneURI=/All Zones/ArcSight System/Private Address Space Zones/RFC1918: 10.0.0.0-10.255.255.255 dtz=America/New_York geid=0 _cefVer=0.1 ad.EventRecordID=610034101 ad.Version=1 ad.ThreadID=2432 ad.Opcode=Info ad.ProcessID=4 ad.LayerName=Receive/Accept ad.LayerRTID=44 ad.FilterRTID=72720 ad.RemoteMachineID=NULL SID ad.ProcessID=4 ad.RemoteUserID=NULL SID ad.Application=System aid=3cfX6Em4BABDFqHK7NKr9Dw\=\=
10.99.92.114 CEF:0|Microsoft|Microsoft Windows||Microsoft-Windows-Security-Auditing:5156|The Windows Filtering Platform has allowed a connection.|Low| eventId=55249871 externalId=5156 proto=UDP customerURI=/All Customers/Partigard/Partigard-NGDC categorySignificance=/Informational categoryBehavior=/Communicate/Query categoryDeviceGroup=/Operating System catdt=Operating System categoryOutcome=/Success categoryObject=/Host/Application/Service art=1574600087439 cat=Security deviceSeverity=Audit_success rt=1574600084797 deviceDirection=0 shost=Partigard080 src=10.164.1.182 sourceZoneURI=/All Zones/ArcSight System/Private Address Space Zones/RFC1918: 10.0.0.0-10.255.255.255 spt=138 dhost=Partigard114 dst=10.164.255.255 destinationZoneURI=/All Zones/ArcSight System/Private Address Space Zones/RFC1918: 10.0.0.0-10.255.255.255 dpt=138 oldFileHash=UTF-8| cs2=Filtering Platform Connection cs2Label=EventlogCategory ahost=Partigard056 agt=10.99.92.114 agentZoneURI=/All Zones/ArcSight System/Private Address Space Zones/RFC1918: 10.0.0.0-10.255.255.255 amac=00-50-56-96-35-51 av=7.11.0.8139.0 atz=America/New_York at=winc dvchost=Partigard114 dvc=10.99.92.130 deviceZoneURI=/All Zones/ArcSight System/Private Address Space Zones/RFC1918: 10.0.0.0-10.255.255.255 dtz=America/New_York geid=0 _cefVer=0.1 ad.EventRecordID=610033964 ad.Version=1 ad.ThreadID=3736 ad.Opcode=Info ad.ProcessID=4 ad.LayerName=Receive/Accept ad.LayerRTID=44 ad.FilterRTID=72720 ad.RemoteMachineID=NULL SID ad.ProcessID=4 ad.RemoteUserID=NULL SID ad.Application=System aid=3cfX6Em4BABDFqHK7NKr9Dw\=\=
