10.99.92.114 CEF:0|Microsoft|Microsoft Windows||Microsoft-Windows-Security-Auditing:4688|A new process has been created.|Low| eventId=55257254 externalId=4688 msg=Token Elevation Type indicates the type of token that was assigned to the new process in accordance with User Account Control policy.Type 1 is a full token with no privileges removed or groups disabled. Type 2 is an elevated token with no privileges removed or groups disabled.Type 3 is a limited token with administrative privileges removed and administrative groups disabled. customerURI=/All Customers/Partigard/Partigard-NGDC categorySignificance=/Informational categoryBehavior=/Execute/Start categoryDeviceGroup=/Operating System catdt=Operating System categoryOutcome=/Success categoryObject=/Host/Resource/Process art=1574600094178 cat=Security deviceSeverity=Audit_success rt=1574600092389 dhost=Partigard112 dst=10.99.92.128 destinationZoneURI=/All Zones/ArcSight System/Private Address Space Zones/RFC1918: 10.0.0.0-10.255.255.255 dntdom=ED duser=USMAGWKFNG112$ duid=0x3e7 dproc=C:\\PROGRA~1\\HP\\HP BTO Software\\nonOV\\perl\\a\\bin\\perl.exe filePath=C:\\Program Files\\HP\\HP BTO Software\\lbin\\eaagt\\opcmona.exe oldFileHash=UTF-8| cs1=S-1-16-16384 cs2=Process Creation cs3=0x704 cs5=0x19fc cs6=TokenElevationTypeDefault (1) cs1Label=Mandatory Label cs2Label=EventlogCategory cs3Label=New Process ID cs4Label=Process Command Line cs5Label=Creator Process ID cs6Label=Token Elevation Type ahost=Partigard056 agt=10.99.92.114 agentZoneURI=/All Zones/ArcSight System/Private Address Space Zones/RFC1918: 10.0.0.0-10.255.255.255 amac=00-50-56-96-35-51 av=7.11.0.8139.0 atz=America/New_York at=winc dvchost=Partigard112 dvc=10.99.92.128 deviceZoneURI=/All Zones/ArcSight System/Private Address Space Zones/RFC1918: 10.0.0.0-10.255.255.255 deviceNtDomain=ED dtz=America/New_York geid=0 _cefVer=0.1 ad.EventRecordID=697320698 ad.Version=2 ad.ThreadID=228 ad.Opcode=Info ad.ProcessID=4 ad.TargetDomainName=- aid=3cfX6Em4BABDFqHK7NKr9Dw\=\=
10.99.92.114 CEF:0|Microsoft|Microsoft Windows||Microsoft-Windows-Security-Auditing:5156|The Windows Filtering Platform has allowed a connection.|Low| eventId=55257681 externalId=5156 type=1 start=1574600089424 proto=UDP customerURI=/All Customers/Partigard/Partigard-NGDC categorySignificance=/Informational categoryBehavior=/Communicate/Query categoryDeviceGroup=/Operating System catdt=Operating System categoryOutcome=/Success categoryObject=/Host/Application/Service art=1574600107465 cat=Security deviceSeverity=Audit_success rt=1574600105674 deviceDirection=0 shost=Partigard012 src=10.164.1.206 sourceZoneURI=/All Zones/ArcSight System/Private Address Space Zones/RFC1918: 10.0.0.0-10.255.255.255 spt=137 dhost=Partigard056 dst=10.164.255.255 destinationZoneURI=/All Zones/ArcSight System/Private Address Space Zones/RFC1918: 10.0.0.0-10.255.255.255 dpt=137 oldFileHash=UTF-8| cnt=23 cs2=Filtering Platform Connection cs2Label=EventlogCategory ahost=Partigard056 agt=10.99.92.114 agentZoneURI=/All Zones/ArcSight System/Private Address Space Zones/RFC1918: 10.0.0.0-10.255.255.255 amac=00-50-56-96-35-51 av=7.11.0.8139.0 atz=America/New_York at=winc dvchost=Partigard056 dvc=10.99.92.150 deviceZoneURI=/All Zones/ArcSight System/Private Address Space Zones/RFC1918: 10.0.0.0-10.255.255.255 dtz=America/New_York geid=0 _cefVer=0.1 aid=3cfX6Em4BABDFqHK7NKr9Dw\=\=
10.99.92.114 CEF:0|Microsoft|Microsoft Windows||Microsoft-Windows-Security-Auditing:4658|The handle to an object was closed.|Low| eventId=55257661 externalId=4658 type=1 start=1574600093722 customerURI=/All Customers/Partigard/Partigard-NGDC categorySignificance=/Informational categoryBehavior=/Access/Stop categoryDeviceGroup=/Operating System catdt=Operating System categoryOutcome=/Success categoryObject=/Host/Resource art=1574600107465 cat=Security deviceSeverity=Audit_success rt=1574600104749 dhost=Partigard110 dst=10.99.92.126 destinationZoneURI=/All Zones/ArcSight System/Private Address Space Zones/RFC1918: 10.0.0.0-10.255.255.255 dntdom=ED duser=USMAGWKFNG110$ duid=0x3e7 oldFileHash=UTF-8| cnt=15 cs2Label=EventlogCategory cs3Label=Process ID ahost=Partigard056 agt=10.99.92.114 agentZoneURI=/All Zones/ArcSight System/Private Address Space Zones/RFC1918: 10.0.0.0-10.255.255.255 amac=00-50-56-96-35-51 av=7.11.0.8139.0 atz=America/New_York at=winc dvchost=Partigard110 dvc=10.99.92.126 deviceZoneURI=/All Zones/ArcSight System/Private Address Space Zones/RFC1918: 10.0.0.0-10.255.255.255 deviceNtDomain=ED dtz=America/New_York geid=0 _cefVer=0.1 aid=3cfX6Em4BABDFqHK7NKr9Dw\=\=
10.99.92.114 CEF:0|Microsoft|Microsoft Windows||Microsoft-Windows-Security-Auditing:4672|Special privileges assigned to new logon.|Low| eventId=55256954 externalId=4672 type=1 start=1574600083454 customerURI=/All Customers/Partigard/Partigard-NGDC categorySignificance=/Informational categoryBehavior=/Authorization/Add categoryDeviceGroup=/Operating System catdt=Operating System categoryOutcome=/Success categoryObject=/Host/Operating System art=1574600094006 cat=Security deviceSeverity=Audit_success rt=1574600083516 dhost=Partigard102 dst=10.99.92.86 destinationZoneURI=/All Zones/ArcSight System/Private Address Space Zones/RFC1918: 10.0.0.0-10.255.255.255 dntdom=ED duser=EpMetalogix dpriv=SeSecurityPrivilege\n			SeBackupPrivilege\n			SeRestorePrivilege\n			SeTakeOwnershipPrivilege\n			SeSystemEnvironmentPrivilege\n			SeImpersonatePrivilege\n			SeEnableDelegationPrivilege\n			SeDebugPrivilege oldFileHash=UTF-8| cnt=2 cs2=Special Logon cs2Label=EventlogCategory ahost=Partigard056 agt=10.99.92.114 agentZoneURI=/All Zones/ArcSight System/Private Address Space Zones/RFC1918: 10.0.0.0-10.255.255.255 amac=00-50-56-96-35-51 av=7.11.0.8139.0 atz=America/New_York at=winc dvchost=Partigard102 dvc=10.99.92.86 deviceZoneURI=/All Zones/ArcSight System/Private Address Space Zones/RFC1918: 10.0.0.0-10.255.255.255 deviceNtDomain=ED dtz=America/New_York geid=0 _cefVer=0.1 aid=3cfX6Em4BABDFqHK7NKr9Dw\=\=
10.99.92.114 CEF:0|Microsoft|Microsoft Windows||Microsoft-Windows-Security-Auditing:5156|The Windows Filtering Platform has allowed a connection.|Low| eventId=55259387 externalId=5156 type=1 start=1574600091177 proto=UDP customerURI=/All Customers/Partigard/Partigard-NGDC categorySignificance=/Informational categoryBehavior=/Communicate/Query categoryDeviceGroup=/Operating System catdt=Operating System categoryOutcome=/Success categoryObject=/Host/Application/Service art=1574600107465 cat=Security deviceSeverity=Audit_success rt=1574600106179 deviceDirection=0 shost=Partigard033 src=10.164.0.168 sourceZoneURI=/All Zones/ArcSight System/Private Address Space Zones/RFC1918: 10.0.0.0-10.255.255.255 dhost=Partigard052 dst=224.0.0.252 destinationZoneURI=/All Zones/ArcSight System/Private Address Space Zones/Local Network Zones/RFC3171: Local Network Control Block (224.0.0.0-224.0.0.255) dpt=5355 oldFileHash=UTF-8| cnt=18 cs2=Filtering Platform Connection cs2Label=EventlogCategory ahost=Partigard056 agt=10.99.92.114 agentZoneURI=/All Zones/ArcSight System/Private Address Space Zones/RFC1918: 10.0.0.0-10.255.255.255 amac=00-50-56-96-35-51 av=7.11.0.8139.0 atz=America/New_York at=winc dvchost=Partigard052 dvc=10.99.92.146 deviceZoneURI=/All Zones/ArcSight System/Private Address Space Zones/RFC1918: 10.0.0.0-10.255.255.255 dtz=America/New_York geid=0 _cefVer=0.1 aid=3cfX6Em4BABDFqHK7NKr9Dw\=\=
10.99.92.114 CEF:0|Microsoft|Microsoft Windows||Microsoft-Windows-Security-Auditing:4663|An attempt was made to access an object.|Low| eventId=55256219 externalId=4663 type=1 start=1574600090119 customerURI=/All Customers/Partigard/Partigard-NGDC categorySignificance=/Informational categoryBehavior=/Access categoryDeviceGroup=/Operating System catdt=Operating System categoryOutcome=/Success categoryObject=/Host/Resource art=1574600092818 cat=Security deviceSeverity=Audit_success rt=1574600090344 dhost=Partigard005 dst=10.99.92.125 destinationZoneURI=/All Zones/ArcSight System/Private Address Space Zones/RFC1918: 10.0.0.0-10.255.255.255 dntdom=ED duser=USMAGWQFNG005$ duid=0x3e7 dproc=C:\\Windows\\System32\\wbem\\WmiPrvSE.exe fname=\\Device\\HarddiskVolume2\\Windows\\System32\\lsass.exe fileType=Process oldFileHash=UTF-8| cnt=2 cs1=Read from process memory cs2=Kernel Object cs3=0x105c cs1Label=Accesses cs2Label=EventlogCategory cs3Label=Process ID ahost=Partigard056 agt=10.99.92.114 agentZoneURI=/All Zones/ArcSight System/Private Address Space Zones/RFC1918: 10.0.0.0-10.255.255.255 amac=00-50-56-96-35-51 av=7.11.0.8139.0 atz=America/New_York at=winc dvchost=Partigard005 dvc=10.99.92.125 deviceZoneURI=/All Zones/ArcSight System/Private Address Space Zones/RFC1918: 10.0.0.0-10.255.255.255 deviceNtDomain=ED dtz=America/New_York geid=0 _cefVer=0.1 aid=3cfX6Em4BABDFqHK7NKr9Dw\=\=
10.99.92.114 CEF:0|Microsoft|Microsoft Windows||Microsoft-Windows-Security-Auditing:4663|An attempt was made to access an object.|Low| eventId=55256855 externalId=4663 type=1 start=1574600093393 customerURI=/All Customers/Partigard/Partigard-NGDC categorySignificance=/Informational categoryBehavior=/Access categoryDeviceGroup=/Operating System catdt=Operating System categoryOutcome=/Success categoryObject=/Host/Resource art=1574600107465 cat=Security deviceSeverity=Audit_success rt=1574600098363 dhost=Partigard005 dst=10.99.92.125 destinationZoneURI=/All Zones/ArcSight System/Private Address Space Zones/RFC1918: 10.0.0.0-10.255.255.255 dntdom=ED duser=svc_fsa_ngdc_oemsql duid=0x21dc4 dproc=D:\\oracle\\agent_13.2.0.0.0\\oracle_common\\jdk\\bin\\java.exe fname=D:\\oracle\\agent_13.2.0.0.0\\oracle_common\\jdk\\jre\\bin fileType=File oldFileHash=UTF-8| cnt=21 cs1=ReadData (or ListDirectory) cs2=Removable Storage cs1Label=Accesses cs2Label=EventlogCategory cs3Label=Process ID ahost=Partigard056 agt=10.99.92.114 agentZoneURI=/All Zones/ArcSight System/Private Address Space Zones/RFC1918: 10.0.0.0-10.255.255.255 amac=00-50-56-96-35-51 av=7.11.0.8139.0 atz=America/New_York at=winc dvchost=Partigard005 dvc=10.99.92.125 deviceZoneURI=/All Zones/ArcSight System/Private Address Space Zones/RFC1918: 10.0.0.0-10.255.255.255 deviceNtDomain=ED dtz=America/New_York geid=0 _cefVer=0.1 aid=3cfX6Em4BABDFqHK7NKr9Dw\=\=
10.99.92.114 CEF:0|Microsoft|Microsoft Windows||Microsoft-Windows-Security-Auditing:5158|The Windows Filtering Platform has permitted a bind to a local port.|Low| eventId=55258719 externalId=5158 type=1 start=1574600093851 customerURI=/All Customers/Partigard/Partigard-NGDC categorySignificance=/Informational categoryBehavior=/Communicate/Query categoryDeviceGroup=/Operating System catdt=Operating System categoryOutcome=/Success categoryObject=/Host/Application/Service art=1574600107465 cat=Security deviceSeverity=Audit_success rt=1574600094367 dhost=Partigard005 dst=10.99.92.125 destinationZoneURI=/All Zones/ArcSight System/Private Address Space Zones/RFC1918: 10.0.0.0-10.255.255.255 oldFileHash=UTF-8| cnt=4 cs2=Filtering Platform Connection c6a2=0:0:0:0:0:0:0:0 cs2Label=EventlogCategory c6a2Label=Source IPv6 Address ahost=Partigard056 agt=10.99.92.114 agentZoneURI=/All Zones/ArcSight System/Private Address Space Zones/RFC1918: 10.0.0.0-10.255.255.255 amac=00-50-56-96-35-51 av=7.11.0.8139.0 atz=America/New_York at=winc dvchost=Partigard005 dvc=10.99.92.125 deviceZoneURI=/All Zones/ArcSight System/Private Address Space Zones/RFC1918: 10.0.0.0-10.255.255.255 dtz=America/New_York geid=0 _cefVer=0.1 aid=3cfX6Em4BABDFqHK7NKr9Dw\=\=
10.99.92.114 CEF:0|Microsoft|Microsoft Windows||Microsoft-Windows-Security-Auditing:5156|The Windows Filtering Platform has allowed a connection.|Low| eventId=55257989 externalId=5156 type=1 start=1574600091168 proto=UDP customerURI=/All Customers/Partigard/Partigard-NGDC categorySignificance=/Informational categoryBehavior=/Communicate/Query categoryDeviceGroup=/Operating System catdt=Operating System categoryOutcome=/Success categoryObject=/Host/Application/Service art=1574600107465 cat=Security deviceSeverity=Audit_success rt=1574600105748 deviceDirection=0 shost=Partigard033 src=10.164.0.168 sourceZoneURI=/All Zones/ArcSight System/Private Address Space Zones/RFC1918: 10.0.0.0-10.255.255.255 dhost=Partigard057 dst=224.0.0.252 destinationZoneURI=/All Zones/ArcSight System/Private Address Space Zones/Local Network Zones/RFC3171: Local Network Control Block (224.0.0.0-224.0.0.255) dpt=5355 oldFileHash=UTF-8| cnt=13 cs2=Filtering Platform Connection cs2Label=EventlogCategory ahost=Partigard056 agt=10.99.92.114 agentZoneURI=/All Zones/ArcSight System/Private Address Space Zones/RFC1918: 10.0.0.0-10.255.255.255 amac=00-50-56-96-35-51 av=7.11.0.8139.0 atz=America/New_York at=winc dvchost=Partigard057 dvc=10.99.92.151 deviceZoneURI=/All Zones/ArcSight System/Private Address Space Zones/RFC1918: 10.0.0.0-10.255.255.255 dtz=America/New_York geid=0 _cefVer=0.1 aid=3cfX6Em4BABDFqHK7NKr9Dw\=\=
10.99.92.114 CEF:0|Microsoft|Microsoft Windows||Microsoft-Windows-Security-Auditing:5156|The Windows Filtering Platform has allowed a connection.|Low| eventId=55257713 externalId=5156 proto=UDP customerURI=/All Customers/Partigard/Partigard-NGDC categorySignificance=/Informational categoryBehavior=/Communicate/Query categoryDeviceGroup=/Operating System catdt=Operating System categoryOutcome=/Success categoryObject=/Host/Application/Service art=1574600094756 cat=Security deviceSeverity=Audit_success rt=1574600090455 deviceDirection=0 shost=Partigard019 src=10.164.0.48 sourceZoneURI=/All Zones/ArcSight System/Private Address Space Zones/RFC1918: 10.0.0.0-10.255.255.255 spt=138 dhost=Partigard056 dst=10.164.255.255 destinationZoneURI=/All Zones/ArcSight System/Private Address Space Zones/RFC1918: 10.0.0.0-10.255.255.255 dpt=138 oldFileHash=UTF-8| cs2=Filtering Platform Connection cs2Label=EventlogCategory ahost=Partigard056 agt=10.99.92.114 agentZoneURI=/All Zones/ArcSight System/Private Address Space Zones/RFC1918: 10.0.0.0-10.255.255.255 amac=00-50-56-96-35-51 av=7.11.0.8139.0 atz=America/New_York at=winc dvchost=Partigard056 dvc=10.99.92.150 deviceZoneURI=/All Zones/ArcSight System/Private Address Space Zones/RFC1918: 10.0.0.0-10.255.255.255 dtz=America/New_York geid=0 _cefVer=0.1 ad.EventRecordID=607469208 ad.Version=1 ad.ThreadID=6824 ad.Opcode=Info ad.ProcessID=4 ad.LayerName=Receive/Accept ad.LayerRTID=44 ad.FilterRTID=73727 ad.RemoteMachineID=NULL SID ad.ProcessID=4 ad.RemoteUserID=NULL SID ad.Application=System aid=3cfX6Em4BABDFqHK7NKr9Dw\=\=
10.99.92.114 CEF:0|Microsoft|Microsoft Windows||Microsoft-Windows-Security-Auditing:5156|The Windows Filtering Platform has allowed a connection.|Low| eventId=55259108 externalId=5156 type=1 start=1574600091441 proto=UDP customerURI=/All Customers/Partigard/Partigard-NGDC categorySignificance=/Informational categoryBehavior=/Communicate/Query categoryDeviceGroup=/Operating System catdt=Operating System categoryOutcome=/Success categoryObject=/Host/Application/Service art=1574600107465 cat=Security deviceSeverity=Audit_success rt=1574600105563 deviceDirection=1 src=10.164.4.7 sourceZoneURI=/All Zones/ArcSight System/Private Address Space Zones/RFC1918: 10.0.0.0-10.255.255.255 spt=5355 dhost=Partigard004 dst=10.164.3.48 destinationZoneURI=/All Zones/ArcSight System/Private Address Space Zones/RFC1918: 10.0.0.0-10.255.255.255 oldFileHash=UTF-8| cnt=6 cs2=Filtering Platform Connection cs2Label=EventlogCategory ahost=Partigard056 agt=10.99.92.114 agentZoneURI=/All Zones/ArcSight System/Private Address Space Zones/RFC1918: 10.0.0.0-10.255.255.255 amac=00-50-56-96-35-51 av=7.11.0.8139.0 atz=America/New_York at=winc dvchost=Partigard004 dvc=10.99.92.124 deviceZoneURI=/All Zones/ArcSight System/Private Address Space Zones/RFC1918: 10.0.0.0-10.255.255.255 dtz=America/New_York geid=0 _cefVer=0.1 aid=3cfX6Em4BABDFqHK7NKr9Dw\=\=
10.99.92.114 CEF:0|Microsoft|Microsoft Windows||Microsoft-Windows-Security-Auditing:5156|The Windows Filtering Platform has allowed a connection.|Low| eventId=55259481 externalId=5156 proto=UDP customerURI=/All Customers/Partigard/Partigard-NGDC categorySignificance=/Informational categoryBehavior=/Communicate/Query categoryDeviceGroup=/Operating System catdt=Operating System categoryOutcome=/Success categoryObject=/Host/Application/Service art=1574600095959 cat=Security deviceSeverity=Audit_success rt=1574600090438 deviceDirection=0 shost=Partigard019 src=10.164.0.48 sourceZoneURI=/All Zones/ArcSight System/Private Address Space Zones/RFC1918: 10.0.0.0-10.255.255.255 spt=138 dhost=Partigard113 dst=10.164.255.255 destinationZoneURI=/All Zones/ArcSight System/Private Address Space Zones/RFC1918: 10.0.0.0-10.255.255.255 dpt=138 oldFileHash=UTF-8| cs2=Filtering Platform Connection cs2Label=EventlogCategory ahost=Partigard056 agt=10.99.92.114 agentZoneURI=/All Zones/ArcSight System/Private Address Space Zones/RFC1918: 10.0.0.0-10.255.255.255 amac=00-50-56-96-35-51 av=7.11.0.8139.0 atz=America/New_York at=winc dvchost=Partigard113 dvc=10.99.92.129 deviceZoneURI=/All Zones/ArcSight System/Private Address Space Zones/RFC1918: 10.0.0.0-10.255.255.255 dtz=America/New_York geid=0 _cefVer=0.1 ad.EventRecordID=608660360 ad.Version=1 ad.ThreadID=184 ad.Opcode=Info ad.ProcessID=4 ad.LayerName=Receive/Accept ad.LayerRTID=44 ad.FilterRTID=73727 ad.RemoteMachineID=NULL SID ad.ProcessID=4 ad.RemoteUserID=NULL SID ad.Application=System aid=3cfX6Em4BABDFqHK7NKr9Dw\=\=
10.99.92.114 CEF:0|Microsoft|Microsoft Windows||Microsoft-Windows-Security-Auditing:5156|The Windows Filtering Platform has allowed a connection.|Low| eventId=55256350 externalId=5156 proto=TCP customerURI=/All Customers/Partigard/Partigard-NGDC categorySignificance=/Informational categoryBehavior=/Communicate/Query categoryDeviceGroup=/Operating System catdt=Operating System categoryOutcome=/Success categoryObject=/Host/Application/Service art=1574600093131 cat=Security deviceSeverity=Audit_success rt=1574600089852 deviceDirection=0 shost=Partigard081 src=10.99.92.132 sourceZoneURI=/All Zones/ArcSight System/Private Address Space Zones/RFC1918: 10.0.0.0-10.255.255.255 spt=56670 dhost=Partigard032 dst=10.99.92.134 destinationZoneURI=/All Zones/ArcSight System/Private Address Space Zones/RFC1918: 10.0.0.0-10.255.255.255 dpt=17472 oldFileHash=UTF-8| cs2=Filtering Platform Connection cs2Label=EventlogCategory ahost=Partigard056 agt=10.99.92.114 agentZoneURI=/All Zones/ArcSight System/Private Address Space Zones/RFC1918: 10.0.0.0-10.255.255.255 amac=00-50-56-96-35-51 av=7.11.0.8139.0 atz=America/New_York at=winc dvchost=Partigard032 dvc=10.99.92.134 deviceZoneURI=/All Zones/ArcSight System/Private Address Space Zones/RFC1918: 10.0.0.0-10.255.255.255 dtz=America/New_York geid=0 _cefVer=0.1 ad.EventRecordID=607570715 ad.Version=1 ad.ThreadID=7156 ad.Opcode=Info ad.ProcessID=4 ad.LayerName=Receive/Accept ad.LayerRTID=44 ad.FilterRTID=69211 ad.RemoteMachineID=NULL SID ad.ProcessID=8140 ad.RemoteUserID=NULL SID ad.Application=\\device\\harddiskvolume2\\program files (x86)\\tanium\\tanium client\\taniumclient.exe aid=3cfX6Em4BABDFqHK7NKr9Dw\=\=
10.99.92.114 CEF:0|Microsoft|Microsoft Windows||Microsoft-Windows-Security-Auditing:5156|The Windows Filtering Platform has allowed a connection.|Low| eventId=55256756 externalId=5156 type=1 start=1574600091197 proto=UDP customerURI=/All Customers/Partigard/Partigard-NGDC categorySignificance=/Informational categoryBehavior=/Communicate/Query categoryDeviceGroup=/Operating System catdt=Operating System categoryOutcome=/Success categoryObject=/Host/Application/Service art=1574600107465 cat=Security deviceSeverity=Audit_success rt=1574600104742 deviceDirection=0 shost=Partigard033 src=10.164.0.168 sourceZoneURI=/All Zones/ArcSight System/Private Address Space Zones/RFC1918: 10.0.0.0-10.255.255.255 dhost=Partigard046 dst=224.0.0.252 destinationZoneURI=/All Zones/ArcSight System/Private Address Space Zones/Local Network Zones/RFC3171: Local Network Control Block (224.0.0.0-224.0.0.255) dpt=5355 oldFileHash=UTF-8| cnt=8 cs2=Filtering Platform Connection cs2Label=EventlogCategory ahost=Partigard056 agt=10.99.92.114 agentZoneURI=/All Zones/ArcSight System/Private Address Space Zones/RFC1918: 10.0.0.0-10.255.255.255 amac=00-50-56-96-35-51 av=7.11.0.8139.0 atz=America/New_York at=winc dvchost=Partigard046 dvc=10.99.92.140 deviceZoneURI=/All Zones/ArcSight System/Private Address Space Zones/RFC1918: 10.0.0.0-10.255.255.255 dtz=America/New_York geid=0 _cefVer=0.1 aid=3cfX6Em4BABDFqHK7NKr9Dw\=\=
10.99.92.114 CEF:0|Microsoft|Microsoft Windows||Microsoft-Windows-Security-Auditing:5158|The Windows Filtering Platform has permitted a bind to a local port.|Low| eventId=55257200 externalId=5158 type=1 start=1574600090949 customerURI=/All Customers/Partigard/Partigard-NGDC categorySignificance=/Informational categoryBehavior=/Communicate/Query categoryDeviceGroup=/Operating System catdt=Operating System categoryOutcome=/Success categoryObject=/Host/Application/Service art=1574600107465 cat=Security deviceSeverity=Audit_success rt=1574600103868 src=0.0.0.0 sourceZoneURI=/All Zones/ArcSight System/Private Address Space Zones/Local Network Zones/RFC5735: IANA - Local Identification (0.0.0.0-0.255.255.255) dhost=Partigard112 dst=10.99.92.128 destinationZoneURI=/All Zones/ArcSight System/Private Address Space Zones/RFC1918: 10.0.0.0-10.255.255.255 oldFileHash=UTF-8| cnt=8 cs2=Filtering Platform Connection cs2Label=EventlogCategory ahost=Partigard056 agt=10.99.92.114 agentZoneURI=/All Zones/ArcSight System/Private Address Space Zones/RFC1918: 10.0.0.0-10.255.255.255 amac=00-50-56-96-35-51 av=7.11.0.8139.0 atz=America/New_York at=winc dvchost=Partigard112 dvc=10.99.92.128 deviceZoneURI=/All Zones/ArcSight System/Private Address Space Zones/RFC1918: 10.0.0.0-10.255.255.255 dtz=America/New_York geid=0 _cefVer=0.1 aid=3cfX6Em4BABDFqHK7NKr9Dw\=\=
10.99.92.114 CEF:0|Microsoft|Microsoft Windows||Microsoft-Windows-Security-Auditing:5158|The Windows Filtering Platform has permitted a bind to a local port.|Low| eventId=55257195 externalId=5158 type=1 start=1574600090916 customerURI=/All Customers/Partigard/Partigard-NGDC categorySignificance=/Informational categoryBehavior=/Communicate/Query categoryDeviceGroup=/Operating System catdt=Operating System categoryOutcome=/Success categoryObject=/Host/Application/Service art=1574600107465 cat=Security deviceSeverity=Audit_success rt=1574600103992 dhost=Partigard112 dst=10.99.92.128 destinationZoneURI=/All Zones/ArcSight System/Private Address Space Zones/RFC1918: 10.0.0.0-10.255.255.255 oldFileHash=UTF-8| cnt=5 cs2=Filtering Platform Connection c6a2=0:0:0:0:0:0:0:0 cs2Label=EventlogCategory c6a2Label=Source IPv6 Address ahost=Partigard056 agt=10.99.92.114 agentZoneURI=/All Zones/ArcSight System/Private Address Space Zones/RFC1918: 10.0.0.0-10.255.255.255 amac=00-50-56-96-35-51 av=7.11.0.8139.0 atz=America/New_York at=winc dvchost=Partigard112 dvc=10.99.92.128 deviceZoneURI=/All Zones/ArcSight System/Private Address Space Zones/RFC1918: 10.0.0.0-10.255.255.255 dtz=America/New_York geid=0 _cefVer=0.1 aid=3cfX6Em4BABDFqHK7NKr9Dw\=\=
10.99.92.114 CEF:0|Microsoft|Microsoft Windows||Microsoft-Windows-Security-Auditing:4663|An attempt was made to access an object.|Low| eventId=55256904 externalId=4663 type=1 start=1574600093436 customerURI=/All Customers/Partigard/Partigard-NGDC categorySignificance=/Informational categoryBehavior=/Access categoryDeviceGroup=/Operating System catdt=Operating System categoryOutcome=/Success categoryObject=/Host/Resource art=1574600107465 cat=Security deviceSeverity=Audit_success rt=1574600097832 dhost=Partigard005 dst=10.99.92.125 destinationZoneURI=/All Zones/ArcSight System/Private Address Space Zones/RFC1918: 10.0.0.0-10.255.255.255 dntdom=ED duser=svc_fsa_ngdc_oemsql duid=0x21dc4 dproc=D:\\oracle\\agent_13.2.0.0.0\\oracle_common\\jdk\\bin\\java.exe fname=D:\\oracle\\agent_13.2.0.0.0\\oracle_common fileType=File oldFileHash=UTF-8| cnt=27 cs1=ReadData (or ListDirectory) cs2=Removable Storage cs1Label=Accesses cs2Label=EventlogCategory cs3Label=Process ID ahost=Partigard056 agt=10.99.92.114 agentZoneURI=/All Zones/ArcSight System/Private Address Space Zones/RFC1918: 10.0.0.0-10.255.255.255 amac=00-50-56-96-35-51 av=7.11.0.8139.0 atz=America/New_York at=winc dvchost=Partigard005 dvc=10.99.92.125 deviceZoneURI=/All Zones/ArcSight System/Private Address Space Zones/RFC1918: 10.0.0.0-10.255.255.255 deviceNtDomain=ED dtz=America/New_York geid=0 _cefVer=0.1 aid=3cfX6Em4BABDFqHK7NKr9Dw\=\=
10.99.92.114 CEF:0|Microsoft|Microsoft Windows||Microsoft-Windows-Security-Auditing:4663|An attempt was made to access an object.|Low| eventId=55257444 externalId=4663 type=1 start=1574600093558 customerURI=/All Customers/Partigard/Partigard-NGDC categorySignificance=/Informational categoryBehavior=/Access categoryDeviceGroup=/Operating System catdt=Operating System categoryOutcome=/Success categoryObject=/Host/Resource art=1574600107465 cat=Security deviceSeverity=Audit_success rt=1574600098423 dhost=Partigard005 dst=10.99.92.125 destinationZoneURI=/All Zones/ArcSight System/Private Address Space Zones/RFC1918: 10.0.0.0-10.255.255.255 dntdom=ED duser=svc_fsa_ngdc_oemsql duid=0x21dc4 dproc=D:\\oracle\\agent_13.2.0.0.0\\oracle_common\\jdk\\bin\\java.exe fname=D:\\oracle\\agent_13.2.0.0.0\\plugins fileType=File oldFileHash=UTF-8| cnt=6 cs1=ReadData (or ListDirectory) cs2=Removable Storage cs1Label=Accesses cs2Label=EventlogCategory cs3Label=Process ID ahost=Partigard056 agt=10.99.92.114 agentZoneURI=/All Zones/ArcSight System/Private Address Space Zones/RFC1918: 10.0.0.0-10.255.255.255 amac=00-50-56-96-35-51 av=7.11.0.8139.0 atz=America/New_York at=winc dvchost=Partigard005 dvc=10.99.92.125 deviceZoneURI=/All Zones/ArcSight System/Private Address Space Zones/RFC1918: 10.0.0.0-10.255.255.255 deviceNtDomain=ED dtz=America/New_York geid=0 _cefVer=0.1 aid=3cfX6Em4BABDFqHK7NKr9Dw\=\=
10.99.92.114 CEF:0|Microsoft|Microsoft Windows||Microsoft-Windows-Security-Auditing:4663|An attempt was made to access an object.|Low| eventId=55256564 externalId=4663 type=1 start=1574600090076 customerURI=/All Customers/Partigard/Partigard-NGDC categorySignificance=/Informational categoryBehavior=/Access categoryDeviceGroup=/Operating System catdt=Operating System categoryOutcome=/Success categoryObject=/Host/Resource art=1574600107465 cat=Security deviceSeverity=Audit_success rt=1574600101637 dhost=Partigard059 dst=10.99.92.153 destinationZoneURI=/All Zones/ArcSight System/Private Address Space Zones/RFC1918: 10.0.0.0-10.255.255.255 dntdom=ED duser=USMAGWOFNG059$ duid=0x3e7 fname=\\Device\\HarddiskVolume2\\Windows\\System32\\lsass.exe fileType=Process oldFileHash=UTF-8| cnt=3 cs1=Read from process memory cs2=Kernel Object cs1Label=Accesses cs2Label=EventlogCategory cs3Label=Process ID ahost=Partigard056 agt=10.99.92.114 agentZoneURI=/All Zones/ArcSight System/Private Address Space Zones/RFC1918: 10.0.0.0-10.255.255.255 amac=00-50-56-96-35-51 av=7.11.0.8139.0 atz=America/New_York at=winc dvchost=Partigard059 dvc=10.99.92.153 deviceZoneURI=/All Zones/ArcSight System/Private Address Space Zones/RFC1918: 10.0.0.0-10.255.255.255 deviceNtDomain=ED dtz=America/New_York geid=0 _cefVer=0.1 aid=3cfX6Em4BABDFqHK7NKr9Dw\=\=
10.99.92.114 CEF:0|Microsoft|Microsoft Windows||Microsoft-Windows-Security-Auditing:4663|An attempt was made to access an object.|Low| eventId=55257450 externalId=4663 type=1 start=1574600093559 customerURI=/All Customers/Partigard/Partigard-NGDC categorySignificance=/Informational categoryBehavior=/Access categoryDeviceGroup=/Operating System catdt=Operating System categoryOutcome=/Success categoryObject=/Host/Resource art=1574600107465 cat=Security deviceSeverity=Audit_success rt=1574600098423 dhost=Partigard005 dst=10.99.92.125 destinationZoneURI=/All Zones/ArcSight System/Private Address Space Zones/RFC1918: 10.0.0.0-10.255.255.255 dntdom=ED duser=svc_fsa_ngdc_oemsql duid=0x21dc4 dproc=D:\\oracle\\agent_13.2.0.0.0\\oracle_common\\jdk\\bin\\java.exe fname=D:\\oracle\\agent_13.2.0.0.0\\plugins\\oracle.em.smss.agent.plugin_13.2.1.0.0\\scripts fileType=File oldFileHash=UTF-8| cnt=6 cs1=ReadData (or ListDirectory) cs2=Removable Storage cs1Label=Accesses cs2Label=EventlogCategory cs3Label=Process ID ahost=Partigard056 agt=10.99.92.114 agentZoneURI=/All Zones/ArcSight System/Private Address Space Zones/RFC1918: 10.0.0.0-10.255.255.255 amac=00-50-56-96-35-51 av=7.11.0.8139.0 atz=America/New_York at=winc dvchost=Partigard005 dvc=10.99.92.125 deviceZoneURI=/All Zones/ArcSight System/Private Address Space Zones/RFC1918: 10.0.0.0-10.255.255.255 deviceNtDomain=ED dtz=America/New_York geid=0 _cefVer=0.1 aid=3cfX6Em4BABDFqHK7NKr9Dw\=\=
10.99.92.114 CEF:0|Microsoft|Microsoft Windows||Microsoft-Windows-Security-Auditing:4663|An attempt was made to access an object.|Low| eventId=55257456 externalId=4663 type=1 start=1574600093646 customerURI=/All Customers/Partigard/Partigard-NGDC categorySignificance=/Informational categoryBehavior=/Access categoryDeviceGroup=/Operating System catdt=Operating System categoryOutcome=/Success categoryObject=/Host/Resource art=1574600107465 cat=Security deviceSeverity=Audit_success rt=1574600097688 dhost=Partigard005 dst=10.99.92.125 destinationZoneURI=/All Zones/ArcSight System/Private Address Space Zones/RFC1918: 10.0.0.0-10.255.255.255 dntdom=ED duser=svc_fsa_ngdc_oemsql duid=0x21dc4 dproc=D:\\oracle\\agent_13.2.0.0.0\\oracle_common\\jdk\\bin\\java.exe fname=D:\\oracle\\agent_13.2.0.0.0\\oracle_common\\jdk\\jre\\lib\\security\\java.security fileId=0x2bc fileType=File oldFileHash=UTF-8| cnt=3 cs1=ReadData (or ListDirectory) cs2=Removable Storage cs1Label=Accesses cs2Label=EventlogCategory cs3Label=Process ID ahost=Partigard056 agt=10.99.92.114 agentZoneURI=/All Zones/ArcSight System/Private Address Space Zones/RFC1918: 10.0.0.0-10.255.255.255 amac=00-50-56-96-35-51 av=7.11.0.8139.0 atz=America/New_York at=winc dvchost=Partigard005 dvc=10.99.92.125 deviceZoneURI=/All Zones/ArcSight System/Private Address Space Zones/RFC1918: 10.0.0.0-10.255.255.255 deviceNtDomain=ED dtz=America/New_York geid=0 _cefVer=0.1 aid=3cfX6Em4BABDFqHK7NKr9Dw\=\=
10.99.92.114 CEF:0|Microsoft|Microsoft Windows||Microsoft-Windows-Security-Auditing:5156|The Windows Filtering Platform has allowed a connection.|Low| eventId=55258449 externalId=5156 proto=UDP customerURI=/All Customers/Partigard/Partigard-NGDC categorySignificance=/Informational categoryBehavior=/Communicate/Query categoryDeviceGroup=/Operating System catdt=Operating System categoryOutcome=/Success categoryObject=/Host/Application/Service art=1574600095225 cat=Security deviceSeverity=Audit_success rt=1574600090442 deviceDirection=0 shost=Partigard019 src=10.164.0.48 sourceZoneURI=/All Zones/ArcSight System/Private Address Space Zones/RFC1918: 10.0.0.0-10.255.255.255 spt=138 dhost=Partigard045 dst=10.164.255.255 destinationZoneURI=/All Zones/ArcSight System/Private Address Space Zones/RFC1918: 10.0.0.0-10.255.255.255 dpt=138 oldFileHash=UTF-8| cs2=Filtering Platform Connection cs2Label=EventlogCategory ahost=Partigard056 agt=10.99.92.114 agentZoneURI=/All Zones/ArcSight System/Private Address Space Zones/RFC1918: 10.0.0.0-10.255.255.255 amac=00-50-56-96-35-51 av=7.11.0.8139.0 atz=America/New_York at=winc dvchost=Partigard045 dvc=10.99.92.139 deviceZoneURI=/All Zones/ArcSight System/Private Address Space Zones/RFC1918: 10.0.0.0-10.255.255.255 dtz=America/New_York geid=0 _cefVer=0.1 ad.EventRecordID=686567814 ad.Version=1 ad.ThreadID=6916 ad.Opcode=Info ad.ProcessID=4 ad.LayerName=Receive/Accept ad.LayerRTID=44 ad.FilterRTID=80723 ad.RemoteMachineID=NULL SID ad.ProcessID=4 ad.RemoteUserID=NULL SID ad.Application=System aid=3cfX6Em4BABDFqHK7NKr9Dw\=\=
10.99.92.114 CEF:0|Microsoft|Microsoft Windows||Microsoft-Windows-Security-Auditing:4688|A new process has been created.|Low| eventId=55259351 externalId=4688 msg=Token Elevation Type indicates the type of token that was assigned to the new process in accordance with User Account Control policy.Type 1 is a full token with no privileges removed or groups disabled. Type 2 is an elevated token with no privileges removed or groups disabled.Type 3 is a limited token with administrative privileges removed and administrative groups disabled. customerURI=/All Customers/Partigard/Partigard-NGDC categorySignificance=/Informational categoryBehavior=/Execute/Start categoryDeviceGroup=/Operating System catdt=Operating System categoryOutcome=/Success categoryObject=/Host/Resource/Process art=1574600095928 cat=Security deviceSeverity=Audit_success rt=1574600090395 dhost=Partigard052 dst=10.99.92.146 destinationZoneURI=/All Zones/ArcSight System/Private Address Space Zones/RFC1918: 10.0.0.0-10.255.255.255 dntdom=ED duser=USMAGWOFNG052$ duid=0x3e7 dproc=C:\\Program Files (x86)\\Tanium\\Tanium Client\\Tools\\Detect3\\TaniumDetectEngine.exe filePath=C:\\Program Files (x86)\\Tanium\\Tanium Client\\TaniumClient.exe oldFileHash=UTF-8| cs1=S-1-16-16384 cs2=Process Creation cs3=0x2140 cs5=0xa0c cs6=TokenElevationTypeDefault (1) cs1Label=Mandatory Label cs2Label=EventlogCategory cs3Label=New Process ID cs4Label=Process Command Line cs5Label=Creator Process ID cs6Label=Token Elevation Type ahost=Partigard056 agt=10.99.92.114 agentZoneURI=/All Zones/ArcSight System/Private Address Space Zones/RFC1918: 10.0.0.0-10.255.255.255 amac=00-50-56-96-35-51 av=7.11.0.8139.0 atz=America/New_York at=winc dvchost=Partigard052 dvc=10.99.92.146 deviceZoneURI=/All Zones/ArcSight System/Private Address Space Zones/RFC1918: 10.0.0.0-10.255.255.255 deviceNtDomain=ED dtz=America/New_York geid=0 _cefVer=0.1 ad.EventRecordID=684686229 ad.Version=2 ad.ThreadID=3988 ad.Opcode=Info ad.ProcessID=4 ad.TargetDomainName=- aid=3cfX6Em4BABDFqHK7NKr9Dw\=\=
10.99.92.114 CEF:0|Microsoft|Microsoft Windows||Microsoft-Windows-Security-Auditing:4688|A new process has been created.|Low| eventId=55258529 externalId=4688 msg=Token Elevation Type indicates the type of token that was assigned to the new process in accordance with User Account Control policy.Type 1 is a full token with no privileges removed or groups disabled. Type 2 is an elevated token with no privileges removed or groups disabled.Type 3 is a limited token with administrative privileges removed and administrative groups disabled. customerURI=/All Customers/Partigard/Partigard-NGDC categorySignificance=/Informational categoryBehavior=/Execute/Start categoryDeviceGroup=/Operating System catdt=Operating System categoryOutcome=/Success categoryObject=/Host/Resource/Process art=1574600095240 cat=Security deviceSeverity=Audit_success rt=1574600093652 dhost=Partigard045 dst=10.99.92.139 destinationZoneURI=/All Zones/ArcSight System/Private Address Space Zones/RFC1918: 10.0.0.0-10.255.255.255 dntdom=ED duser=USMAGWOFNG045$ duid=0x3e7 dproc=C:\\Program Files (x86)\\Tanium\\Tanium Client\\Tools\\Detect3\\TaniumDetectEngine.exe filePath=C:\\Program Files (x86)\\Tanium\\Tanium Client\\TaniumClient.exe oldFileHash=UTF-8| cs1=S-1-16-16384 cs2=Process Creation cs3=0x2148 cs5=0x1c18 cs6=TokenElevationTypeDefault (1) cs1Label=Mandatory Label cs2Label=EventlogCategory cs3Label=New Process ID cs4Label=Process Command Line cs5Label=Creator Process ID cs6Label=Token Elevation Type ahost=Partigard056 agt=10.99.92.114 agentZoneURI=/All Zones/ArcSight System/Private Address Space Zones/RFC1918: 10.0.0.0-10.255.255.255 amac=00-50-56-96-35-51 av=7.11.0.8139.0 atz=America/New_York at=winc dvchost=Partigard045 dvc=10.99.92.139 deviceZoneURI=/All Zones/ArcSight System/Private Address Space Zones/RFC1918: 10.0.0.0-10.255.255.255 deviceNtDomain=ED dtz=America/New_York geid=0 _cefVer=0.1 ad.EventRecordID=686567893 ad.Version=2 ad.ThreadID=3704 ad.Opcode=Info ad.ProcessID=4 ad.TargetDomainName=- aid=3cfX6Em4BABDFqHK7NKr9Dw\=\=
10.99.92.114 CEF:0|Microsoft|Microsoft Windows||Microsoft-Windows-Security-Auditing:5156|The Windows Filtering Platform has allowed a connection.|Low| eventId=55257069 externalId=5156 proto=UDP customerURI=/All Customers/Partigard/Partigard-NGDC categorySignificance=/Informational categoryBehavior=/Communicate/Query categoryDeviceGroup=/Operating System catdt=Operating System categoryOutcome=/Success categoryObject=/Host/Application/Service art=1574600094037 cat=Security deviceSeverity=Audit_success rt=1574600090450 deviceDirection=0 shost=Partigard019 src=10.164.0.48 sourceZoneURI=/All Zones/ArcSight System/Private Address Space Zones/RFC1918: 10.0.0.0-10.255.255.255 spt=138 dhost=Partigard004 dst=10.164.255.255 destinationZoneURI=/All Zones/ArcSight System/Private Address Space Zones/RFC1918: 10.0.0.0-10.255.255.255 dpt=138 oldFileHash=UTF-8| cs2=Filtering Platform Connection cs2Label=EventlogCategory ahost=Partigard056 agt=10.99.92.114 agentZoneURI=/All Zones/ArcSight System/Private Address Space Zones/RFC1918: 10.0.0.0-10.255.255.255 amac=00-50-56-96-35-51 av=7.11.0.8139.0 atz=America/New_York at=winc dvchost=Partigard004 dvc=10.99.92.122 deviceZoneURI=/All Zones/ArcSight System/Private Address Space Zones/RFC1918: 10.0.0.0-10.255.255.255 dtz=America/New_York geid=0 _cefVer=0.1 ad.EventRecordID=697812447 ad.Version=1 ad.ThreadID=736 ad.Opcode=Info ad.ProcessID=4 ad.LayerName=Receive/Accept ad.LayerRTID=44 ad.FilterRTID=83059 ad.RemoteMachineID=NULL SID ad.ProcessID=4 ad.RemoteUserID=NULL SID ad.Application=System aid=3cfX6Em4BABDFqHK7NKr9Dw\=\=
10.99.92.114 CEF:0|Microsoft|Microsoft Windows||Microsoft-Windows-Security-Auditing:4624|An account was successfully logged on.|Low| eventId=55258343 externalId=4624 msg=Network: A user or computer logged on to this computer from the network. customerURI=/All Customers/Partigard/Partigard-NGDC categorySignificance=/Informational categoryBehavior=/Authentication/Verify categoryDeviceGroup=/Operating System catdt=Operating System categoryOutcome=/Success categoryObject=/Host/Operating System art=1574600095068 cat=Security deviceSeverity=Audit_success rt=1574600075470 shost=Partigard050 src=10.164.1.237 sourceZoneURI=/All Zones/ArcSight System/Private Address Space Zones/RFC1918: 10.0.0.0-10.255.255.255 spt=55881 dhost=Partigard101 dst=10.99.92.85 destinationZoneURI=/All Zones/ArcSight System/Private Address Space Zones/RFC1918: 10.0.0.0-10.255.255.255 dntdom=ED duser=EpMetalogix duid=0x5503d93 dproc=- oldFileHash=UTF-8| cs1=Delegation cs2=Logon cs3=0x0 cs5=Kerberos cs6={52F46583-EC0B-CC72-2218-69B70175608F} cn1=3 cs1Label=Impersonation Level cs2Label=EventlogCategory cs3Label=Process ID cs4Label=Restricted Admin Mode cs5Label=Authentication Package Name cs6Label=Logon GUID cn1Label=Logon Type ahost=Partigard056 agt=10.99.92.114 agentZoneURI=/All Zones/ArcSight System/Private Address Space Zones/RFC1918: 10.0.0.0-10.255.255.255 amac=00-50-56-96-35-51 av=7.11.0.8139.0 atz=America/New_York at=winc dvchost=Partigard101 dvc=10.99.92.85 deviceZoneURI=/All Zones/ArcSight System/Private Address Space Zones/RFC1918: 10.0.0.0-10.255.255.255 deviceNtDomain=- dtz=America/New_York deviceProcessName=Kerberos geid=0 _cefVer=0.1 ad.EventRecordID=1248947961 ad.Version=1 ad.ThreadID=18556 ad.Opcode=Info ad.ProcessID=744 ad.SubjectUserName=- ad.WorkstationName=- ad.SubjectLogonId=0x0 ad.TransmittedServices=- ad.LmPackageName=- ad.KeyLength=0 ad.SubjectUserSid=NULL SID ad.TargetUserSid=ED\\\\EpMetalogix aid=3cfX6Em4BABDFqHK7NKr9Dw\=\=
