10.99.92.114 CEF:0|Microsoft|Microsoft Windows||Microsoft-Windows-Security-Auditing:5156|The Windows Filtering Platform has allowed a connection.|Low| eventId=55256445 externalId=5156 type=1 start=1574600087903 proto=UDP customerURI=/All Customers/Partigard/Partigard-NGDC categorySignificance=/Informational categoryBehavior=/Communicate/Query categoryDeviceGroup=/Operating System catdt=Operating System categoryOutcome=/Success categoryObject=/Host/Application/Service art=1574600107465 cat=Security deviceSeverity=Audit_success rt=1574600092485 deviceDirection=0 shost=Partigard012 src=10.164.1.206 sourceZoneURI=/All Zones/ArcSight System/Private Address Space Zones/RFC1918: 10.0.0.0-10.255.255.255 spt=137 dhost=Partigard111 dst=10.164.255.255 destinationZoneURI=/All Zones/ArcSight System/Private Address Space Zones/RFC1918: 10.0.0.0-10.255.255.255 dpt=137 oldFileHash=UTF-8| cnt=8 cs2=Filtering Platform Connection cs2Label=EventlogCategory ahost=Partigard056 agt=10.99.92.114 agentZoneURI=/All Zones/ArcSight System/Private Address Space Zones/RFC1918: 10.0.0.0-10.255.255.255 amac=00-50-56-96-35-51 av=7.11.0.8139.0 atz=America/New_York at=winc dvchost=Partigard111 dvc=10.99.92.127 deviceZoneURI=/All Zones/ArcSight System/Private Address Space Zones/RFC1918: 10.0.0.0-10.255.255.255 dtz=America/New_York geid=0 _cefVer=0.1 aid=3cfX6Em4BABDFqHK7NKr9Dw\=\=
10.99.92.114 CEF:0|Microsoft|Microsoft Windows||Microsoft-Windows-Security-Auditing:5156|The Windows Filtering Platform has allowed a connection.|Low| eventId=55256425 externalId=5156 type=1 start=1574600088067 proto=UDP customerURI=/All Customers/Partigard/Partigard-NGDC categorySignificance=/Informational categoryBehavior=/Communicate/Query categoryDeviceGroup=/Operating System catdt=Operating System categoryOutcome=/Success categoryObject=/Host/Application/Service art=1574600107465 cat=Security deviceSeverity=Audit_success rt=1574600097864 deviceDirection=0 shost=Partigard055 src=10.164.3.47 sourceZoneURI=/All Zones/ArcSight System/Private Address Space Zones/RFC1918: 10.0.0.0-10.255.255.255 spt=137 dhost=Partigard111 dst=10.164.255.255 destinationZoneURI=/All Zones/ArcSight System/Private Address Space Zones/RFC1918: 10.0.0.0-10.255.255.255 dpt=137 oldFileHash=UTF-8| cnt=5 cs2=Filtering Platform Connection cs2Label=EventlogCategory ahost=Partigard056 agt=10.99.92.114 agentZoneURI=/All Zones/ArcSight System/Private Address Space Zones/RFC1918: 10.0.0.0-10.255.255.255 amac=00-50-56-96-35-51 av=7.11.0.8139.0 atz=America/New_York at=winc dvchost=Partigard111 dvc=10.99.92.127 deviceZoneURI=/All Zones/ArcSight System/Private Address Space Zones/RFC1918: 10.0.0.0-10.255.255.255 dtz=America/New_York geid=0 _cefVer=0.1 aid=3cfX6Em4BABDFqHK7NKr9Dw\=\=
10.99.92.114 CEF:0|Microsoft|Microsoft Windows||Microsoft-Windows-Security-Auditing:4658|The handle to an object was closed.|Low| eventId=55256562 externalId=4658 type=1 start=1574600090076 customerURI=/All Customers/Partigard/Partigard-NGDC categorySignificance=/Informational categoryBehavior=/Access/Stop categoryDeviceGroup=/Operating System catdt=Operating System categoryOutcome=/Success categoryObject=/Host/Resource art=1574600107465 cat=Security deviceSeverity=Audit_success rt=1574600106321 dhost=Partigard059 dst=10.99.92.153 destinationZoneURI=/All Zones/ArcSight System/Private Address Space Zones/RFC1918: 10.0.0.0-10.255.255.255 dntdom=ED duser=USMAGWOFNG059$ duid=0x3e7 oldFileHash=UTF-8| cnt=26 cs2Label=EventlogCategory cs3Label=Process ID ahost=Partigard056 agt=10.99.92.114 agentZoneURI=/All Zones/ArcSight System/Private Address Space Zones/RFC1918: 10.0.0.0-10.255.255.255 amac=00-50-56-96-35-51 av=7.11.0.8139.0 atz=America/New_York at=winc dvchost=Partigard059 dvc=10.99.92.153 deviceZoneURI=/All Zones/ArcSight System/Private Address Space Zones/RFC1918: 10.0.0.0-10.255.255.255 deviceNtDomain=ED dtz=America/New_York geid=0 _cefVer=0.1 aid=3cfX6Em4BABDFqHK7NKr9Dw\=\=
10.99.92.114 CEF:0|Microsoft|Microsoft Windows||Microsoft-Windows-Security-Auditing:4658|The handle to an object was closed.|Low| eventId=55258024 externalId=4658 type=1 start=1574600092428 customerURI=/All Customers/Partigard/Partigard-NGDC categorySignificance=/Informational categoryBehavior=/Access/Stop categoryDeviceGroup=/Operating System catdt=Operating System categoryOutcome=/Success categoryObject=/Host/Resource art=1574600107465 cat=Security deviceSeverity=Audit_success rt=1574600101790 dhost=Partigard057 dst=10.99.92.151 destinationZoneURI=/All Zones/ArcSight System/Private Address Space Zones/RFC1918: 10.0.0.0-10.255.255.255 dntdom=ED duser=USMAGWOFNG057$ duid=0x3e7 oldFileHash=UTF-8| cnt=19 cs2Label=EventlogCategory cs3Label=Process ID ahost=Partigard056 agt=10.99.92.114 agentZoneURI=/All Zones/ArcSight System/Private Address Space Zones/RFC1918: 10.0.0.0-10.255.255.255 amac=00-50-56-96-35-51 av=7.11.0.8139.0 atz=America/New_York at=winc dvchost=Partigard057 dvc=10.99.92.151 deviceZoneURI=/All Zones/ArcSight System/Private Address Space Zones/RFC1918: 10.0.0.0-10.255.255.255 deviceNtDomain=ED dtz=America/New_York geid=0 _cefVer=0.1 aid=3cfX6Em4BABDFqHK7NKr9Dw\=\=
10.99.92.114 CEF:0|Microsoft|Microsoft Windows||Microsoft-Windows-Security-Auditing:5156|The Windows Filtering Platform has allowed a connection.|Low| eventId=55260720 externalId=5156 type=1 start=1574600095377 proto=UDP customerURI=/All Customers/Partigard/Partigard-NGDC categorySignificance=/Informational categoryBehavior=/Communicate/Query categoryDeviceGroup=/Operating System catdt=Operating System categoryOutcome=/Success categoryObject=/Host/Application/Service art=1574600097131 cat=Security deviceSeverity=Audit_success rt=1574600096159 deviceDirection=0 shost=Partigard095 src=10.164.2.185 sourceZoneURI=/All Zones/ArcSight System/Private Address Space Zones/RFC1918: 10.0.0.0-10.255.255.255 spt=137 dhost=Partigard031 dst=10.164.255.255 destinationZoneURI=/All Zones/ArcSight System/Private Address Space Zones/RFC1918: 10.0.0.0-10.255.255.255 dpt=137 oldFileHash=UTF-8| cnt=2 cs2=Filtering Platform Connection cs2Label=EventlogCategory ahost=Partigard056 agt=10.99.92.114 agentZoneURI=/All Zones/ArcSight System/Private Address Space Zones/RFC1918: 10.0.0.0-10.255.255.255 amac=00-50-56-96-35-51 av=7.11.0.8139.0 atz=America/New_York at=winc dvchost=Partigard031 dvc=10.99.92.133 deviceZoneURI=/All Zones/ArcSight System/Private Address Space Zones/RFC1918: 10.0.0.0-10.255.255.255 dtz=America/New_York geid=0 _cefVer=0.1 aid=3cfX6Em4BABDFqHK7NKr9Dw\=\=
10.99.92.114 CEF:0|Microsoft|Microsoft Windows||Microsoft-Windows-Security-Auditing:5156|The Windows Filtering Platform has allowed a connection.|Low| eventId=55256067 externalId=5156 type=1 start=1574600088079 proto=UDP customerURI=/All Customers/Partigard/Partigard-NGDC categorySignificance=/Informational categoryBehavior=/Communicate/Query categoryDeviceGroup=/Operating System catdt=Operating System categoryOutcome=/Success categoryObject=/Host/Application/Service art=1574600107465 cat=Security deviceSeverity=Audit_success rt=1574600097876 deviceDirection=0 shost=Partigard055 src=10.164.3.47 sourceZoneURI=/All Zones/ArcSight System/Private Address Space Zones/RFC1918: 10.0.0.0-10.255.255.255 spt=137 dhost=Partigard031 dst=10.164.255.255 destinationZoneURI=/All Zones/ArcSight System/Private Address Space Zones/RFC1918: 10.0.0.0-10.255.255.255 dpt=137 oldFileHash=UTF-8| cnt=5 cs2=Filtering Platform Connection cs2Label=EventlogCategory ahost=Partigard056 agt=10.99.92.114 agentZoneURI=/All Zones/ArcSight System/Private Address Space Zones/RFC1918: 10.0.0.0-10.255.255.255 amac=00-50-56-96-35-51 av=7.11.0.8139.0 atz=America/New_York at=winc dvchost=Partigard031 dvc=10.99.92.133 deviceZoneURI=/All Zones/ArcSight System/Private Address Space Zones/RFC1918: 10.0.0.0-10.255.255.255 dtz=America/New_York geid=0 _cefVer=0.1 aid=3cfX6Em4BABDFqHK7NKr9Dw\=\=
10.99.92.114 CEF:0|Microsoft|Microsoft Windows||Microsoft-Windows-Security-Auditing:5156|The Windows Filtering Platform has allowed a connection.|Low| eventId=55256042 externalId=5156 type=1 start=1574600088408 proto=UDP customerURI=/All Customers/Partigard/Partigard-NGDC categorySignificance=/Informational categoryBehavior=/Communicate/Query categoryDeviceGroup=/Operating System catdt=Operating System categoryOutcome=/Success categoryObject=/Host/Application/Service art=1574600107465 cat=Security deviceSeverity=Audit_success rt=1574600103470 deviceDirection=0 shost=Partigard051 src=10.164.3.43 sourceZoneURI=/All Zones/ArcSight System/Private Address Space Zones/RFC1918: 10.0.0.0-10.255.255.255 spt=137 dhost=Partigard031 dst=10.164.255.255 destinationZoneURI=/All Zones/ArcSight System/Private Address Space Zones/RFC1918: 10.0.0.0-10.255.255.255 dpt=137 oldFileHash=UTF-8| cnt=4 cs2=Filtering Platform Connection cs2Label=EventlogCategory ahost=Partigard056 agt=10.99.92.114 agentZoneURI=/All Zones/ArcSight System/Private Address Space Zones/RFC1918: 10.0.0.0-10.255.255.255 amac=00-50-56-96-35-51 av=7.11.0.8139.0 atz=America/New_York at=winc dvchost=Partigard031 dvc=10.99.92.133 deviceZoneURI=/All Zones/ArcSight System/Private Address Space Zones/RFC1918: 10.0.0.0-10.255.255.255 dtz=America/New_York geid=0 _cefVer=0.1 aid=3cfX6Em4BABDFqHK7NKr9Dw\=\=
10.99.92.114 CEF:0|Microsoft|Microsoft Windows||Microsoft-Windows-Security-Auditing:5156|The Windows Filtering Platform has allowed a connection.|Low| eventId=55256095 externalId=5156 type=1 start=1574600087916 proto=UDP customerURI=/All Customers/Partigard/Partigard-NGDC categorySignificance=/Informational categoryBehavior=/Communicate/Query categoryDeviceGroup=/Operating System catdt=Operating System categoryOutcome=/Success categoryObject=/Host/Application/Service art=1574600107465 cat=Security deviceSeverity=Audit_success rt=1574600099092 deviceDirection=0 shost=Partigard012 src=10.164.1.206 sourceZoneURI=/All Zones/ArcSight System/Private Address Space Zones/RFC1918: 10.0.0.0-10.255.255.255 spt=137 dhost=Partigard031 dst=10.164.255.255 destinationZoneURI=/All Zones/ArcSight System/Private Address Space Zones/RFC1918: 10.0.0.0-10.255.255.255 dpt=137 oldFileHash=UTF-8| cnt=19 cs2=Filtering Platform Connection cs2Label=EventlogCategory ahost=Partigard056 agt=10.99.92.114 agentZoneURI=/All Zones/ArcSight System/Private Address Space Zones/RFC1918: 10.0.0.0-10.255.255.255 amac=00-50-56-96-35-51 av=7.11.0.8139.0 atz=America/New_York at=winc dvchost=Partigard031 dvc=10.99.92.133 deviceZoneURI=/All Zones/ArcSight System/Private Address Space Zones/RFC1918: 10.0.0.0-10.255.255.255 dtz=America/New_York geid=0 _cefVer=0.1 aid=3cfX6Em4BABDFqHK7NKr9Dw\=\=
10.99.92.114 CEF:0|Microsoft|Microsoft Windows||Microsoft-Windows-Security-Auditing:4658|The handle to an object was closed.|Low| eventId=55255569 externalId=4658 type=1 start=1574600087965 customerURI=/All Customers/Partigard/Partigard-NGDC categorySignificance=/Informational categoryBehavior=/Access/Stop categoryDeviceGroup=/Operating System catdt=Operating System categoryOutcome=/Success categoryObject=/Host/Resource art=1574600107465 cat=Security deviceSeverity=Audit_success rt=1574600105241 dhost=Partigard053 dst=10.99.92.147 destinationZoneURI=/All Zones/ArcSight System/Private Address Space Zones/RFC1918: 10.0.0.0-10.255.255.255 dntdom=ED duser=USMAGWOFNG053$ duid=0x3e7 oldFileHash=UTF-8| cnt=17 cs2Label=EventlogCategory cs3Label=Process ID ahost=Partigard056 agt=10.99.92.114 agentZoneURI=/All Zones/ArcSight System/Private Address Space Zones/RFC1918: 10.0.0.0-10.255.255.255 amac=00-50-56-96-35-51 av=7.11.0.8139.0 atz=America/New_York at=winc dvchost=Partigard053 dvc=10.99.92.147 deviceZoneURI=/All Zones/ArcSight System/Private Address Space Zones/RFC1918: 10.0.0.0-10.255.255.255 deviceNtDomain=ED dtz=America/New_York geid=0 _cefVer=0.1 aid=3cfX6Em4BABDFqHK7NKr9Dw\=\=
10.99.92.114 CEF:0|Microsoft|Microsoft Windows||Microsoft-Windows-Security-Auditing:4658|The handle to an object was closed.|Low| eventId=55255540 externalId=4658 type=1 start=1574600087374 customerURI=/All Customers/Partigard/Partigard-NGDC categorySignificance=/Informational categoryBehavior=/Access/Stop categoryDeviceGroup=/Operating System catdt=Operating System categoryOutcome=/Success categoryObject=/Host/Resource art=1574600107465 cat=Security deviceSeverity=Audit_success rt=1574600105199 dhost=Partigard050 dst=10.99.92.144 destinationZoneURI=/All Zones/ArcSight System/Private Address Space Zones/RFC1918: 10.0.0.0-10.255.255.255 dntdom=ED duser=USMAGWOFNG050$ duid=0x3e7 oldFileHash=UTF-8| cnt=17 cs2Label=EventlogCategory cs3Label=Process ID ahost=Partigard056 agt=10.99.92.114 agentZoneURI=/All Zones/ArcSight System/Private Address Space Zones/RFC1918: 10.0.0.0-10.255.255.255 amac=00-50-56-96-35-51 av=7.11.0.8139.0 atz=America/New_York at=winc dvchost=Partigard050 dvc=10.99.92.144 deviceZoneURI=/All Zones/ArcSight System/Private Address Space Zones/RFC1918: 10.0.0.0-10.255.255.255 deviceNtDomain=ED dtz=America/New_York geid=0 _cefVer=0.1 aid=3cfX6Em4BABDFqHK7NKr9Dw\=\=
10.99.92.114 CEF:0|Microsoft|Microsoft Windows||Microsoft-Windows-Security-Auditing:5156|The Windows Filtering Platform has allowed a connection.|Low| eventId=55258536 externalId=5156 type=1 start=1574600091189 proto=UDP customerURI=/All Customers/Partigard/Partigard-NGDC categorySignificance=/Informational categoryBehavior=/Communicate/Query categoryDeviceGroup=/Operating System catdt=Operating System categoryOutcome=/Success categoryObject=/Host/Application/Service art=1574600107465 cat=Security deviceSeverity=Audit_success rt=1574600106187 deviceDirection=0 shost=Partigard033 src=10.164.0.168 sourceZoneURI=/All Zones/ArcSight System/Private Address Space Zones/RFC1918: 10.0.0.0-10.255.255.255 dhost=Partigard048 dst=224.0.0.252 destinationZoneURI=/All Zones/ArcSight System/Private Address Space Zones/Local Network Zones/RFC3171: Local Network Control Block (224.0.0.0-224.0.0.255) dpt=5355 oldFileHash=UTF-8| cnt=18 cs2=Filtering Platform Connection cs2Label=EventlogCategory ahost=Partigard056 agt=10.99.92.114 agentZoneURI=/All Zones/ArcSight System/Private Address Space Zones/RFC1918: 10.0.0.0-10.255.255.255 amac=00-50-56-96-35-51 av=7.11.0.8139.0 atz=America/New_York at=winc dvchost=Partigard048 dvc=10.99.92.142 deviceZoneURI=/All Zones/ArcSight System/Private Address Space Zones/RFC1918: 10.0.0.0-10.255.255.255 dtz=America/New_York geid=0 _cefVer=0.1 aid=3cfX6Em4BABDFqHK7NKr9Dw\=\=
10.99.92.114 CEF:0|Microsoft|Microsoft Windows||Microsoft-Windows-Security-Auditing:4663|An attempt was made to access an object.|Low| eventId=55260014 externalId=4663 customerURI=/All Customers/Partigard/Partigard-NGDC categorySignificance=/Informational categoryBehavior=/Access categoryDeviceGroup=/Operating System catdt=Operating System categoryOutcome=/Success categoryObject=/Host/Resource art=1574600096803 cat=Security deviceSeverity=Audit_success rt=1574600093450 dhost=Partigard059 dst=10.99.92.153 destinationZoneURI=/All Zones/ArcSight System/Private Address Space Zones/RFC1918: 10.0.0.0-10.255.255.255 dntdom=ED duser=USMAGWOFNG059$ duid=0x3e7 dproc=C:\\Program Files\\Veritas\\NetBackup\\bin\\bpinetd.exe fname=D:\\$Extend\\$Reparse:$R:$INDEX_ALLOCATION fileId=0x3cc fileType=File oldFileHash=UTF-8| cs1=ReadData (or ListDirectory) cs2=Removable Storage cs3=0x119c cs1Label=Accesses cs2Label=EventlogCategory cs3Label=Process ID ahost=Partigard056 agt=10.99.92.114 agentZoneURI=/All Zones/ArcSight System/Private Address Space Zones/RFC1918: 10.0.0.0-10.255.255.255 amac=00-50-56-96-35-51 av=7.11.0.8139.0 atz=America/New_York at=winc dvchost=Partigard059 dvc=10.99.92.153 deviceZoneURI=/All Zones/ArcSight System/Private Address Space Zones/RFC1918: 10.0.0.0-10.255.255.255 deviceNtDomain=ED dtz=America/New_York geid=0 _cefVer=0.1 ad.EventRecordID=609975285 ad.Version=1 ad.ThreadID=3112 ad.Opcode=Info ad.ProcessID=4 ad.ObjectServer=Security ad.AccessMask=0x1 ad.ResourceAttributes= aid=3cfX6Em4BABDFqHK7NKr9Dw\=\=
10.99.92.114 CEF:0|Microsoft|Microsoft Windows||Microsoft-Windows-Security-Auditing:4663|An attempt was made to access an object.|Low| eventId=55258736 externalId=4663 type=1 start=1574600094007 customerURI=/All Customers/Partigard/Partigard-NGDC categorySignificance=/Informational categoryBehavior=/Access categoryDeviceGroup=/Operating System catdt=Operating System categoryOutcome=/Success categoryObject=/Host/Resource art=1574600107465 cat=Security deviceSeverity=Audit_success rt=1574600098008 dhost=Partigard005 dst=10.99.92.125 destinationZoneURI=/All Zones/ArcSight System/Private Address Space Zones/RFC1918: 10.0.0.0-10.255.255.255 dntdom=ED duser=svc_fsa_ngdc_oemsql duid=0x21dc4 dproc=D:\\oracle\\agent_13.2.0.0.0\\oracle_common\\jdk\\bin\\java.exe fname=D:\\oracle\\agent_13.2.0.0.0\\oracle_common\\jdk\\jre\\lib\\security\\US_export_policy.jar fileType=File oldFileHash=UTF-8| cnt=3 cs1=ReadData (or ListDirectory) cs2=Removable Storage cs1Label=Accesses cs2Label=EventlogCategory cs3Label=Process ID ahost=Partigard056 agt=10.99.92.114 agentZoneURI=/All Zones/ArcSight System/Private Address Space Zones/RFC1918: 10.0.0.0-10.255.255.255 amac=00-50-56-96-35-51 av=7.11.0.8139.0 atz=America/New_York at=winc dvchost=Partigard005 dvc=10.99.92.125 deviceZoneURI=/All Zones/ArcSight System/Private Address Space Zones/RFC1918: 10.0.0.0-10.255.255.255 deviceNtDomain=ED dtz=America/New_York geid=0 _cefVer=0.1 aid=3cfX6Em4BABDFqHK7NKr9Dw\=\=
10.99.92.114 CEF:0|Microsoft|Microsoft Windows||Microsoft-Windows-Security-Auditing:4663|An attempt was made to access an object.|Low| eventId=55257455 externalId=4663 type=1 start=1574600093617 customerURI=/All Customers/Partigard/Partigard-NGDC categorySignificance=/Informational categoryBehavior=/Access categoryDeviceGroup=/Operating System catdt=Operating System categoryOutcome=/Success categoryObject=/Host/Resource art=1574600107465 cat=Security deviceSeverity=Audit_success rt=1574600097660 dhost=Partigard005 dst=10.99.92.125 destinationZoneURI=/All Zones/ArcSight System/Private Address Space Zones/RFC1918: 10.0.0.0-10.255.255.255 dntdom=ED duser=svc_fsa_ngdc_oemsql duid=0x21dc4 dproc=D:\\oracle\\agent_13.2.0.0.0\\oracle_common\\jdk\\bin\\java.exe fname=D:\\oracle\\agent_13.2.0.0.0\\plugins\\oracle.em.smss.agent.plugin_13.2.1.0.0\\scripts\\emx\\microsoft_sqlserver_database\\sqljdbc4.jar fileType=File oldFileHash=UTF-8| cnt=3 cs1=ReadData (or ListDirectory) cs2=Removable Storage cs1Label=Accesses cs2Label=EventlogCategory cs3Label=Process ID ahost=Partigard056 agt=10.99.92.114 agentZoneURI=/All Zones/ArcSight System/Private Address Space Zones/RFC1918: 10.0.0.0-10.255.255.255 amac=00-50-56-96-35-51 av=7.11.0.8139.0 atz=America/New_York at=winc dvchost=Partigard005 dvc=10.99.92.125 deviceZoneURI=/All Zones/ArcSight System/Private Address Space Zones/RFC1918: 10.0.0.0-10.255.255.255 deviceNtDomain=ED dtz=America/New_York geid=0 _cefVer=0.1 aid=3cfX6Em4BABDFqHK7NKr9Dw\=\=
10.99.92.114 CEF:0|Microsoft|Microsoft Windows||Microsoft-Windows-Security-Auditing:4656|A handle to an object was requested.|Low| eventId=55256740 externalId=4656 customerURI=/All Customers/Partigard/Partigard-NGDC categorySignificance=/Informational categoryBehavior=/Authorization/Verify categoryDeviceGroup=/Operating System catdt=Operating System categoryOutcome=/Success categoryObject=/Host/Resource art=1574600093725 cat=Security deviceSeverity=Audit_success rt=1574600092862 dhost=Partigard059 dst=10.99.92.153 destinationZoneURI=/All Zones/ArcSight System/Private Address Space Zones/RFC1918: 10.0.0.0-10.255.255.255 dntdom=ED duser=USMAGWOFNG059$ duid=0x3e7 dproc=C:\\Program Files\\VMware\\VMware Tools\\vmtoolsd.exe dpriv=- fname=\\Device\\Floppy0 fileId=0x5ac fileType=File oldFileHash=UTF-8| cs1=READ_CONTROL|SYNCHRONIZE|ReadData (or ListDirectory)|ReadEA|ReadAttributes cs2=Removable Storage cs3=0x9ec cs1Label=Accesses cs2Label=EventlogCategory cs3Label=Process ID ahost=Partigard056 agt=10.99.92.114 agentZoneURI=/All Zones/ArcSight System/Private Address Space Zones/RFC1918: 10.0.0.0-10.255.255.255 amac=00-50-56-96-35-51 av=7.11.0.8139.0 atz=America/New_York at=winc dvchost=Partigard059 dvc=10.99.92.153 deviceZoneURI=/All Zones/ArcSight System/Private Address Space Zones/RFC1918: 10.0.0.0-10.255.255.255 deviceNtDomain=ED dtz=America/New_York geid=0 _cefVer=0.1 ad.EventRecordID=609975262 ad.Version=1 ad.ThreadID=5372 ad.Opcode=Info ad.ProcessID=4 ad.ObjectServer=Security ad.AccessReason=- ad.RestrictedSidCount=0 ad.AccessMask=0x120089 ad.ResourceAttributes=- ad.TransactionId={00000000-0000-0000-0000-000000000000} aid=3cfX6Em4BABDFqHK7NKr9Dw\=\=
10.99.92.114 CEF:0|Microsoft|Microsoft Windows||Microsoft-Windows-Security-Auditing:4663|An attempt was made to access an object.|Low| eventId=55258902 externalId=4663 customerURI=/All Customers/Partigard/Partigard-NGDC categorySignificance=/Informational categoryBehavior=/Access categoryDeviceGroup=/Operating System catdt=Operating System categoryOutcome=/Success categoryObject=/Host/Resource art=1574600095803 cat=Security deviceSeverity=Audit_success rt=1574600093523 dhost=Partigard038 dst=10.99.92.99 destinationZoneURI=/All Zones/ArcSight System/Private Address Space Zones/RFC1918: 10.0.0.0-10.255.255.255 dntdom=ED duser=svc_fsa_ngdc_oemsql duid=0x20fd3 dproc=D:\\oracle\\agent_13.2.0.0.0\\perl\\bin\\perl.exe fname=D:\\oracle\\agent_inst\\sysman\\emd fileId=0x188 fileType=File oldFileHash=UTF-8| cs1=ReadData (or ListDirectory) cs2=Removable Storage cs3=0x18f8 cs1Label=Accesses cs2Label=EventlogCategory cs3Label=Process ID ahost=Partigard056 agt=10.99.92.114 agentZoneURI=/All Zones/ArcSight System/Private Address Space Zones/RFC1918: 10.0.0.0-10.255.255.255 amac=00-50-56-96-35-51 av=7.11.0.8139.0 atz=America/New_York at=winc dvchost=Partigard038 dvc=10.99.92.99 deviceZoneURI=/All Zones/ArcSight System/Private Address Space Zones/RFC1918: 10.0.0.0-10.255.255.255 deviceNtDomain=ED dtz=America/New_York geid=0 _cefVer=0.1 ad.EventRecordID=1021777533 ad.Version=1 ad.ThreadID=228 ad.Opcode=Info ad.ProcessID=4 ad.ObjectServer=Security ad.AccessMask=0x1 ad.ResourceAttributes= aid=3cfX6Em4BABDFqHK7NKr9Dw\=\=
10.99.92.114 CEF:0|Microsoft|Microsoft Windows||Microsoft-Windows-Security-Auditing:5156|The Windows Filtering Platform has allowed a connection.|Low| eventId=55256522 externalId=5156 proto=UDP customerURI=/All Customers/Partigard/Partigard-NGDC categorySignificance=/Informational categoryBehavior=/Communicate/Query categoryDeviceGroup=/Operating System catdt=Operating System categoryOutcome=/Success categoryObject=/Host/Application/Service art=1574600093647 cat=Security deviceSeverity=Audit_success rt=1574600091517 deviceDirection=0 shost=Partigard012 src=10.164.2.47 sourceZoneURI=/All Zones/ArcSight System/Private Address Space Zones/RFC1918: 10.0.0.0-10.255.255.255 spt=49694 dhost=Partigard111 dst=224.0.0.252 destinationZoneURI=/All Zones/ArcSight System/Private Address Space Zones/Local Network Zones/RFC3171: Local Network Control Block (224.0.0.0-224.0.0.255) dpt=5355 oldFileHash=UTF-8| cs2=Filtering Platform Connection cs2Label=EventlogCategory ahost=Partigard056 agt=10.99.92.114 agentZoneURI=/All Zones/ArcSight System/Private Address Space Zones/RFC1918: 10.0.0.0-10.255.255.255 amac=00-50-56-96-35-51 av=7.11.0.8139.0 atz=America/New_York at=winc dvchost=Partigard111 dvc=10.99.92.127 deviceZoneURI=/All Zones/ArcSight System/Private Address Space Zones/RFC1918: 10.0.0.0-10.255.255.255 dtz=America/New_York geid=0 _cefVer=0.1 ad.EventRecordID=608425414 ad.Version=1 ad.ThreadID=4216 ad.Opcode=Info ad.ProcessID=4 ad.LayerName=Receive/Accept ad.LayerRTID=44 ad.FilterRTID=73727 ad.RemoteMachineID=NULL SID ad.ProcessID=1056 ad.RemoteUserID=NULL SID ad.Application=\\device\\harddiskvolume2\\windows\\system32\\svchost.exe aid=3cfX6Em4BABDFqHK7NKr9Dw\=\=
10.99.92.114 CEF:0|Microsoft|Microsoft Windows||Microsoft-Windows-Security-Auditing:5156|The Windows Filtering Platform has allowed a connection.|Low| eventId=55256444 externalId=5156 proto=UDP customerURI=/All Customers/Partigard/Partigard-NGDC categorySignificance=/Informational categoryBehavior=/Communicate/Query categoryDeviceGroup=/Operating System catdt=Operating System categoryOutcome=/Success categoryObject=/Host/Application/Service art=1574600093162 cat=Security deviceSeverity=Audit_success rt=1574600088693 deviceDirection=0 shost=Partigard013 src=10.164.2.48 sourceZoneURI=/All Zones/ArcSight System/Private Address Space Zones/RFC1918: 10.0.0.0-10.255.255.255 spt=56868 dhost=Partigard111 dst=224.0.0.252 destinationZoneURI=/All Zones/ArcSight System/Private Address Space Zones/Local Network Zones/RFC3171: Local Network Control Block (224.0.0.0-224.0.0.255) dpt=5355 oldFileHash=UTF-8| cs2=Filtering Platform Connection cs2Label=EventlogCategory ahost=Partigard056 agt=10.99.92.114 agentZoneURI=/All Zones/ArcSight System/Private Address Space Zones/RFC1918: 10.0.0.0-10.255.255.255 amac=00-50-56-96-35-51 av=7.11.0.8139.0 atz=America/New_York at=winc dvchost=Partigard111 dvc=10.99.92.127 deviceZoneURI=/All Zones/ArcSight System/Private Address Space Zones/RFC1918: 10.0.0.0-10.255.255.255 dtz=America/New_York geid=0 _cefVer=0.1 ad.EventRecordID=608425337 ad.Version=1 ad.ThreadID=2408 ad.Opcode=Info ad.ProcessID=4 ad.LayerName=Receive/Accept ad.LayerRTID=44 ad.FilterRTID=73727 ad.RemoteMachineID=NULL SID ad.ProcessID=1056 ad.RemoteUserID=NULL SID ad.Application=\\device\\harddiskvolume2\\windows\\system32\\svchost.exe aid=3cfX6Em4BABDFqHK7NKr9Dw\=\=
10.99.92.114 CEF:0|Microsoft|Microsoft Windows||Microsoft-Windows-Security-Auditing:5156|The Windows Filtering Platform has allowed a connection.|Low| eventId=55256116 externalId=5156 proto=UDP customerURI=/All Customers/Partigard/Partigard-NGDC categorySignificance=/Informational categoryBehavior=/Communicate/Query categoryDeviceGroup=/Operating System catdt=Operating System categoryOutcome=/Success categoryObject=/Host/Application/Service art=1574600092787 cat=Security deviceSeverity=Audit_success rt=1574600091530 deviceDirection=0 shost=Partigard012 src=10.164.2.47 sourceZoneURI=/All Zones/ArcSight System/Private Address Space Zones/RFC1918: 10.0.0.0-10.255.255.255 spt=49694 dhost=Partigard031 dst=224.0.0.252 destinationZoneURI=/All Zones/ArcSight System/Private Address Space Zones/Local Network Zones/RFC3171: Local Network Control Block (224.0.0.0-224.0.0.255) dpt=5355 oldFileHash=UTF-8| cs2=Filtering Platform Connection cs2Label=EventlogCategory ahost=Partigard056 agt=10.99.92.114 agentZoneURI=/All Zones/ArcSight System/Private Address Space Zones/RFC1918: 10.0.0.0-10.255.255.255 amac=00-50-56-96-35-51 av=7.11.0.8139.0 atz=America/New_York at=winc dvchost=Partigard031 dvc=10.99.92.133 deviceZoneURI=/All Zones/ArcSight System/Private Address Space Zones/RFC1918: 10.0.0.0-10.255.255.255 dtz=America/New_York geid=0 _cefVer=0.1 ad.EventRecordID=698983825 ad.Version=1 ad.ThreadID=3504 ad.Opcode=Info ad.ProcessID=4 ad.LayerName=Receive/Accept ad.LayerRTID=44 ad.FilterRTID=80745 ad.RemoteMachineID=NULL SID ad.ProcessID=464 ad.RemoteUserID=NULL SID ad.Application=\\device\\harddiskvolume2\\windows\\system32\\svchost.exe aid=3cfX6Em4BABDFqHK7NKr9Dw\=\=
10.99.92.114 CEF:0|Microsoft|Microsoft Windows||Microsoft-Windows-Security-Auditing:5156|The Windows Filtering Platform has allowed a connection.|Low| eventId=55256054 externalId=5156 proto=UDP customerURI=/All Customers/Partigard/Partigard-NGDC categorySignificance=/Informational categoryBehavior=/Communicate/Query categoryDeviceGroup=/Operating System catdt=Operating System categoryOutcome=/Success categoryObject=/Host/Application/Service art=1574600092772 cat=Security deviceSeverity=Audit_success rt=1574600088705 deviceDirection=0 shost=Partigard013 src=10.164.2.48 sourceZoneURI=/All Zones/ArcSight System/Private Address Space Zones/RFC1918: 10.0.0.0-10.255.255.255 spt=56868 dhost=Partigard031 dst=224.0.0.252 destinationZoneURI=/All Zones/ArcSight System/Private Address Space Zones/Local Network Zones/RFC3171: Local Network Control Block (224.0.0.0-224.0.0.255) dpt=5355 oldFileHash=UTF-8| cs2=Filtering Platform Connection cs2Label=EventlogCategory ahost=Partigard056 agt=10.99.92.114 agentZoneURI=/All Zones/ArcSight System/Private Address Space Zones/RFC1918: 10.0.0.0-10.255.255.255 amac=00-50-56-96-35-51 av=7.11.0.8139.0 atz=America/New_York at=winc dvchost=Partigard031 dvc=10.99.92.133 deviceZoneURI=/All Zones/ArcSight System/Private Address Space Zones/RFC1918: 10.0.0.0-10.255.255.255 dtz=America/New_York geid=0 _cefVer=0.1 ad.EventRecordID=698983744 ad.Version=1 ad.ThreadID=7864 ad.Opcode=Info ad.ProcessID=4 ad.LayerName=Receive/Accept ad.LayerRTID=44 ad.FilterRTID=80745 ad.RemoteMachineID=NULL SID ad.ProcessID=464 ad.RemoteUserID=NULL SID ad.Application=\\device\\harddiskvolume2\\windows\\system32\\svchost.exe aid=3cfX6Em4BABDFqHK7NKr9Dw\=\=
10.99.92.114 CEF:0|Microsoft|Microsoft Windows||Microsoft-Windows-Security-Auditing:4656|A handle to an object was requested.|Low| eventId=55257901 externalId=4656 customerURI=/All Customers/Partigard/Partigard-NGDC categorySignificance=/Informational categoryBehavior=/Authorization/Verify categoryDeviceGroup=/Operating System catdt=Operating System categoryOutcome=/Success categoryObject=/Host/Resource art=1574600094850 cat=Security deviceSeverity=Audit_success rt=1574600092783 dhost=Partigard058 dst=10.99.92.152 destinationZoneURI=/All Zones/ArcSight System/Private Address Space Zones/RFC1918: 10.0.0.0-10.255.255.255 dntdom=ED duser=USMAGWOFNG058$ duid=0x3e7 dproc=C:\\Program Files\\VMware\\VMware Tools\\vmtoolsd.exe dpriv=- fname=\\Device\\Floppy0 fileId=0x7ac fileType=File oldFileHash=UTF-8| cs1=READ_CONTROL|SYNCHRONIZE|ReadData (or ListDirectory)|ReadEA|ReadAttributes cs2=Removable Storage cs3=0x870 cs1Label=Accesses cs2Label=EventlogCategory cs3Label=Process ID ahost=Partigard056 agt=10.99.92.114 agentZoneURI=/All Zones/ArcSight System/Private Address Space Zones/RFC1918: 10.0.0.0-10.255.255.255 amac=00-50-56-96-35-51 av=7.11.0.8139.0 atz=America/New_York at=winc dvchost=Partigard058 dvc=10.99.92.152 deviceZoneURI=/All Zones/ArcSight System/Private Address Space Zones/RFC1918: 10.0.0.0-10.255.255.255 deviceNtDomain=ED dtz=America/New_York geid=0 _cefVer=0.1 ad.EventRecordID=609682049 ad.Version=1 ad.ThreadID=1832 ad.Opcode=Info ad.ProcessID=4 ad.ObjectServer=Security ad.AccessReason=- ad.RestrictedSidCount=0 ad.AccessMask=0x120089 ad.ResourceAttributes=- ad.TransactionId={00000000-0000-0000-0000-000000000000} aid=3cfX6Em4BABDFqHK7NKr9Dw\=\=
10.99.92.114 CEF:0|Microsoft|Microsoft Windows||Microsoft-Windows-Security-Auditing:5156|The Windows Filtering Platform has allowed a connection.|Low| eventId=55258152 externalId=5156 proto=UDP customerURI=/All Customers/Partigard/Partigard-NGDC categorySignificance=/Informational categoryBehavior=/Communicate/Query categoryDeviceGroup=/Operating System catdt=Operating System categoryOutcome=/Success categoryObject=/Host/Application/Service art=1574600094928 cat=Security deviceSeverity=Audit_success rt=1574600091538 deviceDirection=0 shost=Partigard012 src=10.164.2.47 sourceZoneURI=/All Zones/ArcSight System/Private Address Space Zones/RFC1918: 10.0.0.0-10.255.255.255 spt=49694 dhost=Partigard043 dst=224.0.0.252 destinationZoneURI=/All Zones/ArcSight System/Private Address Space Zones/Local Network Zones/RFC3171: Local Network Control Block (224.0.0.0-224.0.0.255) dpt=5355 oldFileHash=UTF-8| cs2=Filtering Platform Connection cs2Label=EventlogCategory ahost=Partigard056 agt=10.99.92.114 agentZoneURI=/All Zones/ArcSight System/Private Address Space Zones/RFC1918: 10.0.0.0-10.255.255.255 amac=00-50-56-96-35-51 av=7.11.0.8139.0 atz=America/New_York at=winc dvchost=Partigard043 dvc=10.99.92.137 deviceZoneURI=/All Zones/ArcSight System/Private Address Space Zones/RFC1918: 10.0.0.0-10.255.255.255 dtz=America/New_York geid=0 _cefVer=0.1 ad.EventRecordID=686775131 ad.Version=1 ad.ThreadID=7364 ad.Opcode=Info ad.ProcessID=4 ad.LayerName=Receive/Accept ad.LayerRTID=44 ad.FilterRTID=81833 ad.RemoteMachineID=NULL SID ad.ProcessID=832 ad.RemoteUserID=NULL SID ad.Application=\\device\\harddiskvolume2\\windows\\system32\\svchost.exe aid=3cfX6Em4BABDFqHK7NKr9Dw\=\=
10.99.92.114 CEF:0|Microsoft|Microsoft Windows||Microsoft-Windows-Security-Auditing:4656|A handle to an object was requested.|Low| eventId=55258131 externalId=4656 customerURI=/All Customers/Partigard/Partigard-NGDC categorySignificance=/Informational categoryBehavior=/Authorization/Verify categoryDeviceGroup=/Operating System catdt=Operating System categoryOutcome=/Success categoryObject=/Host/Resource art=1574600094928 cat=Security deviceSeverity=Audit_success rt=1574600094124 dhost=Partigard057 dst=10.99.92.151 destinationZoneURI=/All Zones/ArcSight System/Private Address Space Zones/RFC1918: 10.0.0.0-10.255.255.255 dntdom=ED duser=USMAGWOFNG057$ duid=0x3e7 dproc=C:\\Program Files\\VMware\\VMware Tools\\vmtoolsd.exe dpriv=- fname=\\Device\\Floppy0 fileId=0x6a8 fileType=File oldFileHash=UTF-8| cs1=READ_CONTROL|SYNCHRONIZE|ReadData (or ListDirectory)|ReadEA|ReadAttributes cs2=Removable Storage cs3=0x91c cs1Label=Accesses cs2Label=EventlogCategory cs3Label=Process ID ahost=Partigard056 agt=10.99.92.114 agentZoneURI=/All Zones/ArcSight System/Private Address Space Zones/RFC1918: 10.0.0.0-10.255.255.255 amac=00-50-56-96-35-51 av=7.11.0.8139.0 atz=America/New_York at=winc dvchost=Partigard057 dvc=10.99.92.151 deviceZoneURI=/All Zones/ArcSight System/Private Address Space Zones/RFC1918: 10.0.0.0-10.255.255.255 deviceNtDomain=ED dtz=America/New_York geid=0 _cefVer=0.1 ad.EventRecordID=608940441 ad.Version=1 ad.ThreadID=7892 ad.Opcode=Info ad.ProcessID=4 ad.ObjectServer=Security ad.AccessReason=- ad.RestrictedSidCount=0 ad.AccessMask=0x120089 ad.ResourceAttributes=- ad.TransactionId={00000000-0000-0000-0000-000000000000} aid=3cfX6Em4BABDFqHK7NKr9Dw\=\=
10.99.92.114 CEF:0|Microsoft|Microsoft Windows||Microsoft-Windows-Security-Auditing:5156|The Windows Filtering Platform has allowed a connection.|Low| eventId=55259111 externalId=5156 proto=UDP customerURI=/All Customers/Partigard/Partigard-NGDC categorySignificance=/Informational categoryBehavior=/Communicate/Query categoryDeviceGroup=/Operating System catdt=Operating System categoryOutcome=/Success categoryObject=/Host/Application/Service art=1574600095865 cat=Security deviceSeverity=Audit_success rt=1574600091534 deviceDirection=0 shost=Partigard012 src=10.164.2.47 sourceZoneURI=/All Zones/ArcSight System/Private Address Space Zones/RFC1918: 10.0.0.0-10.255.255.255 spt=49694 dhost=Partigard004 dst=224.0.0.252 destinationZoneURI=/All Zones/ArcSight System/Private Address Space Zones/Local Network Zones/RFC3171: Local Network Control Block (224.0.0.0-224.0.0.255) dpt=5355 oldFileHash=UTF-8| cs2=Filtering Platform Connection cs2Label=EventlogCategory ahost=Partigard056 agt=10.99.92.114 agentZoneURI=/All Zones/ArcSight System/Private Address Space Zones/RFC1918: 10.0.0.0-10.255.255.255 amac=00-50-56-96-35-51 av=7.11.0.8139.0 atz=America/New_York at=winc dvchost=Partigard004 dvc=10.99.92.124 deviceZoneURI=/All Zones/ArcSight System/Private Address Space Zones/RFC1918: 10.0.0.0-10.255.255.255 dtz=America/New_York geid=0 _cefVer=0.1 ad.EventRecordID=1002616499 ad.Version=1 ad.ThreadID=10092 ad.Opcode=Info ad.ProcessID=4 ad.LayerName=Receive/Accept ad.LayerRTID=44 ad.FilterRTID=81981 ad.RemoteMachineID=NULL SID ad.ProcessID=760 ad.RemoteUserID=NULL SID ad.Application=\\device\\harddiskvolume2\\windows\\system32\\svchost.exe aid=3cfX6Em4BABDFqHK7NKr9Dw\=\=
10.99.92.114 CEF:0|Microsoft|Microsoft Windows||Microsoft-Windows-Security-Auditing:4663|An attempt was made to access an object.|Low| eventId=55256856 externalId=4663 type=1 start=1574600093397 customerURI=/All Customers/Partigard/Partigard-NGDC categorySignificance=/Informational categoryBehavior=/Access categoryDeviceGroup=/Operating System catdt=Operating System categoryOutcome=/Success categoryObject=/Host/Resource art=1574600107465 cat=Security deviceSeverity=Audit_success rt=1574600097496 dhost=Partigard005 dst=10.99.92.125 destinationZoneURI=/All Zones/ArcSight System/Private Address Space Zones/RFC1918: 10.0.0.0-10.255.255.255 dntdom=ED duser=svc_fsa_ngdc_oemsql duid=0x21dc4 dproc=D:\\oracle\\agent_13.2.0.0.0\\oracle_common\\jdk\\bin\\java.exe fname=D:\\oracle\\agent_13.2.0.0.0\\oracle_common\\jdk\\jre\\lib\\amd64\\jvm.cfg fileId=0xcc fileType=File oldFileHash=UTF-8| cnt=3 cs1=ReadData (or ListDirectory) cs2=Removable Storage cs1Label=Accesses cs2Label=EventlogCategory cs3Label=Process ID ahost=Partigard056 agt=10.99.92.114 agentZoneURI=/All Zones/ArcSight System/Private Address Space Zones/RFC1918: 10.0.0.0-10.255.255.255 amac=00-50-56-96-35-51 av=7.11.0.8139.0 atz=America/New_York at=winc dvchost=Partigard005 dvc=10.99.92.125 deviceZoneURI=/All Zones/ArcSight System/Private Address Space Zones/RFC1918: 10.0.0.0-10.255.255.255 deviceNtDomain=ED dtz=America/New_York geid=0 _cefVer=0.1 aid=3cfX6Em4BABDFqHK7NKr9Dw\=\=
10.99.92.114 CEF:0|Microsoft|Microsoft Windows||Microsoft-Windows-Security-Auditing:5156|The Windows Filtering Platform has allowed a connection.|Low| eventId=55256643 externalId=5156 proto=UDP customerURI=/All Customers/Partigard/Partigard-NGDC categorySignificance=/Informational categoryBehavior=/Communicate/Query categoryDeviceGroup=/Operating System catdt=Operating System categoryOutcome=/Success categoryObject=/Host/Application/Service art=1574600093693 cat=Security deviceSeverity=Audit_success rt=1574600091540 deviceDirection=0 shost=Partigard012 src=10.164.2.47 sourceZoneURI=/All Zones/ArcSight System/Private Address Space Zones/RFC1918: 10.0.0.0-10.255.255.255 spt=49694 dhost=Partigard059 dst=224.0.0.252 destinationZoneURI=/All Zones/ArcSight System/Private Address Space Zones/Local Network Zones/RFC3171: Local Network Control Block (224.0.0.0-224.0.0.255) dpt=5355 oldFileHash=UTF-8| cs2=Filtering Platform Connection cs2Label=EventlogCategory ahost=Partigard056 agt=10.99.92.114 agentZoneURI=/All Zones/ArcSight System/Private Address Space Zones/RFC1918: 10.0.0.0-10.255.255.255 amac=00-50-56-96-35-51 av=7.11.0.8139.0 atz=America/New_York at=winc dvchost=Partigard059 dvc=10.99.92.153 deviceZoneURI=/All Zones/ArcSight System/Private Address Space Zones/RFC1918: 10.0.0.0-10.255.255.255 dtz=America/New_York geid=0 _cefVer=0.1 ad.EventRecordID=609975230 ad.Version=1 ad.ThreadID=5372 ad.Opcode=Info ad.ProcessID=4 ad.LayerName=Receive/Accept ad.LayerRTID=44 ad.FilterRTID=73727 ad.RemoteMachineID=NULL SID ad.ProcessID=944 ad.RemoteUserID=NULL SID ad.Application=\\device\\harddiskvolume2\\windows\\system32\\svchost.exe aid=3cfX6Em4BABDFqHK7NKr9Dw\=\=
10.99.92.114 CEF:0|Microsoft|Microsoft Windows||Microsoft-Windows-Security-Auditing:5156|The Windows Filtering Platform has allowed a connection.|Low| eventId=55260859 externalId=5156 proto=UDP customerURI=/All Customers/Partigard/Partigard-NGDC categorySignificance=/Informational categoryBehavior=/Communicate/Query categoryDeviceGroup=/Operating System catdt=Operating System categoryOutcome=/Success categoryObject=/Host/Application/Service art=1574600097162 cat=Security deviceSeverity=Audit_success rt=1574600096377 deviceDirection=0 shost=Partigard055 src=10.164.3.47 sourceZoneURI=/All Zones/ArcSight System/Private Address Space Zones/RFC1918: 10.0.0.0-10.255.255.255 spt=137 dhost=Partigard054 dst=10.164.255.255 destinationZoneURI=/All Zones/ArcSight System/Private Address Space Zones/RFC1918: 10.0.0.0-10.255.255.255 dpt=137 oldFileHash=UTF-8| cs2=Filtering Platform Connection cs2Label=EventlogCategory ahost=Partigard056 agt=10.99.92.114 agentZoneURI=/All Zones/ArcSight System/Private Address Space Zones/RFC1918: 10.0.0.0-10.255.255.255 amac=00-50-56-96-35-51 av=7.11.0.8139.0 atz=America/New_York at=winc dvchost=Partigard054 dvc=10.99.92.148 deviceZoneURI=/All Zones/ArcSight System/Private Address Space Zones/RFC1918: 10.0.0.0-10.255.255.255 dtz=America/New_York geid=0 _cefVer=0.1 ad.EventRecordID=683519120 ad.Version=1 ad.ThreadID=7260 ad.Opcode=Info ad.ProcessID=4 ad.LayerName=Receive/Accept ad.LayerRTID=44 ad.FilterRTID=80795 ad.RemoteMachineID=NULL SID ad.ProcessID=4 ad.RemoteUserID=NULL SID ad.Application=System aid=3cfX6Em4BABDFqHK7NKr9Dw\=\=
10.99.92.114 CEF:0|Microsoft|Microsoft Windows||Microsoft-Windows-Security-Auditing:5156|The Windows Filtering Platform has allowed a connection.|Low| eventId=55256483 externalId=5156 proto=UDP customerURI=/All Customers/Partigard/Partigard-NGDC categorySignificance=/Informational categoryBehavior=/Communicate/Query categoryDeviceGroup=/Operating System catdt=Operating System categoryOutcome=/Success categoryObject=/Host/Application/Service art=1574600093178 cat=Security deviceSeverity=Audit_success rt=1574600090435 deviceDirection=0 shost=Partigard019 src=10.164.0.48 sourceZoneURI=/All Zones/ArcSight System/Private Address Space Zones/RFC1918: 10.0.0.0-10.255.255.255 spt=138 dhost=Partigard111 dst=10.164.255.255 destinationZoneURI=/All Zones/ArcSight System/Private Address Space Zones/RFC1918: 10.0.0.0-10.255.255.255 dpt=138 oldFileHash=UTF-8| cs2=Filtering Platform Connection cs2Label=EventlogCategory ahost=Partigard056 agt=10.99.92.114 agentZoneURI=/All Zones/ArcSight System/Private Address Space Zones/RFC1918: 10.0.0.0-10.255.255.255 amac=00-50-56-96-35-51 av=7.11.0.8139.0 atz=America/New_York at=winc dvchost=Partigard111 dvc=10.99.92.127 deviceZoneURI=/All Zones/ArcSight System/Private Address Space Zones/RFC1918: 10.0.0.0-10.255.255.255 dtz=America/New_York geid=0 _cefVer=0.1 ad.EventRecordID=608425375 ad.Version=1 ad.ThreadID=2408 ad.Opcode=Info ad.ProcessID=4 ad.LayerName=Receive/Accept ad.LayerRTID=44 ad.FilterRTID=73727 ad.RemoteMachineID=NULL SID ad.ProcessID=4 ad.RemoteUserID=NULL SID ad.Application=System aid=3cfX6Em4BABDFqHK7NKr9Dw\=\=
10.99.92.114 CEF:0|Microsoft|Microsoft Windows||Microsoft-Windows-Security-Auditing:5156|The Windows Filtering Platform has allowed a connection.|Low| eventId=55256432 externalId=5156 proto=UDP customerURI=/All Customers/Partigard/Partigard-NGDC categorySignificance=/Informational categoryBehavior=/Communicate/Query categoryDeviceGroup=/Operating System catdt=Operating System categoryOutcome=/Success categoryObject=/Host/Application/Service art=1574600093162 cat=Security deviceSeverity=Audit_success rt=1574600088192 deviceDirection=0 shost=Partigard004 src=10.164.0.40 sourceZoneURI=/All Zones/ArcSight System/Private Address Space Zones/RFC1918: 10.0.0.0-10.255.255.255 spt=138 dhost=Partigard111 dst=10.164.255.255 destinationZoneURI=/All Zones/ArcSight System/Private Address Space Zones/RFC1918: 10.0.0.0-10.255.255.255 dpt=138 oldFileHash=UTF-8| cs2=Filtering Platform Connection cs2Label=EventlogCategory ahost=Partigard056 agt=10.99.92.114 agentZoneURI=/All Zones/ArcSight System/Private Address Space Zones/RFC1918: 10.0.0.0-10.255.255.255 amac=00-50-56-96-35-51 av=7.11.0.8139.0 atz=America/New_York at=winc dvchost=Partigard111 dvc=10.99.92.127 deviceZoneURI=/All Zones/ArcSight System/Private Address Space Zones/RFC1918: 10.0.0.0-10.255.255.255 dtz=America/New_York geid=0 _cefVer=0.1 ad.EventRecordID=608425323 ad.Version=1 ad.ThreadID=2408 ad.Opcode=Info ad.ProcessID=4 ad.LayerName=Receive/Accept ad.LayerRTID=44 ad.FilterRTID=73727 ad.RemoteMachineID=NULL SID ad.ProcessID=4 ad.RemoteUserID=NULL SID ad.Application=System aid=3cfX6Em4BABDFqHK7NKr9Dw\=\=
10.99.92.114 CEF:0|Microsoft|Microsoft Windows||Microsoft-Windows-Security-Auditing:4663|An attempt was made to access an object.|Low| eventId=55256819 externalId=4663 customerURI=/All Customers/Partigard/Partigard-NGDC categorySignificance=/Informational categoryBehavior=/Access categoryDeviceGroup=/Operating System catdt=Operating System categoryOutcome=/Success categoryObject=/Host/Resource art=1574600093975 cat=Security deviceSeverity=Audit_success rt=1574600092625 dhost=Partigard005 dst=10.99.92.125 destinationZoneURI=/All Zones/ArcSight System/Private Address Space Zones/RFC1918: 10.0.0.0-10.255.255.255 dntdom=ED duser=svc_fsa_ngdc_oemsql duid=0x21dc4 dproc=D:\\oracle\\agent_13.2.0.0.0\\oracle_common\\jdk\\bin\\java.exe fname=D:\\oracle\\agent_inst\\sysman\\emd\\ag_current_status.msg fileId=0x9ec fileType=File oldFileHash=UTF-8| cs1=WriteData (or AddFile)|AppendData (or AddSubdirectory or CreatePipeInstance) cs2=Removable Storage cs3=0x1ce0 cs1Label=Accesses cs2Label=EventlogCategory cs3Label=Process ID ahost=Partigard056 agt=10.99.92.114 agentZoneURI=/All Zones/ArcSight System/Private Address Space Zones/RFC1918: 10.0.0.0-10.255.255.255 amac=00-50-56-96-35-51 av=7.11.0.8139.0 atz=America/New_York at=winc dvchost=Partigard005 dvc=10.99.92.125 deviceZoneURI=/All Zones/ArcSight System/Private Address Space Zones/RFC1918: 10.0.0.0-10.255.255.255 deviceNtDomain=ED dtz=America/New_York geid=0 _cefVer=0.1 ad.EventRecordID=774009449 ad.Version=1 ad.ThreadID=1820 ad.Opcode=Info ad.ProcessID=4 ad.ObjectServer=Security ad.AccessMask=0x6 ad.ResourceAttributes= aid=3cfX6Em4BABDFqHK7NKr9Dw\=\=
10.99.92.114 CEF:0|Microsoft|Microsoft Windows||Microsoft-Windows-Security-Auditing:5156|The Windows Filtering Platform has allowed a connection.|Low| eventId=55256165 externalId=5156 proto=UDP customerURI=/All Customers/Partigard/Partigard-NGDC categorySignificance=/Informational categoryBehavior=/Communicate/Query categoryDeviceGroup=/Operating System catdt=Operating System categoryOutcome=/Success categoryObject=/Host/Application/Service art=1574600092787 cat=Security deviceSeverity=Audit_success rt=1574600090448 deviceDirection=0 shost=Partigard019 src=10.164.0.48 sourceZoneURI=/All Zones/ArcSight System/Private Address Space Zones/RFC1918: 10.0.0.0-10.255.255.255 spt=138 dhost=Partigard031 dst=10.164.255.255 destinationZoneURI=/All Zones/ArcSight System/Private Address Space Zones/RFC1918: 10.0.0.0-10.255.255.255 dpt=138 oldFileHash=UTF-8| cs2=Filtering Platform Connection cs2Label=EventlogCategory ahost=Partigard056 agt=10.99.92.114 agentZoneURI=/All Zones/ArcSight System/Private Address Space Zones/RFC1918: 10.0.0.0-10.255.255.255 amac=00-50-56-96-35-51 av=7.11.0.8139.0 atz=America/New_York at=winc dvchost=Partigard031 dvc=10.99.92.133 deviceZoneURI=/All Zones/ArcSight System/Private Address Space Zones/RFC1918: 10.0.0.0-10.255.255.255 dtz=America/New_York geid=0 _cefVer=0.1 ad.EventRecordID=698983791 ad.Version=1 ad.ThreadID=7864 ad.Opcode=Info ad.ProcessID=4 ad.LayerName=Receive/Accept ad.LayerRTID=44 ad.FilterRTID=80745 ad.RemoteMachineID=NULL SID ad.ProcessID=4 ad.RemoteUserID=NULL SID ad.Application=System aid=3cfX6Em4BABDFqHK7NKr9Dw\=\=
